TN:
SF:src\pages\Subscriptions\index.tsx
FN:30,Subscriptions
FN:80,(anonymous_1)
FN:88,(anonymous_2)
FN:101,(anonymous_3)
FN:130,(anonymous_4)
FN:151,(anonymous_5)
FN:167,(anonymous_6)
FN:172,(anonymous_7)
FN:184,(anonymous_8)
FN:193,(anonymous_9)
FN:213,(anonymous_10)
FN:217,(anonymous_11)
FN:221,(anonymous_12)
FN:229,(anonymous_13)
FN:242,(anonymous_14)
FN:249,(anonymous_15)
FN:253,(anonymous_16)
FN:258,(anonymous_17)
FN:262,(anonymous_18)
FN:268,(anonymous_19)
FN:270,(anonymous_20)
FN:273,(anonymous_21)
FN:313,(anonymous_22)
FN:328,(anonymous_23)
FN:333,(anonymous_24)
FN:341,(anonymous_25)
FN:349,(anonymous_26)
FN:356,(anonymous_27)
FN:357,(anonymous_28)
FN:359,(anonymous_29)
FN:365,(anonymous_30)
FN:376,(anonymous_31)
FN:428,(anonymous_32)
FN:432,(anonymous_33)
FN:440,(anonymous_34)
FN:450,(anonymous_35)
FN:456,(anonymous_36)
FN:463,(anonymous_37)
FN:473,(anonymous_38)
FN:481,(anonymous_39)
FN:485,(anonymous_40)
FN:493,(anonymous_41)
FN:508,(anonymous_42)
FN:519,(anonymous_43)
FN:528,(anonymous_44)
FN:537,(anonymous_45)
FN:543,(anonymous_46)
FN:555,(anonymous_47)
FN:564,(anonymous_48)
FN:575,(anonymous_49)
FN:583,(anonymous_50)
FN:592,(anonymous_51)
FN:596,(anonymous_52)
FN:599,(anonymous_53)
FN:607,(anonymous_54)
FN:649,(anonymous_55)
FN:665,(anonymous_56)
FN:680,(anonymous_57)
FN:691,(anonymous_58)
FN:714,(anonymous_59)
FN:738,(anonymous_60)
FN:762,(anonymous_61)
FN:783,(anonymous_62)
FN:786,(anonymous_63)
FN:798,(anonymous_64)
FN:823,(anonymous_65)
FN:866,(anonymous_66)
FN:872,(anonymous_67)
FN:880,(anonymous_68)
FN:887,(anonymous_69)
FN:895,(anonymous_70)
FN:899,(anonymous_71)
FN:910,(anonymous_72)
FN:911,(anonymous_73)
FN:932,(anonymous_74)
FN:941,(anonymous_75)
FNF:76
FNH:59
FNDA:63,Subscriptions
FNDA:13,(anonymous_1)
FNDA:13,(anonymous_2)
FNDA:13,(anonymous_3)
FNDA:13,(anonymous_4)
FNDA:2,(anonymous_5)
FNDA:200,(anonymous_6)
FNDA:52,(anonymous_7)
FNDA:6,(anonymous_8)
FNDA:4,(anonymous_9)
FNDA:2,(anonymous_10)
FNDA:0,(anonymous_11)
FNDA:0,(anonymous_12)
FNDA:0,(anonymous_13)
FNDA:20,(anonymous_14)
FNDA:20,(anonymous_15)
FNDA:8,(anonymous_16)
FNDA:10,(anonymous_17)
FNDA:8,(anonymous_18)
FNDA:0,(anonymous_19)
FNDA:0,(anonymous_20)
FNDA:47,(anonymous_21)
FNDA:39,(anonymous_22)
FNDA:20,(anonymous_23)
FNDA:5,(anonymous_24)
FNDA:20,(anonymous_25)
FNDA:2,(anonymous_26)
FNDA:1,(anonymous_27)
FNDA:1,(anonymous_28)
FNDA:0,(anonymous_29)
FNDA:16,(anonymous_30)
FNDA:6,(anonymous_31)
FNDA:0,(anonymous_32)
FNDA:0,(anonymous_33)
FNDA:0,(anonymous_34)
FNDA:1,(anonymous_35)
FNDA:1,(anonymous_36)
FNDA:0,(anonymous_37)
FNDA:1,(anonymous_38)
FNDA:13,(anonymous_39)
FNDA:1,(anonymous_40)
FNDA:1,(anonymous_41)
FNDA:1,(anonymous_42)
FNDA:1,(anonymous_43)
FNDA:1,(anonymous_44)
FNDA:1,(anonymous_45)
FNDA:1,(anonymous_46)
FNDA:1,(anonymous_47)
FNDA:0,(anonymous_48)
FNDA:0,(anonymous_49)
FNDA:1,(anonymous_50)
FNDA:2,(anonymous_51)
FNDA:2,(anonymous_52)
FNDA:1,(anonymous_53)
FNDA:1,(anonymous_54)
FNDA:16,(anonymous_55)
FNDA:1,(anonymous_56)
FNDA:1,(anonymous_57)
FNDA:1,(anonymous_58)
FNDA:2,(anonymous_59)
FNDA:2,(anonymous_60)
FNDA:2,(anonymous_61)
FNDA:1,(anonymous_62)
FNDA:1,(anonymous_63)
FNDA:1,(anonymous_64)
FNDA:1,(anonymous_65)
FNDA:1,(anonymous_66)
FNDA:2,(anonymous_67)
FNDA:0,(anonymous_68)
FNDA:3,(anonymous_69)
FNDA:0,(anonymous_70)
FNDA:2,(anonymous_71)
FNDA:0,(anonymous_72)
FNDA:2,(anonymous_73)
FNDA:0,(anonymous_74)
FNDA:0,(anonymous_75)
DA:31,63
DA:32,63
DA:33,63
DA:34,63
DA:35,63
DA:36,63
DA:37,63
DA:38,63
DA:39,63
DA:40,63
DA:41,63
DA:42,63
DA:43,63
DA:44,63
DA:45,63
DA:54,63
DA:55,63
DA:58,63
DA:59,63
DA:60,63
DA:61,63
DA:62,63
DA:63,63
DA:64,63
DA:65,63
DA:66,63
DA:67,63
DA:69,63
DA:71,63
DA:72,63
DA:73,63
DA:80,63
DA:81,13
DA:82,0
DA:87,63
DA:88,63
DA:89,13
DA:90,13
DA:91,13
DA:92,13
DA:93,13
DA:94,13
DA:95,13
DA:101,63
DA:102,13
DA:103,13
DA:104,13
DA:105,13
DA:107,13
DA:108,13
DA:119,13
DA:120,1
DA:121,1
DA:122,0
DA:124,1
DA:127,12
DA:130,63
DA:131,13
DA:132,13
DA:136,13
DA:138,13
DA:145,13
DA:146,1
DA:147,1
DA:151,63
DA:152,2
DA:153,0
DA:154,0
DA:157,2
DA:158,2
DA:160,2
DA:161,2
DA:167,63
DA:168,200
DA:169,200
DA:172,63
DA:173,52
DA:174,22
DA:175,22
DA:176,22
DA:177,22
DA:184,63
DA:191,6
DA:192,4
DA:193,4
DA:194,4
DA:195,4
DA:200,1
DA:202,4
DA:208,0
DA:210,4
DA:213,2
DA:217,63
DA:218,0
DA:219,0
DA:220,0
DA:222,0
DA:225,0
DA:226,0
DA:227,0
DA:230,0
DA:231,0
DA:238,63
DA:239,63
DA:241,63
DA:242,20
DA:249,63
DA:250,20
DA:251,5
DA:253,5
DA:254,8
DA:255,8
DA:258,5
DA:259,10
DA:260,8
DA:261,8
DA:262,8
DA:263,8
DA:266,0
DA:268,0
DA:270,0
DA:273,5
DA:274,47
DA:275,16
DA:276,6
DA:277,6
DA:279,10
DA:280,10
DA:281,10
DA:283,0
DA:284,0
DA:285,0
DA:287,0
DA:289,0
DA:294,0
DA:295,0
DA:296,0
DA:299,0
DA:302,5
DA:311,5
DA:313,5
DA:314,39
DA:315,39
DA:320,35
DA:321,4
DA:322,4
DA:325,5
DA:328,63
DA:329,20
DA:330,15
DA:331,15
DA:333,5
DA:341,63
DA:342,20
DA:343,17
DA:344,17
DA:346,3
DA:349,63
DA:350,2
DA:351,2
DA:352,2
DA:353,2
DA:356,63
DA:357,1
DA:358,1
DA:359,0
DA:361,1
DA:365,63
DA:366,16
DA:367,16
DA:368,16
DA:369,16
DA:376,63
DA:377,6
DA:378,6
DA:379,6
DA:380,2
DA:383,2
DA:386,4
DA:387,3
DA:388,3
DA:389,1
DA:392,1
DA:396,3
DA:397,3
DA:398,3
DA:399,1
DA:402,1
DA:406,2
DA:407,2
DA:412,1
DA:416,2
DA:417,2
DA:419,1
DA:424,3
DA:428,63
DA:429,0
DA:430,0
DA:431,0
DA:433,0
DA:436,0
DA:437,0
DA:438,0
DA:441,0
DA:442,0
DA:449,63
DA:450,63
DA:451,1
DA:456,63
DA:457,1
DA:463,63
DA:464,0
DA:465,0
DA:466,0
DA:467,0
DA:468,0
DA:469,0
DA:472,63
DA:474,1
DA:475,1
DA:481,63
DA:482,13
DA:485,63
DA:486,1
DA:493,63
DA:494,1
DA:495,1
DA:496,1
DA:497,1
DA:499,0
DA:501,1
DA:508,63
DA:509,1
DA:510,1
DA:511,1
DA:512,1
DA:514,0
DA:516,1
DA:519,63
DA:520,1
DA:528,63
DA:529,1
DA:530,1
DA:531,1
DA:532,1
DA:533,1
DA:534,1
DA:537,1
DA:541,1
DA:543,1
DA:544,1
DA:545,1
DA:546,1
DA:548,1
DA:552,1
DA:553,1
DA:554,1
DA:556,1
DA:561,1
DA:564,63
DA:565,0
DA:566,0
DA:567,0
DA:568,0
DA:569,0
DA:570,0
DA:571,0
DA:575,63
DA:576,0
DA:578,63
DA:583,63
DA:584,1
DA:592,63
DA:593,2
DA:594,2
DA:596,63
DA:597,2
DA:598,2
DA:600,1
DA:603,1
DA:604,1
DA:605,1
DA:608,1
DA:609,1
DA:615,63
DA:650,16
DA:652,16
DA:665,1
DA:681,1
DA:691,1
DA:715,2
DA:739,2
DA:763,2
DA:784,1
DA:786,1
DA:799,1
DA:800,1
DA:801,1
DA:802,1
DA:803,1
DA:805,0
DA:807,1
DA:808,1
DA:824,1
DA:825,1
DA:826,1
DA:835,1
DA:866,1
DA:873,2
DA:874,2
DA:875,2
DA:876,2
DA:881,0
DA:888,3
DA:889,3
DA:890,3
DA:891,3
DA:895,0
DA:899,2
DA:910,0
DA:911,2
DA:932,0
DA:941,0
LF:323
LH:265
BRDA:81,0,0,0
BRDA:81,0,1,13
BRDA:89,1,0,13
BRDA:89,1,1,0
BRDA:103,2,0,1
BRDA:103,2,1,12
BRDA:105,3,0,1
BRDA:105,3,1,12
BRDA:107,4,0,1
BRDA:107,4,1,12
BRDA:109,5,0,0
BRDA:109,5,1,13
BRDA:111,6,0,1
BRDA:111,6,1,12
BRDA:113,7,0,0
BRDA:113,7,1,12
BRDA:119,8,0,1
BRDA:119,8,1,12
BRDA:121,9,0,0
BRDA:121,9,1,1
BRDA:131,10,0,13
BRDA:131,10,1,0
BRDA:136,11,0,1
BRDA:136,11,1,12
BRDA:145,12,0,1
BRDA:145,12,1,12
BRDA:152,13,0,0
BRDA:152,13,1,2
BRDA:160,14,0,2
BRDA:160,14,1,2
BRDA:160,14,2,2
BRDA:160,14,3,2
BRDA:161,15,0,1
BRDA:161,15,1,1
BRDA:168,16,0,200
BRDA:168,16,1,120
BRDA:169,17,0,200
BRDA:169,17,1,200
BRDA:173,18,0,30
BRDA:173,18,1,22
BRDA:174,19,0,0
BRDA:174,19,1,22
BRDA:176,20,0,0
BRDA:176,20,1,22
BRDA:191,21,0,4
BRDA:191,21,1,2
BRDA:191,22,0,6
BRDA:191,22,1,4
BRDA:195,23,0,1
BRDA:195,23,1,3
BRDA:196,24,0,4
BRDA:196,24,1,2
BRDA:196,24,2,1
BRDA:202,25,0,0
BRDA:202,25,1,4
BRDA:203,26,0,4
BRDA:203,26,1,2
BRDA:203,26,2,1
BRDA:203,26,3,1
BRDA:218,27,0,0
BRDA:218,27,1,0
BRDA:232,28,0,0
BRDA:232,28,1,0
BRDA:250,29,0,15
BRDA:250,29,1,5
BRDA:255,30,0,8
BRDA:255,30,1,0
BRDA:259,31,0,2
BRDA:259,31,1,8
BRDA:261,32,0,8
BRDA:261,32,1,0
BRDA:274,33,0,31
BRDA:274,33,1,16
BRDA:274,34,0,47
BRDA:274,34,1,47
BRDA:275,35,0,6
BRDA:275,35,1,10
BRDA:279,36,0,10
BRDA:279,36,1,0
BRDA:283,37,0,0
BRDA:283,37,1,0
BRDA:287,38,0,0
BRDA:287,38,1,0
BRDA:289,39,0,0
BRDA:289,39,1,0
BRDA:289,39,2,0
BRDA:289,39,3,0
BRDA:289,39,4,0
BRDA:294,40,0,0
BRDA:294,40,1,0
BRDA:315,41,0,35
BRDA:315,41,1,4
BRDA:316,42,0,39
BRDA:316,42,1,36
BRDA:316,42,2,36
BRDA:321,43,0,0
BRDA:321,43,1,4
BRDA:321,44,0,4
BRDA:321,44,1,0
BRDA:329,45,0,15
BRDA:329,45,1,5
BRDA:342,46,0,17
BRDA:342,46,1,3
BRDA:342,47,0,20
BRDA:342,47,1,5
BRDA:342,47,2,5
BRDA:358,48,0,0
BRDA:358,48,1,1
BRDA:366,49,0,0
BRDA:366,49,1,16
BRDA:368,50,0,0
BRDA:368,50,1,16
BRDA:377,51,0,0
BRDA:377,51,1,6
BRDA:379,52,0,2
BRDA:379,52,1,4
BRDA:379,53,0,6
BRDA:379,53,1,3
BRDA:386,54,0,3
BRDA:386,54,1,1
BRDA:388,55,0,1
BRDA:388,55,1,2
BRDA:388,56,0,3
BRDA:388,56,1,2
BRDA:388,56,2,2
BRDA:398,57,0,1
BRDA:398,57,1,2
BRDA:420,58,0,1
BRDA:420,58,1,0
BRDA:429,59,0,0
BRDA:429,59,1,0
BRDA:443,60,0,0
BRDA:443,60,1,0
BRDA:465,61,0,0
BRDA:465,61,1,0
BRDA:474,62,0,1
BRDA:474,62,1,0
BRDA:494,63,0,1
BRDA:494,63,1,0
BRDA:495,64,0,1
BRDA:495,64,1,0
BRDA:496,65,0,1
BRDA:496,65,1,0
BRDA:510,66,0,1
BRDA:510,66,1,0
BRDA:511,67,0,1
BRDA:511,67,1,0
BRDA:529,68,0,1
BRDA:529,68,1,0
BRDA:534,69,0,0
BRDA:534,69,1,1
BRDA:536,70,0,1
BRDA:536,70,1,0
BRDA:536,70,2,0
BRDA:539,71,0,1
BRDA:539,71,1,0
BRDA:539,71,2,0
BRDA:546,72,0,1
BRDA:546,72,1,0
BRDA:552,73,0,1
BRDA:552,73,1,0
BRDA:554,74,0,1
BRDA:554,74,1,0
BRDA:568,75,0,0
BRDA:568,75,1,0
BRDA:568,76,0,0
BRDA:568,76,1,0
BRDA:610,77,0,1
BRDA:610,77,1,1
BRDA:617,78,0,0
BRDA:617,78,1,63
BRDA:628,79,0,10
BRDA:628,79,1,53
BRDA:635,80,0,10
BRDA:635,80,1,53
BRDA:638,81,0,10
BRDA:638,81,1,53
BRDA:639,82,0,8
BRDA:639,82,1,2
BRDA:657,83,0,5
BRDA:657,83,1,11
BRDA:733,84,0,53
BRDA:733,84,1,40
BRDA:735,85,0,53
BRDA:735,85,1,47
BRDA:735,85,2,40
BRDA:756,86,0,53
BRDA:756,86,1,47
BRDA:756,86,2,40
BRDA:760,87,0,53
BRDA:760,87,1,40
BRDA:777,88,0,63
BRDA:777,88,1,0
BRDA:782,89,0,63
BRDA:782,89,1,63
BRDA:793,90,0,63
BRDA:793,90,1,61
BRDA:799,91,0,1
BRDA:799,91,1,0
BRDA:801,92,0,1
BRDA:801,92,1,0
BRDA:803,93,0,0
BRDA:803,93,1,1
BRDA:808,94,0,1
BRDA:808,94,1,0
BRDA:808,95,0,1
BRDA:808,95,1,1
BRDA:817,96,0,63
BRDA:817,96,1,60
BRDA:824,97,0,1
BRDA:824,97,1,0
BRDA:827,98,0,1
BRDA:827,98,1,0
BRDA:829,99,0,0
BRDA:829,99,1,0
BRDA:831,100,0,0
BRDA:831,100,1,0
BRDA:843,101,0,0
BRDA:843,101,1,63
BRDA:857,102,0,63
BRDA:857,102,1,0
BRDA:858,103,0,63
BRDA:858,103,1,0
BRDA:859,104,0,63
BRDA:859,104,1,0
BRDA:881,105,0,0
BRDA:881,105,1,0
BRDA:881,106,0,0
BRDA:881,106,1,0
BRDA:895,107,0,0
BRDA:895,107,1,0
BRF:231
BRH:149
end_of_record
