<?xml version="1.0" encoding="UTF-8"?>
<coverage generated="1775813856836" clover="3.2.0">
  <project timestamp="1775813856837" name="All files">
    <metrics statements="350" coveredstatements="277" conditionals="262" coveredconditionals="173" methods="94" coveredmethods="62" elements="706" coveredelements="512" complexity="0" loc="350" ncloc="350" packages="2" files="6" classes="6"/>
    <package name="Categories">
      <metrics statements="310" coveredstatements="245" conditionals="218" coveredconditionals="134" methods="82" coveredmethods="54"/>
      <file name="Details.tsx" path="C:\Users\sumit\get-fit-malayali\get-fit-malayali-frontend\src\pages\Categories\Details.tsx">
        <metrics statements="132" coveredstatements="107" conditionals="92" coveredconditionals="58" methods="29" coveredmethods="21"/>
        <line num="25" count="1" type="stmt"/>
        <line num="28" count="105" type="stmt"/>
        <line num="29" count="105" type="stmt"/>
        <line num="30" count="105" type="stmt"/>
        <line num="31" count="105" type="stmt"/>
        <line num="32" count="104" type="stmt"/>
        <line num="33" count="104" type="stmt"/>
        <line num="34" count="104" type="stmt"/>
        <line num="35" count="104" type="stmt"/>
        <line num="36" count="104" type="stmt"/>
        <line num="37" count="104" type="stmt"/>
        <line num="38" count="104" type="stmt"/>
        <line num="39" count="104" type="stmt"/>
        <line num="40" count="104" type="stmt"/>
        <line num="41" count="104" type="stmt"/>
        <line num="42" count="104" type="stmt"/>
        <line num="43" count="104" type="stmt"/>
        <line num="44" count="104" type="stmt"/>
        <line num="45" count="104" type="stmt"/>
        <line num="47" count="104" type="stmt"/>
        <line num="48" count="16" type="cond" truecount="1" falsecount="1"/>
        <line num="49" count="16" type="stmt"/>
        <line num="50" count="16" type="stmt"/>
        <line num="51" count="16" type="stmt"/>
        <line num="52" count="15" type="stmt"/>
        <line num="53" count="15" type="stmt"/>
        <line num="55" count="1" type="cond" truecount="2" falsecount="0"/>
        <line num="57" count="16" type="stmt"/>
        <line num="61" count="104" type="stmt"/>
        <line num="62" count="15" type="stmt"/>
        <line num="65" count="104" type="stmt"/>
        <line num="67" count="77" type="cond" truecount="1" falsecount="1"/>
        <line num="68" count="77" type="stmt"/>
        <line num="69" count="77" type="stmt"/>
        <line num="70" count="77" type="stmt"/>
        <line num="71" count="77" type="stmt"/>
        <line num="76" count="73" type="stmt"/>
        <line num="77" count="73" type="cond" truecount="1" falsecount="1"/>
        <line num="78" count="0" type="stmt"/>
        <line num="79" count="0" type="stmt"/>
        <line num="81" count="0" type="cond" truecount="0" falsecount="2"/>
        <line num="82" count="0" type="stmt"/>
        <line num="85" count="73" type="cond" truecount="1" falsecount="1"/>
        <line num="86" count="0" type="stmt"/>
        <line num="88" count="73" type="cond" truecount="1" falsecount="1"/>
        <line num="89" count="0" type="stmt"/>
        <line num="91" count="73" type="stmt"/>
        <line num="94" count="73" type="stmt"/>
        <line num="95" count="73" type="stmt"/>
        <line num="102" count="4" type="cond" truecount="3" falsecount="0"/>
        <line num="105" count="4" type="stmt"/>
        <line num="106" count="4" type="stmt"/>
        <line num="108" count="77" type="stmt"/>
        <line num="114" count="104" type="stmt"/>
        <line num="115" count="15" type="cond" truecount="1" falsecount="1"/>
        <line num="116" count="15" type="stmt"/>
        <line num="117" count="15" type="stmt"/>
        <line num="120" count="104" type="stmt"/>
        <line num="121" count="76" type="cond" truecount="1" falsecount="1"/>
        <line num="122" count="76" type="stmt"/>
        <line num="126" count="104" type="cond" truecount="3" falsecount="0"/>
        <line num="128" count="104" type="stmt"/>
        <line num="129" count="15" type="stmt"/>
        <line num="134" count="0" type="stmt"/>
        <line num="145" count="0" type="stmt"/>
        <line num="153" count="104" type="stmt"/>
        <line num="160" count="104" type="stmt"/>
        <line num="162" count="104" type="stmt"/>
        <line num="163" count="0" type="stmt"/>
        <line num="164" count="0" type="stmt"/>
        <line num="165" count="0" type="stmt"/>
        <line num="168" count="104" type="stmt"/>
        <line num="169" count="0" type="stmt"/>
        <line num="170" count="0" type="stmt"/>
        <line num="174" count="104" type="stmt"/>
        <line num="179" count="104" type="stmt"/>
        <line num="184" count="104" type="stmt"/>
        <line num="186" count="104" type="stmt"/>
        <line num="187" count="0" type="cond" truecount="0" falsecount="2"/>
        <line num="188" count="0" type="stmt"/>
        <line num="189" count="0" type="stmt"/>
        <line num="192" count="0" type="stmt"/>
        <line num="200" count="0" type="cond" truecount="0" falsecount="4"/>
        <line num="201" count="0" type="stmt"/>
        <line num="203" count="0" type="stmt"/>
        <line num="207" count="104" type="stmt"/>
        <line num="208" count="1" type="stmt"/>
        <line num="209" count="1" type="stmt"/>
        <line num="213" count="1" type="stmt"/>
        <line num="216" count="104" type="stmt"/>
        <line num="217" count="1" type="stmt"/>
        <line num="218" count="1" type="stmt"/>
        <line num="222" count="1" type="stmt"/>
        <line num="225" count="104" type="stmt"/>
        <line num="226" count="3" type="stmt"/>
        <line num="227" count="3" type="stmt"/>
        <line num="230" count="104" type="stmt"/>
        <line num="231" count="2" type="cond" truecount="1" falsecount="1"/>
        <line num="232" count="2" type="stmt"/>
        <line num="233" count="2" type="stmt"/>
        <line num="236" count="104" type="stmt"/>
        <line num="237" count="1" type="cond" truecount="1" falsecount="1"/>
        <line num="238" count="1" type="stmt"/>
        <line num="239" count="1" type="stmt"/>
        <line num="240" count="1" type="stmt"/>
        <line num="241" count="1" type="stmt"/>
        <line num="244" count="1" type="stmt"/>
        <line num="245" count="1" type="stmt"/>
        <line num="247" count="0" type="stmt"/>
        <line num="252" count="1" type="stmt"/>
        <line num="256" count="104" type="stmt"/>
        <line num="257" count="0" type="stmt"/>
        <line num="260" count="104" type="stmt"/>
        <line num="261" count="0" type="cond" truecount="0" falsecount="2"/>
        <line num="262" count="0" type="stmt"/>
        <line num="263" count="0" type="stmt"/>
        <line num="266" count="104" type="stmt"/>
        <line num="271" count="1" type="stmt"/>
        <line num="295" count="3" type="stmt"/>
        <line num="355" count="42" type="cond" truecount="2" falsecount="1"/>
        <line num="356" count="42" type="stmt"/>
        <line num="359" count="42" type="stmt"/>
        <line num="450" count="1" type="stmt"/>
        <line num="451" count="1" type="stmt"/>
        <line num="460" count="60" type="cond" truecount="2" falsecount="0"/>
        <line num="461" count="60" type="cond" truecount="1" falsecount="1"/>
        <line num="476" count="60" type="stmt"/>
        <line num="485" count="102" type="cond" truecount="4" falsecount="1"/>
        <line num="486" count="102" type="stmt"/>
        <line num="490" count="42" type="stmt"/>
        <line num="491" count="42" type="cond" truecount="1" falsecount="1"/>
        <line num="493" count="42" type="stmt"/>
      </file>
      <file name="api.ts" path="C:\Users\sumit\get-fit-malayali\get-fit-malayali-frontend\src\pages\Categories\api.ts">
        <metrics statements="48" coveredstatements="31" conditionals="12" coveredconditionals="2" methods="22" coveredmethods="9"/>
        <line num="17" count="1" type="stmt"/>
        <line num="19" count="1" type="stmt"/>
        <line num="20" count="4" type="stmt"/>
        <line num="23" count="1" type="stmt"/>
        <line num="24" count="0" type="stmt"/>
        <line num="27" count="0" type="stmt"/>
        <line num="28" count="0" type="stmt"/>
        <line num="30" count="1" type="stmt"/>
        <line num="31" count="1" type="stmt"/>
        <line num="33" count="1" type="stmt"/>
        <line num="37" count="4" type="stmt"/>
        <line num="42" count="4" type="stmt"/>
        <line num="43" count="4" type="stmt"/>
        <line num="45" count="1" type="stmt"/>
        <line num="46" count="0" type="stmt"/>
        <line num="48" count="1" type="stmt"/>
        <line num="49" count="0" type="stmt"/>
        <line num="51" count="1" type="stmt"/>
        <line num="52" count="5" type="stmt"/>
        <line num="55" count="1" type="stmt"/>
        <line num="56" count="3" type="stmt"/>
        <line num="59" count="1" type="stmt"/>
        <line num="63" count="0" type="stmt"/>
        <line num="66" count="1" type="stmt"/>
        <line num="67" count="0" type="stmt"/>
        <line num="70" count="1" type="stmt"/>
        <line num="71" count="2" type="stmt"/>
        <line num="74" count="1" type="stmt"/>
        <line num="78" count="2" type="stmt"/>
        <line num="79" count="2" type="stmt"/>
        <line num="81" count="0" type="stmt"/>
        <line num="82" count="0" type="stmt"/>
        <line num="87" count="0" type="cond" truecount="0" falsecount="5"/>
        <line num="93" count="0" type="stmt"/>
        <line num="99" count="1" type="stmt"/>
        <line num="100" count="3" type="stmt"/>
        <line num="102" count="1" type="stmt"/>
        <line num="106" count="2" type="stmt"/>
        <line num="107" count="2" type="stmt"/>
        <line num="109" count="0" type="stmt"/>
        <line num="110" count="0" type="stmt"/>
        <line num="117" count="0" type="stmt"/>
        <line num="128" count="1" type="stmt"/>
        <line num="129" count="0" type="stmt"/>
        <line num="131" count="1" type="stmt"/>
        <line num="132" count="0" type="stmt"/>
        <line num="138" count="1" type="stmt"/>
        <line num="139" count="0" type="stmt"/>
      </file>
      <file name="columns.tsx" path="C:\Users\sumit\get-fit-malayali\get-fit-malayali-frontend\src\pages\Categories\columns.tsx">
        <metrics statements="25" coveredstatements="23" conditionals="28" coveredconditionals="23" methods="7" coveredmethods="5"/>
        <line num="3" count="1" type="stmt"/>
        <line num="9" count="1" type="cond" truecount="0" falsecount="1"/>
        <line num="10" count="23" type="cond" truecount="2" falsecount="0"/>
        <line num="11" count="17" type="stmt"/>
        <line num="12" count="17" type="cond" truecount="2" falsecount="0"/>
        <line num="13" count="3" type="stmt"/>
        <line num="15" count="1" type="stmt"/>
        <line num="16" count="11" type="cond" truecount="2" falsecount="0"/>
        <line num="22" count="1" type="stmt"/>
        <line num="29" count="30" type="stmt"/>
        <line num="52" count="12" type="stmt"/>
        <line num="53" count="12" type="cond" truecount="2" falsecount="0"/>
        <line num="54" count="12" type="cond" truecount="2" falsecount="0"/>
        <line num="57" count="12" type="stmt"/>
        <line num="59" count="12" type="cond" truecount="4" falsecount="0"/>
        <line num="60" count="1" type="stmt"/>
        <line num="64" count="0" type="cond" truecount="0" falsecount="2"/>
        <line num="74" count="11" type="stmt"/>
        <line num="83" count="0" type="cond" truecount="0" falsecount="2"/>
        <line num="91" count="11" type="stmt"/>
        <line num="92" count="11" type="cond" truecount="2" falsecount="0"/>
        <line num="93" count="11" type="stmt"/>
        <line num="94" count="11" type="stmt"/>
        <line num="95" count="11" type="stmt"/>
        <line num="134" count="30" type="stmt"/>
      </file>
      <file name="index.tsx" path="C:\Users\sumit\get-fit-malayali\get-fit-malayali-frontend\src\pages\Categories\index.tsx">
        <metrics statements="105" coveredstatements="84" conditionals="86" coveredconditionals="51" methods="24" coveredmethods="19"/>
        <line num="28" count="43" type="stmt"/>
        <line num="29" count="43" type="stmt"/>
        <line num="30" count="43" type="stmt"/>
        <line num="31" count="43" type="stmt"/>
        <line num="32" count="43" type="stmt"/>
        <line num="33" count="43" type="stmt"/>
        <line num="34" count="43" type="stmt"/>
        <line num="35" count="43" type="stmt"/>
        <line num="36" count="43" type="stmt"/>
        <line num="37" count="43" type="stmt"/>
        <line num="38" count="43" type="stmt"/>
        <line num="39" count="43" type="stmt"/>
        <line num="40" count="43" type="stmt"/>
        <line num="41" count="43" type="stmt"/>
        <line num="42" count="43" type="stmt"/>
        <line num="43" count="43" type="stmt"/>
        <line num="45" count="43" type="stmt"/>
        <line num="47" count="43" type="stmt"/>
        <line num="48" count="43" type="stmt"/>
        <line num="49" count="43" type="cond" truecount="1" falsecount="1"/>
        <line num="50" count="43" type="cond" truecount="3" falsecount="1"/>
        <line num="51" count="0" type="stmt"/>
        <line num="53" count="43" type="stmt"/>
        <line num="61" count="43" type="stmt"/>
        <line num="62" count="43" type="stmt"/>
        <line num="63" count="15" type="cond" truecount="1" falsecount="1"/>
        <line num="64" count="0" type="stmt"/>
        <line num="68" count="43" type="stmt"/>
        <line num="69" count="15" type="stmt"/>
        <line num="70" count="15" type="cond" truecount="4" falsecount="0"/>
        <line num="71" count="13" type="cond" truecount="2" falsecount="2"/>
        <line num="72" count="0" type="stmt"/>
        <line num="73" count="13" type="cond" truecount="2" falsecount="2"/>
        <line num="74" count="0" type="stmt"/>
        <line num="76" count="2" type="cond" truecount="2" falsecount="2"/>
        <line num="77" count="0" type="stmt"/>
        <line num="81" count="43" type="stmt"/>
        <line num="82" count="1" type="stmt"/>
        <line num="87" count="43" type="stmt"/>
        <line num="88" count="1" type="stmt"/>
        <line num="94" count="43" type="stmt"/>
        <line num="95" count="0" type="stmt"/>
        <line num="96" count="0" type="cond" truecount="0" falsecount="2"/>
        <line num="97" count="0" type="stmt"/>
        <line num="98" count="0" type="cond" truecount="0" falsecount="2"/>
        <line num="99" count="0" type="stmt"/>
        <line num="100" count="0" type="stmt"/>
        <line num="104" count="43" type="stmt"/>
        <line num="105" count="2" type="cond" truecount="1" falsecount="1"/>
        <line num="106" count="2" type="stmt"/>
        <line num="107" count="2" type="stmt"/>
        <line num="108" count="2" type="stmt"/>
        <line num="109" count="1" type="stmt"/>
        <line num="110" count="1" type="stmt"/>
        <line num="111" count="1" type="stmt"/>
        <line num="112" count="1" type="stmt"/>
        <line num="114" count="1" type="stmt"/>
        <line num="119" count="2" type="stmt"/>
        <line num="122" count="43" type="stmt"/>
        <line num="123" count="15" type="stmt"/>
        <line num="125" count="0" type="stmt"/>
        <line num="130" count="43" type="stmt"/>
        <line num="131" count="16" type="stmt"/>
        <line num="149" count="43" type="stmt"/>
        <line num="150" count="1" type="cond" truecount="1" falsecount="1"/>
        <line num="151" count="1" type="stmt"/>
        <line num="152" count="1" type="cond" truecount="1" falsecount="1"/>
        <line num="153" count="1" type="stmt"/>
        <line num="154" count="1" type="stmt"/>
        <line num="155" count="1" type="stmt"/>
        <line num="159" count="43" type="stmt"/>
        <line num="160" count="1" type="stmt"/>
        <line num="161" count="1" type="stmt"/>
        <line num="162" count="1" type="stmt"/>
        <line num="163" count="1" type="cond" truecount="2" falsecount="2"/>
        <line num="164" count="0" type="stmt"/>
        <line num="165" count="0" type="stmt"/>
        <line num="166" count="0" type="stmt"/>
        <line num="170" count="43" type="stmt"/>
        <line num="171" count="1" type="stmt"/>
        <line num="173" count="43" type="stmt"/>
        <line num="177" count="43" type="stmt"/>
        <line num="178" count="3" type="cond" truecount="1" falsecount="1"/>
        <line num="179" count="3" type="stmt"/>
        <line num="180" count="3" type="stmt"/>
        <line num="182" count="43" type="stmt"/>
        <line num="185" count="43" type="stmt"/>
        <line num="186" count="1" type="cond" truecount="3" falsecount="1"/>
        <line num="187" count="0" type="stmt"/>
        <line num="193" count="0" type="stmt"/>
        <line num="195" count="1" type="stmt"/>
        <line num="203" count="43" type="stmt"/>
        <line num="233" count="1" type="stmt"/>
        <line num="234" count="1" type="cond" truecount="1" falsecount="1"/>
        <line num="235" count="1" type="stmt"/>
        <line num="236" count="1" type="stmt"/>
        <line num="238" count="0" type="stmt"/>
        <line num="271" count="1" type="stmt"/>
        <line num="277" count="1" type="stmt"/>
        <line num="284" count="2" type="stmt"/>
        <line num="285" count="2" type="stmt"/>
        <line num="299" count="0" type="cond" truecount="0" falsecount="2"/>
        <line num="300" count="0" type="stmt"/>
        <line num="301" count="0" type="stmt"/>
        <line num="304" count="2" type="cond" truecount="2" falsecount="0"/>
      </file>
    </package>
    <package name="Categories.create">
      <metrics statements="40" coveredstatements="32" conditionals="44" coveredconditionals="39" methods="12" coveredmethods="8"/>
      <file name="index.tsx" path="C:\Users\sumit\get-fit-malayali\get-fit-malayali-frontend\src\pages\Categories\create\index.tsx">
        <metrics statements="37" coveredstatements="29" conditionals="44" coveredconditionals="39" methods="12" coveredmethods="8"/>
        <line num="43" count="38" type="stmt"/>
        <line num="49" count="38" type="stmt"/>
        <line num="58" count="38" type="stmt"/>
        <line num="80" count="38" type="stmt"/>
        <line num="81" count="1" type="stmt"/>
        <line num="85" count="1" type="stmt"/>
        <line num="88" count="38" type="stmt"/>
        <line num="89" count="0" type="stmt"/>
        <line num="94" count="0" type="stmt"/>
        <line num="95" count="0" type="stmt"/>
        <line num="97" count="38" type="stmt"/>
        <line num="98" count="3" type="cond" truecount="1" falsecount="1"/>
        <line num="99" count="3" type="stmt"/>
        <line num="101" count="38" type="stmt"/>
        <line num="102" count="17" type="cond" truecount="6" falsecount="0"/>
        <line num="103" count="3" type="stmt"/>
        <line num="109" count="38" type="stmt"/>
        <line num="110" count="0" type="stmt"/>
        <line num="112" count="38" type="stmt"/>
        <line num="114" count="38" type="stmt"/>
        <line num="116" count="38" type="stmt"/>
        <line num="121" count="38" type="stmt"/>
        <line num="123" count="38" type="stmt"/>
        <line num="124" count="2" type="stmt"/>
        <line num="131" count="2" type="cond" truecount="2" falsecount="0"/>
        <line num="132" count="1" type="stmt"/>
        <line num="134" count="1" type="stmt"/>
        <line num="138" count="38" type="stmt"/>
        <line num="143" count="38" type="stmt"/>
        <line num="154" count="38" type="stmt"/>
        <line num="155" count="0" type="stmt"/>
        <line num="156" count="0" type="stmt"/>
        <line num="157" count="0" type="stmt"/>
        <line num="160" count="38" type="stmt"/>
        <line num="164" count="1" type="stmt"/>
        <line num="175" count="2" type="cond" truecount="2" falsecount="0"/>
        <line num="177" count="0" type="stmt"/>
      </file>
      <file name="schema.ts" path="C:\Users\sumit\get-fit-malayali\get-fit-malayali-frontend\src\pages\Categories\create\schema.ts">
        <metrics statements="3" coveredstatements="3" conditionals="0" coveredconditionals="0" methods="0" coveredmethods="0"/>
        <line num="6" count="1" type="stmt"/>
        <line num="8" count="1" type="stmt"/>
        <line num="20" count="1" type="stmt"/>
      </file>
    </package>
  </project>
</coverage>
