{"total": {"lines":{"total":132,"covered":107,"skipped":0,"pct":81.06},"statements":{"total":139,"covered":107,"skipped":0,"pct":76.97},"functions":{"total":29,"covered":21,"skipped":0,"pct":72.41},"branches":{"total":92,"covered":58,"skipped":0,"pct":63.04},"branchesTrue":{"total":0,"covered":0,"skipped":0,"pct":"Unknown"}}
,"C:\\Users\\sumit\\get-fit-malayali\\get-fit-malayali-frontend\\src\\pages\\Categories\\Details.tsx": {"lines":{"total":132,"covered":107,"skipped":0,"pct":81.06},"functions":{"total":29,"covered":21,"skipped":0,"pct":72.41},"statements":{"total":139,"covered":107,"skipped":0,"pct":76.97},"branches":{"total":92,"covered":58,"skipped":0,"pct":63.04}}
}
