{"C:\\Users\\sumit\\get-fit-malayali\\get-fit-malayali-frontend\\src\\pages\\Categories\\Details.tsx": {"path":"C:\\Users\\sumit\\get-fit-malayali\\get-fit-malayali-frontend\\src\\pages\\Categories\\Details.tsx","statementMap":{"0":{"start":{"line":25,"column":25},"end":{"line":25,"column":27}},"1":{"start":{"line":28,"column":17},"end":{"line":28,"column":28}},"2":{"start":{"line":29,"column":19},"end":{"line":29,"column":32}},"3":{"start":{"line":30,"column":30},"end":{"line":30,"column":50}},"4":{"start":{"line":31,"column":26},"end":{"line":31,"column":45}},"5":{"start":{"line":32,"column":32},"end":{"line":32,"column":55}},"6":{"start":{"line":33,"column":28},"end":{"line":33,"column":48}},"7":{"start":{"line":34,"column":44},"end":{"line":34,"column":63}},"8":{"start":{"line":35,"column":32},"end":{"line":35,"column":49}},"9":{"start":{"line":36,"column":38},"end":{"line":36,"column":53}},"10":{"start":{"line":37,"column":34},"end":{"line":37,"column":46}},"11":{"start":{"line":38,"column":32},"end":{"line":38,"column":43}},"12":{"start":{"line":39,"column":46},"end":{"line":39,"column":72}},"13":{"start":{"line":40,"column":62},"end":{"line":40,"column":77}},"14":{"start":{"line":41,"column":56},"end":{"line":41,"column":75}},"15":{"start":{"line":42,"column":56},"end":{"line":42,"column":75}},"16":{"start":{"line":43,"column":52},"end":{"line":43,"column":67}},"17":{"start":{"line":44,"column":60},"end":{"line":44,"column":75}},"18":{"start":{"line":45,"column":60},"end":{"line":45,"column":75}},"19":{"start":{"line":47,"column":30},"end":{"line":59,"column":10}},"20":{"start":{"line":48,"column":4},"end":{"line":48,"column":19}},"21":{"start":{"line":48,"column":13},"end":{"line":48,"column":19}},"22":{"start":{"line":49,"column":4},"end":{"line":58,"column":5}},"23":{"start":{"line":50,"column":6},"end":{"line":50,"column":22}},"24":{"start":{"line":51,"column":18},"end":{"line":51,"column":56}},"25":{"start":{"line":52,"column":6},"end":{"line":52,"column":18}},"26":{"start":{"line":53,"column":6},"end":{"line":53,"column":18}},"27":{"start":{"line":55,"column":6},"end":{"line":55,"column":67}},"28":{"start":{"line":57,"column":6},"end":{"line":57,"column":23}},"29":{"start":{"line":61,"column":2},"end":{"line":63,"column":27}},"30":{"start":{"line":62,"column":4},"end":{"line":62,"column":25}},"31":{"start":{"line":65,"column":29},"end":{"line":112,"column":3}},"32":{"start":{"line":67,"column":6},"end":{"line":67,"column":21}},"33":{"start":{"line":67,"column":15},"end":{"line":67,"column":21}},"34":{"start":{"line":68,"column":6},"end":{"line":68,"column":25}},"35":{"start":{"line":69,"column":6},"end":{"line":69,"column":21}},"36":{"start":{"line":70,"column":6},"end":{"line":109,"column":7}},"37":{"start":{"line":71,"column":20},"end":{"line":74,"column":10}},"38":{"start":{"line":76,"column":37},"end":{"line":92,"column":12}},"39":{"start":{"line":77,"column":10},"end":{"line":84,"column":11}},"40":{"start":{"line":78,"column":35},"end":{"line":80,"column":13}},"41":{"start":{"line":79,"column":28},"end":{"line":79,"column":58}},"42":{"start":{"line":81,"column":12},"end":{"line":83,"column":13}},"43":{"start":{"line":82,"column":14},"end":{"line":82,"column":49}},"44":{"start":{"line":85,"column":10},"end":{"line":87,"column":11}},"45":{"start":{"line":86,"column":12},"end":{"line":86,"column":45}},"46":{"start":{"line":88,"column":10},"end":{"line":90,"column":11}},"47":{"start":{"line":89,"column":12},"end":{"line":89,"column":36}},"48":{"start":{"line":91,"column":10},"end":{"line":91,"column":19}},"49":{"start":{"line":94,"column":8},"end":{"line":94,"column":46}},"50":{"start":{"line":95,"column":8},"end":{"line":99,"column":10}},"51":{"start":{"line":102,"column":10},"end":{"line":104,"column":40}},"52":{"start":{"line":105,"column":8},"end":{"line":105,"column":24}},"53":{"start":{"line":106,"column":8},"end":{"line":106,"column":50}},"54":{"start":{"line":108,"column":8},"end":{"line":108,"column":28}},"55":{"start":{"line":114,"column":2},"end":{"line":118,"column":10}},"56":{"start":{"line":115,"column":4},"end":{"line":115,"column":19}},"57":{"start":{"line":115,"column":13},"end":{"line":115,"column":19}},"58":{"start":{"line":116,"column":4},"end":{"line":116,"column":17}},"59":{"start":{"line":117,"column":4},"end":{"line":117,"column":39}},"60":{"start":{"line":120,"column":2},"end":{"line":124,"column":55}},"61":{"start":{"line":121,"column":4},"end":{"line":123,"column":5}},"62":{"start":{"line":122,"column":6},"end":{"line":122,"column":49}},"63":{"start":{"line":126,"column":19},"end":{"line":126,"column":47}},"64":{"start":{"line":128,"column":45},"end":{"line":151,"column":3}},"65":{"start":{"line":129,"column":10},"end":{"line":149,"column":5}},"66":{"start":{"line":134,"column":35},"end":{"line":138,"column":9}},"67":{"start":{"line":145,"column":35},"end":{"line":147,"column":9}},"68":{"start":{"line":153,"column":18},"end":{"line":159,"column":4}},"69":{"start":{"line":160,"column":34},"end":{"line":160,"column":41}},"70":{"start":{"line":162,"column":32},"end":{"line":166,"column":3}},"71":{"start":{"line":163,"column":4},"end":{"line":163,"column":36}},"72":{"start":{"line":164,"column":4},"end":{"line":164,"column":32}},"73":{"start":{"line":165,"column":4},"end":{"line":165,"column":11}},"74":{"start":{"line":168,"column":31},"end":{"line":171,"column":3}},"75":{"start":{"line":169,"column":4},"end":{"line":169,"column":27}},"76":{"start":{"line":170,"column":4},"end":{"line":170,"column":41}},"77":{"start":{"line":174,"column":4},"end":{"line":177,"column":5}},"78":{"start":{"line":179,"column":4},"end":{"line":182,"column":5}},"79":{"start":{"line":184,"column":31},"end":{"line":184,"column":63}},"80":{"start":{"line":186,"column":34},"end":{"line":205,"column":4}},"81":{"start":{"line":187,"column":4},"end":{"line":190,"column":5}},"82":{"start":{"line":188,"column":6},"end":{"line":188,"column":63}},"83":{"start":{"line":189,"column":6},"end":{"line":189,"column":12}},"84":{"start":{"line":192,"column":20},"end":{"line":198,"column":5}},"85":{"start":{"line":200,"column":4},"end":{"line":204,"column":5}},"86":{"start":{"line":201,"column":6},"end":{"line":201,"column":70}},"87":{"start":{"line":203,"column":6},"end":{"line":203,"column":32}},"88":{"start":{"line":207,"column":39},"end":{"line":214,"column":3}},"89":{"start":{"line":208,"column":4},"end":{"line":208,"column":32}},"90":{"start":{"line":209,"column":4},"end":{"line":212,"column":6}},"91":{"start":{"line":213,"column":4},"end":{"line":213,"column":35}},"92":{"start":{"line":216,"column":32},"end":{"line":223,"column":3}},"93":{"start":{"line":217,"column":4},"end":{"line":217,"column":31}},"94":{"start":{"line":218,"column":4},"end":{"line":221,"column":6}},"95":{"start":{"line":222,"column":4},"end":{"line":222,"column":35}},"96":{"start":{"line":225,"column":26},"end":{"line":228,"column":3}},"97":{"start":{"line":226,"column":4},"end":{"line":226,"column":31}},"98":{"start":{"line":227,"column":4},"end":{"line":227,"column":30}},"99":{"start":{"line":230,"column":27},"end":{"line":234,"column":3}},"100":{"start":{"line":231,"column":4},"end":{"line":231,"column":37}},"101":{"start":{"line":231,"column":31},"end":{"line":231,"column":37}},"102":{"start":{"line":232,"column":4},"end":{"line":232,"column":31}},"103":{"start":{"line":233,"column":4},"end":{"line":233,"column":32}},"104":{"start":{"line":236,"column":34},"end":{"line":254,"column":3}},"105":{"start":{"line":237,"column":4},"end":{"line":237,"column":40}},"106":{"start":{"line":237,"column":34},"end":{"line":237,"column":40}},"107":{"start":{"line":238,"column":4},"end":{"line":253,"column":5}},"108":{"start":{"line":239,"column":6},"end":{"line":239,"column":36}},"109":{"start":{"line":240,"column":6},"end":{"line":240,"column":60}},"110":{"start":{"line":241,"column":6},"end":{"line":243,"column":8}},"111":{"start":{"line":244,"column":6},"end":{"line":244,"column":24}},"112":{"start":{"line":245,"column":6},"end":{"line":245,"column":43}},"113":{"start":{"line":247,"column":6},"end":{"line":250,"column":7}},"114":{"start":{"line":252,"column":6},"end":{"line":252,"column":37}},"115":{"start":{"line":256,"column":30},"end":{"line":258,"column":3}},"116":{"start":{"line":257,"column":4},"end":{"line":257,"column":26}},"117":{"start":{"line":260,"column":31},"end":{"line":264,"column":3}},"118":{"start":{"line":261,"column":17},"end":{"line":261,"column":50}},"119":{"start":{"line":262,"column":4},"end":{"line":262,"column":27}},"120":{"start":{"line":263,"column":4},"end":{"line":263,"column":17}},"121":{"start":{"line":266,"column":2},"end":{"line":456,"column":3}},"122":{"start":{"line":271,"column":35},"end":{"line":271,"column":58}},"123":{"start":{"line":295,"column":33},"end":{"line":295,"column":63}},"124":{"start":{"line":355,"column":22},"end":{"line":355,"column":71}},"125":{"start":{"line":356,"column":42},"end":{"line":358,"column":21}},"126":{"start":{"line":359,"column":20},"end":{"line":365,"column":21}},"127":{"start":{"line":450,"column":27},"end":{"line":450,"column":58}},"128":{"start":{"line":451,"column":29},"end":{"line":451,"column":50}},"129":{"start":{"line":460,"column":16},"end":{"line":460,"column":76}},"130":{"start":{"line":461,"column":18},"end":{"line":474,"column":3}},"131":{"start":{"line":476,"column":2},"end":{"line":481,"column":3}},"132":{"start":{"line":485,"column":2},"end":{"line":485,"column":60}},"133":{"start":{"line":485,"column":49},"end":{"line":485,"column":60}},"134":{"start":{"line":486,"column":2},"end":{"line":486,"column":18}},"135":{"start":{"line":490,"column":12},"end":{"line":490,"column":22}},"136":{"start":{"line":491,"column":2},"end":{"line":491,"column":26}},"137":{"start":{"line":491,"column":18},"end":{"line":491,"column":26}},"138":{"start":{"line":493,"column":2},"end":{"line":493,"column":61}}},"fnMap":{"0":{"name":"CategoryDetails","decl":{"start":{"line":27,"column":24},"end":{"line":27,"column":39}},"loc":{"start":{"line":27,"column":42},"end":{"line":457,"column":1}},"line":27},"1":{"name":"(anonymous_1)","decl":{"start":{"line":47,"column":42},"end":{"line":47,"column":43}},"loc":{"start":{"line":47,"column":54},"end":{"line":59,"column":3}},"line":47},"2":{"name":"(anonymous_2)","decl":{"start":{"line":61,"column":12},"end":{"line":61,"column":13}},"loc":{"start":{"line":61,"column":18},"end":{"line":63,"column":3}},"line":61},"3":{"name":"(anonymous_3)","decl":{"start":{"line":66,"column":4},"end":{"line":66,"column":5}},"loc":{"start":{"line":66,"column":56},"end":{"line":110,"column":5}},"line":66},"4":{"name":"(anonymous_4)","decl":{"start":{"line":76,"column":38},"end":{"line":76,"column":39}},"loc":{"start":{"line":76,"column":44},"end":{"line":92,"column":9}},"line":76},"5":{"name":"(anonymous_5)","decl":{"start":{"line":79,"column":14},"end":{"line":79,"column":15}},"loc":{"start":{"line":79,"column":28},"end":{"line":79,"column":58}},"line":79},"6":{"name":"(anonymous_6)","decl":{"start":{"line":114,"column":12},"end":{"line":114,"column":13}},"loc":{"start":{"line":114,"column":18},"end":{"line":118,"column":3}},"line":114},"7":{"name":"(anonymous_7)","decl":{"start":{"line":120,"column":12},"end":{"line":120,"column":13}},"loc":{"start":{"line":120,"column":18},"end":{"line":124,"column":3}},"line":120},"8":{"name":"(anonymous_8)","decl":{"start":{"line":129,"column":4},"end":{"line":129,"column":5}},"loc":{"start":{"line":129,"column":10},"end":{"line":149,"column":5}},"line":129},"9":{"name":"(anonymous_9)","decl":{"start":{"line":134,"column":20},"end":{"line":134,"column":21}},"loc":{"start":{"line":134,"column":35},"end":{"line":138,"column":9}},"line":134},"10":{"name":"(anonymous_10)","decl":{"start":{"line":145,"column":20},"end":{"line":145,"column":21}},"loc":{"start":{"line":145,"column":35},"end":{"line":147,"column":9}},"line":145},"11":{"name":"(anonymous_11)","decl":{"start":{"line":162,"column":32},"end":{"line":162,"column":33}},"loc":{"start":{"line":162,"column":38},"end":{"line":166,"column":3}},"line":162},"12":{"name":"(anonymous_12)","decl":{"start":{"line":168,"column":31},"end":{"line":168,"column":32}},"loc":{"start":{"line":168,"column":37},"end":{"line":171,"column":3}},"line":168},"13":{"name":"(anonymous_13)","decl":{"start":{"line":186,"column":47},"end":{"line":186,"column":48}},"loc":{"start":{"line":186,"column":59},"end":{"line":205,"column":3}},"line":186},"14":{"name":"(anonymous_14)","decl":{"start":{"line":207,"column":39},"end":{"line":207,"column":40}},"loc":{"start":{"line":207,"column":45},"end":{"line":214,"column":3}},"line":207},"15":{"name":"(anonymous_15)","decl":{"start":{"line":216,"column":32},"end":{"line":216,"column":33}},"loc":{"start":{"line":216,"column":46},"end":{"line":223,"column":3}},"line":216},"16":{"name":"(anonymous_16)","decl":{"start":{"line":225,"column":26},"end":{"line":225,"column":27}},"loc":{"start":{"line":225,"column":40},"end":{"line":228,"column":3}},"line":225},"17":{"name":"(anonymous_17)","decl":{"start":{"line":230,"column":27},"end":{"line":230,"column":28}},"loc":{"start":{"line":230,"column":33},"end":{"line":234,"column":3}},"line":230},"18":{"name":"(anonymous_18)","decl":{"start":{"line":236,"column":34},"end":{"line":236,"column":35}},"loc":{"start":{"line":236,"column":46},"end":{"line":254,"column":3}},"line":236},"19":{"name":"(anonymous_19)","decl":{"start":{"line":256,"column":30},"end":{"line":256,"column":31}},"loc":{"start":{"line":256,"column":54},"end":{"line":258,"column":3}},"line":256},"20":{"name":"(anonymous_20)","decl":{"start":{"line":260,"column":31},"end":{"line":260,"column":32}},"loc":{"start":{"line":260,"column":59},"end":{"line":264,"column":3}},"line":260},"21":{"name":"(anonymous_21)","decl":{"start":{"line":271,"column":29},"end":{"line":271,"column":30}},"loc":{"start":{"line":271,"column":35},"end":{"line":271,"column":58}},"line":271},"22":{"name":"(anonymous_22)","decl":{"start":{"line":295,"column":27},"end":{"line":295,"column":28}},"loc":{"start":{"line":295,"column":33},"end":{"line":295,"column":63}},"line":295},"23":{"name":"(anonymous_23)","decl":{"start":{"line":353,"column":31},"end":{"line":353,"column":32}},"loc":{"start":{"line":353,"column":37},"end":{"line":366,"column":19}},"line":353},"24":{"name":"(anonymous_24)","decl":{"start":{"line":450,"column":21},"end":{"line":450,"column":22}},"loc":{"start":{"line":450,"column":27},"end":{"line":450,"column":58}},"line":450},"25":{"name":"(anonymous_25)","decl":{"start":{"line":451,"column":23},"end":{"line":451,"column":24}},"loc":{"start":{"line":451,"column":29},"end":{"line":451,"column":50}},"line":451},"26":{"name":"DetailItem","decl":{"start":{"line":459,"column":9},"end":{"line":459,"column":19}},"loc":{"start":{"line":459,"column":69},"end":{"line":482,"column":1}},"line":459},"27":{"name":"safeStr","decl":{"start":{"line":484,"column":9},"end":{"line":484,"column":16}},"loc":{"start":{"line":484,"column":25},"end":{"line":487,"column":1}},"line":484},"28":{"name":"capitalizeFirst","decl":{"start":{"line":489,"column":9},"end":{"line":489,"column":24}},"loc":{"start":{"line":489,"column":33},"end":{"line":494,"column":1}},"line":489}},"branchMap":{"0":{"loc":{"start":{"line":48,"column":4},"end":{"line":48,"column":19}},"type":"if","locations":[{"start":{"line":48,"column":4},"end":{"line":48,"column":19}},{"start":{},"end":{}}],"line":48},"1":{"loc":{"start":{"line":55,"column":15},"end":{"line":55,"column":66}},"type":"binary-expr","locations":[{"start":{"line":55,"column":15},"end":{"line":55,"column":41}},{"start":{"line":55,"column":45},"end":{"line":55,"column":66}}],"line":55},"2":{"loc":{"start":{"line":66,"column":11},"end":{"line":66,"column":25}},"type":"default-arg","locations":[{"start":{"line":66,"column":18},"end":{"line":66,"column":25}}],"line":66},"3":{"loc":{"start":{"line":66,"column":27},"end":{"line":66,"column":51}},"type":"default-arg","locations":[{"start":{"line":66,"column":37},"end":{"line":66,"column":51}}],"line":66},"4":{"loc":{"start":{"line":67,"column":6},"end":{"line":67,"column":21}},"type":"if","locations":[{"start":{"line":67,"column":6},"end":{"line":67,"column":21}},{"start":{},"end":{}}],"line":67},"5":{"loc":{"start":{"line":77,"column":10},"end":{"line":84,"column":11}},"type":"if","locations":[{"start":{"line":77,"column":10},"end":{"line":84,"column":11}},{"start":{},"end":{}}],"line":77},"6":{"loc":{"start":{"line":81,"column":12},"end":{"line":83,"column":13}},"type":"if","locations":[{"start":{"line":81,"column":12},"end":{"line":83,"column":13}},{"start":{},"end":{}}],"line":81},"7":{"loc":{"start":{"line":85,"column":10},"end":{"line":87,"column":11}},"type":"if","locations":[{"start":{"line":85,"column":10},"end":{"line":87,"column":11}},{"start":{},"end":{}}],"line":85},"8":{"loc":{"start":{"line":88,"column":10},"end":{"line":90,"column":11}},"type":"if","locations":[{"start":{"line":88,"column":10},"end":{"line":90,"column":11}},{"start":{},"end":{}}],"line":88},"9":{"loc":{"start":{"line":102,"column":10},"end":{"line":104,"column":40}},"type":"binary-expr","locations":[{"start":{"line":102,"column":10},"end":{"line":102,"column":38}},{"start":{"line":103,"column":10},"end":{"line":103,"column":37}},{"start":{"line":104,"column":10},"end":{"line":104,"column":40}}],"line":102},"10":{"loc":{"start":{"line":115,"column":4},"end":{"line":115,"column":19}},"type":"if","locations":[{"start":{"line":115,"column":4},"end":{"line":115,"column":19}},{"start":{},"end":{}}],"line":115},"11":{"loc":{"start":{"line":121,"column":4},"end":{"line":123,"column":5}},"type":"if","locations":[{"start":{"line":121,"column":4},"end":{"line":123,"column":5}},{"start":{},"end":{}}],"line":121},"12":{"loc":{"start":{"line":126,"column":19},"end":{"line":126,"column":47}},"type":"binary-expr","locations":[{"start":{"line":126,"column":19},"end":{"line":126,"column":33}},{"start":{"line":126,"column":37},"end":{"line":126,"column":41}},{"start":{"line":126,"column":45},"end":{"line":126,"column":47}}],"line":126},"13":{"loc":{"start":{"line":187,"column":4},"end":{"line":190,"column":5}},"type":"if","locations":[{"start":{"line":187,"column":4},"end":{"line":190,"column":5}},{"start":{},"end":{}}],"line":187},"14":{"loc":{"start":{"line":200,"column":4},"end":{"line":204,"column":5}},"type":"if","locations":[{"start":{"line":200,"column":4},"end":{"line":204,"column":5}},{"start":{"line":202,"column":11},"end":{"line":204,"column":5}}],"line":200},"15":{"loc":{"start":{"line":200,"column":8},"end":{"line":200,"column":55}},"type":"binary-expr","locations":[{"start":{"line":200,"column":8},"end":{"line":200,"column":28}},{"start":{"line":200,"column":32},"end":{"line":200,"column":55}}],"line":200},"16":{"loc":{"start":{"line":219,"column":12},"end":{"line":219,"column":27}},"type":"binary-expr","locations":[{"start":{"line":219,"column":12},"end":{"line":219,"column":21}},{"start":{"line":219,"column":25},"end":{"line":219,"column":27}}],"line":219},"17":{"loc":{"start":{"line":220,"column":19},"end":{"line":220,"column":41}},"type":"binary-expr","locations":[{"start":{"line":220,"column":19},"end":{"line":220,"column":35}},{"start":{"line":220,"column":39},"end":{"line":220,"column":41}}],"line":220},"18":{"loc":{"start":{"line":231,"column":4},"end":{"line":231,"column":37}},"type":"if","locations":[{"start":{"line":231,"column":4},"end":{"line":231,"column":37}},{"start":{},"end":{}}],"line":231},"19":{"loc":{"start":{"line":237,"column":4},"end":{"line":237,"column":40}},"type":"if","locations":[{"start":{"line":237,"column":4},"end":{"line":237,"column":40}},{"start":{},"end":{}}],"line":237},"20":{"loc":{"start":{"line":248,"column":8},"end":{"line":248,"column":70}},"type":"binary-expr","locations":[{"start":{"line":248,"column":8},"end":{"line":248,"column":36}},{"start":{"line":248,"column":40},"end":{"line":248,"column":70}}],"line":248},"21":{"loc":{"start":{"line":261,"column":17},"end":{"line":261,"column":50}},"type":"binary-expr","locations":[{"start":{"line":261,"column":17},"end":{"line":261,"column":30}},{"start":{"line":261,"column":34},"end":{"line":261,"column":50}}],"line":261},"22":{"loc":{"start":{"line":278,"column":9},"end":{"line":282,"column":9}},"type":"binary-expr","locations":[{"start":{"line":278,"column":9},"end":{"line":278,"column":16}},{"start":{"line":279,"column":10},"end":{"line":281,"column":16}}],"line":278},"23":{"loc":{"start":{"line":283,"column":9},"end":{"line":287,"column":9}},"type":"binary-expr","locations":[{"start":{"line":283,"column":9},"end":{"line":283,"column":14}},{"start":{"line":283,"column":18},"end":{"line":283,"column":26}},{"start":{"line":284,"column":10},"end":{"line":286,"column":16}}],"line":283},"24":{"loc":{"start":{"line":288,"column":9},"end":{"line":387,"column":9}},"type":"binary-expr","locations":[{"start":{"line":288,"column":9},"end":{"line":288,"column":17}},{"start":{"line":288,"column":21},"end":{"line":288,"column":27}},{"start":{"line":289,"column":10},"end":{"line":386,"column":13}}],"line":288},"25":{"loc":{"start":{"line":290,"column":13},"end":{"line":301,"column":13}},"type":"binary-expr","locations":[{"start":{"line":290,"column":13},"end":{"line":290,"column":25}},{"start":{"line":291,"column":14},"end":{"line":300,"column":20}}],"line":290},"26":{"loc":{"start":{"line":326,"column":15},"end":{"line":326,"column":57}},"type":"binary-expr","locations":[{"start":{"line":326,"column":15},"end":{"line":326,"column":23}},{"start":{"line":326,"column":27},"end":{"line":326,"column":57}}],"line":326},"27":{"loc":{"start":{"line":340,"column":18},"end":{"line":342,"column":43}},"type":"cond-expr","locations":[{"start":{"line":341,"column":22},"end":{"line":341,"column":43}},{"start":{"line":342,"column":22},"end":{"line":342,"column":43}}],"line":340},"28":{"loc":{"start":{"line":340,"column":19},"end":{"line":340,"column":45}},"type":"binary-expr","locations":[{"start":{"line":340,"column":19},"end":{"line":340,"column":40}},{"start":{"line":340,"column":44},"end":{"line":340,"column":45}}],"line":340},"29":{"loc":{"start":{"line":346,"column":25},"end":{"line":346,"column":69}},"type":"binary-expr","locations":[{"start":{"line":346,"column":25},"end":{"line":346,"column":45}},{"start":{"line":346,"column":49},"end":{"line":346,"column":69}}],"line":346},"30":{"loc":{"start":{"line":348,"column":20},"end":{"line":350,"column":31}},"type":"cond-expr","locations":[{"start":{"line":349,"column":24},"end":{"line":349,"column":44}},{"start":{"line":350,"column":24},"end":{"line":350,"column":31}}],"line":348},"31":{"loc":{"start":{"line":355,"column":22},"end":{"line":355,"column":71}},"type":"binary-expr","locations":[{"start":{"line":355,"column":22},"end":{"line":355,"column":42}},{"start":{"line":355,"column":46},"end":{"line":355,"column":66}},{"start":{"line":355,"column":70},"end":{"line":355,"column":71}}],"line":355},"32":{"loc":{"start":{"line":361,"column":22},"end":{"line":364,"column":30}},"type":"binary-expr","locations":[{"start":{"line":361,"column":23},"end":{"line":361,"column":65}},{"start":{"line":362,"column":25},"end":{"line":364,"column":29}}],"line":361},"33":{"loc":{"start":{"line":362,"column":25},"end":{"line":364,"column":29}},"type":"cond-expr","locations":[{"start":{"line":363,"column":28},"end":{"line":363,"column":41}},{"start":{"line":364,"column":28},"end":{"line":364,"column":29}}],"line":362},"34":{"loc":{"start":{"line":362,"column":25},"end":{"line":362,"column":76}},"type":"binary-expr","locations":[{"start":{"line":362,"column":25},"end":{"line":362,"column":55}},{"start":{"line":362,"column":59},"end":{"line":362,"column":76}}],"line":362},"35":{"loc":{"start":{"line":393,"column":15},"end":{"line":393,"column":79}},"type":"cond-expr","locations":[{"start":{"line":393,"column":38},"end":{"line":393,"column":56}},{"start":{"line":393,"column":59},"end":{"line":393,"column":79}}],"line":393},"36":{"loc":{"start":{"line":394,"column":21},"end":{"line":394,"column":63}},"type":"cond-expr","locations":[{"start":{"line":394,"column":44},"end":{"line":394,"column":52}},{"start":{"line":394,"column":55},"end":{"line":394,"column":63}}],"line":394},"37":{"loc":{"start":{"line":396,"column":10},"end":{"line":396,"column":78}},"type":"cond-expr","locations":[{"start":{"line":396,"column":33},"end":{"line":396,"column":54}},{"start":{"line":396,"column":57},"end":{"line":396,"column":78}}],"line":396},"38":{"loc":{"start":{"line":460,"column":16},"end":{"line":460,"column":76}},"type":"binary-expr","locations":[{"start":{"line":460,"column":16},"end":{"line":460,"column":41}},{"start":{"line":460,"column":45},"end":{"line":460,"column":76}}],"line":460},"39":{"loc":{"start":{"line":461,"column":18},"end":{"line":474,"column":3}},"type":"cond-expr","locations":[{"start":{"line":462,"column":4},"end":{"line":462,"column":9}},{"start":{"line":463,"column":6},"end":{"line":474,"column":3}}],"line":461},"40":{"loc":{"start":{"line":463,"column":6},"end":{"line":474,"column":3}},"type":"cond-expr","locations":[{"start":{"line":464,"column":4},"end":{"line":471,"column":8}},{"start":{"line":473,"column":4},"end":{"line":473,"column":25}}],"line":463},"41":{"loc":{"start":{"line":485,"column":2},"end":{"line":485,"column":60}},"type":"if","locations":[{"start":{"line":485,"column":2},"end":{"line":485,"column":60}},{"start":{},"end":{}}],"line":485},"42":{"loc":{"start":{"line":485,"column":6},"end":{"line":485,"column":47}},"type":"binary-expr","locations":[{"start":{"line":485,"column":6},"end":{"line":485,"column":16}},{"start":{"line":485,"column":20},"end":{"line":485,"column":35}},{"start":{"line":485,"column":39},"end":{"line":485,"column":47}}],"line":485},"43":{"loc":{"start":{"line":491,"column":2},"end":{"line":491,"column":26}},"type":"if","locations":[{"start":{"line":491,"column":2},"end":{"line":491,"column":26}},{"start":{},"end":{}}],"line":491}},"s":{"0":1,"1":105,"2":105,"3":105,"4":105,"5":104,"6":104,"7":104,"8":104,"9":104,"10":104,"11":104,"12":104,"13":104,"14":104,"15":104,"16":104,"17":104,"18":104,"19":104,"20":16,"21":0,"22":16,"23":16,"24":16,"25":15,"26":15,"27":1,"28":16,"29":104,"30":15,"31":104,"32":77,"33":0,"34":77,"35":77,"36":77,"37":77,"38":73,"39":73,"40":0,"41":0,"42":0,"43":0,"44":73,"45":0,"46":73,"47":0,"48":73,"49":73,"50":73,"51":4,"52":4,"53":4,"54":77,"55":104,"56":15,"57":0,"58":15,"59":15,"60":104,"61":76,"62":76,"63":104,"64":104,"65":15,"66":0,"67":0,"68":104,"69":104,"70":104,"71":0,"72":0,"73":0,"74":104,"75":0,"76":0,"77":104,"78":104,"79":104,"80":104,"81":0,"82":0,"83":0,"84":0,"85":0,"86":0,"87":0,"88":104,"89":1,"90":1,"91":1,"92":104,"93":1,"94":1,"95":1,"96":104,"97":3,"98":3,"99":104,"100":2,"101":0,"102":2,"103":2,"104":104,"105":1,"106":0,"107":1,"108":1,"109":1,"110":1,"111":1,"112":1,"113":0,"114":1,"115":104,"116":0,"117":104,"118":0,"119":0,"120":0,"121":104,"122":1,"123":3,"124":42,"125":42,"126":42,"127":1,"128":1,"129":60,"130":60,"131":60,"132":102,"133":0,"134":102,"135":42,"136":42,"137":0,"138":42},"f":{"0":105,"1":16,"2":15,"3":77,"4":73,"5":0,"6":15,"7":76,"8":15,"9":0,"10":0,"11":0,"12":0,"13":0,"14":1,"15":1,"16":3,"17":2,"18":1,"19":0,"20":0,"21":1,"22":3,"23":42,"24":1,"25":1,"26":60,"27":102,"28":42},"b":{"0":[0,16],"1":[1,1],"2":[0],"3":[0],"4":[0,77],"5":[0,73],"6":[0,0],"7":[0,73],"8":[0,73],"9":[4,4,4],"10":[0,15],"11":[76,0],"12":[104,104,60],"13":[0,0],"14":[0,0],"15":[0,0],"16":[1,0],"17":[1,1],"18":[0,2],"19":[0,1],"20":[0,0],"21":[0,0],"22":[104,62],"23":[104,0,0],"24":[104,42,42],"25":[42,42],"26":[42,1],"27":[42,0],"28":[42,0],"29":[42,1],"30":[41,1],"31":[42,1,0],"32":[42,1],"33":[0,1],"34":[1,1],"35":[2,102],"36":[2,102],"37":[2,102],"38":[60,60],"39":[0,60],"40":[0,60],"41":[0,102],"42":[102,102,102],"43":[0,42]},"_coverageSchema":"1a1c01bbd47fc00a2c39e90264f33305004495a9","hash":"6d3659987312a497b73fb7133a0b6fea802bc965"}
,"C:\\Users\\sumit\\get-fit-malayali\\get-fit-malayali-frontend\\src\\pages\\Categories\\api.ts": {"path":"C:\\Users\\sumit\\get-fit-malayali\\get-fit-malayali-frontend\\src\\pages\\Categories\\api.ts","statementMap":{"0":{"start":{"line":17,"column":37},"end":{"line":17,"column":42}},"1":{"start":{"line":19,"column":27},"end":{"line":21,"column":1}},"2":{"start":{"line":20,"column":2},"end":{"line":20,"column":48}},"3":{"start":{"line":23,"column":18},"end":{"line":29,"column":1}},"4":{"start":{"line":24,"column":14},"end":{"line":26,"column":4}},"5":{"start":{"line":27,"column":19},"end":{"line":27,"column":37}},"6":{"start":{"line":28,"column":2},"end":{"line":28,"column":17}},"7":{"start":{"line":30,"column":33},"end":{"line":32,"column":1}},"8":{"start":{"line":31,"column":2},"end":{"line":31,"column":69}},"9":{"start":{"line":31,"column":52},"end":{"line":31,"column":68}},"10":{"start":{"line":33,"column":32},"end":{"line":44,"column":1}},"11":{"start":{"line":37,"column":30},"end":{"line":41,"column":3}},"12":{"start":{"line":42,"column":14},"end":{"line":42,"column":59}},"13":{"start":{"line":43,"column":2},"end":{"line":43,"column":21}},"14":{"start":{"line":45,"column":31},"end":{"line":47,"column":1}},"15":{"start":{"line":46,"column":2},"end":{"line":46,"column":64}},"16":{"start":{"line":48,"column":27},"end":{"line":50,"column":1}},"17":{"start":{"line":49,"column":2},"end":{"line":49,"column":49}},"18":{"start":{"line":51,"column":36},"end":{"line":53,"column":1}},"19":{"start":{"line":52,"column":2},"end":{"line":52,"column":46}},"20":{"start":{"line":55,"column":32},"end":{"line":57,"column":1}},"21":{"start":{"line":56,"column":2},"end":{"line":56,"column":49}},"22":{"start":{"line":59,"column":26},"end":{"line":64,"column":1}},"23":{"start":{"line":63,"column":2},"end":{"line":63,"column":63}},"24":{"start":{"line":66,"column":28},"end":{"line":68,"column":1}},"25":{"start":{"line":67,"column":2},"end":{"line":67,"column":60}},"26":{"start":{"line":70,"column":32},"end":{"line":72,"column":1}},"27":{"start":{"line":71,"column":2},"end":{"line":71,"column":48}},"28":{"start":{"line":74,"column":35},"end":{"line":98,"column":1}},"29":{"start":{"line":78,"column":30},"end":{"line":78,"column":50}},"30":{"start":{"line":79,"column":2},"end":{"line":97,"column":4}},"31":{"start":{"line":81,"column":6},"end":{"line":81,"column":27}},"32":{"start":{"line":82,"column":6},"end":{"line":82,"column":61}},"33":{"start":{"line":87,"column":8},"end":{"line":91,"column":13}},"34":{"start":{"line":93,"column":6},"end":{"line":95,"column":8}},"35":{"start":{"line":99,"column":32},"end":{"line":101,"column":1}},"36":{"start":{"line":100,"column":2},"end":{"line":100,"column":55}},"37":{"start":{"line":102,"column":35},"end":{"line":127,"column":1}},"38":{"start":{"line":106,"column":30},"end":{"line":106,"column":50}},"39":{"start":{"line":107,"column":2},"end":{"line":126,"column":4}},"40":{"start":{"line":109,"column":6},"end":{"line":109,"column":27}},"41":{"start":{"line":110,"column":6},"end":{"line":110,"column":61}},"42":{"start":{"line":117,"column":6},"end":{"line":124,"column":7}},"43":{"start":{"line":128,"column":24},"end":{"line":130,"column":1}},"44":{"start":{"line":129,"column":2},"end":{"line":129,"column":49}},"45":{"start":{"line":131,"column":30},"end":{"line":136,"column":1}},"46":{"start":{"line":132,"column":2},"end":{"line":135,"column":3}},"47":{"start":{"line":138,"column":35},"end":{"line":140,"column":1}},"48":{"start":{"line":139,"column":2},"end":{"line":139,"column":58}}},"fnMap":{"0":{"name":"(anonymous_0)","decl":{"start":{"line":19,"column":27},"end":{"line":19,"column":28}},"loc":{"start":{"line":19,"column":69},"end":{"line":21,"column":1}},"line":19},"1":{"name":"(anonymous_1)","decl":{"start":{"line":23,"column":18},"end":{"line":23,"column":19}},"loc":{"start":{"line":23,"column":48},"end":{"line":29,"column":1}},"line":23},"2":{"name":"(anonymous_2)","decl":{"start":{"line":30,"column":33},"end":{"line":30,"column":34}},"loc":{"start":{"line":30,"column":57},"end":{"line":32,"column":1}},"line":30},"3":{"name":"(anonymous_3)","decl":{"start":{"line":31,"column":46},"end":{"line":31,"column":47}},"loc":{"start":{"line":31,"column":52},"end":{"line":31,"column":68}},"line":31},"4":{"name":"(anonymous_4)","decl":{"start":{"line":33,"column":32},"end":{"line":33,"column":33}},"loc":{"start":{"line":36,"column":5},"end":{"line":44,"column":1}},"line":36},"5":{"name":"(anonymous_5)","decl":{"start":{"line":45,"column":31},"end":{"line":45,"column":32}},"loc":{"start":{"line":45,"column":48},"end":{"line":47,"column":1}},"line":45},"6":{"name":"(anonymous_6)","decl":{"start":{"line":48,"column":27},"end":{"line":48,"column":28}},"loc":{"start":{"line":48,"column":44},"end":{"line":50,"column":1}},"line":48},"7":{"name":"(anonymous_7)","decl":{"start":{"line":51,"column":36},"end":{"line":51,"column":37}},"loc":{"start":{"line":51,"column":52},"end":{"line":53,"column":1}},"line":51},"8":{"name":"(anonymous_8)","decl":{"start":{"line":55,"column":32},"end":{"line":55,"column":33}},"loc":{"start":{"line":55,"column":57},"end":{"line":57,"column":1}},"line":55},"9":{"name":"(anonymous_9)","decl":{"start":{"line":59,"column":26},"end":{"line":59,"column":27}},"loc":{"start":{"line":62,"column":5},"end":{"line":64,"column":1}},"line":62},"10":{"name":"(anonymous_10)","decl":{"start":{"line":66,"column":28},"end":{"line":66,"column":29}},"loc":{"start":{"line":66,"column":44},"end":{"line":68,"column":1}},"line":66},"11":{"name":"(anonymous_11)","decl":{"start":{"line":70,"column":32},"end":{"line":70,"column":33}},"loc":{"start":{"line":70,"column":48},"end":{"line":72,"column":1}},"line":70},"12":{"name":"(anonymous_12)","decl":{"start":{"line":74,"column":35},"end":{"line":74,"column":36}},"loc":{"start":{"line":77,"column":5},"end":{"line":98,"column":1}},"line":77},"13":{"name":"(anonymous_13)","decl":{"start":{"line":80,"column":15},"end":{"line":80,"column":16}},"loc":{"start":{"line":80,"column":29},"end":{"line":83,"column":5}},"line":80},"14":{"name":"(anonymous_14)","decl":{"start":{"line":85,"column":13},"end":{"line":85,"column":14}},"loc":{"start":{"line":85,"column":29},"end":{"line":96,"column":5}},"line":85},"15":{"name":"(anonymous_15)","decl":{"start":{"line":99,"column":32},"end":{"line":99,"column":33}},"loc":{"start":{"line":99,"column":55},"end":{"line":101,"column":1}},"line":99},"16":{"name":"(anonymous_16)","decl":{"start":{"line":102,"column":35},"end":{"line":102,"column":36}},"loc":{"start":{"line":105,"column":5},"end":{"line":127,"column":1}},"line":105},"17":{"name":"(anonymous_17)","decl":{"start":{"line":108,"column":15},"end":{"line":108,"column":16}},"loc":{"start":{"line":108,"column":29},"end":{"line":111,"column":5}},"line":108},"18":{"name":"(anonymous_18)","decl":{"start":{"line":113,"column":13},"end":{"line":113,"column":14}},"loc":{"start":{"line":113,"column":29},"end":{"line":125,"column":5}},"line":113},"19":{"name":"(anonymous_19)","decl":{"start":{"line":128,"column":24},"end":{"line":128,"column":25}},"loc":{"start":{"line":128,"column":30},"end":{"line":130,"column":1}},"line":128},"20":{"name":"(anonymous_20)","decl":{"start":{"line":131,"column":30},"end":{"line":131,"column":31}},"loc":{"start":{"line":131,"column":66},"end":{"line":136,"column":1}},"line":131},"21":{"name":"(anonymous_21)","decl":{"start":{"line":138,"column":35},"end":{"line":138,"column":36}},"loc":{"start":{"line":138,"column":52},"end":{"line":140,"column":1}},"line":138}},"branchMap":{"0":{"loc":{"start":{"line":35,"column":2},"end":{"line":35,"column":49}},"type":"default-arg","locations":[{"start":{"line":35,"column":23},"end":{"line":35,"column":49}}],"line":35},"1":{"loc":{"start":{"line":39,"column":10},"end":{"line":39,"column":25}},"type":"binary-expr","locations":[{"start":{"line":39,"column":10},"end":{"line":39,"column":20}},{"start":{"line":39,"column":24},"end":{"line":39,"column":25}}],"line":39},"2":{"loc":{"start":{"line":76,"column":2},"end":{"line":76,"column":52}},"type":"default-arg","locations":[{"start":{"line":76,"column":19},"end":{"line":76,"column":52}}],"line":76},"3":{"loc":{"start":{"line":87,"column":8},"end":{"line":91,"column":13}},"type":"binary-expr","locations":[{"start":{"line":87,"column":8},"end":{"line":87,"column":37}},{"start":{"line":88,"column":8},"end":{"line":88,"column":37}},{"start":{"line":89,"column":8},"end":{"line":89,"column":38}},{"start":{"line":90,"column":8},"end":{"line":90,"column":30}},{"start":{"line":91,"column":8},"end":{"line":91,"column":13}}],"line":87},"4":{"loc":{"start":{"line":104,"column":2},"end":{"line":104,"column":50}},"type":"default-arg","locations":[{"start":{"line":104,"column":19},"end":{"line":104,"column":50}}],"line":104},"5":{"loc":{"start":{"line":118,"column":8},"end":{"line":120,"column":42}},"type":"cond-expr","locations":[{"start":{"line":119,"column":12},"end":{"line":119,"column":58}},{"start":{"line":120,"column":12},"end":{"line":120,"column":42}}],"line":118}},"s":{"0":1,"1":1,"2":4,"3":1,"4":0,"5":0,"6":0,"7":1,"8":1,"9":0,"10":1,"11":4,"12":4,"13":4,"14":1,"15":0,"16":1,"17":0,"18":1,"19":5,"20":1,"21":3,"22":1,"23":0,"24":1,"25":0,"26":1,"27":2,"28":1,"29":2,"30":2,"31":0,"32":0,"33":0,"34":0,"35":1,"36":3,"37":1,"38":2,"39":2,"40":0,"41":0,"42":0,"43":1,"44":0,"45":1,"46":0,"47":1,"48":0},"f":{"0":4,"1":0,"2":1,"3":0,"4":4,"5":0,"6":0,"7":5,"8":3,"9":0,"10":0,"11":2,"12":2,"13":0,"14":0,"15":3,"16":2,"17":0,"18":0,"19":0,"20":0,"21":0},"b":{"0":[2],"1":[4,0],"2":[0],"3":[0,0,0,0,0],"4":[0],"5":[0,0]},"_coverageSchema":"1a1c01bbd47fc00a2c39e90264f33305004495a9","hash":"61698f76ec93f48c3a63d2fe6c65e23fd8d6e0d1"}
,"C:\\Users\\sumit\\get-fit-malayali\\get-fit-malayali-frontend\\src\\pages\\Categories\\columns.tsx": {"path":"C:\\Users\\sumit\\get-fit-malayali\\get-fit-malayali-frontend\\src\\pages\\Categories\\columns.tsx","statementMap":{"0":{"start":{"line":3,"column":27},"end":{"line":7,"column":1}},"1":{"start":{"line":9,"column":21},"end":{"line":14,"column":1}},"2":{"start":{"line":10,"column":2},"end":{"line":10,"column":23}},"3":{"start":{"line":10,"column":14},"end":{"line":10,"column":23}},"4":{"start":{"line":11,"column":18},"end":{"line":11,"column":30}},"5":{"start":{"line":12,"column":2},"end":{"line":12,"column":45}},"6":{"start":{"line":12,"column":31},"end":{"line":12,"column":45}},"7":{"start":{"line":13,"column":2},"end":{"line":13,"column":45}},"8":{"start":{"line":15,"column":18},"end":{"line":20,"column":11}},"9":{"start":{"line":16,"column":2},"end":{"line":20,"column":11}},"10":{"start":{"line":22,"column":26},"end":{"line":135,"column":1}},"11":{"start":{"line":29,"column":17},"end":{"line":132,"column":3}},"12":{"start":{"line":52,"column":22},"end":{"line":52,"column":74}},"13":{"start":{"line":53,"column":20},"end":{"line":53,"column":58}},"14":{"start":{"line":54,"column":26},"end":{"line":56,"column":14}},"15":{"start":{"line":57,"column":29},"end":{"line":57,"column":56}},"16":{"start":{"line":59,"column":8},"end":{"line":72,"column":9}},"17":{"start":{"line":60,"column":10},"end":{"line":71,"column":11}},"18":{"start":{"line":64,"column":31},"end":{"line":64,"column":62}},"19":{"start":{"line":74,"column":8},"end":{"line":77,"column":9}},"20":{"start":{"line":83,"column":26},"end":{"line":83,"column":57}},"21":{"start":{"line":91,"column":20},"end":{"line":91,"column":57}},"22":{"start":{"line":92,"column":21},"end":{"line":92,"column":55}},"23":{"start":{"line":93,"column":22},"end":{"line":93,"column":37}},"24":{"start":{"line":94,"column":24},"end":{"line":94,"column":48}},"25":{"start":{"line":95,"column":8},"end":{"line":104,"column":9}},"26":{"start":{"line":134,"column":2},"end":{"line":134,"column":15}}},"fnMap":{"0":{"name":"(anonymous_0)","decl":{"start":{"line":9,"column":21},"end":{"line":9,"column":22}},"loc":{"start":{"line":9,"column":53},"end":{"line":14,"column":1}},"line":9},"1":{"name":"(anonymous_1)","decl":{"start":{"line":15,"column":18},"end":{"line":15,"column":19}},"loc":{"start":{"line":16,"column":2},"end":{"line":20,"column":11}},"line":16},"2":{"name":"(anonymous_2)","decl":{"start":{"line":22,"column":26},"end":{"line":22,"column":27}},"loc":{"start":{"line":28,"column":6},"end":{"line":135,"column":1}},"line":28},"3":{"name":"(anonymous_3)","decl":{"start":{"line":51,"column":18},"end":{"line":51,"column":19}},"loc":{"start":{"line":51,"column":32},"end":{"line":78,"column":7}},"line":51},"4":{"name":"(anonymous_4)","decl":{"start":{"line":64,"column":25},"end":{"line":64,"column":26}},"loc":{"start":{"line":64,"column":31},"end":{"line":64,"column":62}},"line":64},"5":{"name":"(anonymous_5)","decl":{"start":{"line":83,"column":12},"end":{"line":83,"column":13}},"loc":{"start":{"line":83,"column":26},"end":{"line":83,"column":57}},"line":83},"6":{"name":"(anonymous_6)","decl":{"start":{"line":90,"column":18},"end":{"line":90,"column":19}},"loc":{"start":{"line":90,"column":32},"end":{"line":105,"column":7}},"line":90}},"branchMap":{"0":{"loc":{"start":{"line":9,"column":38},"end":{"line":9,"column":48}},"type":"default-arg","locations":[{"start":{"line":9,"column":46},"end":{"line":9,"column":48}}],"line":9},"1":{"loc":{"start":{"line":10,"column":2},"end":{"line":10,"column":23}},"type":"if","locations":[{"start":{"line":10,"column":2},"end":{"line":10,"column":23}},{"start":{},"end":{}}],"line":10},"2":{"loc":{"start":{"line":12,"column":2},"end":{"line":12,"column":45}},"type":"if","locations":[{"start":{"line":12,"column":2},"end":{"line":12,"column":45}},{"start":{},"end":{}}],"line":12},"3":{"loc":{"start":{"line":16,"column":3},"end":{"line":16,"column":14}},"type":"binary-expr","locations":[{"start":{"line":16,"column":3},"end":{"line":16,"column":8}},{"start":{"line":16,"column":12},"end":{"line":16,"column":14}}],"line":16},"4":{"loc":{"start":{"line":24,"column":2},"end":{"line":24,"column":25}},"type":"default-arg","locations":[{"start":{"line":24,"column":20},"end":{"line":24,"column":25}}],"line":24},"5":{"loc":{"start":{"line":53,"column":20},"end":{"line":53,"column":58}},"type":"cond-expr","locations":[{"start":{"line":53,"column":48},"end":{"line":53,"column":53}},{"start":{"line":53,"column":56},"end":{"line":53,"column":58}}],"line":53},"6":{"loc":{"start":{"line":54,"column":26},"end":{"line":56,"column":14}},"type":"cond-expr","locations":[{"start":{"line":55,"column":12},"end":{"line":55,"column":68}},{"start":{"line":56,"column":12},"end":{"line":56,"column":14}}],"line":54},"7":{"loc":{"start":{"line":59,"column":8},"end":{"line":72,"column":9}},"type":"if","locations":[{"start":{"line":59,"column":8},"end":{"line":72,"column":9}},{"start":{},"end":{}}],"line":59},"8":{"loc":{"start":{"line":59,"column":12},"end":{"line":59,"column":43}},"type":"binary-expr","locations":[{"start":{"line":59,"column":12},"end":{"line":59,"column":28}},{"start":{"line":59,"column":32},"end":{"line":59,"column":43}}],"line":59},"9":{"loc":{"start":{"line":64,"column":31},"end":{"line":64,"column":62}},"type":"binary-expr","locations":[{"start":{"line":64,"column":31},"end":{"line":64,"column":42}},{"start":{"line":64,"column":46},"end":{"line":64,"column":62}}],"line":64},"10":{"loc":{"start":{"line":80,"column":12},"end":{"line":80,"column":45}},"type":"binary-expr","locations":[{"start":{"line":80,"column":12},"end":{"line":80,"column":28}},{"start":{"line":80,"column":32},"end":{"line":80,"column":45}}],"line":80},"11":{"loc":{"start":{"line":82,"column":8},"end":{"line":84,"column":21}},"type":"cond-expr","locations":[{"start":{"line":83,"column":12},"end":{"line":83,"column":57}},{"start":{"line":84,"column":12},"end":{"line":84,"column":21}}],"line":82},"12":{"loc":{"start":{"line":82,"column":8},"end":{"line":82,"column":39}},"type":"binary-expr","locations":[{"start":{"line":82,"column":8},"end":{"line":82,"column":24}},{"start":{"line":82,"column":28},"end":{"line":82,"column":39}}],"line":82},"13":{"loc":{"start":{"line":83,"column":26},"end":{"line":83,"column":57}},"type":"binary-expr","locations":[{"start":{"line":83,"column":26},"end":{"line":83,"column":37}},{"start":{"line":83,"column":41},"end":{"line":83,"column":57}}],"line":83},"14":{"loc":{"start":{"line":92,"column":21},"end":{"line":92,"column":55}},"type":"cond-expr","locations":[{"start":{"line":92,"column":47},"end":{"line":92,"column":50}},{"start":{"line":92,"column":53},"end":{"line":92,"column":55}}],"line":92}},"s":{"0":1,"1":1,"2":23,"3":6,"4":17,"5":17,"6":14,"7":3,"8":1,"9":11,"10":1,"11":30,"12":12,"13":12,"14":12,"15":12,"16":12,"17":1,"18":0,"19":11,"20":0,"21":11,"22":11,"23":11,"24":11,"25":11,"26":30},"f":{"0":23,"1":11,"2":30,"3":12,"4":0,"5":0,"6":11},"b":{"0":[0],"1":[6,17],"2":[14,3],"3":[11,3],"4":[27],"5":[10,2],"6":[9,3],"7":[1,11],"8":[12,11],"9":[0,0],"10":[30,27],"11":[3,27],"12":[30,27],"13":[0,0],"14":[9,2]},"_coverageSchema":"1a1c01bbd47fc00a2c39e90264f33305004495a9","hash":"3a85e5ca36361ffbd7550d50c3d5967fcfdd6aa6"}
,"C:\\Users\\sumit\\get-fit-malayali\\get-fit-malayali-frontend\\src\\pages\\Categories\\index.tsx": {"path":"C:\\Users\\sumit\\get-fit-malayali\\get-fit-malayali-frontend\\src\\pages\\Categories\\index.tsx","statementMap":{"0":{"start":{"line":28,"column":19},"end":{"line":28,"column":32}},"1":{"start":{"line":29,"column":19},"end":{"line":29,"column":32}},"2":{"start":{"line":30,"column":30},"end":{"line":30,"column":50}},"3":{"start":{"line":31,"column":19},"end":{"line":31,"column":73}},"4":{"start":{"line":31,"column":39},"end":{"line":31,"column":72}},"5":{"start":{"line":32,"column":25},"end":{"line":32,"column":52}},"6":{"start":{"line":33,"column":32},"end":{"line":33,"column":60}},"7":{"start":{"line":34,"column":38},"end":{"line":34,"column":53}},"8":{"start":{"line":35,"column":34},"end":{"line":35,"column":49}},"9":{"start":{"line":36,"column":26},"end":{"line":36,"column":41}},"10":{"start":{"line":37,"column":32},"end":{"line":37,"column":47}},"11":{"start":{"line":38,"column":52},"end":{"line":38,"column":67}},"12":{"start":{"line":39,"column":44},"end":{"line":39,"column":59}},"13":{"start":{"line":40,"column":46},"end":{"line":40,"column":65}},"14":{"start":{"line":41,"column":54},"end":{"line":41,"column":69}},"15":{"start":{"line":42,"column":48},"end":{"line":42,"column":63}},"16":{"start":{"line":43,"column":48},"end":{"line":43,"column":67}},"17":{"start":{"line":45,"column":17},"end":{"line":45,"column":28}},"18":{"start":{"line":47,"column":40},"end":{"line":47,"column":65}},"19":{"start":{"line":48,"column":56},"end":{"line":48,"column":66}},"20":{"start":{"line":49,"column":30},"end":{"line":49,"column":52}},"21":{"start":{"line":50,"column":2},"end":{"line":52,"column":3}},"22":{"start":{"line":51,"column":4},"end":{"line":51,"column":32}},"23":{"start":{"line":53,"column":23},"end":{"line":59,"column":3}},"24":{"start":{"line":61,"column":40},"end":{"line":61,"column":71}},"25":{"start":{"line":62,"column":2},"end":{"line":67,"column":8}},"26":{"start":{"line":63,"column":4},"end":{"line":65,"column":5}},"27":{"start":{"line":64,"column":6},"end":{"line":64,"column":59}},"28":{"start":{"line":68,"column":2},"end":{"line":80,"column":31}},"29":{"start":{"line":69,"column":23},"end":{"line":69,"column":46}},"30":{"start":{"line":70,"column":4},"end":{"line":78,"column":5}},"31":{"start":{"line":71,"column":6},"end":{"line":75,"column":7}},"32":{"start":{"line":72,"column":8},"end":{"line":72,"column":58}},"33":{"start":{"line":73,"column":13},"end":{"line":75,"column":7}},"34":{"start":{"line":74,"column":8},"end":{"line":74,"column":49}},"35":{"start":{"line":76,"column":11},"end":{"line":78,"column":5}},"36":{"start":{"line":77,"column":6},"end":{"line":77,"column":47}},"37":{"start":{"line":81,"column":23},"end":{"line":86,"column":3}},"38":{"start":{"line":82,"column":4},"end":{"line":85,"column":6}},"39":{"start":{"line":87,"column":30},"end":{"line":93,"column":3}},"40":{"start":{"line":88,"column":4},"end":{"line":92,"column":6}},"41":{"start":{"line":94,"column":23},"end":{"line":102,"column":3}},"42":{"start":{"line":95,"column":4},"end":{"line":95,"column":26}},"43":{"start":{"line":96,"column":4},"end":{"line":101,"column":5}},"44":{"start":{"line":97,"column":19},"end":{"line":97,"column":62}},"45":{"start":{"line":98,"column":6},"end":{"line":98,"column":48}},"46":{"start":{"line":99,"column":6},"end":{"line":99,"column":23}},"47":{"start":{"line":100,"column":6},"end":{"line":100,"column":25}},"48":{"start":{"line":104,"column":23},"end":{"line":121,"column":3}},"49":{"start":{"line":105,"column":4},"end":{"line":105,"column":28}},"50":{"start":{"line":105,"column":22},"end":{"line":105,"column":28}},"51":{"start":{"line":106,"column":4},"end":{"line":120,"column":5}},"52":{"start":{"line":107,"column":6},"end":{"line":107,"column":30}},"53":{"start":{"line":108,"column":6},"end":{"line":108,"column":48}},"54":{"start":{"line":109,"column":6},"end":{"line":109,"column":78}},"55":{"start":{"line":110,"column":6},"end":{"line":110,"column":34}},"56":{"start":{"line":111,"column":6},"end":{"line":111,"column":30}},"57":{"start":{"line":112,"column":6},"end":{"line":112,"column":15}},"58":{"start":{"line":114,"column":6},"end":{"line":117,"column":7}},"59":{"start":{"line":119,"column":6},"end":{"line":119,"column":31}},"60":{"start":{"line":122,"column":2},"end":{"line":129,"column":22}},"61":{"start":{"line":123,"column":4},"end":{"line":128,"column":5}},"62":{"start":{"line":125,"column":35},"end":{"line":125,"column":69}},"63":{"start":{"line":130,"column":2},"end":{"line":140,"column":40}},"64":{"start":{"line":131,"column":4},"end":{"line":138,"column":6}},"65":{"start":{"line":149,"column":21},"end":{"line":157,"column":3}},"66":{"start":{"line":150,"column":4},"end":{"line":156,"column":5}},"67":{"start":{"line":151,"column":19},"end":{"line":151,"column":66}},"68":{"start":{"line":152,"column":6},"end":{"line":152,"column":49}},"69":{"start":{"line":153,"column":6},"end":{"line":153,"column":25}},"70":{"start":{"line":154,"column":6},"end":{"line":154,"column":24}},"71":{"start":{"line":155,"column":6},"end":{"line":155,"column":19}},"72":{"start":{"line":159,"column":22},"end":{"line":168,"column":3}},"73":{"start":{"line":160,"column":4},"end":{"line":160,"column":24}},"74":{"start":{"line":161,"column":4},"end":{"line":161,"column":22}},"75":{"start":{"line":162,"column":4},"end":{"line":162,"column":18}},"76":{"start":{"line":163,"column":4},"end":{"line":167,"column":5}},"77":{"start":{"line":164,"column":6},"end":{"line":164,"column":29}},"78":{"start":{"line":165,"column":6},"end":{"line":165,"column":33}},"79":{"start":{"line":166,"column":6},"end":{"line":166,"column":27}},"80":{"start":{"line":170,"column":24},"end":{"line":172,"column":3}},"81":{"start":{"line":171,"column":4},"end":{"line":171,"column":13}},"82":{"start":{"line":173,"column":20},"end":{"line":176,"column":3}},"83":{"start":{"line":177,"column":21},"end":{"line":181,"column":3}},"84":{"start":{"line":178,"column":4},"end":{"line":178,"column":30}},"85":{"start":{"line":178,"column":24},"end":{"line":178,"column":30}},"86":{"start":{"line":179,"column":4},"end":{"line":179,"column":23}},"87":{"start":{"line":180,"column":4},"end":{"line":180,"column":18}},"88":{"start":{"line":182,"column":22},"end":{"line":184,"column":3}},"89":{"start":{"line":185,"column":21},"end":{"line":201,"column":3}},"90":{"start":{"line":186,"column":4},"end":{"line":194,"column":5}},"91":{"start":{"line":187,"column":6},"end":{"line":192,"column":8}},"92":{"start":{"line":193,"column":6},"end":{"line":193,"column":12}},"93":{"start":{"line":195,"column":4},"end":{"line":200,"column":6}},"94":{"start":{"line":203,"column":2},"end":{"line":329,"column":3}},"95":{"start":{"line":233,"column":16},"end":{"line":233,"column":70}},"96":{"start":{"line":234,"column":16},"end":{"line":234,"column":64}},"97":{"start":{"line":234,"column":36},"end":{"line":234,"column":64}},"98":{"start":{"line":235,"column":26},"end":{"line":235,"column":58}},"99":{"start":{"line":235,"column":43},"end":{"line":235,"column":52}},"100":{"start":{"line":236,"column":16},"end":{"line":236,"column":36}},"101":{"start":{"line":238,"column":30},"end":{"line":238,"column":39}},"102":{"start":{"line":271,"column":41},"end":{"line":271,"column":75}},"103":{"start":{"line":277,"column":41},"end":{"line":277,"column":56}},"104":{"start":{"line":284,"column":26},"end":{"line":284,"column":49}},"105":{"start":{"line":285,"column":26},"end":{"line":285,"column":53}},"106":{"start":{"line":299,"column":14},"end":{"line":302,"column":15}},"107":{"start":{"line":300,"column":16},"end":{"line":300,"column":44}},"108":{"start":{"line":301,"column":16},"end":{"line":301,"column":40}},"109":{"start":{"line":304,"column":29},"end":{"line":304,"column":77}}},"fnMap":{"0":{"name":"CategoriesMain","decl":{"start":{"line":27,"column":24},"end":{"line":27,"column":38}},"loc":{"start":{"line":27,"column":41},"end":{"line":330,"column":1}},"line":27},"1":{"name":"(anonymous_1)","decl":{"start":{"line":31,"column":32},"end":{"line":31,"column":33}},"loc":{"start":{"line":31,"column":39},"end":{"line":31,"column":72}},"line":31},"2":{"name":"(anonymous_2)","decl":{"start":{"line":62,"column":12},"end":{"line":62,"column":13}},"loc":{"start":{"line":62,"column":18},"end":{"line":67,"column":3}},"line":62},"3":{"name":"(anonymous_3)","decl":{"start":{"line":68,"column":12},"end":{"line":68,"column":13}},"loc":{"start":{"line":68,"column":18},"end":{"line":80,"column":3}},"line":68},"4":{"name":"(anonymous_4)","decl":{"start":{"line":81,"column":23},"end":{"line":81,"column":24}},"loc":{"start":{"line":81,"column":40},"end":{"line":86,"column":3}},"line":81},"5":{"name":"(anonymous_5)","decl":{"start":{"line":87,"column":30},"end":{"line":87,"column":31}},"loc":{"start":{"line":87,"column":58},"end":{"line":93,"column":3}},"line":87},"6":{"name":"(anonymous_6)","decl":{"start":{"line":94,"column":23},"end":{"line":94,"column":24}},"loc":{"start":{"line":94,"column":43},"end":{"line":102,"column":3}},"line":94},"7":{"name":"(anonymous_7)","decl":{"start":{"line":104,"column":23},"end":{"line":104,"column":24}},"loc":{"start":{"line":104,"column":47},"end":{"line":121,"column":3}},"line":104},"8":{"name":"(anonymous_8)","decl":{"start":{"line":122,"column":12},"end":{"line":122,"column":13}},"loc":{"start":{"line":122,"column":18},"end":{"line":129,"column":3}},"line":122},"9":{"name":"(anonymous_9)","decl":{"start":{"line":125,"column":21},"end":{"line":125,"column":22}},"loc":{"start":{"line":125,"column":35},"end":{"line":125,"column":69}},"line":125},"10":{"name":"(anonymous_10)","decl":{"start":{"line":130,"column":12},"end":{"line":130,"column":13}},"loc":{"start":{"line":130,"column":18},"end":{"line":140,"column":3}},"line":130},"11":{"name":"(anonymous_11)","decl":{"start":{"line":149,"column":21},"end":{"line":149,"column":22}},"loc":{"start":{"line":149,"column":45},"end":{"line":157,"column":3}},"line":149},"12":{"name":"(anonymous_12)","decl":{"start":{"line":159,"column":22},"end":{"line":159,"column":23}},"loc":{"start":{"line":159,"column":28},"end":{"line":168,"column":3}},"line":159},"13":{"name":"(anonymous_13)","decl":{"start":{"line":170,"column":24},"end":{"line":170,"column":25}},"loc":{"start":{"line":170,"column":30},"end":{"line":172,"column":3}},"line":170},"14":{"name":"(anonymous_14)","decl":{"start":{"line":177,"column":21},"end":{"line":177,"column":22}},"loc":{"start":{"line":177,"column":27},"end":{"line":181,"column":3}},"line":177},"15":{"name":"(anonymous_15)","decl":{"start":{"line":185,"column":21},"end":{"line":185,"column":22}},"loc":{"start":{"line":185,"column":64},"end":{"line":201,"column":3}},"line":185},"16":{"name":"(anonymous_16)","decl":{"start":{"line":232,"column":30},"end":{"line":232,"column":31}},"loc":{"start":{"line":232,"column":39},"end":{"line":237,"column":15}},"line":232},"17":{"name":"(anonymous_17)","decl":{"start":{"line":235,"column":37},"end":{"line":235,"column":38}},"loc":{"start":{"line":235,"column":43},"end":{"line":235,"column":52}},"line":235},"18":{"name":"(anonymous_18)","decl":{"start":{"line":238,"column":24},"end":{"line":238,"column":25}},"loc":{"start":{"line":238,"column":30},"end":{"line":238,"column":39}},"line":238},"19":{"name":"(anonymous_19)","decl":{"start":{"line":271,"column":32},"end":{"line":271,"column":33}},"loc":{"start":{"line":271,"column":41},"end":{"line":271,"column":75}},"line":271},"20":{"name":"(anonymous_20)","decl":{"start":{"line":277,"column":32},"end":{"line":277,"column":33}},"loc":{"start":{"line":277,"column":41},"end":{"line":277,"column":56}},"line":277},"21":{"name":"(anonymous_21)","decl":{"start":{"line":283,"column":32},"end":{"line":283,"column":33}},"loc":{"start":{"line":283,"column":41},"end":{"line":286,"column":25}},"line":283},"22":{"name":"(anonymous_22)","decl":{"start":{"line":298,"column":21},"end":{"line":298,"column":22}},"loc":{"start":{"line":298,"column":27},"end":{"line":303,"column":13}},"line":298},"23":{"name":"(anonymous_23)","decl":{"start":{"line":304,"column":23},"end":{"line":304,"column":24}},"loc":{"start":{"line":304,"column":29},"end":{"line":304,"column":77}},"line":304}},"branchMap":{"0":{"loc":{"start":{"line":49,"column":36},"end":{"line":49,"column":49}},"type":"binary-expr","locations":[{"start":{"line":49,"column":36},"end":{"line":49,"column":43}},{"start":{"line":49,"column":47},"end":{"line":49,"column":49}}],"line":49},"1":{"loc":{"start":{"line":50,"column":2},"end":{"line":52,"column":3}},"type":"if","locations":[{"start":{"line":50,"column":2},"end":{"line":52,"column":3}},{"start":{},"end":{}}],"line":50},"2":{"loc":{"start":{"line":50,"column":6},"end":{"line":50,"column":74}},"type":"binary-expr","locations":[{"start":{"line":50,"column":6},"end":{"line":50,"column":37}},{"start":{"line":50,"column":41},"end":{"line":50,"column":74}}],"line":50},"3":{"loc":{"start":{"line":57,"column":8},"end":{"line":57,"column":36}},"type":"cond-expr","locations":[{"start":{"line":57,"column":19},"end":{"line":57,"column":31}},{"start":{"line":57,"column":34},"end":{"line":57,"column":36}}],"line":57},"4":{"loc":{"start":{"line":63,"column":4},"end":{"line":65,"column":5}},"type":"if","locations":[{"start":{"line":63,"column":4},"end":{"line":65,"column":5}},{"start":{},"end":{}}],"line":63},"5":{"loc":{"start":{"line":70,"column":4},"end":{"line":78,"column":5}},"type":"if","locations":[{"start":{"line":70,"column":4},"end":{"line":78,"column":5}},{"start":{"line":76,"column":11},"end":{"line":78,"column":5}}],"line":70},"6":{"loc":{"start":{"line":70,"column":8},"end":{"line":70,"column":56}},"type":"binary-expr","locations":[{"start":{"line":70,"column":8},"end":{"line":70,"column":38}},{"start":{"line":70,"column":42},"end":{"line":70,"column":56}}],"line":70},"7":{"loc":{"start":{"line":71,"column":6},"end":{"line":75,"column":7}},"type":"if","locations":[{"start":{"line":71,"column":6},"end":{"line":75,"column":7}},{"start":{"line":73,"column":13},"end":{"line":75,"column":7}}],"line":71},"8":{"loc":{"start":{"line":71,"column":11},"end":{"line":71,"column":32}},"type":"binary-expr","locations":[{"start":{"line":71,"column":11},"end":{"line":71,"column":27}},{"start":{"line":71,"column":31},"end":{"line":71,"column":32}}],"line":71},"9":{"loc":{"start":{"line":73,"column":13},"end":{"line":75,"column":7}},"type":"if","locations":[{"start":{"line":73,"column":13},"end":{"line":75,"column":7}},{"start":{},"end":{}}],"line":73},"10":{"loc":{"start":{"line":73,"column":18},"end":{"line":73,"column":39}},"type":"binary-expr","locations":[{"start":{"line":73,"column":18},"end":{"line":73,"column":34}},{"start":{"line":73,"column":38},"end":{"line":73,"column":39}}],"line":73},"11":{"loc":{"start":{"line":76,"column":11},"end":{"line":78,"column":5}},"type":"if","locations":[{"start":{"line":76,"column":11},"end":{"line":78,"column":5}},{"start":{},"end":{}}],"line":76},"12":{"loc":{"start":{"line":76,"column":16},"end":{"line":76,"column":37}},"type":"binary-expr","locations":[{"start":{"line":76,"column":16},"end":{"line":76,"column":32}},{"start":{"line":76,"column":36},"end":{"line":76,"column":37}}],"line":76},"13":{"loc":{"start":{"line":96,"column":4},"end":{"line":101,"column":5}},"type":"if","locations":[{"start":{"line":96,"column":4},"end":{"line":101,"column":5}},{"start":{},"end":{}}],"line":96},"14":{"loc":{"start":{"line":98,"column":17},"end":{"line":98,"column":47}},"type":"binary-expr","locations":[{"start":{"line":98,"column":17},"end":{"line":98,"column":39}},{"start":{"line":98,"column":43},"end":{"line":98,"column":47}}],"line":98},"15":{"loc":{"start":{"line":105,"column":4},"end":{"line":105,"column":28}},"type":"if","locations":[{"start":{"line":105,"column":4},"end":{"line":105,"column":28}},{"start":{},"end":{}}],"line":105},"16":{"loc":{"start":{"line":115,"column":8},"end":{"line":115,"column":67}},"type":"binary-expr","locations":[{"start":{"line":115,"column":8},"end":{"line":115,"column":36}},{"start":{"line":115,"column":40},"end":{"line":115,"column":67}}],"line":115},"17":{"loc":{"start":{"line":150,"column":4},"end":{"line":156,"column":5}},"type":"if","locations":[{"start":{"line":150,"column":4},"end":{"line":156,"column":5}},{"start":{},"end":{}}],"line":150},"18":{"loc":{"start":{"line":152,"column":17},"end":{"line":152,"column":48}},"type":"binary-expr","locations":[{"start":{"line":152,"column":17},"end":{"line":152,"column":40}},{"start":{"line":152,"column":44},"end":{"line":152,"column":48}}],"line":152},"19":{"loc":{"start":{"line":163,"column":4},"end":{"line":167,"column":5}},"type":"if","locations":[{"start":{"line":163,"column":4},"end":{"line":167,"column":5}},{"start":{},"end":{}}],"line":163},"20":{"loc":{"start":{"line":163,"column":8},"end":{"line":163,"column":42}},"type":"binary-expr","locations":[{"start":{"line":163,"column":8},"end":{"line":163,"column":21}},{"start":{"line":163,"column":25},"end":{"line":163,"column":42}}],"line":163},"21":{"loc":{"start":{"line":178,"column":4},"end":{"line":178,"column":30}},"type":"if","locations":[{"start":{"line":178,"column":4},"end":{"line":178,"column":30}},{"start":{},"end":{}}],"line":178},"22":{"loc":{"start":{"line":186,"column":4},"end":{"line":194,"column":5}},"type":"if","locations":[{"start":{"line":186,"column":4},"end":{"line":194,"column":5}},{"start":{},"end":{}}],"line":186},"23":{"loc":{"start":{"line":186,"column":8},"end":{"line":186,"column":39}},"type":"binary-expr","locations":[{"start":{"line":186,"column":8},"end":{"line":186,"column":20}},{"start":{"line":186,"column":24},"end":{"line":186,"column":39}}],"line":186},"24":{"loc":{"start":{"line":205,"column":7},"end":{"line":327,"column":7}},"type":"cond-expr","locations":[{"start":{"line":206,"column":8},"end":{"line":208,"column":14}},{"start":{"line":210,"column":8},"end":{"line":326,"column":11}}],"line":205},"25":{"loc":{"start":{"line":213,"column":27},"end":{"line":213,"column":67}},"type":"cond-expr","locations":[{"start":{"line":213,"column":45},"end":{"line":213,"column":55}},{"start":{"line":213,"column":58},"end":{"line":213,"column":67}}],"line":213},"26":{"loc":{"start":{"line":214,"column":25},"end":{"line":214,"column":66}},"type":"cond-expr","locations":[{"start":{"line":214,"column":43},"end":{"line":214,"column":54}},{"start":{"line":214,"column":57},"end":{"line":214,"column":66}}],"line":214},"27":{"loc":{"start":{"line":216,"column":14},"end":{"line":216,"column":71}},"type":"binary-expr","locations":[{"start":{"line":216,"column":14},"end":{"line":216,"column":29}},{"start":{"line":216,"column":33},"end":{"line":216,"column":71}}],"line":216},"28":{"loc":{"start":{"line":221,"column":20},"end":{"line":221,"column":42}},"type":"binary-expr","locations":[{"start":{"line":221,"column":20},"end":{"line":221,"column":36}},{"start":{"line":221,"column":40},"end":{"line":221,"column":42}}],"line":221},"29":{"loc":{"start":{"line":225,"column":16},"end":{"line":227,"column":41}},"type":"cond-expr","locations":[{"start":{"line":226,"column":20},"end":{"line":226,"column":41}},{"start":{"line":227,"column":20},"end":{"line":227,"column":41}}],"line":225},"30":{"loc":{"start":{"line":225,"column":17},"end":{"line":225,"column":46}},"type":"binary-expr","locations":[{"start":{"line":225,"column":17},"end":{"line":225,"column":41}},{"start":{"line":225,"column":45},"end":{"line":225,"column":46}}],"line":225},"31":{"loc":{"start":{"line":231,"column":27},"end":{"line":231,"column":51}},"type":"binary-expr","locations":[{"start":{"line":231,"column":27},"end":{"line":231,"column":45}},{"start":{"line":231,"column":49},"end":{"line":231,"column":51}}],"line":231},"32":{"loc":{"start":{"line":234,"column":16},"end":{"line":234,"column":64}},"type":"if","locations":[{"start":{"line":234,"column":16},"end":{"line":234,"column":64}},{"start":{},"end":{}}],"line":234},"33":{"loc":{"start":{"line":249,"column":23},"end":{"line":249,"column":51}},"type":"binary-expr","locations":[{"start":{"line":249,"column":23},"end":{"line":249,"column":46}},{"start":{"line":249,"column":50},"end":{"line":249,"column":51}}],"line":249},"34":{"loc":{"start":{"line":251,"column":18},"end":{"line":253,"column":45}},"type":"cond-expr","locations":[{"start":{"line":252,"column":23},"end":{"line":252,"column":57}},{"start":{"line":253,"column":23},"end":{"line":253,"column":44}}],"line":251},"35":{"loc":{"start":{"line":253,"column":23},"end":{"line":253,"column":44}},"type":"binary-expr","locations":[{"start":{"line":253,"column":23},"end":{"line":253,"column":39}},{"start":{"line":253,"column":43},"end":{"line":253,"column":44}}],"line":253},"36":{"loc":{"start":{"line":254,"column":36},"end":{"line":254,"column":62}},"type":"binary-expr","locations":[{"start":{"line":254,"column":36},"end":{"line":254,"column":56}},{"start":{"line":254,"column":60},"end":{"line":254,"column":62}}],"line":254},"37":{"loc":{"start":{"line":259,"column":21},"end":{"line":259,"column":62}},"type":"binary-expr","locations":[{"start":{"line":259,"column":21},"end":{"line":259,"column":57}},{"start":{"line":259,"column":61},"end":{"line":259,"column":62}}],"line":259},"38":{"loc":{"start":{"line":259,"column":28},"end":{"line":259,"column":56}},"type":"binary-expr","locations":[{"start":{"line":259,"column":28},"end":{"line":259,"column":51}},{"start":{"line":259,"column":55},"end":{"line":259,"column":56}}],"line":259},"39":{"loc":{"start":{"line":260,"column":29},"end":{"line":260,"column":55}},"type":"binary-expr","locations":[{"start":{"line":260,"column":29},"end":{"line":260,"column":49}},{"start":{"line":260,"column":53},"end":{"line":260,"column":55}}],"line":260},"40":{"loc":{"start":{"line":266,"column":16},"end":{"line":290,"column":21}},"type":"cond-expr","locations":[{"start":{"line":267,"column":20},"end":{"line":267,"column":22}},{"start":{"line":268,"column":20},"end":{"line":290,"column":21}}],"line":266},"41":{"loc":{"start":{"line":299,"column":14},"end":{"line":302,"column":15}},"type":"if","locations":[{"start":{"line":299,"column":14},"end":{"line":302,"column":15}},{"start":{},"end":{}}],"line":299},"42":{"loc":{"start":{"line":304,"column":29},"end":{"line":304,"column":77}},"type":"binary-expr","locations":[{"start":{"line":304,"column":29},"end":{"line":304,"column":44}},{"start":{"line":304,"column":48},"end":{"line":304,"column":77}}],"line":304}},"s":{"0":43,"1":43,"2":43,"3":43,"4":2,"5":43,"6":43,"7":43,"8":43,"9":43,"10":43,"11":43,"12":43,"13":43,"14":43,"15":43,"16":43,"17":43,"18":43,"19":43,"20":43,"21":43,"22":0,"23":43,"24":43,"25":43,"26":15,"27":0,"28":43,"29":15,"30":15,"31":13,"32":0,"33":13,"34":0,"35":2,"36":0,"37":43,"38":1,"39":43,"40":1,"41":43,"42":0,"43":0,"44":0,"45":0,"46":0,"47":0,"48":43,"49":2,"50":0,"51":2,"52":2,"53":2,"54":1,"55":1,"56":1,"57":1,"58":1,"59":2,"60":43,"61":15,"62":0,"63":43,"64":16,"65":43,"66":1,"67":1,"68":1,"69":1,"70":1,"71":1,"72":43,"73":1,"74":1,"75":1,"76":1,"77":0,"78":0,"79":0,"80":43,"81":1,"82":43,"83":43,"84":3,"85":0,"86":3,"87":3,"88":43,"89":43,"90":1,"91":0,"92":0,"93":1,"94":43,"95":1,"96":1,"97":0,"98":1,"99":0,"100":1,"101":0,"102":1,"103":1,"104":2,"105":2,"106":0,"107":0,"108":0,"109":2},"f":{"0":43,"1":2,"2":15,"3":15,"4":1,"5":1,"6":0,"7":2,"8":15,"9":0,"10":16,"11":1,"12":1,"13":1,"14":3,"15":1,"16":1,"17":0,"18":0,"19":1,"20":1,"21":2,"22":0,"23":2},"b":{"0":[43,0],"1":[0,43],"2":[43,43],"3":[0,43],"4":[0,15],"5":[13,2],"6":[15,15],"7":[0,13],"8":[13,0],"9":[0,13],"10":[13,0],"11":[0,2],"12":[2,0],"13":[0,0],"14":[0,0],"15":[0,2],"16":[1,0],"17":[1,0],"18":[1,0],"19":[0,1],"20":[1,0],"21":[0,3],"22":[0,1],"23":[1,1],"24":[0,43],"25":[41,2],"26":[41,2],"27":[43,41],"28":[43,0],"29":[4,39],"30":[43,0],"31":[43,43],"32":[0,1],"33":[43,0],"34":[43,0],"35":[0,0],"36":[43,0],"37":[43,4],"38":[43,0],"39":[43,0],"40":[2,41],"41":[0,0],"42":[2,2]},"_coverageSchema":"1a1c01bbd47fc00a2c39e90264f33305004495a9","hash":"7bec0b4ff59decec1412d54394f347f01d3b24a2"}
,"C:\\Users\\sumit\\get-fit-malayali\\get-fit-malayali-frontend\\src\\pages\\Categories\\create\\index.tsx": {"path":"C:\\Users\\sumit\\get-fit-malayali\\get-fit-malayali-frontend\\src\\pages\\Categories\\create\\index.tsx","statementMap":{"0":{"start":{"line":43,"column":20},"end":{"line":57,"column":4}},"1":{"start":{"line":49,"column":8},"end":{"line":57,"column":3}},"2":{"start":{"line":58,"column":27},"end":{"line":72,"column":3}},"3":{"start":{"line":80,"column":30},"end":{"line":86,"column":3}},"4":{"start":{"line":81,"column":4},"end":{"line":84,"column":13}},"5":{"start":{"line":85,"column":4},"end":{"line":85,"column":17}},"6":{"start":{"line":88,"column":27},"end":{"line":96,"column":3}},"7":{"start":{"line":89,"column":4},"end":{"line":92,"column":13}},"8":{"start":{"line":94,"column":4},"end":{"line":94,"column":21}},"9":{"start":{"line":95,"column":4},"end":{"line":95,"column":25}},"10":{"start":{"line":97,"column":26},"end":{"line":100,"column":3}},"11":{"start":{"line":98,"column":4},"end":{"line":98,"column":23}},"12":{"start":{"line":98,"column":14},"end":{"line":98,"column":23}},"13":{"start":{"line":99,"column":4},"end":{"line":99,"column":67}},"14":{"start":{"line":101,"column":2},"end":{"line":108,"column":45}},"15":{"start":{"line":102,"column":4},"end":{"line":107,"column":5}},"16":{"start":{"line":103,"column":6},"end":{"line":106,"column":15}},"17":{"start":{"line":109,"column":20},"end":{"line":111,"column":3}},"18":{"start":{"line":110,"column":4},"end":{"line":110,"column":22}},"19":{"start":{"line":112,"column":44},"end":{"line":112,"column":74}},"20":{"start":{"line":114,"column":4},"end":{"line":114,"column":34}},"21":{"start":{"line":116,"column":18},"end":{"line":120,"column":4}},"22":{"start":{"line":121,"column":27},"end":{"line":121,"column":34}},"23":{"start":{"line":123,"column":19},"end":{"line":136,"column":3}},"24":{"start":{"line":124,"column":20},"end":{"line":129,"column":5}},"25":{"start":{"line":131,"column":4},"end":{"line":135,"column":5}},"26":{"start":{"line":132,"column":6},"end":{"line":132,"column":55}},"27":{"start":{"line":134,"column":6},"end":{"line":134,"column":21}},"28":{"start":{"line":138,"column":25},"end":{"line":141,"column":3}},"29":{"start":{"line":143,"column":26},"end":{"line":152,"column":3}},"30":{"start":{"line":154,"column":27},"end":{"line":158,"column":3}},"31":{"start":{"line":155,"column":4},"end":{"line":155,"column":24}},"32":{"start":{"line":156,"column":4},"end":{"line":156,"column":19}},"33":{"start":{"line":157,"column":4},"end":{"line":157,"column":32}},"34":{"start":{"line":160,"column":2},"end":{"line":200,"column":3}},"35":{"start":{"line":164,"column":23},"end":{"line":164,"column":44}},"36":{"start":{"line":175,"column":63},"end":{"line":175,"column":77}},"37":{"start":{"line":177,"column":31},"end":{"line":177,"column":52}}},"fnMap":{"0":{"name":"CreateAdmin","decl":{"start":{"line":32,"column":24},"end":{"line":32,"column":35}},"loc":{"start":{"line":42,"column":10},"end":{"line":201,"column":1}},"line":42},"1":{"name":"(anonymous_1)","decl":{"start":{"line":43,"column":20},"end":{"line":43,"column":21}},"loc":{"start":{"line":49,"column":8},"end":{"line":57,"column":3}},"line":49},"2":{"name":"(anonymous_2)","decl":{"start":{"line":80,"column":30},"end":{"line":80,"column":31}},"loc":{"start":{"line":80,"column":36},"end":{"line":86,"column":3}},"line":80},"3":{"name":"(anonymous_3)","decl":{"start":{"line":88,"column":27},"end":{"line":88,"column":28}},"loc":{"start":{"line":88,"column":33},"end":{"line":96,"column":3}},"line":88},"4":{"name":"(anonymous_4)","decl":{"start":{"line":97,"column":26},"end":{"line":97,"column":27}},"loc":{"start":{"line":97,"column":44},"end":{"line":100,"column":3}},"line":97},"5":{"name":"(anonymous_5)","decl":{"start":{"line":101,"column":12},"end":{"line":101,"column":13}},"loc":{"start":{"line":101,"column":18},"end":{"line":108,"column":3}},"line":101},"6":{"name":"(anonymous_6)","decl":{"start":{"line":109,"column":20},"end":{"line":109,"column":21}},"loc":{"start":{"line":109,"column":26},"end":{"line":111,"column":3}},"line":109},"7":{"name":"(anonymous_7)","decl":{"start":{"line":123,"column":19},"end":{"line":123,"column":20}},"loc":{"start":{"line":123,"column":48},"end":{"line":136,"column":3}},"line":123},"8":{"name":"(anonymous_8)","decl":{"start":{"line":154,"column":27},"end":{"line":154,"column":28}},"loc":{"start":{"line":154,"column":33},"end":{"line":158,"column":3}},"line":154},"9":{"name":"(anonymous_9)","decl":{"start":{"line":164,"column":17},"end":{"line":164,"column":18}},"loc":{"start":{"line":164,"column":23},"end":{"line":164,"column":44}},"line":164},"10":{"name":"(anonymous_10)","decl":{"start":{"line":175,"column":53},"end":{"line":175,"column":54}},"loc":{"start":{"line":175,"column":63},"end":{"line":175,"column":77}},"line":175},"11":{"name":"(anonymous_11)","decl":{"start":{"line":177,"column":25},"end":{"line":177,"column":26}},"loc":{"start":{"line":177,"column":31},"end":{"line":177,"column":52}},"line":177}},"branchMap":{"0":{"loc":{"start":{"line":47,"column":4},"end":{"line":47,"column":20}},"type":"default-arg","locations":[{"start":{"line":47,"column":15},"end":{"line":47,"column":20}}],"line":47},"1":{"loc":{"start":{"line":48,"column":4},"end":{"line":48,"column":20}},"type":"default-arg","locations":[{"start":{"line":48,"column":15},"end":{"line":48,"column":20}}],"line":48},"2":{"loc":{"start":{"line":55,"column":8},"end":{"line":55,"column":42}},"type":"cond-expr","locations":[{"start":{"line":55,"column":19},"end":{"line":55,"column":37}},{"start":{"line":55,"column":40},"end":{"line":55,"column":42}}],"line":55},"3":{"loc":{"start":{"line":56,"column":8},"end":{"line":56,"column":42}},"type":"cond-expr","locations":[{"start":{"line":56,"column":19},"end":{"line":56,"column":37}},{"start":{"line":56,"column":40},"end":{"line":56,"column":42}}],"line":56},"4":{"loc":{"start":{"line":98,"column":4},"end":{"line":98,"column":23}},"type":"if","locations":[{"start":{"line":98,"column":4},"end":{"line":98,"column":23}},{"start":{},"end":{}}],"line":98},"5":{"loc":{"start":{"line":102,"column":4},"end":{"line":107,"column":5}},"type":"if","locations":[{"start":{"line":102,"column":4},"end":{"line":107,"column":5}},{"start":{},"end":{}}],"line":102},"6":{"loc":{"start":{"line":102,"column":8},"end":{"line":102,"column":52}},"type":"binary-expr","locations":[{"start":{"line":102,"column":8},"end":{"line":102,"column":20}},{"start":{"line":102,"column":24},"end":{"line":102,"column":28}},{"start":{"line":102,"column":32},"end":{"line":102,"column":41}},{"start":{"line":102,"column":45},"end":{"line":102,"column":52}}],"line":102},"7":{"loc":{"start":{"line":104,"column":14},"end":{"line":104,"column":50}},"type":"binary-expr","locations":[{"start":{"line":104,"column":14},"end":{"line":104,"column":44}},{"start":{"line":104,"column":48},"end":{"line":104,"column":50}}],"line":104},"8":{"loc":{"start":{"line":105,"column":21},"end":{"line":105,"column":47}},"type":"binary-expr","locations":[{"start":{"line":105,"column":21},"end":{"line":105,"column":41}},{"start":{"line":105,"column":45},"end":{"line":105,"column":47}}],"line":105},"9":{"loc":{"start":{"line":126,"column":14},"end":{"line":126,"column":33}},"type":"binary-expr","locations":[{"start":{"line":126,"column":14},"end":{"line":126,"column":27}},{"start":{"line":126,"column":31},"end":{"line":126,"column":33}}],"line":126},"10":{"loc":{"start":{"line":127,"column":21},"end":{"line":127,"column":47}},"type":"binary-expr","locations":[{"start":{"line":127,"column":21},"end":{"line":127,"column":41}},{"start":{"line":127,"column":45},"end":{"line":127,"column":47}}],"line":127},"11":{"loc":{"start":{"line":131,"column":4},"end":{"line":135,"column":5}},"type":"if","locations":[{"start":{"line":131,"column":4},"end":{"line":135,"column":5}},{"start":{"line":133,"column":11},"end":{"line":135,"column":5}}],"line":131},"12":{"loc":{"start":{"line":139,"column":11},"end":{"line":139,"column":46}},"type":"binary-expr","locations":[{"start":{"line":139,"column":11},"end":{"line":139,"column":24}},{"start":{"line":139,"column":28},"end":{"line":139,"column":46}}],"line":139},"13":{"loc":{"start":{"line":140,"column":14},"end":{"line":140,"column":59}},"type":"cond-expr","locations":[{"start":{"line":140,"column":37},"end":{"line":140,"column":47}},{"start":{"line":140,"column":50},"end":{"line":140,"column":59}}],"line":140},"14":{"loc":{"start":{"line":146,"column":13},"end":{"line":146,"column":33}},"type":"binary-expr","locations":[{"start":{"line":146,"column":13},"end":{"line":146,"column":26}},{"start":{"line":146,"column":30},"end":{"line":146,"column":33}}],"line":146},"15":{"loc":{"start":{"line":150,"column":13},"end":{"line":150,"column":40}},"type":"binary-expr","locations":[{"start":{"line":150,"column":13},"end":{"line":150,"column":33}},{"start":{"line":150,"column":37},"end":{"line":150,"column":40}}],"line":150},"16":{"loc":{"start":{"line":166,"column":10},"end":{"line":170,"column":33}},"type":"cond-expr","locations":[{"start":{"line":167,"column":14},"end":{"line":167,"column":29}},{"start":{"line":168,"column":14},"end":{"line":170,"column":33}}],"line":166},"17":{"loc":{"start":{"line":168,"column":14},"end":{"line":170,"column":33}},"type":"cond-expr","locations":[{"start":{"line":169,"column":16},"end":{"line":169,"column":34}},{"start":{"line":170,"column":16},"end":{"line":170,"column":33}}],"line":168},"18":{"loc":{"start":{"line":172,"column":21},"end":{"line":172,"column":47}},"type":"cond-expr","locations":[{"start":{"line":172,"column":32},"end":{"line":172,"column":38}},{"start":{"line":172,"column":41},"end":{"line":172,"column":47}}],"line":172},"19":{"loc":{"start":{"line":173,"column":22},"end":{"line":173,"column":46}},"type":"binary-expr","locations":[{"start":{"line":173,"column":22},"end":{"line":173,"column":32}},{"start":{"line":173,"column":36},"end":{"line":173,"column":46}}],"line":173},"20":{"loc":{"start":{"line":175,"column":10},"end":{"line":175,"column":78}},"type":"cond-expr","locations":[{"start":{"line":175,"column":21},"end":{"line":175,"column":37}},{"start":{"line":175,"column":40},"end":{"line":175,"column":78}}],"line":175},"21":{"loc":{"start":{"line":182,"column":13},"end":{"line":195,"column":13}},"type":"cond-expr","locations":[{"start":{"line":183,"column":14},"end":{"line":189,"column":17}},{"start":{"line":191,"column":14},"end":{"line":194,"column":16}}],"line":182}},"s":{"0":38,"1":38,"2":38,"3":38,"4":1,"5":1,"6":38,"7":0,"8":0,"9":0,"10":38,"11":3,"12":0,"13":3,"14":38,"15":17,"16":3,"17":38,"18":0,"19":38,"20":38,"21":38,"22":38,"23":38,"24":2,"25":2,"26":1,"27":1,"28":38,"29":38,"30":38,"31":0,"32":0,"33":0,"34":38,"35":1,"36":2,"37":0},"f":{"0":38,"1":38,"2":1,"3":0,"4":3,"5":17,"6":0,"7":2,"8":0,"9":1,"10":2,"11":0},"b":{"0":[0],"1":[38],"2":[38,0],"3":[0,38],"4":[0,3],"5":[3,14],"6":[17,16,3,3],"7":[3,0],"8":[3,1],"9":[2,1],"10":[2,1],"11":[1,1],"12":[38,25],"13":[8,30],"14":[38,25],"15":[38,30],"16":[9,29],"17":[4,25],"18":[4,34],"19":[38,36],"20":[4,34],"21":[34,4]},"_coverageSchema":"1a1c01bbd47fc00a2c39e90264f33305004495a9","hash":"81a68f52ec98e647b9f2f1444c586bc57a397a1b"}
,"C:\\Users\\sumit\\get-fit-malayali\\get-fit-malayali-frontend\\src\\pages\\Categories\\create\\schema.ts": {"path":"C:\\Users\\sumit\\get-fit-malayali\\get-fit-malayali-frontend\\src\\pages\\Categories\\create\\schema.ts","statementMap":{"0":{"start":{"line":6,"column":2},"end":{"line":6,"column":194}},"1":{"start":{"line":8,"column":26},"end":{"line":18,"column":2}},"2":{"start":{"line":20,"column":36},"end":{"line":39,"column":2}}},"fnMap":{},"branchMap":{},"s":{"0":1,"1":1,"2":1},"f":{},"b":{},"_coverageSchema":"1a1c01bbd47fc00a2c39e90264f33305004495a9","hash":"5dcb7d69c978bf239858aed229c10e1989b6f217"}
}
