TN:
SF:src\App.tsx
FN:21,(anonymous_0)
FN:37,(anonymous_1)
FN:47,(anonymous_2)
FN:48,(anonymous_3)
FN:56,(anonymous_4)
FN:64,(anonymous_5)
FN:65,(anonymous_6)
FN:72,(anonymous_7)
FN:79,(anonymous_8)
FN:81,(anonymous_9)
FN:104,(anonymous_10)
FN:110,(anonymous_11)
FN:111,(anonymous_12)
FN:127,(anonymous_13)
FN:133,(anonymous_14)
FN:134,(anonymous_15)
FN:166,(anonymous_16)
FN:171,(anonymous_17)
FN:177,(anonymous_18)
FNF:19
FNH:0
FNDA:0,(anonymous_0)
FNDA:0,(anonymous_1)
FNDA:0,(anonymous_2)
FNDA:0,(anonymous_3)
FNDA:0,(anonymous_4)
FNDA:0,(anonymous_5)
FNDA:0,(anonymous_6)
FNDA:0,(anonymous_7)
FNDA:0,(anonymous_8)
FNDA:0,(anonymous_9)
FNDA:0,(anonymous_10)
FNDA:0,(anonymous_11)
FNDA:0,(anonymous_12)
FNDA:0,(anonymous_13)
FNDA:0,(anonymous_14)
FNDA:0,(anonymous_15)
FNDA:0,(anonymous_16)
FNDA:0,(anonymous_17)
FNDA:0,(anonymous_18)
DA:21,0
DA:22,0
DA:24,0
DA:25,0
DA:26,0
DA:27,0
DA:37,0
DA:38,0
DA:39,0
DA:40,0
DA:41,0
DA:43,0
DA:47,0
DA:48,0
DA:49,0
DA:50,0
DA:51,0
DA:54,0
DA:56,0
DA:57,0
DA:64,0
DA:65,0
DA:66,0
DA:67,0
DA:70,0
DA:72,0
DA:73,0
DA:79,0
DA:80,0
DA:81,0
DA:88,0
DA:90,0
DA:94,0
DA:95,0
DA:96,0
DA:98,0
DA:100,0
DA:104,0
DA:105,0
DA:110,0
DA:111,0
DA:113,0
DA:114,0
DA:115,0
DA:117,0
DA:121,0
DA:126,0
DA:127,0
DA:128,0
DA:133,0
DA:134,0
DA:135,0
DA:136,0
DA:138,0
DA:142,0
DA:144,0
DA:145,0
DA:147,0
DA:148,0
DA:149,0
DA:150,0
DA:151,0
DA:153,0
DA:158,0
DA:160,0
DA:162,0
DA:165,0
DA:166,0
DA:167,0
DA:171,0
DA:172,0
DA:173,0
DA:177,0
DA:179,0
DA:180,0
DA:182,0
DA:185,0
DA:189,0
DA:190,0
DA:204,0
LF:80
LH:0
BRDA:38,0,0,0
BRDA:38,0,1,0
BRDA:40,1,0,0
BRDA:40,1,1,0
BRDA:88,2,0,0
BRDA:88,2,1,0
BRDA:90,3,0,0
BRDA:90,3,1,0
BRDA:94,4,0,0
BRDA:94,4,1,0
BRDA:94,4,2,0
BRDA:96,5,0,0
BRDA:96,5,1,0
BRDA:96,6,0,0
BRDA:96,6,1,0
BRDA:96,6,2,0
BRDA:100,7,0,0
BRDA:100,7,1,0
BRDA:105,8,0,0
BRDA:105,8,1,0
BRDA:117,9,0,0
BRDA:117,9,1,0
BRDA:117,9,2,0
BRDA:117,9,3,0
BRDA:136,10,0,0
BRDA:136,10,1,0
BRDA:138,11,0,0
BRDA:138,11,1,0
BRDA:142,12,0,0
BRDA:142,12,1,0
BRDA:147,13,0,0
BRDA:147,13,1,0
BRDA:147,13,2,0
BRDA:149,14,0,0
BRDA:149,14,1,0
BRDA:149,15,0,0
BRDA:149,15,1,0
BRDA:153,16,0,0
BRDA:153,16,1,0
BRDA:153,16,2,0
BRDA:153,16,3,0
BRDA:153,16,4,0
BRDA:172,17,0,0
BRDA:172,17,1,0
BRDA:172,18,0,0
BRDA:172,18,1,0
BRDA:180,19,0,0
BRDA:180,19,1,0
BRDA:205,20,0,0
BRDA:205,20,1,0
BRF:50
BRH:0
end_of_record
TN:
SF:src\config.ts
FNF:0
FNH:0
DA:1,0
DA:2,0
DA:3,0
DA:4,0
DA:5,0
DA:7,0
LF:6
LH:0
BRF:0
BRH:0
end_of_record
TN:
SF:src\index.tsx
FN:13,(anonymous_0)
FN:15,(anonymous_1)
FN:31,(anonymous_2)
FN:36,(anonymous_3)
FN:45,(anonymous_4)
FN:56,(anonymous_5)
FN:67,(anonymous_6)
FNF:7
FNH:0
FNDA:0,(anonymous_0)
FNDA:0,(anonymous_1)
FNDA:0,(anonymous_2)
FNDA:0,(anonymous_3)
FNDA:0,(anonymous_4)
FNDA:0,(anonymous_5)
FNDA:0,(anonymous_6)
DA:13,0
DA:14,0
DA:16,0
DA:17,0
DA:19,0
DA:23,0
DA:30,0
DA:31,0
DA:32,0
DA:33,0
DA:36,0
DA:37,0
DA:38,0
DA:45,0
DA:46,0
DA:54,0
DA:57,0
DA:58,0
DA:59,0
DA:65,0
DA:68,0
DA:69,0
DA:70,0
DA:76,0
DA:77,0
DA:91,0
DA:114,0
LF:27
LH:0
BRDA:17,0,0,0
BRDA:17,0,1,0
BRDA:24,1,0,0
BRDA:24,1,1,0
BRDA:32,2,0,0
BRDA:32,2,1,0
BRDA:37,3,0,0
BRDA:37,3,1,0
BRDA:39,4,0,0
BRDA:39,4,1,0
BRDA:47,5,0,0
BRDA:47,5,1,0
BRDA:47,5,2,0
BRDA:47,5,3,0
BRDA:57,6,0,0
BRDA:57,6,1,0
BRDA:68,7,0,0
BRDA:68,7,1,0
BRF:18
BRH:0
end_of_record
TN:
SF:src\reportWebVitals.ts
FN:3,(anonymous_0)
FN:5,(anonymous_1)
FNF:2
FNH:0
FNDA:0,(anonymous_0)
FNDA:0,(anonymous_1)
DA:3,0
DA:4,0
DA:5,0
DA:6,0
DA:7,0
DA:8,0
DA:9,0
DA:10,0
LF:8
LH:0
BRDA:4,0,0,0
BRDA:4,0,1,0
BRDA:4,1,0,0
BRDA:4,1,1,0
BRF:4
BRH:0
end_of_record
TN:
SF:src\websocket.tsx
FN:10,(anonymous_0)
FN:15,(anonymous_1)
FN:16,(anonymous_2)
FN:19,(anonymous_3)
FN:28,(anonymous_4)
FN:33,(anonymous_5)
FN:39,(anonymous_6)
FN:47,(anonymous_7)
FN:52,(anonymous_8)
FNF:9
FNH:0
FNDA:0,(anonymous_0)
FNDA:0,(anonymous_1)
FNDA:0,(anonymous_2)
FNDA:0,(anonymous_3)
FNDA:0,(anonymous_4)
FNDA:0,(anonymous_5)
FNDA:0,(anonymous_6)
FNDA:0,(anonymous_7)
FNDA:0,(anonymous_8)
DA:10,0
DA:11,0
DA:12,0
DA:13,0
DA:15,0
DA:16,0
DA:17,0
DA:18,0
DA:19,0
DA:24,0
DA:28,0
DA:29,0
DA:33,0
DA:34,0
DA:35,0
DA:36,0
DA:39,0
DA:40,0
DA:42,0
DA:48,0
DA:52,0
LF:21
LH:0
BRDA:18,0,0,0
BRDA:18,0,1,0
BRDA:44,1,0,0
BRDA:44,1,1,0
BRF:4
BRH:0
end_of_record
TN:
SF:src\apis\api.helpers.ts
FN:4,(anonymous_0)
FN:5,(anonymous_1)
FN:7,(anonymous_2)
FN:12,(anonymous_3)
FN:14,(anonymous_4)
FN:15,(anonymous_5)
FN:17,(anonymous_6)
FN:18,(anonymous_7)
FN:20,(anonymous_8)
FN:24,(anonymous_9)
FN:28,(anonymous_10)
FN:33,(anonymous_11)
FN:34,(anonymous_12)
FN:35,(anonymous_13)
FN:36,(anonymous_14)
FN:38,(anonymous_15)
FN:39,(anonymous_16)
FN:42,(anonymous_17)
FN:43,(anonymous_18)
FNF:19
FNH:0
FNDA:0,(anonymous_0)
FNDA:0,(anonymous_1)
FNDA:0,(anonymous_2)
FNDA:0,(anonymous_3)
FNDA:0,(anonymous_4)
FNDA:0,(anonymous_5)
FNDA:0,(anonymous_6)
FNDA:0,(anonymous_7)
FNDA:0,(anonymous_8)
FNDA:0,(anonymous_9)
FNDA:0,(anonymous_10)
FNDA:0,(anonymous_11)
FNDA:0,(anonymous_12)
FNDA:0,(anonymous_13)
FNDA:0,(anonymous_14)
FNDA:0,(anonymous_15)
FNDA:0,(anonymous_16)
FNDA:0,(anonymous_17)
FNDA:0,(anonymous_18)
DA:4,0
DA:5,0
DA:7,0
DA:8,0
DA:12,0
DA:14,0
DA:15,0
DA:17,0
DA:18,0
DA:20,0
DA:21,0
DA:24,0
DA:25,0
DA:28,0
DA:29,0
DA:33,0
DA:34,0
DA:35,0
DA:36,0
DA:38,0
DA:39,0
DA:42,0
DA:43,0
LF:23
LH:0
BRF:0
BRH:0
end_of_record
TN:
SF:src\apis\api.url.ts
FNF:0
FNH:0
DA:1,0
DA:2,0
DA:3,0
DA:4,0
DA:5,0
DA:6,0
DA:7,0
DA:8,0
DA:9,0
DA:10,0
DA:11,0
DA:12,0
DA:13,0
DA:14,0
DA:15,0
DA:16,0
DA:17,0
DA:18,0
DA:19,0
DA:20,0
DA:21,0
DA:22,0
DA:24,0
DA:25,0
DA:26,0
DA:27,0
DA:28,0
DA:29,0
DA:30,0
DA:31,0
DA:32,0
DA:33,0
DA:35,0
DA:36,0
DA:37,0
DA:38,0
DA:39,0
DA:40,0
DA:41,0
DA:42,0
LF:40
LH:0
BRF:0
BRH:0
end_of_record
TN:
SF:src\apis\common.apis.ts
FN:8,(anonymous_0)
FN:12,(anonymous_1)
FN:14,(anonymous_2)
FN:21,(anonymous_3)
FNF:4
FNH:0
FNDA:0,(anonymous_0)
FNDA:0,(anonymous_1)
FNDA:0,(anonymous_2)
FNDA:0,(anonymous_3)
DA:8,0
DA:9,0
DA:12,0
DA:14,0
DA:15,0
DA:21,0
DA:22,0
LF:7
LH:0
BRF:0
BRH:0
end_of_record
TN:
SF:src\apis\core.ts
FN:10,(anonymous_0)
FN:34,(anonymous_1)
FN:41,(anonymous_2)
FN:48,(anonymous_3)
FN:53,(anonymous_4)
FN:58,(anonymous_5)
FN:62,(anonymous_6)
FN:70,(anonymous_7)
FN:71,(anonymous_8)
FN:85,(anonymous_9)
FN:137,(anonymous_10)
FN:163,(anonymous_11)
FNF:12
FNH:0
FNDA:0,(anonymous_0)
FNDA:0,(anonymous_1)
FNDA:0,(anonymous_2)
FNDA:0,(anonymous_3)
FNDA:0,(anonymous_4)
FNDA:0,(anonymous_5)
FNDA:0,(anonymous_6)
FNDA:0,(anonymous_7)
FNDA:0,(anonymous_8)
FNDA:0,(anonymous_9)
FNDA:0,(anonymous_10)
FNDA:0,(anonymous_11)
DA:10,0
DA:11,0
DA:12,0
DA:14,0
DA:16,0
DA:18,0
DA:20,0
DA:23,0
DA:26,0
DA:34,0
DA:36,0
DA:37,0
DA:41,0
DA:42,0
DA:45,0
DA:48,0
DA:49,0
DA:50,0
DA:51,0
DA:53,0
DA:54,0
DA:55,0
DA:58,0
DA:59,0
DA:60,0
DA:62,0
DA:63,0
DA:66,0
DA:69,0
DA:70,0
DA:72,0
DA:74,0
DA:75,0
DA:77,0
DA:78,0
DA:80,0
DA:82,0
DA:83,0
DA:84,0
DA:85,0
DA:86,0
DA:89,0
DA:91,0
DA:92,0
DA:95,0
DA:96,0
DA:99,0
DA:101,0
DA:136,0
DA:138,0
DA:140,0
DA:141,0
DA:142,0
DA:143,0
DA:145,0
DA:146,0
DA:148,0
DA:150,0
DA:151,0
DA:152,0
DA:154,0
DA:155,0
DA:157,0
DA:158,0
DA:161,0
DA:163,0
LF:66
LH:0
BRDA:12,0,0,0
BRDA:12,0,1,0
BRDA:12,0,2,0
BRDA:12,0,3,0
BRDA:36,1,0,0
BRDA:36,1,1,0
BRDA:72,2,0,0
BRDA:72,2,1,0
BRDA:72,3,0,0
BRDA:72,3,1,0
BRDA:74,4,0,0
BRDA:74,4,1,0
BRDA:77,5,0,0
BRDA:77,5,1,0
BRDA:77,5,2,0
BRDA:82,6,0,0
BRDA:82,6,1,0
BRDA:82,7,0,0
BRDA:82,7,1,0
BRDA:84,8,0,0
BRDA:84,8,1,0
BRDA:91,9,0,0
BRDA:91,9,1,0
BRDA:91,10,0,0
BRDA:91,10,1,0
BRDA:95,11,0,0
BRDA:95,11,1,0
BRDA:95,12,0,0
BRDA:95,12,1,0
BRDA:143,13,0,0
BRDA:143,13,1,0
BRDA:145,14,0,0
BRDA:145,14,1,0
BRDA:150,15,0,0
BRDA:150,15,1,0
BRDA:154,16,0,0
BRDA:154,16,1,0
BRDA:157,17,0,0
BRDA:157,17,1,0
BRF:39
BRH:0
end_of_record
TN:
SF:src\apis\hooks\useFetch.tsx
FN:4,(anonymous_0)
FN:13,(anonymous_1)
FN:14,(anonymous_2)
FN:15,(anonymous_3)
FN:16,(anonymous_4)
FNF:5
FNH:0
FNDA:0,(anonymous_0)
FNDA:0,(anonymous_1)
FNDA:0,(anonymous_2)
FNDA:0,(anonymous_3)
FNDA:0,(anonymous_4)
DA:4,0
DA:5,0
DA:6,0
DA:7,0
DA:8,0
DA:9,0
DA:10,0
DA:11,0
DA:12,0
DA:13,0
DA:14,0
DA:15,0
DA:16,0
DA:17,0
DA:18,0
DA:19,0
DA:20,0
DA:21,0
DA:22,0
DA:24,0
DA:25,0
DA:27,0
DA:30,0
DA:33,0
LF:24
LH:0
BRDA:4,0,0,0
BRDA:4,1,0,0
BRDA:17,2,0,0
BRDA:17,2,1,0
BRF:4
BRH:0
end_of_record
TN:
SF:src\common\types.ts
FNF:0
FNH:0
LF:0
LH:0
BRF:0
BRH:0
end_of_record
TN:
SF:src\components\app\CustomeChildTable\index.tsx
FN:18,(anonymous_0)
FN:30,(anonymous_1)
FN:61,(anonymous_2)
FN:64,(anonymous_3)
FN:68,(anonymous_4)
FN:76,(anonymous_5)
FN:79,(anonymous_6)
FN:105,(anonymous_7)
FN:116,(anonymous_8)
FN:122,(anonymous_9)
FN:142,(anonymous_10)
FNF:11
FNH:0
FNDA:0,(anonymous_0)
FNDA:0,(anonymous_1)
FNDA:0,(anonymous_2)
FNDA:0,(anonymous_3)
FNDA:0,(anonymous_4)
FNDA:0,(anonymous_5)
FNDA:0,(anonymous_6)
FNDA:0,(anonymous_7)
FNDA:0,(anonymous_8)
FNDA:0,(anonymous_9)
FNDA:0,(anonymous_10)
DA:18,0
DA:25,0
DA:26,0
DA:27,0
DA:29,0
DA:30,0
DA:31,0
DA:32,0
DA:33,0
DA:35,0
DA:36,0
DA:37,0
DA:38,0
DA:39,0
DA:40,0
DA:42,0
DA:43,0
DA:45,0
DA:48,0
DA:49,0
DA:51,0
DA:52,0
DA:54,0
DA:58,0
DA:61,0
DA:62,0
DA:64,0
DA:65,0
DA:66,0
DA:67,0
DA:68,0
DA:69,0
DA:70,0
DA:74,0
DA:76,0
DA:77,0
DA:78,0
DA:79,0
DA:80,0
DA:81,0
DA:85,0
DA:88,0
DA:106,0
DA:116,0
DA:122,0
DA:142,0
LF:46
LH:0
BRDA:32,0,0,0
BRDA:32,0,1,0
BRDA:32,1,0,0
BRDA:32,1,1,0
BRDA:35,2,0,0
BRDA:35,2,1,0
BRDA:36,3,0,0
BRDA:36,3,1,0
BRDA:37,4,0,0
BRDA:37,4,1,0
BRDA:38,5,0,0
BRDA:38,5,1,0
BRDA:42,6,0,0
BRDA:42,6,1,0
BRDA:51,7,0,0
BRDA:51,7,1,0
BRDA:62,8,0,0
BRDA:62,8,1,0
BRDA:67,9,0,0
BRDA:67,9,1,0
BRDA:67,10,0,0
BRDA:67,10,1,0
BRDA:69,11,0,0
BRDA:69,11,1,0
BRDA:78,12,0,0
BRDA:78,12,1,0
BRDA:78,13,0,0
BRDA:78,13,1,0
BRDA:80,14,0,0
BRDA:80,14,1,0
BRDA:104,15,0,0
BRDA:104,15,1,0
BRDA:114,16,0,0
BRDA:114,16,1,0
BRDA:114,17,0,0
BRDA:114,17,1,0
BRDA:130,18,0,0
BRDA:130,18,1,0
BRDA:130,19,0,0
BRDA:130,19,1,0
BRDA:140,20,0,0
BRDA:140,20,1,0
BRDA:140,21,0,0
BRDA:140,21,1,0
BRDA:150,22,0,0
BRDA:150,22,1,0
BRDA:153,23,0,0
BRDA:153,23,1,0
BRF:48
BRH:0
end_of_record
TN:
SF:src\components\app\Details\formCard.tsx
FN:76,(anonymous_0)
FN:94,(anonymous_1)
FN:106,(anonymous_2)
FN:117,(anonymous_3)
FN:177,(anonymous_4)
FN:208,(anonymous_5)
FN:276,(anonymous_6)
FNF:7
FNH:0
FNDA:0,(anonymous_0)
FNDA:0,(anonymous_1)
FNDA:0,(anonymous_2)
FNDA:0,(anonymous_3)
FNDA:0,(anonymous_4)
FNDA:0,(anonymous_5)
FNDA:0,(anonymous_6)
DA:9,0
DA:76,0
DA:94,0
DA:95,0
DA:96,0
DA:97,0
DA:98,0
DA:100,0
DA:101,0
DA:104,0
DA:105,0
DA:106,0
DA:108,0
DA:111,0
DA:115,0
DA:118,0
DA:177,0
DA:208,0
DA:277,0
LF:19
LH:0
BRDA:96,0,0,0
BRDA:96,0,1,0
BRDA:101,1,0,0
BRDA:101,1,1,0
BRDA:108,2,0,0
BRDA:108,2,1,0
BRDA:108,2,2,0
BRDA:111,3,0,0
BRDA:111,3,1,0
BRDA:121,4,0,0
BRDA:121,4,1,0
BRDA:123,5,0,0
BRDA:123,5,1,0
BRDA:127,6,0,0
BRDA:127,6,1,0
BRDA:127,6,2,0
BRDA:127,6,3,0
BRDA:131,7,0,0
BRDA:131,7,1,0
BRDA:136,8,0,0
BRDA:136,8,1,0
BRDA:142,9,0,0
BRDA:142,9,1,0
BRDA:143,10,0,0
BRDA:143,10,1,0
BRDA:143,11,0,0
BRDA:143,11,1,0
BRDA:145,12,0,0
BRDA:145,12,1,0
BRDA:145,13,0,0
BRDA:145,13,1,0
BRDA:166,14,0,0
BRDA:166,14,1,0
BRDA:166,15,0,0
BRDA:166,15,1,0
BRDA:169,16,0,0
BRDA:169,16,1,0
BRDA:171,17,0,0
BRDA:171,17,1,0
BRDA:185,18,0,0
BRDA:185,18,1,0
BRDA:217,19,0,0
BRDA:217,19,1,0
BRDA:220,20,0,0
BRDA:220,20,1,0
BRDA:239,21,0,0
BRDA:239,21,1,0
BRDA:240,22,0,0
BRDA:240,22,1,0
BRDA:249,23,0,0
BRDA:249,23,1,0
BRDA:267,24,0,0
BRDA:267,24,1,0
BRDA:268,25,0,0
BRDA:268,25,1,0
BRDA:278,26,0,0
BRDA:278,26,1,0
BRDA:282,27,0,0
BRDA:282,27,1,0
BRDA:288,28,0,0
BRDA:288,28,1,0
BRDA:293,29,0,0
BRDA:293,29,1,0
BRDA:295,30,0,0
BRDA:295,30,1,0
BRDA:301,31,0,0
BRDA:301,31,1,0
BRDA:309,32,0,0
BRDA:309,32,1,0
BRDA:314,33,0,0
BRDA:314,33,1,0
BRDA:316,34,0,0
BRDA:316,34,1,0
BRDA:322,35,0,0
BRDA:322,35,1,0
BRDA:332,36,0,0
BRDA:332,36,1,0
BRDA:337,37,0,0
BRDA:337,37,1,0
BRDA:339,38,0,0
BRDA:339,38,1,0
BRDA:345,39,0,0
BRDA:345,39,1,0
BRDA:375,40,0,0
BRDA:375,40,1,0
BRDA:375,41,0,0
BRDA:375,41,1,0
BRDA:389,42,0,0
BRDA:389,42,1,0
BRDA:390,43,0,0
BRDA:390,43,1,0
BRDA:397,44,0,0
BRDA:397,44,1,0
BRF:93
BRH:0
end_of_record
TN:
SF:src\components\app\Details\headerTileInfo.tsx
FN:5,(anonymous_0)
FN:8,(anonymous_1)
FN:23,(anonymous_2)
FNF:3
FNH:0
FNDA:0,(anonymous_0)
FNDA:0,(anonymous_1)
FNDA:0,(anonymous_2)
DA:5,0
DA:6,0
DA:9,0
DA:24,0
LF:4
LH:0
BRDA:22,0,0,0
BRDA:22,0,1,0
BRDA:25,1,0,0
BRDA:25,1,1,0
BRF:4
BRH:0
end_of_record
TN:
SF:src\components\app\Details\headerTiles.tsx
FN:4,(anonymous_0)
FN:17,(anonymous_1)
FN:37,(anonymous_2)
FN:57,(anonymous_3)
FN:67,(anonymous_4)
FN:76,(anonymous_5)
FNF:6
FNH:0
FNDA:0,(anonymous_0)
FNDA:0,(anonymous_1)
FNDA:0,(anonymous_2)
FNDA:0,(anonymous_3)
FNDA:0,(anonymous_4)
FNDA:0,(anonymous_5)
DA:4,0
DA:17,0
DA:18,0
DA:19,0
DA:21,0
DA:24,0
DA:37,0
DA:57,0
DA:67,0
DA:76,0
LF:10
LH:0
BRDA:18,0,0,0
BRDA:18,0,1,0
BRDA:31,1,0,0
BRDA:31,1,1,0
BRDA:51,2,0,0
BRDA:51,2,1,0
BRDA:62,3,0,0
BRDA:62,3,1,0
BRDA:72,4,0,0
BRDA:72,4,1,0
BRF:10
BRH:0
end_of_record
TN:
SF:src\components\app\Details\sideTab.tsx
FN:12,(anonymous_0)
FN:21,(anonymous_1)
FN:30,(anonymous_2)
FN:33,(anonymous_3)
FNF:4
FNH:0
FNDA:0,(anonymous_0)
FNDA:0,(anonymous_1)
FNDA:0,(anonymous_2)
FNDA:0,(anonymous_3)
DA:12,0
DA:18,0
DA:22,0
DA:30,0
DA:33,0
LF:5
LH:0
BRDA:26,0,0,0
BRDA:26,0,1,0
BRDA:33,1,0,0
BRDA:33,1,1,0
BRDA:33,1,2,0
BRDA:33,1,3,0
BRDA:37,2,0,0
BRDA:37,2,1,0
BRF:8
BRH:0
end_of_record
TN:
SF:src\components\app\accreditationListCard\accreditationListCard.tsx
FN:20,(anonymous_0)
FN:32,(anonymous_1)
FN:99,(anonymous_2)
FNF:3
FNH:0
FNDA:0,(anonymous_0)
FNDA:0,(anonymous_1)
FNDA:0,(anonymous_2)
DA:20,0
DA:30,0
DA:32,0
DA:33,0
DA:35,0
DA:99,0
LF:6
LH:0
BRDA:40,0,0,0
BRDA:40,0,1,0
BRDA:55,1,0,0
BRDA:55,1,1,0
BRDA:72,2,0,0
BRDA:72,2,1,0
BRDA:88,3,0,0
BRDA:88,3,1,0
BRF:8
BRH:0
end_of_record
TN:
SF:src\components\app\alertBox\customeInfoBox.tsx
FN:3,(anonymous_0)
FNF:1
FNH:0
FNDA:0,(anonymous_0)
DA:3,0
DA:4,0
LF:2
LH:0
BRDA:10,0,0,0
BRDA:10,0,1,0
BRF:2
BRH:0
end_of_record
TN:
SF:src\components\app\alertBox\infoBox.tsx
FN:3,(anonymous_0)
FNF:1
FNH:0
FNDA:0,(anonymous_0)
DA:3,0
DA:4,0
LF:2
LH:0
BRDA:11,0,0,0
BRDA:11,0,1,0
BRF:2
BRH:0
end_of_record
TN:
SF:src\components\app\changelogCard\changeLogCard.tsx
FN:15,(anonymous_0)
FN:28,(anonymous_1)
FN:34,(anonymous_2)
FN:67,(anonymous_3)
FNF:4
FNH:0
FNDA:0,(anonymous_0)
FNDA:0,(anonymous_1)
FNDA:0,(anonymous_2)
FNDA:0,(anonymous_3)
DA:15,0
DA:25,0
DA:26,0
DA:28,0
DA:29,0
DA:30,0
DA:34,0
DA:35,0
DA:36,0
DA:39,0
DA:41,0
DA:44,0
DA:67,0
LF:13
LH:0
BRDA:29,0,0,0
BRDA:29,0,1,0
BRDA:65,1,0,0
BRDA:65,1,1,0
BRDA:65,1,2,0
BRDA:65,1,3,0
BRF:6
BRH:0
end_of_record
TN:
SF:src\components\app\confirmPopup\index.tsx
FN:13,(anonymous_0)
FN:25,(anonymous_1)
FN:27,(anonymous_2)
FN:29,(anonymous_3)
FNF:4
FNH:0
FNDA:0,(anonymous_0)
FNDA:0,(anonymous_1)
FNDA:0,(anonymous_2)
FNDA:0,(anonymous_3)
DA:13,0
DA:21,0
DA:22,0
DA:25,0
DA:27,0
DA:29,0
LF:6
LH:0
BRDA:26,0,0,0
BRDA:26,0,1,0
BRDA:31,1,0,0
BRDA:31,1,1,0
BRF:4
BRH:0
end_of_record
TN:
SF:src\components\app\eligibilityCard\index.tsx
FN:22,(anonymous_0)
FN:35,(anonymous_1)
FN:43,(anonymous_2)
FNF:3
FNH:0
FNDA:0,(anonymous_0)
FNDA:0,(anonymous_1)
FNDA:0,(anonymous_2)
DA:22,0
DA:35,0
DA:36,0
DA:37,0
DA:38,0
DA:39,0
DA:40,0
DA:43,0
DA:44,0
DA:45,0
DA:46,0
DA:47,0
DA:50,0
LF:13
LH:0
BRDA:52,0,0,0
BRDA:52,0,1,0
BRDA:91,1,0,0
BRDA:91,1,1,0
BRDA:99,2,0,0
BRDA:99,2,1,0
BRDA:107,3,0,0
BRDA:107,3,1,0
BRF:8
BRH:0
end_of_record
TN:
SF:src\components\app\filterComponents\filterDropDown.tsx
FN:11,(anonymous_0)
FN:16,(anonymous_1)
FN:19,(anonymous_2)
FN:30,(anonymous_3)
FN:31,(anonymous_4)
FN:42,(anonymous_5)
FN:49,(anonymous_6)
FN:56,(anonymous_7)
FN:67,(anonymous_8)
FNF:9
FNH:0
FNDA:0,(anonymous_0)
FNDA:0,(anonymous_1)
FNDA:0,(anonymous_2)
FNDA:0,(anonymous_3)
FNDA:0,(anonymous_4)
FNDA:0,(anonymous_5)
FNDA:0,(anonymous_6)
FNDA:0,(anonymous_7)
FNDA:0,(anonymous_8)
DA:11,0
DA:12,0
DA:14,0
DA:16,0
DA:17,0
DA:18,0
DA:19,0
DA:20,0
DA:22,0
DA:23,0
DA:28,0
DA:30,0
DA:31,0
DA:32,0
DA:36,0
DA:40,0
DA:42,0
DA:43,0
DA:47,0
DA:49,0
DA:57,0
DA:67,0
LF:22
LH:0
BRDA:18,0,0,0
BRDA:18,0,1,0
BRDA:32,1,0,0
BRDA:32,1,1,0
BRDA:33,2,0,0
BRDA:33,2,1,0
BRDA:54,3,0,0
BRDA:54,3,1,0
BRDA:59,4,0,0
BRDA:59,4,1,0
BRDA:66,5,0,0
BRDA:66,5,1,0
BRF:12
BRH:0
end_of_record
TN:
SF:src\components\app\filterComponents\primaryFilter.tsx
FN:36,(anonymous_0)
FN:51,(anonymous_1)
FN:52,(anonymous_2)
FN:60,(anonymous_3)
FN:73,(anonymous_4)
FN:78,(anonymous_5)
FN:93,(anonymous_6)
FN:98,(anonymous_7)
FN:107,(anonymous_8)
FN:112,(anonymous_9)
FN:121,(anonymous_10)
FN:126,(anonymous_11)
FN:135,(anonymous_12)
FN:141,(anonymous_13)
FN:148,(anonymous_14)
FN:152,(anonymous_15)
FN:159,(anonymous_16)
FN:168,(anonymous_17)
FN:171,(anonymous_18)
FN:174,(anonymous_19)
FN:180,(anonymous_20)
FN:185,(anonymous_21)
FN:187,(anonymous_22)
FN:208,(anonymous_23)
FN:229,(anonymous_24)
FN:231,(anonymous_25)
FN:246,(anonymous_26)
FN:247,(anonymous_27)
FN:260,(anonymous_28)
FNF:29
FNH:0
FNDA:0,(anonymous_0)
FNDA:0,(anonymous_1)
FNDA:0,(anonymous_2)
FNDA:0,(anonymous_3)
FNDA:0,(anonymous_4)
FNDA:0,(anonymous_5)
FNDA:0,(anonymous_6)
FNDA:0,(anonymous_7)
FNDA:0,(anonymous_8)
FNDA:0,(anonymous_9)
FNDA:0,(anonymous_10)
FNDA:0,(anonymous_11)
FNDA:0,(anonymous_12)
FNDA:0,(anonymous_13)
FNDA:0,(anonymous_14)
FNDA:0,(anonymous_15)
FNDA:0,(anonymous_16)
FNDA:0,(anonymous_17)
FNDA:0,(anonymous_18)
FNDA:0,(anonymous_19)
FNDA:0,(anonymous_20)
FNDA:0,(anonymous_21)
FNDA:0,(anonymous_22)
FNDA:0,(anonymous_23)
FNDA:0,(anonymous_24)
FNDA:0,(anonymous_25)
FNDA:0,(anonymous_26)
FNDA:0,(anonymous_27)
FNDA:0,(anonymous_28)
DA:36,0
DA:47,0
DA:51,0
DA:52,0
DA:53,0
DA:54,0
DA:58,0
DA:60,0
DA:61,0
DA:74,0
DA:78,0
DA:79,0
DA:94,0
DA:98,0
DA:99,0
DA:108,0
DA:112,0
DA:113,0
DA:122,0
DA:126,0
DA:127,0
DA:136,0
DA:141,0
DA:142,0
DA:148,0
DA:152,0
DA:153,0
DA:159,0
DA:168,0
DA:169,0
DA:171,0
DA:172,0
DA:174,0
DA:175,0
DA:176,0
DA:180,0
DA:181,0
DA:185,0
DA:186,0
DA:187,0
DA:188,0
DA:189,0
DA:190,0
DA:191,0
DA:193,0
DA:194,0
DA:197,0
DA:202,0
DA:206,0
DA:208,0
DA:209,0
DA:211,0
DA:213,0
DA:215,0
DA:217,0
DA:219,0
DA:221,0
DA:223,0
DA:225,0
DA:229,0
DA:230,0
DA:231,0
DA:233,0
DA:245,0
DA:247,0
DA:249,0
DA:253,0
DA:258,0
DA:261,0
DA:262,0
DA:270,0
DA:271,0
DA:273,0
LF:73
LH:0
BRDA:42,0,0,0
BRDA:52,1,0,0
BRDA:52,1,1,0
BRDA:56,2,0,0
BRDA:56,2,1,0
BRDA:67,3,0,0
BRDA:67,3,1,0
BRDA:68,4,0,0
BRDA:68,4,1,0
BRDA:84,5,0,0
BRDA:84,5,1,0
BRDA:84,6,0,0
BRDA:84,6,1,0
BRDA:87,7,0,0
BRDA:87,7,1,0
BRDA:104,8,0,0
BRDA:104,8,1,0
BRDA:118,9,0,0
BRDA:118,9,1,0
BRDA:131,10,0,0
BRDA:131,10,1,0
BRDA:147,11,0,0
BRDA:147,11,1,0
BRDA:158,12,0,0
BRDA:158,12,1,0
BRDA:175,13,0,0
BRDA:175,13,1,0
BRDA:188,14,0,0
BRDA:188,14,1,0
BRDA:189,15,0,0
BRDA:189,15,1,0
BRDA:190,16,0,0
BRDA:190,16,1,0
BRDA:193,17,0,0
BRDA:193,17,1,0
BRDA:197,18,0,0
BRDA:197,18,1,0
BRDA:198,19,0,0
BRDA:198,19,1,0
BRDA:198,19,2,0
BRDA:209,20,0,0
BRDA:209,20,1,0
BRDA:209,20,2,0
BRDA:209,20,3,0
BRDA:209,20,4,0
BRDA:209,20,5,0
BRDA:209,20,6,0
BRDA:209,20,7,0
BRDA:231,21,0,0
BRDA:231,21,1,0
BRDA:233,22,0,0
BRDA:233,22,1,0
BRDA:235,23,0,0
BRDA:235,23,1,0
BRDA:249,24,0,0
BRDA:249,24,1,0
BRDA:250,25,0,0
BRDA:250,25,1,0
BRDA:261,26,0,0
BRDA:261,26,1,0
BRDA:261,27,0,0
BRDA:261,27,1,0
BRDA:264,28,0,0
BRDA:264,28,1,0
BRDA:270,29,0,0
BRDA:270,29,1,0
BRDA:270,30,0,0
BRDA:270,30,1,0
BRDA:276,31,0,0
BRDA:276,31,1,0
BRDA:276,31,2,0
BRDA:284,32,0,0
BRDA:284,32,1,0
BRDA:284,32,2,0
BRDA:284,32,3,0
BRF:75
BRH:0
end_of_record
TN:
SF:src\components\app\formBuilder\index.tsx
FN:35,(anonymous_0)
FN:54,(anonymous_1)
FN:62,(anonymous_2)
FN:73,(anonymous_3)
FN:83,(anonymous_4)
FN:130,(anonymous_5)
FN:133,(anonymous_6)
FN:137,(anonymous_7)
FN:144,(anonymous_8)
FN:155,(anonymous_9)
FN:163,(anonymous_10)
FN:174,(anonymous_11)
FN:180,(anonymous_12)
FN:186,(anonymous_13)
FN:206,(anonymous_14)
FN:229,(anonymous_15)
FN:251,(anonymous_16)
FN:261,(anonymous_17)
FN:282,(anonymous_18)
FN:290,(anonymous_19)
FN:308,(anonymous_20)
FN:313,(anonymous_21)
FN:325,(anonymous_22)
FN:330,(anonymous_23)
FN:348,(anonymous_24)
FN:353,(anonymous_25)
FN:374,(anonymous_26)
FN:386,(anonymous_27)
FN:403,(anonymous_28)
FN:413,(anonymous_29)
FN:441,(anonymous_30)
FN:448,(anonymous_31)
FN:477,(anonymous_32)
FN:485,(anonymous_33)
FN:511,(anonymous_34)
FN:521,(anonymous_35)
FN:542,(anonymous_36)
FN:546,(anonymous_37)
FN:577,(anonymous_38)
FN:580,(anonymous_39)
FN:605,(anonymous_40)
FN:617,(anonymous_41)
FN:653,(anonymous_42)
FN:671,(anonymous_43)
FN:722,(anonymous_44)
FN:749,(anonymous_45)
FN:770,(anonymous_46)
FN:776,(anonymous_47)
FN:786,(anonymous_48)
FN:805,(anonymous_49)
FN:817,(anonymous_50)
FN:843,(anonymous_51)
FN:851,(anonymous_52)
FN:859,(anonymous_53)
FNF:54
FNH:0
FNDA:0,(anonymous_0)
FNDA:0,(anonymous_1)
FNDA:0,(anonymous_2)
FNDA:0,(anonymous_3)
FNDA:0,(anonymous_4)
FNDA:0,(anonymous_5)
FNDA:0,(anonymous_6)
FNDA:0,(anonymous_7)
FNDA:0,(anonymous_8)
FNDA:0,(anonymous_9)
FNDA:0,(anonymous_10)
FNDA:0,(anonymous_11)
FNDA:0,(anonymous_12)
FNDA:0,(anonymous_13)
FNDA:0,(anonymous_14)
FNDA:0,(anonymous_15)
FNDA:0,(anonymous_16)
FNDA:0,(anonymous_17)
FNDA:0,(anonymous_18)
FNDA:0,(anonymous_19)
FNDA:0,(anonymous_20)
FNDA:0,(anonymous_21)
FNDA:0,(anonymous_22)
FNDA:0,(anonymous_23)
FNDA:0,(anonymous_24)
FNDA:0,(anonymous_25)
FNDA:0,(anonymous_26)
FNDA:0,(anonymous_27)
FNDA:0,(anonymous_28)
FNDA:0,(anonymous_29)
FNDA:0,(anonymous_30)
FNDA:0,(anonymous_31)
FNDA:0,(anonymous_32)
FNDA:0,(anonymous_33)
FNDA:0,(anonymous_34)
FNDA:0,(anonymous_35)
FNDA:0,(anonymous_36)
FNDA:0,(anonymous_37)
FNDA:0,(anonymous_38)
FNDA:0,(anonymous_39)
FNDA:0,(anonymous_40)
FNDA:0,(anonymous_41)
FNDA:0,(anonymous_42)
FNDA:0,(anonymous_43)
FNDA:0,(anonymous_44)
FNDA:0,(anonymous_45)
FNDA:0,(anonymous_46)
FNDA:0,(anonymous_47)
FNDA:0,(anonymous_48)
FNDA:0,(anonymous_49)
FNDA:0,(anonymous_50)
FNDA:0,(anonymous_51)
FNDA:0,(anonymous_52)
FNDA:0,(anonymous_53)
DA:35,0
DA:42,0
DA:52,0
DA:53,0
DA:54,0
DA:55,0
DA:56,0
DA:57,0
DA:61,0
DA:63,0
DA:64,0
DA:67,0
DA:73,0
DA:74,0
DA:78,0
DA:80,0
DA:82,0
DA:84,0
DA:85,0
DA:86,0
DA:87,0
DA:88,0
DA:89,0
DA:90,0
DA:91,0
DA:93,0
DA:94,0
DA:96,0
DA:100,0
DA:101,0
DA:102,0
DA:104,0
DA:105,0
DA:106,0
DA:108,0
DA:109,0
DA:110,0
DA:111,0
DA:113,0
DA:116,0
DA:117,0
DA:119,0
DA:120,0
DA:123,0
DA:124,0
DA:125,0
DA:130,0
DA:131,0
DA:133,0
DA:134,0
DA:135,0
DA:137,0
DA:138,0
DA:139,0
DA:144,0
DA:145,0
DA:146,0
DA:150,0
DA:155,0
DA:156,0
DA:157,0
DA:158,0
DA:160,0
DA:163,0
DA:164,0
DA:168,0
DA:175,0
DA:180,0
DA:187,0
DA:207,0
DA:223,0
DA:230,0
DA:251,0
DA:261,0
DA:276,0
DA:283,0
DA:290,0
DA:302,0
DA:309,0
DA:313,0
DA:320,0
DA:326,0
DA:330,0
DA:343,0
DA:349,0
DA:353,0
DA:369,0
DA:375,0
DA:386,0
DA:397,0
DA:404,0
DA:413,0
DA:436,0
DA:442,0
DA:448,0
DA:472,0
DA:478,0
DA:485,0
DA:506,0
DA:512,0
DA:521,0
DA:537,0
DA:543,0
DA:547,0
DA:572,0
DA:578,0
DA:581,0
DA:601,0
DA:607,0
DA:610,0
DA:617,0
DA:647,0
DA:654,0
DA:671,0
DA:717,0
DA:723,0
DA:744,0
DA:750,0
DA:763,0
DA:771,0
DA:776,0
DA:787,0
DA:806,0
DA:817,0
DA:839,0
DA:843,0
DA:844,0
DA:847,0
DA:852,0
DA:860,0
LF:130
LH:0
BRDA:49,0,0,0
BRDA:87,1,0,0
BRDA:87,1,1,0
BRDA:87,2,0,0
BRDA:87,2,1,0
BRDA:89,3,0,0
BRDA:89,3,1,0
BRDA:93,4,0,0
BRDA:93,4,1,0
BRDA:100,5,0,0
BRDA:100,5,1,0
BRDA:104,6,0,0
BRDA:104,6,1,0
BRDA:108,7,0,0
BRDA:108,7,1,0
BRDA:109,8,0,0
BRDA:109,8,1,0
BRDA:109,9,0,0
BRDA:109,9,1,0
BRDA:111,10,0,0
BRDA:111,10,1,0
BRDA:116,11,0,0
BRDA:116,11,1,0
BRDA:119,12,0,0
BRDA:119,12,1,0
BRDA:123,13,0,0
BRDA:123,13,1,0
BRDA:135,14,0,0
BRDA:135,14,1,0
BRDA:139,15,0,0
BRDA:139,15,1,0
BRDA:145,16,0,0
BRDA:145,16,1,0
BRDA:150,17,0,0
BRDA:150,17,1,0
BRDA:157,18,0,0
BRDA:157,18,1,0
BRDA:164,19,0,0
BRDA:164,19,1,0
BRDA:164,19,2,0
BRDA:164,19,3,0
BRDA:164,19,4,0
BRDA:164,19,5,0
BRDA:164,19,6,0
BRDA:164,19,7,0
BRDA:164,19,8,0
BRDA:164,19,9,0
BRDA:164,19,10,0
BRDA:164,19,11,0
BRDA:164,19,12,0
BRDA:164,19,13,0
BRDA:164,19,14,0
BRDA:164,19,15,0
BRDA:164,19,16,0
BRDA:164,19,17,0
BRDA:164,19,18,0
BRDA:164,19,19,0
BRDA:164,19,20,0
BRDA:181,20,0,0
BRDA:181,20,1,0
BRDA:181,21,0,0
BRDA:181,21,1,0
BRDA:190,22,0,0
BRDA:190,22,1,0
BRDA:191,23,0,0
BRDA:191,23,1,0
BRDA:199,24,0,0
BRDA:199,24,1,0
BRDA:233,25,0,0
BRDA:233,25,1,0
BRDA:242,26,0,0
BRDA:242,26,1,0
BRDA:250,27,0,0
BRDA:250,27,1,0
BRDA:253,28,0,0
BRDA:253,28,1,0
BRDA:253,28,2,0
BRDA:263,29,0,0
BRDA:263,29,1,0
BRDA:292,30,0,0
BRDA:292,30,1,0
BRDA:293,31,0,0
BRDA:293,31,1,0
BRDA:329,32,0,0
BRDA:329,32,1,0
BRDA:331,33,0,0
BRDA:331,33,1,0
BRDA:354,34,0,0
BRDA:354,34,1,0
BRDA:360,35,0,0
BRDA:360,35,1,0
BRDA:384,36,0,0
BRDA:384,36,1,0
BRDA:387,37,0,0
BRDA:387,37,1,0
BRDA:398,38,0,0
BRDA:398,38,1,0
BRDA:410,39,0,0
BRDA:410,39,1,0
BRDA:410,40,0,0
BRDA:410,40,1,0
BRDA:416,41,0,0
BRDA:416,41,1,0
BRDA:420,42,0,0
BRDA:420,42,1,0
BRDA:425,43,0,0
BRDA:425,43,1,0
BRDA:450,44,0,0
BRDA:450,44,1,0
BRDA:451,45,0,0
BRDA:451,45,1,0
BRDA:451,45,2,0
BRDA:456,46,0,0
BRDA:456,46,1,0
BRDA:488,47,0,0
BRDA:488,47,1,0
BRDA:488,48,0,0
BRDA:488,48,1,0
BRDA:492,49,0,0
BRDA:492,49,1,0
BRDA:498,50,0,0
BRDA:498,50,1,0
BRDA:517,51,0,0
BRDA:517,51,1,0
BRDA:517,52,0,0
BRDA:517,52,1,0
BRDA:526,53,0,0
BRDA:526,53,1,0
BRDA:530,54,0,0
BRDA:530,54,1,0
BRDA:553,55,0,0
BRDA:553,55,1,0
BRDA:553,56,0,0
BRDA:553,56,1,0
BRDA:553,56,2,0
BRDA:559,57,0,0
BRDA:559,57,1,0
BRDA:563,58,0,0
BRDA:563,58,1,0
BRDA:593,59,0,0
BRDA:593,59,1,0
BRDA:607,60,0,0
BRDA:607,60,1,0
BRDA:607,61,0,0
BRDA:607,61,1,0
BRDA:607,61,2,0
BRDA:618,62,0,0
BRDA:618,62,1,0
BRDA:622,63,0,0
BRDA:622,63,1,0
BRDA:624,64,0,0
BRDA:624,64,1,0
BRDA:626,65,0,0
BRDA:626,65,1,0
BRDA:628,66,0,0
BRDA:628,66,1,0
BRDA:629,67,0,0
BRDA:629,67,1,0
BRDA:635,68,0,0
BRDA:635,68,1,0
BRDA:657,69,0,0
BRDA:657,69,1,0
BRDA:684,70,0,0
BRDA:684,70,1,0
BRDA:692,71,0,0
BRDA:692,71,1,0
BRDA:692,71,2,0
BRDA:697,72,0,0
BRDA:697,72,1,0
BRDA:702,73,0,0
BRDA:702,73,1,0
BRDA:721,74,0,0
BRDA:721,74,1,0
BRDA:751,75,0,0
BRDA:751,75,1,0
BRDA:756,76,0,0
BRDA:756,76,1,0
BRDA:778,77,0,0
BRDA:778,77,1,0
BRDA:778,78,0,0
BRDA:778,78,1,0
BRDA:778,78,2,0
BRDA:780,79,0,0
BRDA:780,79,1,0
BRDA:791,80,0,0
BRDA:791,80,1,0
BRDA:811,81,0,0
BRDA:811,81,1,0
BRDA:811,82,0,0
BRDA:811,82,1,0
BRDA:823,83,0,0
BRDA:823,83,1,0
BRDA:830,84,0,0
BRDA:830,84,1,0
BRDA:849,85,0,0
BRDA:849,85,1,0
BRDA:853,86,0,0
BRDA:853,86,1,0
BRDA:861,87,0,0
BRDA:861,87,1,0
BRF:200
BRH:0
end_of_record
TN:
SF:src\components\app\formBuilder\utils.tsx
FN:23,(anonymous_0)
FN:34,(anonymous_1)
FN:141,(anonymous_2)
FNF:3
FNH:0
FNDA:0,(anonymous_0)
FNDA:0,(anonymous_1)
FNDA:0,(anonymous_2)
DA:23,0
DA:31,0
DA:32,0
DA:33,0
DA:35,0
DA:44,0
DA:103,0
DA:106,0
DA:111,0
DA:112,0
DA:121,0
DA:122,0
DA:130,0
DA:131,0
DA:132,0
DA:136,0
DA:137,0
DA:139,0
DA:142,0
LF:19
LH:0
BRDA:33,0,0,0
BRDA:33,0,1,0
BRDA:35,1,0,0
BRDA:35,1,1,0
BRDA:44,2,0,0
BRDA:44,2,1,0
BRDA:45,3,0,0
BRDA:45,3,1,0
BRDA:45,4,0,0
BRDA:45,4,1,0
BRDA:46,5,0,0
BRDA:46,5,1,0
BRDA:49,6,0,0
BRDA:49,6,1,0
BRDA:55,7,0,0
BRDA:55,7,1,0
BRDA:56,8,0,0
BRDA:56,8,1,0
BRDA:64,9,0,0
BRDA:64,9,1,0
BRDA:65,10,0,0
BRDA:65,10,1,0
BRDA:72,11,0,0
BRDA:72,11,1,0
BRDA:72,12,0,0
BRDA:72,12,1,0
BRDA:78,13,0,0
BRDA:78,13,1,0
BRDA:79,14,0,0
BRDA:79,14,1,0
BRDA:103,15,0,0
BRDA:103,15,1,0
BRDA:106,16,0,0
BRDA:106,16,1,0
BRDA:106,16,2,0
BRDA:106,16,3,0
BRDA:111,17,0,0
BRDA:111,17,1,0
BRDA:121,18,0,0
BRDA:121,18,1,0
BRDA:121,19,0,0
BRDA:121,19,1,0
BRDA:130,20,0,0
BRDA:130,20,1,0
BRDA:130,21,0,0
BRDA:130,21,1,0
BRDA:136,22,0,0
BRDA:136,22,1,0
BRF:48
BRH:0
end_of_record
TN:
SF:src\components\app\logShimmer\logShimmer.tsx
FN:3,(anonymous_0)
FNF:1
FNH:0
FNDA:0,(anonymous_0)
DA:3,0
DA:4,0
LF:2
LH:0
BRF:0
BRH:0
end_of_record
TN:
SF:src\components\app\resetPassword\index.tsx
FN:26,(anonymous_0)
FN:42,(anonymous_1)
FN:47,(anonymous_2)
FN:60,(anonymous_3)
FN:65,(anonymous_4)
FN:71,(anonymous_5)
FN:77,(anonymous_6)
FN:85,(anonymous_7)
FN:101,(anonymous_8)
FN:118,(anonymous_9)
FN:144,(anonymous_10)
FNF:11
FNH:0
FNDA:0,(anonymous_0)
FNDA:0,(anonymous_1)
FNDA:0,(anonymous_2)
FNDA:0,(anonymous_3)
FNDA:0,(anonymous_4)
FNDA:0,(anonymous_5)
FNDA:0,(anonymous_6)
FNDA:0,(anonymous_7)
FNDA:0,(anonymous_8)
FNDA:0,(anonymous_9)
FNDA:0,(anonymous_10)
DA:24,0
DA:26,0
DA:35,0
DA:37,0
DA:40,0
DA:42,0
DA:43,0
DA:44,0
DA:45,0
DA:47,0
DA:48,0
DA:56,0
DA:60,0
DA:61,0
DA:62,0
DA:63,0
DA:64,0
DA:66,0
DA:67,0
DA:72,0
DA:77,0
DA:78,0
DA:79,0
DA:80,0
DA:82,0
DA:85,0
DA:101,0
DA:119,0
DA:144,0
LF:29
LH:0
BRDA:48,0,0,0
BRDA:48,0,1,0
BRDA:63,1,0,0
BRDA:63,1,1,0
BRDA:109,2,0,0
BRDA:109,2,1,0
BRDA:125,3,0,0
BRDA:125,3,1,0
BRDA:132,4,0,0
BRDA:132,4,1,0
BRF:10
BRH:0
end_of_record
TN:
SF:src\components\app\tabularform\TabularForm.tsx
FN:15,Tabularform
FN:22,generateColumns
FN:25,(anonymous_2)
FN:30,(anonymous_3)
FN:32,(anonymous_4)
FN:50,(anonymous_5)
FN:59,(anonymous_6)
FN:72,(anonymous_7)
FN:100,(anonymous_8)
FN:111,(anonymous_9)
FN:126,(anonymous_10)
FN:127,(anonymous_11)
FN:141,(anonymous_12)
FN:152,(anonymous_13)
FN:195,(anonymous_14)
FN:234,(anonymous_15)
FN:254,(anonymous_16)
FN:273,(anonymous_17)
FN:279,(anonymous_18)
FN:323,(anonymous_19)
FN:326,(anonymous_20)
FN:332,(anonymous_21)
FN:383,(anonymous_22)
FN:400,(anonymous_23)
FN:403,(anonymous_24)
FN:443,(anonymous_25)
FN:446,(anonymous_26)
FN:449,(anonymous_27)
FNF:28
FNH:0
FNDA:0,Tabularform
FNDA:0,generateColumns
FNDA:0,(anonymous_2)
FNDA:0,(anonymous_3)
FNDA:0,(anonymous_4)
FNDA:0,(anonymous_5)
FNDA:0,(anonymous_6)
FNDA:0,(anonymous_7)
FNDA:0,(anonymous_8)
FNDA:0,(anonymous_9)
FNDA:0,(anonymous_10)
FNDA:0,(anonymous_11)
FNDA:0,(anonymous_12)
FNDA:0,(anonymous_13)
FNDA:0,(anonymous_14)
FNDA:0,(anonymous_15)
FNDA:0,(anonymous_16)
FNDA:0,(anonymous_17)
FNDA:0,(anonymous_18)
FNDA:0,(anonymous_19)
FNDA:0,(anonymous_20)
FNDA:0,(anonymous_21)
FNDA:0,(anonymous_22)
FNDA:0,(anonymous_23)
FNDA:0,(anonymous_24)
FNDA:0,(anonymous_25)
FNDA:0,(anonymous_26)
FNDA:0,(anonymous_27)
DA:20,0
DA:23,0
DA:25,0
DA:26,0
DA:30,0
DA:32,0
DA:33,0
DA:35,0
DA:41,0
DA:44,0
DA:49,0
DA:50,0
DA:51,0
DA:52,0
DA:56,0
DA:59,0
DA:68,0
DA:73,0
DA:100,0
DA:107,0
DA:112,0
DA:126,0
DA:127,0
DA:128,0
DA:130,0
DA:131,0
DA:142,0
DA:153,0
DA:196,0
DA:235,0
DA:255,0
DA:277,0
DA:283,0
DA:324,0
DA:330,0
DA:336,0
DA:384,0
DA:401,0
DA:407,0
DA:444,0
DA:447,0
DA:453,0
LF:42
LH:0
BRDA:30,0,0,0
BRDA:30,0,1,0
BRDA:49,1,0,0
BRDA:49,1,1,0
BRDA:51,2,0,0
BRDA:51,2,1,0
BRDA:52,3,0,0
BRDA:52,3,1,0
BRDA:74,4,0,0
BRDA:74,4,1,0
BRDA:79,5,0,0
BRDA:79,5,1,0
BRDA:82,6,0,0
BRDA:82,6,1,0
BRDA:82,7,0,0
BRDA:82,7,1,0
BRDA:89,8,0,0
BRDA:89,8,1,0
BRDA:89,9,0,0
BRDA:89,9,1,0
BRDA:89,9,2,0
BRDA:113,10,0,0
BRDA:113,10,1,0
BRDA:118,11,0,0
BRDA:118,11,1,0
BRDA:142,12,0,0
BRDA:142,12,1,0
BRDA:143,13,0,0
BRDA:143,13,1,0
BRDA:145,14,0,0
BRDA:145,14,1,0
BRDA:150,15,0,0
BRDA:150,15,1,0
BRDA:154,16,0,0
BRDA:154,16,1,0
BRDA:157,17,0,0
BRDA:157,17,1,0
BRDA:159,18,0,0
BRDA:159,18,1,0
BRDA:159,19,0,0
BRDA:159,19,1,0
BRDA:159,19,2,0
BRDA:193,20,0,0
BRDA:193,20,1,0
BRDA:199,21,0,0
BRDA:199,21,1,0
BRDA:201,22,0,0
BRDA:201,22,1,0
BRDA:201,23,0,0
BRDA:201,23,1,0
BRDA:201,23,2,0
BRDA:237,24,0,0
BRDA:237,24,1,0
BRDA:239,25,0,0
BRDA:239,25,1,0
BRDA:241,26,0,0
BRDA:241,26,1,0
BRDA:241,27,0,0
BRDA:241,27,1,0
BRDA:256,28,0,0
BRDA:256,28,1,0
BRDA:284,29,0,0
BRDA:284,29,1,0
BRDA:286,30,0,0
BRDA:286,30,1,0
BRDA:337,31,0,0
BRDA:337,31,1,0
BRDA:339,32,0,0
BRDA:339,32,1,0
BRDA:370,33,0,0
BRDA:370,33,1,0
BRDA:370,34,0,0
BRDA:370,34,1,0
BRDA:408,35,0,0
BRDA:408,35,1,0
BRDA:408,36,0,0
BRDA:408,36,1,0
BRDA:454,37,0,0
BRDA:454,37,1,0
BRDA:454,38,0,0
BRDA:454,38,1,0
BRF:81
BRH:0
end_of_record
TN:
SF:src\components\app\tabularform\types.ts
FNF:0
FNH:0
LF:0
LH:0
BRF:0
BRH:0
end_of_record
TN:
SF:src\components\app\websocket\index.tsx
FN:9,(anonymous_0)
FN:47,(anonymous_1)
FN:55,(anonymous_2)
FN:56,(anonymous_3)
FN:59,(anonymous_4)
FN:64,(anonymous_5)
FN:69,(anonymous_6)
FN:73,(anonymous_7)
FN:76,(anonymous_8)
FN:82,(anonymous_9)
FN:89,(anonymous_10)
FN:102,(anonymous_11)
FN:122,(anonymous_12)
FN:128,(anonymous_13)
FN:145,(anonymous_14)
FN:148,(anonymous_15)
FN:149,(anonymous_16)
FNF:17
FNH:0
FNDA:0,(anonymous_0)
FNDA:0,(anonymous_1)
FNDA:0,(anonymous_2)
FNDA:0,(anonymous_3)
FNDA:0,(anonymous_4)
FNDA:0,(anonymous_5)
FNDA:0,(anonymous_6)
FNDA:0,(anonymous_7)
FNDA:0,(anonymous_8)
FNDA:0,(anonymous_9)
FNDA:0,(anonymous_10)
FNDA:0,(anonymous_11)
FNDA:0,(anonymous_12)
FNDA:0,(anonymous_13)
FNDA:0,(anonymous_14)
FNDA:0,(anonymous_15)
FNDA:0,(anonymous_16)
DA:9,0
DA:10,0
DA:11,0
DA:12,0
DA:13,0
DA:47,0
DA:48,0
DA:49,0
DA:51,0
DA:53,0
DA:55,0
DA:56,0
DA:57,0
DA:59,0
DA:60,0
DA:64,0
DA:65,0
DA:66,0
DA:69,0
DA:70,0
DA:73,0
DA:74,0
DA:76,0
DA:77,0
DA:82,0
DA:83,0
DA:84,0
DA:89,0
DA:90,0
DA:91,0
DA:95,0
DA:97,0
DA:100,0
DA:102,0
DA:103,0
DA:104,0
DA:105,0
DA:108,0
DA:122,0
DA:128,0
DA:145,0
DA:148,0
DA:149,0
LF:43
LH:0
BRDA:83,0,0,0
BRDA:83,0,1,0
BRDA:90,1,0,0
BRDA:90,1,1,0
BRDA:91,2,0,0
BRDA:91,2,1,0
BRDA:92,3,0,0
BRDA:92,3,1,0
BRDA:104,4,0,0
BRDA:104,4,1,0
BRDA:110,5,0,0
BRDA:110,5,1,0
BRDA:118,6,0,0
BRDA:118,6,1,0
BRDA:128,7,0,0
BRDA:128,7,1,0
BRDA:142,8,0,0
BRDA:142,8,1,0
BRF:18
BRH:0
end_of_record
TN:
SF:src\components\common\commonLoader.tsx
FN:1,CommonLoader
FNF:1
FNH:0
FNDA:0,CommonLoader
DA:2,0
LF:1
LH:0
BRF:0
BRH:0
end_of_record
TN:
SF:src\components\common\index.ts
FNF:0
FNH:0
LF:0
LH:0
BRF:0
BRH:0
end_of_record
TN:
SF:src\components\common\snackbar.tsx
FN:26,(anonymous_0)
FN:42,(anonymous_1)
FN:44,(anonymous_2)
FN:44,(anonymous_3)
FN:48,(anonymous_4)
FN:53,(anonymous_5)
FNF:6
FNH:0
FNDA:0,(anonymous_0)
FNDA:0,(anonymous_1)
FNDA:0,(anonymous_2)
FNDA:0,(anonymous_3)
FNDA:0,(anonymous_4)
FNDA:0,(anonymous_5)
DA:21,0
DA:26,0
DA:27,0
DA:28,0
DA:29,0
DA:33,0
DA:42,0
DA:43,0
DA:44,0
DA:45,0
DA:47,0
DA:51,0
DA:54,0
DA:69,0
LF:14
LH:0
BRDA:28,0,0,0
BRDA:28,0,1,0
BRDA:48,1,0,0
BRF:3
BRH:0
end_of_record
TN:
SF:src\components\common\DetailTiles\index.tsx
FN:64,(anonymous_0)
FN:75,(anonymous_1)
FN:76,(anonymous_2)
FN:80,(anonymous_3)
FN:145,(anonymous_4)
FN:214,(anonymous_5)
FN:221,(anonymous_6)
FNF:7
FNH:0
FNDA:0,(anonymous_0)
FNDA:0,(anonymous_1)
FNDA:0,(anonymous_2)
FNDA:0,(anonymous_3)
FNDA:0,(anonymous_4)
FNDA:0,(anonymous_5)
FNDA:0,(anonymous_6)
DA:64,0
DA:72,0
DA:73,0
DA:75,0
DA:76,0
DA:77,0
DA:80,0
DA:83,0
DA:145,0
DA:215,0
DA:221,0
LF:11
LH:0
BRDA:120,0,0,0
BRDA:120,0,1,0
BRDA:126,1,0,0
BRDA:126,1,1,0
BRDA:156,2,0,0
BRDA:156,2,1,0
BRDA:177,3,0,0
BRDA:177,3,1,0
BRDA:191,4,0,0
BRDA:191,4,1,0
BRDA:204,5,0,0
BRDA:204,5,1,0
BRDA:212,6,0,0
BRDA:212,6,1,0
BRDA:212,6,2,0
BRDA:227,7,0,0
BRDA:227,7,1,0
BRDA:227,7,2,0
BRF:18
BRH:0
end_of_record
TN:
SF:src\components\common\DynamicDropdown\index.tsx
FN:18,(anonymous_0)
FN:38,(anonymous_1)
FN:46,(anonymous_2)
FN:55,(anonymous_3)
FN:57,(anonymous_4)
FN:63,(anonymous_5)
FN:74,(anonymous_6)
FN:81,(anonymous_7)
FN:91,(anonymous_8)
FN:93,(anonymous_9)
FN:122,(anonymous_10)
FN:126,(anonymous_11)
FNF:12
FNH:0
FNDA:0,(anonymous_0)
FNDA:0,(anonymous_1)
FNDA:0,(anonymous_2)
FNDA:0,(anonymous_3)
FNDA:0,(anonymous_4)
FNDA:0,(anonymous_5)
FNDA:0,(anonymous_6)
FNDA:0,(anonymous_7)
FNDA:0,(anonymous_8)
FNDA:0,(anonymous_9)
FNDA:0,(anonymous_10)
FNDA:0,(anonymous_11)
DA:18,0
DA:27,0
DA:28,0
DA:29,0
DA:30,0
DA:31,0
DA:35,0
DA:37,0
DA:39,0
DA:40,0
DA:41,0
DA:46,0
DA:47,0
DA:51,0
DA:55,0
DA:56,0
DA:57,0
DA:58,0
DA:62,0
DA:64,0
DA:65,0
DA:66,0
DA:67,0
DA:69,0
DA:74,0
DA:75,0
DA:76,0
DA:80,0
DA:82,0
DA:83,0
DA:87,0
DA:92,0
DA:93,0
DA:123,0
DA:126,0
LF:35
LH:0
BRDA:24,0,0,0
BRDA:25,1,0,0
BRDA:32,2,0,0
BRDA:32,2,1,0
BRDA:32,2,2,0
BRDA:32,2,3,0
BRDA:39,3,0,0
BRDA:39,3,1,0
BRDA:40,4,0,0
BRDA:40,4,1,0
BRDA:47,5,0,0
BRDA:47,5,1,0
BRDA:48,6,0,0
BRDA:48,6,1,0
BRDA:65,7,0,0
BRDA:65,7,1,0
BRDA:75,8,0,0
BRDA:75,8,1,0
BRDA:90,9,0,0
BRDA:90,9,1,0
BRDA:92,10,0,0
BRDA:92,10,1,0
BRDA:100,11,0,0
BRDA:100,11,1,0
BRDA:104,12,0,0
BRDA:104,12,1,0
BRDA:108,13,0,0
BRDA:108,13,1,0
BRDA:108,13,2,0
BRDA:113,14,0,0
BRDA:113,14,1,0
BRDA:116,15,0,0
BRDA:116,15,1,0
BRDA:116,15,2,0
BRDA:128,16,0,0
BRDA:128,16,1,0
BRF:36
BRH:0
end_of_record
TN:
SF:src\components\common\ListingTiles\ManagedList.tsx
FN:11,ManagedList
FN:19,(anonymous_1)
FN:22,(anonymous_2)
FN:32,(anonymous_3)
FN:36,(anonymous_4)
FNF:5
FNH:0
FNDA:0,ManagedList
FNDA:0,(anonymous_1)
FNDA:0,(anonymous_2)
FNDA:0,(anonymous_3)
FNDA:0,(anonymous_4)
DA:16,0
DA:19,0
DA:20,0
DA:22,0
DA:23,0
DA:25,0
DA:33,0
DA:36,0
LF:8
LH:0
BRF:0
BRH:0
end_of_record
TN:
SF:src\components\common\ListingTiles\index.tsx
FN:31,(anonymous_0)
FN:63,(anonymous_1)
FN:89,(anonymous_2)
FNF:3
FNH:0
FNDA:0,(anonymous_0)
FNDA:0,(anonymous_1)
FNDA:0,(anonymous_2)
DA:31,0
DA:41,0
DA:63,0
DA:89,0
LF:4
LH:0
BRDA:35,0,0,0
BRDA:36,1,0,0
BRDA:46,2,0,0
BRDA:46,2,1,0
BRDA:48,3,0,0
BRDA:48,3,1,0
BRDA:58,4,0,0
BRDA:58,4,1,0
BRDA:84,5,0,0
BRDA:84,5,1,0
BRDA:95,6,0,0
BRDA:95,6,1,0
BRDA:95,6,2,0
BRDA:99,7,0,0
BRDA:99,7,1,0
BRDA:100,8,0,0
BRDA:100,8,1,0
BRF:17
BRH:0
end_of_record
TN:
SF:src\components\common\PageTitle\index.tsx
FN:20,(anonymous_0)
FN:22,(anonymous_1)
FN:55,(anonymous_2)
FNF:3
FNH:0
FNDA:0,(anonymous_0)
FNDA:0,(anonymous_1)
FNDA:0,(anonymous_2)
DA:20,0
DA:21,0
DA:22,0
DA:23,0
DA:24,0
DA:26,0
DA:56,0
LF:7
LH:0
BRDA:23,0,0,0
BRDA:23,0,1,0
BRDA:28,1,0,0
BRDA:28,1,1,0
BRDA:51,2,0,0
BRDA:51,2,1,0
BRDA:51,2,2,0
BRDA:51,2,3,0
BRF:8
BRH:0
end_of_record
TN:
SF:src\components\common\TextEditer\index.tsx
FN:12,(anonymous_0)
FN:21,(anonymous_1)
FN:25,(anonymous_2)
FNF:3
FNH:0
FNDA:0,(anonymous_0)
FNDA:0,(anonymous_1)
FNDA:0,(anonymous_2)
DA:12,0
DA:18,0
DA:21,0
DA:22,0
DA:25,0
DA:26,0
DA:27,0
DA:28,0
DA:32,0
DA:48,0
DA:59,0
LF:11
LH:0
BRDA:13,0,0,0
BRDA:27,1,0,0
BRDA:27,1,1,0
BRDA:38,2,0,0
BRDA:38,2,1,0
BRF:5
BRH:0
end_of_record
TN:
SF:src\components\common\breadcrumb\index.tsx
FN:6,CustomBreadCrumbs
FN:19,(anonymous_1)
FNF:2
FNH:0
FNDA:0,CustomBreadCrumbs
FNDA:0,(anonymous_1)
DA:7,0
DA:9,0
DA:10,0
DA:12,0
DA:13,0
DA:20,0
LF:6
LH:0
BRDA:9,0,0,0
BRDA:9,0,1,0
BRDA:17,1,0,0
BRDA:17,1,1,0
BRDA:17,1,2,0
BRDA:22,2,0,0
BRDA:22,2,1,0
BRDA:22,3,0,0
BRDA:22,3,1,0
BRDA:22,3,2,0
BRDA:33,4,0,0
BRDA:33,4,1,0
BRF:12
BRH:0
end_of_record
TN:
SF:src\components\common\buttons\Button.tsx
FN:7,(anonymous_0)
FN:28,(anonymous_1)
FN:32,(anonymous_2)
FN:33,(anonymous_3)
FN:41,(anonymous_4)
FN:45,(anonymous_5)
FN:72,(anonymous_6)
FN:79,(anonymous_7)
FN:174,(anonymous_8)
FN:180,(anonymous_9)
FNF:10
FNH:0
FNDA:0,(anonymous_0)
FNDA:0,(anonymous_1)
FNDA:0,(anonymous_2)
FNDA:0,(anonymous_3)
FNDA:0,(anonymous_4)
FNDA:0,(anonymous_5)
FNDA:0,(anonymous_6)
FNDA:0,(anonymous_7)
FNDA:0,(anonymous_8)
FNDA:0,(anonymous_9)
DA:7,0
DA:25,0
DA:26,0
DA:28,0
DA:29,0
DA:32,0
DA:33,0
DA:34,0
DA:35,0
DA:39,0
DA:41,0
DA:42,0
DA:45,0
DA:46,0
DA:47,0
DA:48,0
DA:49,0
DA:50,0
DA:51,0
DA:52,0
DA:54,0
DA:56,0
DA:57,0
DA:61,0
DA:64,0
DA:65,0
DA:67,0
DA:68,0
DA:70,0
DA:72,0
DA:74,0
DA:79,0
DA:80,0
DA:81,0
DA:83,0
DA:175,0
DA:180,0
LF:37
LH:0
BRDA:10,0,0,0
BRDA:11,1,0,0
BRDA:12,2,0,0
BRDA:13,3,0,0
BRDA:14,4,0,0
BRDA:15,5,0,0
BRDA:16,6,0,0
BRDA:17,7,0,0
BRDA:18,8,0,0
BRDA:19,9,0,0
BRDA:20,10,0,0
BRDA:21,11,0,0
BRDA:22,12,0,0
BRDA:23,13,0,0
BRDA:34,14,0,0
BRDA:34,14,1,0
BRDA:34,15,0,0
BRDA:34,15,1,0
BRDA:47,16,0,0
BRDA:47,16,1,0
BRDA:49,17,0,0
BRDA:49,17,1,0
BRDA:51,18,0,0
BRDA:51,18,1,0
BRDA:56,19,0,0
BRDA:56,19,1,0
BRDA:58,20,0,0
BRDA:58,20,1,0
BRDA:61,21,0,0
BRDA:61,21,1,0
BRDA:64,22,0,0
BRDA:64,22,1,0
BRDA:67,23,0,0
BRDA:67,23,1,0
BRDA:85,24,0,0
BRDA:85,24,1,0
BRDA:89,25,0,0
BRDA:89,25,1,0
BRDA:90,26,0,0
BRDA:90,26,1,0
BRDA:92,27,0,0
BRDA:92,27,1,0
BRDA:93,28,0,0
BRDA:93,28,1,0
BRDA:93,29,0,0
BRDA:93,29,1,0
BRDA:93,29,2,0
BRDA:99,30,0,0
BRDA:99,30,1,0
BRDA:103,31,0,0
BRDA:103,31,1,0
BRDA:103,31,2,0
BRDA:108,32,0,0
BRDA:108,32,1,0
BRDA:108,32,2,0
BRDA:110,33,0,0
BRDA:110,33,1,0
BRDA:116,34,0,0
BRDA:116,34,1,0
BRDA:123,35,0,0
BRDA:123,35,1,0
BRDA:126,36,0,0
BRDA:126,36,1,0
BRDA:134,37,0,0
BRDA:134,37,1,0
BRDA:134,37,2,0
BRDA:136,38,0,0
BRDA:136,38,1,0
BRDA:142,39,0,0
BRDA:142,39,1,0
BRDA:152,40,0,0
BRDA:152,40,1,0
BRDA:168,41,0,0
BRDA:168,41,1,0
BRDA:176,42,0,0
BRDA:176,42,1,0
BRDA:183,43,0,0
BRDA:183,43,1,0
BRDA:191,44,0,0
BRDA:191,44,1,0
BRF:80
BRH:0
end_of_record
TN:
SF:src\components\common\buttons\Fab.tsx
FN:6,(anonymous_0)
FN:17,(anonymous_1)
FNF:2
FNH:0
FNDA:0,(anonymous_0)
FNDA:0,(anonymous_1)
DA:6,0
DA:17,0
DA:18,0
DA:20,0
DA:21,0
DA:23,0
DA:26,0
DA:27,0
DA:29,0
DA:30,0
DA:32,0
DA:33,0
DA:35,0
DA:37,0
LF:14
LH:0
BRDA:7,0,0,0
BRDA:8,1,0,0
BRDA:9,2,0,0
BRDA:10,3,0,0
BRDA:11,4,0,0
BRDA:12,5,0,0
BRDA:13,6,0,0
BRDA:14,7,0,0
BRDA:15,8,0,0
BRDA:20,9,0,0
BRDA:20,9,1,0
BRDA:21,10,0,0
BRDA:21,10,1,0
BRDA:23,11,0,0
BRDA:23,11,1,0
BRDA:26,12,0,0
BRDA:26,12,1,0
BRDA:29,13,0,0
BRDA:29,13,1,0
BRDA:32,14,0,0
BRDA:32,14,1,0
BRDA:41,15,0,0
BRDA:41,15,1,0
BRDA:48,16,0,0
BRDA:48,16,1,0
BRF:25
BRH:0
end_of_record
TN:
SF:src\components\common\buttons\Switch.tsx
FN:4,(anonymous_0)
FNF:1
FNH:0
FNDA:0,(anonymous_0)
DA:4,0
DA:11,0
LF:2
LH:0
BRDA:8,0,0,0
BRDA:9,1,0,0
BRDA:12,2,0,0
BRDA:12,2,1,0
BRF:4
BRH:0
end_of_record
TN:
SF:src\components\common\customMenuDropdown\MenuDropDown.tsx
FN:18,MenuDropDown
FN:24,(anonymous_1)
FN:25,(anonymous_2)
FN:33,(anonymous_3)
FN:38,(anonymous_4)
FN:41,(anonymous_5)
FN:44,(anonymous_6)
FN:48,(anonymous_7)
FN:78,(anonymous_8)
FN:85,(anonymous_9)
FNF:10
FNH:0
FNDA:0,MenuDropDown
FNDA:0,(anonymous_1)
FNDA:0,(anonymous_2)
FNDA:0,(anonymous_3)
FNDA:0,(anonymous_4)
FNDA:0,(anonymous_5)
FNDA:0,(anonymous_6)
FNDA:0,(anonymous_7)
FNDA:0,(anonymous_8)
FNDA:0,(anonymous_9)
DA:19,0
DA:20,0
DA:21,0
DA:22,0
DA:24,0
DA:25,0
DA:26,0
DA:27,0
DA:31,0
DA:33,0
DA:34,0
DA:38,0
DA:39,0
DA:41,0
DA:42,0
DA:44,0
DA:45,0
DA:46,0
DA:48,0
DA:49,0
DA:50,0
DA:51,0
DA:53,0
DA:54,0
DA:56,0
DA:61,0
DA:79,0
DA:86,0
DA:87,0
DA:88,0
LF:30
LH:0
BRDA:26,0,0,0
BRDA:26,0,1,0
BRDA:26,1,0,0
BRDA:26,1,1,0
BRDA:49,2,0,0
BRDA:49,2,1,0
BRDA:53,3,0,0
BRDA:53,3,1,0
BRDA:73,4,0,0
BRDA:73,4,1,0
BRDA:80,5,0,0
BRDA:80,5,1,0
BRDA:93,6,0,0
BRDA:93,6,1,0
BRDA:98,7,0,0
BRDA:98,7,1,0
BRF:16
BRH:0
end_of_record
TN:
SF:src\components\common\drawer\customeSideViewer.tsx
FN:10,(anonymous_0)
FN:20,(anonymous_1)
FN:21,(anonymous_2)
FN:25,(anonymous_3)
FN:27,(anonymous_4)
FN:35,(anonymous_5)
FN:48,(anonymous_6)
FN:56,(anonymous_7)
FN:106,(anonymous_8)
FN:121,(anonymous_9)
FNF:10
FNH:0
FNDA:0,(anonymous_0)
FNDA:0,(anonymous_1)
FNDA:0,(anonymous_2)
FNDA:0,(anonymous_3)
FNDA:0,(anonymous_4)
FNDA:0,(anonymous_5)
FNDA:0,(anonymous_6)
FNDA:0,(anonymous_7)
FNDA:0,(anonymous_8)
FNDA:0,(anonymous_9)
DA:10,0
DA:15,0
DA:16,0
DA:17,0
DA:18,0
DA:20,0
DA:21,0
DA:22,0
DA:25,0
DA:27,0
DA:28,0
DA:29,0
DA:35,0
DA:36,0
DA:37,0
DA:48,0
DA:56,0
DA:66,0
DA:72,0
DA:107,0
DA:122,0
LF:21
LH:0
BRDA:28,0,0,0
BRDA:28,0,1,0
BRDA:36,1,0,0
BRDA:36,1,1,0
BRDA:41,2,0,0
BRDA:41,2,1,0
BRDA:46,3,0,0
BRDA:46,3,1,0
BRDA:46,3,2,0
BRDA:54,4,0,0
BRDA:54,4,1,0
BRDA:76,5,0,0
BRDA:76,5,1,0
BRDA:81,6,0,0
BRDA:81,6,1,0
BRDA:94,7,0,0
BRDA:94,7,1,0
BRDA:97,8,0,0
BRDA:97,8,1,0
BRDA:101,9,0,0
BRDA:101,9,1,0
BRDA:101,10,0,0
BRDA:101,10,1,0
BRDA:109,11,0,0
BRDA:109,11,1,0
BRDA:112,12,0,0
BRDA:112,12,1,0
BRDA:115,13,0,0
BRDA:115,13,1,0
BRDA:120,14,0,0
BRDA:120,14,1,0
BRDA:125,15,0,0
BRDA:125,15,1,0
BRDA:131,16,0,0
BRDA:131,16,1,0
BRF:35
BRH:0
end_of_record
TN:
SF:src\components\common\drawer\index.tsx
FN:34,CustomDrawer
FN:57,(anonymous_1)
FN:63,(anonymous_2)
FN:64,handleClickOutside
FN:79,(anonymous_4)
FN:123,(anonymous_5)
FN:129,(anonymous_6)
FN:153,(anonymous_7)
FNF:8
FNH:0
FNDA:0,CustomDrawer
FNDA:0,(anonymous_1)
FNDA:0,(anonymous_2)
FNDA:0,handleClickOutside
FNDA:0,(anonymous_4)
FNDA:0,(anonymous_5)
FNDA:0,(anonymous_6)
FNDA:0,(anonymous_7)
DA:54,0
DA:56,0
DA:57,0
DA:58,0
DA:61,0
DA:63,0
DA:65,0
DA:69,0
DA:70,0
DA:75,0
DA:76,0
DA:79,0
DA:80,0
DA:84,0
DA:124,0
DA:129,0
DA:153,0
LF:17
LH:0
BRDA:65,0,0,0
BRDA:65,0,1,0
BRDA:66,1,0,0
BRDA:66,1,1,0
BRDA:69,2,0,0
BRDA:69,2,1,0
BRDA:75,3,0,0
BRDA:75,3,1,0
BRDA:88,4,0,0
BRDA:88,4,1,0
BRDA:88,5,0,0
BRDA:88,5,1,0
BRDA:91,6,0,0
BRDA:91,6,1,0
BRDA:101,7,0,0
BRDA:101,7,1,0
BRDA:121,8,0,0
BRDA:121,8,1,0
BRDA:121,8,2,0
BRDA:139,9,0,0
BRDA:139,9,1,0
BRDA:141,10,0,0
BRDA:141,10,1,0
BRDA:141,11,0,0
BRDA:141,11,1,0
BRDA:146,12,0,0
BRDA:146,12,1,0
BRDA:146,13,0,0
BRDA:146,13,1,0
BRDA:150,14,0,0
BRDA:150,14,1,0
BRDA:153,15,0,0
BRDA:153,15,1,0
BRDA:155,16,0,0
BRDA:155,16,1,0
BRDA:163,17,0,0
BRDA:163,17,1,0
BRDA:163,18,0,0
BRDA:163,18,1,0
BRDA:168,19,0,0
BRDA:168,19,1,0
BRDA:168,19,2,0
BRDA:171,20,0,0
BRDA:171,20,1,0
BRF:44
BRH:0
end_of_record
TN:
SF:src\components\common\empty\index.tsx
FN:8,(anonymous_0)
FNF:1
FNH:0
FNDA:0,(anonymous_0)
DA:8,0
DA:9,0
LF:2
LH:0
BRF:0
BRH:0
end_of_record
TN:
SF:src\components\common\fileUpload\index.tsx
FN:11,(anonymous_0)
FN:39,(anonymous_1)
FN:50,(anonymous_2)
FN:53,(anonymous_3)
FN:73,(anonymous_4)
FN:74,(anonymous_5)
FN:76,(anonymous_6)
FN:78,(anonymous_7)
FN:89,(anonymous_8)
FN:137,(anonymous_9)
FN:175,(anonymous_10)
FN:183,(anonymous_11)
FN:188,(anonymous_12)
FN:199,(anonymous_13)
FN:201,(anonymous_14)
FN:202,(anonymous_15)
FN:285,(anonymous_16)
FN:298,(anonymous_17)
FN:315,(anonymous_18)
FN:329,(anonymous_19)
FNF:20
FNH:0
FNDA:0,(anonymous_0)
FNDA:0,(anonymous_1)
FNDA:0,(anonymous_2)
FNDA:0,(anonymous_3)
FNDA:0,(anonymous_4)
FNDA:0,(anonymous_5)
FNDA:0,(anonymous_6)
FNDA:0,(anonymous_7)
FNDA:0,(anonymous_8)
FNDA:0,(anonymous_9)
FNDA:0,(anonymous_10)
FNDA:0,(anonymous_11)
FNDA:0,(anonymous_12)
FNDA:0,(anonymous_13)
FNDA:0,(anonymous_14)
FNDA:0,(anonymous_15)
FNDA:0,(anonymous_16)
FNDA:0,(anonymous_17)
FNDA:0,(anonymous_18)
FNDA:0,(anonymous_19)
DA:11,0
DA:39,0
DA:40,0
DA:41,0
DA:42,0
DA:44,0
DA:46,0
DA:47,0
DA:48,0
DA:49,0
DA:50,0
DA:51,0
DA:52,0
DA:53,0
DA:55,0
DA:56,0
DA:57,0
DA:58,0
DA:59,0
DA:60,0
DA:62,0
DA:63,0
DA:64,0
DA:65,0
DA:68,0
DA:69,0
DA:70,0
DA:73,0
DA:74,0
DA:75,0
DA:76,0
DA:77,0
DA:78,0
DA:79,0
DA:81,0
DA:82,0
DA:84,0
DA:85,0
DA:89,0
DA:90,0
DA:91,0
DA:93,0
DA:94,0
DA:96,0
DA:97,0
DA:101,0
DA:104,0
DA:105,0
DA:109,0
DA:112,0
DA:113,0
DA:114,0
DA:115,0
DA:116,0
DA:118,0
DA:120,0
DA:124,0
DA:128,0
DA:130,0
DA:133,0
DA:137,0
DA:138,0
DA:139,0
DA:140,0
DA:141,0
DA:143,0
DA:145,0
DA:146,0
DA:147,0
DA:148,0
DA:149,0
DA:151,0
DA:153,0
DA:154,0
DA:155,0
DA:156,0
DA:157,0
DA:158,0
DA:159,0
DA:160,0
DA:162,0
DA:163,0
DA:164,0
DA:166,0
DA:167,0
DA:171,0
DA:175,0
DA:176,0
DA:177,0
DA:183,0
DA:184,0
DA:185,0
DA:188,0
DA:189,0
DA:190,0
DA:191,0
DA:193,0
DA:195,0
DA:199,0
DA:201,0
DA:202,0
DA:286,0
DA:298,0
DA:316,0
DA:329,0
LF:105
LH:0
BRDA:16,0,0,0
BRDA:17,1,0,0
BRDA:18,2,0,0
BRDA:19,3,0,0
BRDA:20,4,0,0
BRDA:32,5,0,0
BRDA:41,6,0,0
BRDA:41,6,1,0
BRDA:51,7,0,0
BRDA:51,7,1,0
BRDA:56,8,0,0
BRDA:56,8,1,0
BRDA:57,9,0,0
BRDA:57,9,1,0
BRDA:90,10,0,0
BRDA:90,10,1,0
BRDA:90,11,0,0
BRDA:90,11,1,0
BRDA:91,12,0,0
BRDA:91,12,1,0
BRDA:91,13,0,0
BRDA:91,13,1,0
BRDA:91,13,2,0
BRDA:96,14,0,0
BRDA:96,14,1,0
BRDA:96,15,0,0
BRDA:96,15,1,0
BRDA:104,16,0,0
BRDA:104,16,1,0
BRDA:104,17,0,0
BRDA:104,17,1,0
BRDA:112,18,0,0
BRDA:112,18,1,0
BRDA:116,19,0,0
BRDA:116,19,1,0
BRDA:118,20,0,0
BRDA:118,20,1,0
BRDA:138,21,0,0
BRDA:138,21,1,0
BRDA:140,22,0,0
BRDA:140,22,1,0
BRDA:145,23,0,0
BRDA:145,23,1,0
BRDA:146,24,0,0
BRDA:146,24,1,0
BRDA:148,25,0,0
BRDA:148,25,1,0
BRDA:154,26,0,0
BRDA:154,26,1,0
BRDA:156,27,0,0
BRDA:156,27,1,0
BRDA:176,28,0,0
BRDA:176,28,1,0
BRDA:184,29,0,0
BRDA:184,29,1,0
BRDA:213,30,0,0
BRDA:213,30,1,0
BRDA:214,31,0,0
BRDA:214,31,1,0
BRDA:214,31,2,0
BRDA:216,32,0,0
BRDA:216,32,1,0
BRDA:219,33,0,0
BRDA:219,33,1,0
BRDA:222,34,0,0
BRDA:222,34,1,0
BRDA:230,35,0,0
BRDA:230,35,1,0
BRDA:242,36,0,0
BRDA:242,36,1,0
BRDA:247,37,0,0
BRDA:247,37,1,0
BRDA:251,38,0,0
BRDA:251,38,1,0
BRDA:259,39,0,0
BRDA:259,39,1,0
BRDA:270,40,0,0
BRDA:270,40,1,0
BRDA:270,40,2,0
BRDA:270,40,3,0
BRDA:270,40,4,0
BRDA:274,41,0,0
BRDA:274,41,1,0
BRDA:275,42,0,0
BRDA:275,42,1,0
BRDA:275,43,0,0
BRDA:275,43,1,0
BRDA:275,44,0,0
BRDA:275,44,1,0
BRDA:278,45,0,0
BRDA:278,45,1,0
BRDA:278,45,2,0
BRDA:284,46,0,0
BRDA:284,46,1,0
BRDA:288,47,0,0
BRDA:288,47,1,0
BRDA:292,48,0,0
BRDA:292,48,1,0
BRDA:304,49,0,0
BRDA:304,49,1,0
BRDA:304,49,2,0
BRDA:304,49,3,0
BRDA:304,49,4,0
BRDA:307,50,0,0
BRDA:307,50,1,0
BRDA:311,51,0,0
BRDA:311,51,1,0
BRDA:316,52,0,0
BRDA:316,52,1,0
BRDA:316,53,0,0
BRDA:316,53,1,0
BRDA:318,54,0,0
BRDA:318,54,1,0
BRDA:322,55,0,0
BRDA:322,55,1,0
BRDA:324,56,0,0
BRDA:324,56,1,0
BRDA:326,57,0,0
BRDA:326,57,1,0
BRDA:326,58,0,0
BRDA:326,58,1,0
BRF:121
BRH:0
end_of_record
TN:
SF:src\components\common\icons\Accounting.tsx
FN:4,(anonymous_0)
FNF:1
FNH:0
FNDA:0,(anonymous_0)
DA:4,1
DA:5,0
LF:2
LH:1
BRF:0
BRH:0
end_of_record
TN:
SF:src\components\common\icons\ActivateIcon.tsx
FN:4,(anonymous_0)
FNF:1
FNH:0
FNDA:0,(anonymous_0)
DA:4,1
DA:5,0
LF:2
LH:1
BRF:0
BRH:0
end_of_record
TN:
SF:src\components\common\icons\Activities.tsx
FN:4,(anonymous_0)
FNF:1
FNH:0
FNDA:0,(anonymous_0)
DA:4,1
DA:5,0
LF:2
LH:1
BRF:0
BRH:0
end_of_record
TN:
SF:src\components\common\icons\ActivityCollectables.tsx
FN:4,(anonymous_0)
FNF:1
FNH:0
FNDA:0,(anonymous_0)
DA:4,1
DA:5,0
LF:2
LH:1
BRF:0
BRH:0
end_of_record
TN:
SF:src\components\common\icons\AddNotes.tsx
FN:5,(anonymous_0)
FNF:1
FNH:0
FNDA:0,(anonymous_0)
DA:5,1
DA:6,0
LF:2
LH:1
BRF:0
BRH:0
end_of_record
TN:
SF:src\components\common\icons\Allocate-payments.tsx
FN:5,(anonymous_0)
FNF:1
FNH:0
FNDA:0,(anonymous_0)
DA:5,1
DA:6,0
LF:2
LH:1
BRF:0
BRH:0
end_of_record
TN:
SF:src\components\common\icons\ArmIcon.tsx
FN:4,(anonymous_0)
FNF:1
FNH:0
FNDA:0,(anonymous_0)
DA:4,1
DA:5,0
LF:2
LH:1
BRF:0
BRH:0
end_of_record
TN:
SF:src\components\common\icons\ArrowRight.tsx
FN:4,(anonymous_0)
FNF:1
FNH:0
FNDA:0,(anonymous_0)
DA:4,1
DA:5,0
LF:2
LH:1
BRF:0
BRH:0
end_of_record
TN:
SF:src\components\common\icons\Ascending.tsx
FN:4,(anonymous_0)
FNF:1
FNH:0
FNDA:0,(anonymous_0)
DA:4,1
DA:5,0
LF:2
LH:1
BRF:0
BRH:0
end_of_record
TN:
SF:src\components\common\icons\AssignTeam.tsx
FN:4,(anonymous_0)
FNF:1
FNH:0
FNDA:0,(anonymous_0)
DA:4,1
DA:5,0
LF:2
LH:1
BRF:0
BRH:0
end_of_record
TN:
SF:src\components\common\icons\Attachment.tsx
FN:4,(anonymous_0)
FNF:1
FNH:0
FNDA:0,(anonymous_0)
DA:4,1
DA:5,0
LF:2
LH:1
BRF:0
BRH:0
end_of_record
TN:
SF:src\components\common\icons\BadgeCheck.tsx
FN:4,(anonymous_0)
FNF:1
FNH:0
FNDA:0,(anonymous_0)
DA:4,1
DA:5,0
LF:2
LH:1
BRF:0
BRH:0
end_of_record
TN:
SF:src\components\common\icons\Barchart.tsx
FN:4,(anonymous_0)
FNF:1
FNH:0
FNDA:0,(anonymous_0)
DA:4,1
DA:5,0
LF:2
LH:1
BRF:0
BRH:0
end_of_record
TN:
SF:src\components\common\icons\BloodPressure.tsx
FN:4,(anonymous_0)
FNF:1
FNH:0
FNDA:0,(anonymous_0)
DA:4,1
DA:5,0
LF:2
LH:1
BRF:0
BRH:0
end_of_record
TN:
SF:src\components\common\icons\BoneMass.tsx
FN:4,(anonymous_0)
FNF:1
FNH:0
FNDA:0,(anonymous_0)
DA:4,1
DA:5,0
LF:2
LH:1
BRF:0
BRH:0
end_of_record
TN:
SF:src\components\common\icons\BreadcrumbsArrow.tsx
FN:4,(anonymous_0)
FNF:1
FNH:0
FNDA:0,(anonymous_0)
DA:4,1
DA:5,0
LF:2
LH:1
BRF:0
BRH:0
end_of_record
TN:
SF:src\components\common\icons\Building.tsx
FN:4,(anonymous_0)
FNF:1
FNH:0
FNDA:0,(anonymous_0)
DA:4,1
DA:5,0
LF:2
LH:1
BRF:0
BRH:0
end_of_record
TN:
SF:src\components\common\icons\Calendar.tsx
FN:4,(anonymous_0)
FNF:1
FNH:0
FNDA:0,(anonymous_0)
DA:4,1
DA:5,0
LF:2
LH:1
BRF:0
BRH:0
end_of_record
TN:
SF:src\components\common\icons\CalendarIcon.tsx
FN:4,(anonymous_0)
FNF:1
FNH:0
FNDA:0,(anonymous_0)
DA:4,1
DA:5,0
LF:2
LH:1
BRF:0
BRH:0
end_of_record
TN:
SF:src\components\common\icons\Camera.tsx
FN:4,(anonymous_0)
FNF:1
FNH:0
FNDA:0,(anonymous_0)
DA:4,1
DA:5,0
LF:2
LH:1
BRF:0
BRH:0
end_of_record
TN:
SF:src\components\common\icons\Cancel.tsx
FN:4,(anonymous_0)
FNF:1
FNH:0
FNDA:0,(anonymous_0)
DA:4,1
DA:5,0
LF:2
LH:1
BRF:0
BRH:0
end_of_record
TN:
SF:src\components\common\icons\CardsIcon.tsx
FN:4,(anonymous_0)
FNF:1
FNH:0
FNDA:0,(anonymous_0)
DA:4,1
DA:5,0
LF:2
LH:1
BRF:0
BRH:0
end_of_record
TN:
SF:src\components\common\icons\Cart.tsx
FN:4,(anonymous_0)
FNF:1
FNH:0
FNDA:0,(anonymous_0)
DA:4,1
DA:5,0
LF:2
LH:1
BRF:0
BRH:0
end_of_record
TN:
SF:src\components\common\icons\CategoryHeaderIcon.tsx
FN:4,(anonymous_0)
FNF:1
FNH:0
FNDA:0,(anonymous_0)
DA:4,1
DA:5,0
LF:2
LH:1
BRDA:4,0,0,0
BRF:1
BRH:0
end_of_record
TN:
SF:src\components\common\icons\CategoryIcon.tsx
FN:4,(anonymous_0)
FNF:1
FNH:0
FNDA:0,(anonymous_0)
DA:4,1
DA:5,0
LF:2
LH:1
BRDA:4,0,0,0
BRF:1
BRH:0
end_of_record
TN:
SF:src\components\common\icons\ChatIcon.tsx
FN:4,(anonymous_0)
FNF:1
FNH:0
FNDA:0,(anonymous_0)
DA:4,1
DA:5,0
LF:2
LH:1
BRF:0
BRH:0
end_of_record
TN:
SF:src\components\common\icons\CheckCircle.tsx
FN:4,(anonymous_0)
FNF:1
FNH:0
FNDA:0,(anonymous_0)
DA:4,1
DA:5,0
LF:2
LH:1
BRF:0
BRH:0
end_of_record
TN:
SF:src\components\common\icons\CheckMark.tsx
FN:4,(anonymous_0)
FNF:1
FNH:0
FNDA:0,(anonymous_0)
DA:4,1
DA:5,0
LF:2
LH:1
BRF:0
BRH:0
end_of_record
TN:
SF:src\components\common\icons\CheckboxCheck.tsx
FN:4,(anonymous_0)
FNF:1
FNH:0
FNDA:0,(anonymous_0)
DA:4,1
DA:5,0
LF:2
LH:1
BRF:0
BRH:0
end_of_record
TN:
SF:src\components\common\icons\ClockIcon.tsx
FN:4,(anonymous_0)
FNF:1
FNH:0
FNDA:0,(anonymous_0)
DA:4,1
DA:5,0
LF:2
LH:1
BRF:0
BRH:0
end_of_record
TN:
SF:src\components\common\icons\Close.tsx
FN:4,(anonymous_0)
FNF:1
FNH:0
FNDA:0,(anonymous_0)
DA:4,1
DA:5,0
LF:2
LH:1
BRF:0
BRH:0
end_of_record
TN:
SF:src\components\common\icons\ClosePopup.tsx
FN:4,(anonymous_0)
FNF:1
FNH:0
FNDA:0,(anonymous_0)
DA:4,1
DA:5,0
LF:2
LH:1
BRF:0
BRH:0
end_of_record
TN:
SF:src\components\common\icons\CloudUpload.tsx
FN:4,(anonymous_0)
FNF:1
FNH:0
FNDA:0,(anonymous_0)
DA:4,1
DA:5,0
LF:2
LH:1
BRF:0
BRH:0
end_of_record
TN:
SF:src\components\common\icons\ColumnIcon.tsx
FN:5,(anonymous_0)
FNF:1
FNH:0
FNDA:0,(anonymous_0)
DA:5,0
DA:6,0
LF:2
LH:0
BRDA:5,0,0,0
BRF:1
BRH:0
end_of_record
TN:
SF:src\components\common\icons\CubeIcon.tsx
FN:4,(anonymous_0)
FNF:1
FNH:0
FNDA:0,(anonymous_0)
DA:4,1
DA:5,0
LF:2
LH:1
BRF:0
BRH:0
end_of_record
TN:
SF:src\components\common\icons\Customer.tsx
FN:4,(anonymous_0)
FNF:1
FNH:0
FNDA:0,(anonymous_0)
DA:4,1
DA:5,0
LF:2
LH:1
BRF:0
BRH:0
end_of_record
TN:
SF:src\components\common\icons\Danger.tsx
FN:4,(anonymous_0)
FNF:1
FNH:0
FNDA:0,(anonymous_0)
DA:4,1
DA:5,0
LF:2
LH:1
BRF:0
BRH:0
end_of_record
TN:
SF:src\components\common\icons\Dashboard.tsx
FN:4,(anonymous_0)
FNF:1
FNH:0
FNDA:0,(anonymous_0)
DA:4,1
DA:5,0
LF:2
LH:1
BRF:0
BRH:0
end_of_record
TN:
SF:src\components\common\icons\DeactivateIcon.tsx
FN:4,(anonymous_0)
FNF:1
FNH:0
FNDA:0,(anonymous_0)
DA:4,1
DA:5,0
LF:2
LH:1
BRF:0
BRH:0
end_of_record
TN:
SF:src\components\common\icons\DealIcon.tsx
FN:4,(anonymous_0)
FNF:1
FNH:0
FNDA:0,(anonymous_0)
DA:4,1
DA:5,0
LF:2
LH:1
BRF:0
BRH:0
end_of_record
TN:
SF:src\components\common\icons\Delete.tsx
FN:4,(anonymous_0)
FNF:1
FNH:0
FNDA:0,(anonymous_0)
DA:4,1
DA:5,0
LF:2
LH:1
BRF:0
BRH:0
end_of_record
TN:
SF:src\components\common\icons\Descending.tsx
FN:4,(anonymous_0)
FNF:1
FNH:0
FNDA:0,(anonymous_0)
DA:4,1
DA:5,0
LF:2
LH:1
BRF:0
BRH:0
end_of_record
TN:
SF:src\components\common\icons\Discount.tsx
FN:4,(anonymous_0)
FNF:1
FNH:0
FNDA:0,(anonymous_0)
DA:4,1
DA:5,0
LF:2
LH:1
BRF:0
BRH:0
end_of_record
TN:
SF:src\components\common\icons\DocumentIcon.tsx
FN:4,(anonymous_0)
FNF:1
FNH:0
FNDA:0,(anonymous_0)
DA:4,1
DA:5,0
LF:2
LH:1
BRF:0
BRH:0
end_of_record
TN:
SF:src\components\common\icons\Download.tsx
FN:4,(anonymous_0)
FNF:1
FNH:0
FNDA:0,(anonymous_0)
DA:4,1
DA:5,0
LF:2
LH:1
BRF:0
BRH:0
end_of_record
TN:
SF:src\components\common\icons\DropArrow.tsx
FN:4,(anonymous_0)
FNF:1
FNH:0
FNDA:0,(anonymous_0)
DA:4,1
DA:5,0
LF:2
LH:1
BRF:0
BRH:0
end_of_record
TN:
SF:src\components\common\icons\DropArrowButton.tsx
FN:4,(anonymous_0)
FNF:1
FNH:0
FNDA:0,(anonymous_0)
DA:4,1
DA:5,0
LF:2
LH:1
BRF:0
BRH:0
end_of_record
TN:
SF:src\components\common\icons\Edit.tsx
FN:4,(anonymous_0)
FNF:1
FNH:0
FNDA:0,(anonymous_0)
DA:4,1
DA:5,0
LF:2
LH:1
BRF:0
BRH:0
end_of_record
TN:
SF:src\components\common\icons\EditFab.tsx
FN:4,(anonymous_0)
FNF:1
FNH:0
FNDA:0,(anonymous_0)
DA:4,1
DA:5,0
LF:2
LH:1
BRF:0
BRH:0
end_of_record
TN:
SF:src\components\common\icons\EditIcon.tsx
FN:4,(anonymous_0)
FNF:1
FNH:0
FNDA:0,(anonymous_0)
DA:4,1
DA:5,0
LF:2
LH:1
BRF:0
BRH:0
end_of_record
TN:
SF:src\components\common\icons\Email.tsx
FN:4,(anonymous_0)
FNF:1
FNH:0
FNDA:0,(anonymous_0)
DA:4,1
DA:5,0
LF:2
LH:1
BRF:0
BRH:0
end_of_record
TN:
SF:src\components\common\icons\EmptyCheckMark.tsx
FN:4,(anonymous_0)
FNF:1
FNH:0
FNDA:0,(anonymous_0)
DA:4,1
DA:5,0
LF:2
LH:1
BRF:0
BRH:0
end_of_record
TN:
SF:src\components\common\icons\ExclamationCircle.tsx
FN:4,(anonymous_0)
FNF:1
FNH:0
FNDA:0,(anonymous_0)
DA:4,1
DA:5,0
LF:2
LH:1
BRF:0
BRH:0
end_of_record
TN:
SF:src\components\common\icons\ExclamationDanger.tsx
FN:4,(anonymous_0)
FNF:1
FNH:0
FNDA:0,(anonymous_0)
DA:4,1
DA:5,0
LF:2
LH:1
BRF:0
BRH:0
end_of_record
TN:
SF:src\components\common\icons\ExerciseIcon.tsx
FN:3,(anonymous_0)
FNF:1
FNH:0
FNDA:0,(anonymous_0)
DA:3,1
DA:4,0
LF:2
LH:1
BRF:0
BRH:0
end_of_record
TN:
SF:src\components\common\icons\Expand.tsx
FN:4,(anonymous_0)
FNF:1
FNH:0
FNDA:0,(anonymous_0)
DA:4,1
DA:5,0
LF:2
LH:1
BRF:0
BRH:0
end_of_record
TN:
SF:src\components\common\icons\Explorer.tsx
FN:4,(anonymous_0)
FNF:1
FNH:0
FNDA:0,(anonymous_0)
DA:4,1
DA:5,0
LF:2
LH:1
BRF:0
BRH:0
end_of_record
TN:
SF:src\components\common\icons\ExplorerClose.tsx
FN:4,(anonymous_0)
FNF:1
FNH:0
FNDA:0,(anonymous_0)
DA:4,1
DA:5,0
LF:2
LH:1
BRF:0
BRH:0
end_of_record
TN:
SF:src\components\common\icons\Export.tsx
FN:4,(anonymous_0)
FNF:1
FNH:0
FNDA:0,(anonymous_0)
DA:4,1
DA:5,0
LF:2
LH:1
BRF:0
BRH:0
end_of_record
TN:
SF:src\components\common\icons\ExportFile.tsx
FN:4,(anonymous_0)
FNF:1
FNH:0
FNDA:0,(anonymous_0)
DA:4,1
DA:5,0
LF:2
LH:1
BRF:0
BRH:0
end_of_record
TN:
SF:src\components\common\icons\ExternalLink.tsx
FN:3,(anonymous_0)
FNF:1
FNH:0
FNDA:0,(anonymous_0)
DA:3,1
DA:4,0
LF:2
LH:1
BRF:0
BRH:0
end_of_record
TN:
SF:src\components\common\icons\Eye.tsx
FN:4,(anonymous_0)
FNF:1
FNH:0
FNDA:0,(anonymous_0)
DA:4,1
DA:5,0
LF:2
LH:1
BRF:0
BRH:0
end_of_record
TN:
SF:src\components\common\icons\EyeClose.tsx
FN:4,(anonymous_0)
FNF:1
FNH:0
FNDA:0,(anonymous_0)
DA:4,1
DA:5,0
LF:2
LH:1
BRF:0
BRH:0
end_of_record
TN:
SF:src\components\common\icons\FatIcon.tsx
FN:4,(anonymous_0)
FNF:1
FNH:0
FNDA:0,(anonymous_0)
DA:4,1
DA:5,0
LF:2
LH:1
BRF:0
BRH:0
end_of_record
TN:
SF:src\components\common\icons\Favourite.tsx
FN:4,(anonymous_0)
FNF:1
FNH:0
FNDA:0,(anonymous_0)
DA:4,1
DA:5,0
LF:2
LH:1
BRF:0
BRH:0
end_of_record
TN:
SF:src\components\common\icons\Favourited.tsx
FN:4,(anonymous_0)
FNF:1
FNH:0
FNDA:0,(anonymous_0)
DA:4,1
DA:5,0
LF:2
LH:1
BRF:0
BRH:0
end_of_record
TN:
SF:src\components\common\icons\FavoutiteColored.tsx
FN:4,(anonymous_0)
FNF:1
FNH:0
FNDA:0,(anonymous_0)
DA:4,1
DA:5,0
LF:2
LH:1
BRF:0
BRH:0
end_of_record
TN:
SF:src\components\common\icons\Filter.tsx
FN:4,(anonymous_0)
FNF:1
FNH:0
FNDA:0,(anonymous_0)
DA:4,1
DA:5,0
LF:2
LH:1
BRF:0
BRH:0
end_of_record
TN:
SF:src\components\common\icons\ForwardArrow.tsx
FN:4,(anonymous_0)
FNF:1
FNH:0
FNDA:0,(anonymous_0)
DA:4,1
DA:5,0
LF:2
LH:1
BRF:0
BRH:0
end_of_record
TN:
SF:src\components\common\icons\Hamburger.tsx
FN:3,(anonymous_0)
FNF:1
FNH:0
FNDA:0,(anonymous_0)
DA:3,1
DA:4,0
LF:2
LH:1
BRF:0
BRH:0
end_of_record
TN:
SF:src\components\common\icons\HeaderArrow.tsx
FN:3,(anonymous_0)
FNF:1
FNH:0
FNDA:0,(anonymous_0)
DA:3,1
DA:4,0
LF:2
LH:1
BRF:0
BRH:0
end_of_record
TN:
SF:src\components\common\icons\HeaderDropDown.tsx
FN:4,(anonymous_0)
FNF:1
FNH:0
FNDA:0,(anonymous_0)
DA:4,1
DA:5,0
LF:2
LH:1
BRF:0
BRH:0
end_of_record
TN:
SF:src\components\common\icons\HeartRate.tsx
FN:4,(anonymous_0)
FNF:1
FNH:0
FNDA:0,(anonymous_0)
DA:4,1
DA:5,0
LF:2
LH:1
BRF:0
BRH:0
end_of_record
TN:
SF:src\components\common\icons\HeightIcon.tsx
FN:3,(anonymous_0)
FNF:1
FNH:0
FNDA:0,(anonymous_0)
DA:3,1
DA:4,0
LF:2
LH:1
BRF:0
BRH:0
end_of_record
TN:
SF:src\components\common\icons\Home.tsx
FN:4,(anonymous_0)
FNF:1
FNH:0
FNDA:0,(anonymous_0)
DA:4,1
DA:5,0
LF:2
LH:1
BRF:0
BRH:0
end_of_record
TN:
SF:src\components\common\icons\Invoice.tsx
FN:5,(anonymous_0)
FNF:1
FNH:0
FNDA:0,(anonymous_0)
DA:5,1
DA:6,0
LF:2
LH:1
BRF:0
BRH:0
end_of_record
TN:
SF:src\components\common\icons\LeftArrow.tsx
FN:4,(anonymous_0)
FNF:1
FNH:0
FNDA:0,(anonymous_0)
DA:4,1
DA:5,0
LF:2
LH:1
BRF:0
BRH:0
end_of_record
TN:
SF:src\components\common\icons\Link.tsx
FN:4,(anonymous_0)
FNF:1
FNH:0
FNDA:0,(anonymous_0)
DA:4,1
DA:5,0
LF:2
LH:1
BRF:0
BRH:0
end_of_record
TN:
SF:src\components\common\icons\LiveFleet.tsx
FN:4,(anonymous_0)
FNF:1
FNH:0
FNDA:0,(anonymous_0)
DA:4,1
DA:5,0
LF:2
LH:1
BRF:0
BRH:0
end_of_record
TN:
SF:src\components\common\icons\LocationPin.tsx
FN:4,(anonymous_0)
FNF:1
FNH:0
FNDA:0,(anonymous_0)
DA:4,1
DA:5,0
LF:2
LH:1
BRF:0
BRH:0
end_of_record
TN:
SF:src\components\common\icons\Lock.tsx
FN:4,(anonymous_0)
FNF:1
FNH:0
FNDA:0,(anonymous_0)
DA:4,1
DA:5,0
LF:2
LH:1
BRF:0
BRH:0
end_of_record
TN:
SF:src\components\common\icons\Logout.tsx
FN:4,(anonymous_0)
FNF:1
FNH:0
FNDA:0,(anonymous_0)
DA:4,1
DA:5,0
LF:2
LH:1
BRF:0
BRH:0
end_of_record
TN:
SF:src\components\common\icons\Meals.tsx
FN:1,(anonymous_0)
FNF:1
FNH:0
FNDA:0,(anonymous_0)
DA:1,1
DA:2,0
LF:2
LH:1
BRF:0
BRH:0
end_of_record
TN:
SF:src\components\common\icons\Meditation.tsx
FN:9,(anonymous_0)
FNF:1
FNH:0
FNDA:0,(anonymous_0)
DA:9,1
DA:16,0
LF:2
LH:1
BRDA:10,0,0,0
BRDA:11,1,0,0
BRDA:12,2,0,0
BRDA:23,3,0,0
BRDA:23,3,1,0
BRDA:27,4,0,0
BRDA:27,4,1,0
BRF:7
BRH:0
end_of_record
TN:
SF:src\components\common\icons\MenuFavourite.tsx
FN:4,(anonymous_0)
FNF:1
FNH:0
FNDA:0,(anonymous_0)
DA:4,1
DA:5,0
LF:2
LH:1
BRF:0
BRH:0
end_of_record
TN:
SF:src\components\common\icons\MenuListIcon.tsx
FN:4,(anonymous_0)
FNF:1
FNH:0
FNDA:0,(anonymous_0)
DA:4,1
DA:5,0
LF:2
LH:1
BRF:0
BRH:0
end_of_record
TN:
SF:src\components\common\icons\MenuSection.tsx
FN:4,(anonymous_0)
FNF:1
FNH:0
FNDA:0,(anonymous_0)
DA:4,1
DA:5,0
LF:2
LH:1
BRF:0
BRH:0
end_of_record
TN:
SF:src\components\common\icons\MenuUpArrow.tsx
FN:4,(anonymous_0)
FNF:1
FNH:0
FNDA:0,(anonymous_0)
DA:4,1
DA:5,0
LF:2
LH:1
BRF:0
BRH:0
end_of_record
TN:
SF:src\components\common\icons\Merge.tsx
FN:4,(anonymous_0)
FNF:1
FNH:0
FNDA:0,(anonymous_0)
DA:4,1
DA:5,0
LF:2
LH:1
BRF:0
BRH:0
end_of_record
TN:
SF:src\components\common\icons\Musclemass.tsx
FN:4,(anonymous_0)
FNF:1
FNH:0
FNDA:0,(anonymous_0)
DA:4,1
DA:5,0
LF:2
LH:1
BRF:0
BRH:0
end_of_record
TN:
SF:src\components\common\icons\MyApprovals.tsx
FN:4,(anonymous_0)
FNF:1
FNH:0
FNDA:0,(anonymous_0)
DA:4,1
DA:5,0
LF:2
LH:1
BRF:0
BRH:0
end_of_record
TN:
SF:src\components\common\icons\MyTask.tsx
FN:4,(anonymous_0)
FNF:1
FNH:0
FNDA:0,(anonymous_0)
DA:4,1
DA:5,0
LF:2
LH:1
BRF:0
BRH:0
end_of_record
TN:
SF:src\components\common\icons\NeckIcon.tsx
FN:4,(anonymous_0)
FNF:1
FNH:0
FNDA:0,(anonymous_0)
DA:4,1
DA:5,0
LF:2
LH:1
BRF:0
BRH:0
end_of_record
TN:
SF:src\components\common\icons\NextArrow.tsx
FN:4,(anonymous_0)
FNF:1
FNH:0
FNDA:0,(anonymous_0)
DA:4,1
DA:5,0
LF:2
LH:1
BRF:0
BRH:0
end_of_record
TN:
SF:src\components\common\icons\NextMost.tsx
FN:4,(anonymous_0)
FNF:1
FNH:0
FNDA:0,(anonymous_0)
DA:4,1
DA:5,0
LF:2
LH:1
BRF:0
BRH:0
end_of_record
TN:
SF:src\components\common\icons\NoData.tsx
FN:4,(anonymous_0)
FNF:1
FNH:0
FNDA:0,(anonymous_0)
DA:4,1
DA:5,0
LF:2
LH:1
BRF:0
BRH:0
end_of_record
TN:
SF:src\components\common\icons\Notification.tsx
FN:4,(anonymous_0)
FNF:1
FNH:0
FNDA:0,(anonymous_0)
DA:4,1
DA:5,0
LF:2
LH:1
BRF:0
BRH:0
end_of_record
TN:
SF:src\components\common\icons\Notifications.tsx
FN:3,(anonymous_0)
FNF:1
FNH:0
FNDA:0,(anonymous_0)
DA:3,1
DA:4,0
LF:2
LH:1
BRDA:3,0,0,0
BRF:1
BRH:0
end_of_record
TN:
SF:src\components\common\icons\Paperclip.tsx
FN:4,(anonymous_0)
FNF:1
FNH:0
FNDA:0,(anonymous_0)
DA:4,1
DA:5,0
LF:2
LH:1
BRF:0
BRH:0
end_of_record
TN:
SF:src\components\common\icons\Payment.tsx
FN:4,(anonymous_0)
FNF:1
FNH:0
FNDA:0,(anonymous_0)
DA:4,1
DA:5,0
LF:2
LH:1
BRF:0
BRH:0
end_of_record
TN:
SF:src\components\common\icons\PaymentApprovals.tsx
FN:4,(anonymous_0)
FNF:1
FNH:0
FNDA:0,(anonymous_0)
DA:4,1
DA:5,0
LF:2
LH:1
BRF:0
BRH:0
end_of_record
TN:
SF:src\components\common\icons\PaymentReceipt.tsx
FN:4,(anonymous_0)
FNF:1
FNH:0
FNDA:0,(anonymous_0)
DA:4,1
DA:5,0
LF:2
LH:1
BRF:0
BRH:0
end_of_record
TN:
SF:src\components\common\icons\PaymentVerification.tsx
FN:5,(anonymous_0)
FNF:1
FNH:0
FNDA:0,(anonymous_0)
DA:5,1
DA:6,0
LF:2
LH:1
BRF:0
BRH:0
end_of_record
TN:
SF:src\components\common\icons\Phone.tsx
FN:4,(anonymous_0)
FNF:1
FNH:0
FNDA:0,(anonymous_0)
DA:4,1
DA:5,0
LF:2
LH:1
BRF:0
BRH:0
end_of_record
TN:
SF:src\components\common\icons\PhoneCalling.tsx
FN:4,(anonymous_0)
FNF:1
FNH:0
FNDA:0,(anonymous_0)
DA:4,1
DA:5,0
LF:2
LH:1
BRF:0
BRH:0
end_of_record
TN:
SF:src\components\common\icons\Plan.tsx
FN:3,Plan
FNF:1
FNH:0
FNDA:0,Plan
DA:11,0
LF:1
LH:0
BRDA:4,0,0,0
BRDA:5,1,0,0
BRDA:6,2,0,0
BRDA:7,3,0,0
BRDA:8,4,0,0
BRF:5
BRH:0
end_of_record
TN:
SF:src\components\common\icons\Plus.tsx
FN:4,(anonymous_0)
FNF:1
FNH:0
FNDA:0,(anonymous_0)
DA:4,1
DA:5,0
LF:2
LH:1
BRF:0
BRH:0
end_of_record
TN:
SF:src\components\common\icons\PlusLarge.tsx
FN:4,(anonymous_0)
FNF:1
FNH:0
FNDA:0,(anonymous_0)
DA:4,1
DA:5,0
LF:2
LH:1
BRF:0
BRH:0
end_of_record
TN:
SF:src\components\common\icons\PlusTab.tsx
FN:4,(anonymous_0)
FNF:1
FNH:0
FNDA:0,(anonymous_0)
DA:4,1
DA:5,0
LF:2
LH:1
BRF:0
BRH:0
end_of_record
TN:
SF:src\components\common\icons\PreviousArrow.tsx
FN:4,(anonymous_0)
FNF:1
FNH:0
FNDA:0,(anonymous_0)
DA:4,1
DA:5,0
LF:2
LH:1
BRF:0
BRH:0
end_of_record
TN:
SF:src\components\common\icons\PreviousMost.tsx
FN:4,(anonymous_0)
FNF:1
FNH:0
FNDA:0,(anonymous_0)
DA:4,1
DA:5,0
LF:2
LH:1
BRF:0
BRH:0
end_of_record
TN:
SF:src\components\common\icons\Profile.tsx
FN:4,(anonymous_0)
FNF:1
FNH:0
FNDA:0,(anonymous_0)
DA:4,1
DA:5,0
LF:2
LH:1
BRF:0
BRH:0
end_of_record
TN:
SF:src\components\common\icons\Prospect.tsx
FN:5,(anonymous_0)
FNF:1
FNH:0
FNDA:0,(anonymous_0)
DA:5,1
DA:6,0
LF:2
LH:1
BRF:0
BRH:0
end_of_record
TN:
SF:src\components\common\icons\QuestionCircle.tsx
FN:4,(anonymous_0)
FNF:1
FNH:0
FNDA:0,(anonymous_0)
DA:4,1
DA:5,0
LF:2
LH:1
BRF:0
BRH:0
end_of_record
TN:
SF:src\components\common\icons\Quote.tsx
FN:4,(anonymous_0)
FNF:1
FNH:0
FNDA:0,(anonymous_0)
DA:4,1
DA:5,0
LF:2
LH:1
BRF:0
BRH:0
end_of_record
TN:
SF:src\components\common\icons\RaiseDeficiency.tsx
FN:4,(anonymous_0)
FNF:1
FNH:0
FNDA:0,(anonymous_0)
DA:4,1
DA:5,0
LF:2
LH:1
BRF:0
BRH:0
end_of_record
TN:
SF:src\components\common\icons\RaiseMissing.tsx
FN:4,(anonymous_0)
FNF:1
FNH:0
FNDA:0,(anonymous_0)
DA:4,1
DA:5,0
LF:2
LH:1
BRF:0
BRH:0
end_of_record
TN:
SF:src\components\common\icons\RaiseRequest.tsx
FN:5,(anonymous_0)
FNF:1
FNH:0
FNDA:0,(anonymous_0)
DA:5,1
DA:6,0
LF:2
LH:1
BRF:0
BRH:0
end_of_record
TN:
SF:src\components\common\icons\Receipt.tsx
FN:4,(anonymous_0)
FNF:1
FNH:0
FNDA:0,(anonymous_0)
DA:4,1
DA:5,0
LF:2
LH:1
BRF:0
BRH:0
end_of_record
TN:
SF:src\components\common\icons\Recipe.tsx
FN:1,(anonymous_0)
FNF:1
FNH:0
FNDA:0,(anonymous_0)
DA:1,1
DA:2,0
LF:2
LH:1
BRDA:1,0,0,0
BRDA:1,1,0,0
BRF:2
BRH:0
end_of_record
TN:
SF:src\components\common\icons\Refresh.tsx
FN:4,(anonymous_0)
FNF:1
FNH:0
FNDA:0,(anonymous_0)
DA:4,1
DA:5,0
LF:2
LH:1
BRF:0
BRH:0
end_of_record
TN:
SF:src\components\common\icons\ReplyIcon.tsx
FN:4,(anonymous_0)
FNF:1
FNH:0
FNDA:0,(anonymous_0)
DA:4,1
DA:5,0
LF:2
LH:1
BRF:0
BRH:0
end_of_record
TN:
SF:src\components\common\icons\Restore.tsx
FN:4,(anonymous_0)
FNF:1
FNH:0
FNDA:0,(anonymous_0)
DA:4,1
DA:5,0
LF:2
LH:1
BRF:0
BRH:0
end_of_record
TN:
SF:src\components\common\icons\Retry.tsx
FN:4,(anonymous_0)
FNF:1
FNH:0
FNDA:0,(anonymous_0)
DA:4,1
DA:5,0
LF:2
LH:1
BRF:0
BRH:0
end_of_record
TN:
SF:src\components\common\icons\ReviewRequest.tsx
FN:4,(anonymous_0)
FNF:1
FNH:0
FNDA:0,(anonymous_0)
DA:4,1
DA:5,0
LF:2
LH:1
BRF:0
BRH:0
end_of_record
TN:
SF:src\components\common\icons\Sales.tsx
FN:4,(anonymous_0)
FNF:1
FNH:0
FNDA:0,(anonymous_0)
DA:4,1
DA:5,0
LF:2
LH:1
BRF:0
BRH:0
end_of_record
TN:
SF:src\components\common\icons\Save.tsx
FN:4,(anonymous_0)
FNF:1
FNH:0
FNDA:0,(anonymous_0)
DA:4,1
DA:5,0
LF:2
LH:1
BRF:0
BRH:0
end_of_record
TN:
SF:src\components\common\icons\SaveIcon.tsx
FN:4,(anonymous_0)
FNF:1
FNH:0
FNDA:0,(anonymous_0)
DA:4,1
DA:5,0
LF:2
LH:1
BRF:0
BRH:0
end_of_record
TN:
SF:src\components\common\icons\Search.tsx
FN:4,(anonymous_0)
FNF:1
FNH:0
FNDA:0,(anonymous_0)
DA:4,1
DA:5,0
LF:2
LH:1
BRF:0
BRH:0
end_of_record
TN:
SF:src\components\common\icons\SendIcon.tsx
FN:4,(anonymous_0)
FNF:1
FNH:0
FNDA:0,(anonymous_0)
DA:4,1
DA:5,0
LF:2
LH:1
BRF:0
BRH:0
end_of_record
TN:
SF:src\components\common\icons\Services.tsx
FN:4,(anonymous_0)
FNF:1
FNH:0
FNDA:0,(anonymous_0)
DA:4,1
DA:5,0
LF:2
LH:1
BRF:0
BRH:0
end_of_record
TN:
SF:src\components\common\icons\Settings.tsx
FN:4,(anonymous_0)
FNF:1
FNH:0
FNDA:0,(anonymous_0)
DA:4,1
DA:5,0
LF:2
LH:1
BRF:0
BRH:0
end_of_record
TN:
SF:src\components\common\icons\Share.tsx
FN:4,(anonymous_0)
FNF:1
FNH:0
FNDA:0,(anonymous_0)
DA:4,1
DA:5,0
LF:2
LH:1
BRF:0
BRH:0
end_of_record
TN:
SF:src\components\common\icons\ShareAltIcon.tsx
FN:4,(anonymous_0)
FNF:1
FNH:0
FNDA:0,(anonymous_0)
DA:4,1
DA:5,0
LF:2
LH:1
BRF:0
BRH:0
end_of_record
TN:
SF:src\components\common\icons\SideMenuLogout.tsx
FN:4,(anonymous_0)
FNF:1
FNH:0
FNDA:0,(anonymous_0)
DA:4,1
DA:5,0
LF:2
LH:1
BRF:0
BRH:0
end_of_record
TN:
SF:src\components\common\icons\SidebarArrow.tsx
FN:4,(anonymous_0)
FNF:1
FNH:0
FNDA:0,(anonymous_0)
DA:4,1
DA:5,0
LF:2
LH:1
BRF:0
BRH:0
end_of_record
TN:
SF:src\components\common\icons\SleepTimeIcon.tsx
FN:4,(anonymous_0)
FNF:1
FNH:0
FNDA:0,(anonymous_0)
DA:4,1
DA:5,0
LF:2
LH:1
BRF:0
BRH:0
end_of_record
TN:
SF:src\components\common\icons\Sort.tsx
FN:4,(anonymous_0)
FNF:1
FNH:0
FNDA:0,(anonymous_0)
DA:4,1
DA:5,0
LF:2
LH:1
BRF:0
BRH:0
end_of_record
TN:
SF:src\components\common\icons\SortDesc.tsx
FN:4,(anonymous_0)
FNF:1
FNH:0
FNDA:0,(anonymous_0)
DA:4,1
DA:5,0
LF:2
LH:1
BRF:0
BRH:0
end_of_record
TN:
SF:src\components\common\icons\SortIcon.tsx
FN:4,(anonymous_0)
FNF:1
FNH:0
FNDA:0,(anonymous_0)
DA:4,1
DA:5,0
LF:2
LH:1
BRF:0
BRH:0
end_of_record
TN:
SF:src\components\common\icons\StarIcon.tsx
FN:5,(anonymous_0)
FNF:1
FNH:0
FNDA:0,(anonymous_0)
DA:5,1
DA:6,0
LF:2
LH:1
BRF:0
BRH:0
end_of_record
TN:
SF:src\components\common\icons\SubMenuListIcon.tsx
FN:4,(anonymous_0)
FNF:1
FNH:0
FNDA:0,(anonymous_0)
DA:4,1
DA:5,0
LF:2
LH:1
BRF:0
BRH:0
end_of_record
TN:
SF:src\components\common\icons\Subscription.tsx
FN:4,(anonymous_0)
FNF:1
FNH:0
FNDA:0,(anonymous_0)
DA:4,1
DA:5,0
LF:2
LH:1
BRF:0
BRH:0
end_of_record
TN:
SF:src\components\common\icons\Subscriptions.tsx
FN:19,(anonymous_0)
FNF:1
FNH:0
FNDA:0,(anonymous_0)
DA:19,1
DA:20,0
LF:2
LH:1
BRDA:19,0,0,0
BRDA:19,1,0,0
BRF:2
BRH:0
end_of_record
TN:
SF:src\components\common\icons\Success.tsx
FN:4,(anonymous_0)
FNF:1
FNH:0
FNDA:0,(anonymous_0)
DA:4,1
DA:5,0
LF:2
LH:1
BRF:0
BRH:0
end_of_record
TN:
SF:src\components\common\icons\SugarLevelIcon.tsx
FN:4,(anonymous_0)
FNF:1
FNH:0
FNDA:0,(anonymous_0)
DA:4,1
DA:5,0
LF:2
LH:1
BRF:0
BRH:0
end_of_record
TN:
SF:src\components\common\icons\Support.tsx
FN:4,(anonymous_0)
FNF:1
FNH:0
FNDA:0,(anonymous_0)
DA:4,1
DA:5,0
LF:2
LH:1
BRF:0
BRH:0
end_of_record
TN:
SF:src\components\common\icons\TableDelete.tsx
FN:4,(anonymous_0)
FNF:1
FNH:0
FNDA:0,(anonymous_0)
DA:4,1
DA:5,0
LF:2
LH:1
BRF:0
BRH:0
end_of_record
TN:
SF:src\components\common\icons\TableEdit.tsx
FN:4,(anonymous_0)
FNF:1
FNH:0
FNDA:0,(anonymous_0)
DA:4,1
DA:5,0
LF:2
LH:1
BRF:0
BRH:0
end_of_record
TN:
SF:src\components\common\icons\TemplateIcon.tsx
FN:4,(anonymous_0)
FNF:1
FNH:0
FNDA:0,(anonymous_0)
DA:4,1
DA:5,0
LF:2
LH:1
BRF:0
BRH:0
end_of_record
TN:
SF:src\components\common\icons\TemplateIconWhite.tsx
FN:4,(anonymous_0)
FNF:1
FNH:0
FNDA:0,(anonymous_0)
DA:4,1
DA:5,0
LF:2
LH:1
BRF:0
BRH:0
end_of_record
TN:
SF:src\components\common\icons\TextFieldCancel.tsx
FN:4,(anonymous_0)
FNF:1
FNH:0
FNDA:0,(anonymous_0)
DA:4,1
DA:5,0
LF:2
LH:1
BRF:0
BRH:0
end_of_record
TN:
SF:src\components\common\icons\TextFieldDone.tsx
FN:4,(anonymous_0)
FNF:1
FNH:0
FNDA:0,(anonymous_0)
DA:4,1
DA:5,0
LF:2
LH:1
BRF:0
BRH:0
end_of_record
TN:
SF:src\components\common\icons\ThighIcon.tsx
FN:4,(anonymous_0)
FNF:1
FNH:0
FNDA:0,(anonymous_0)
DA:4,1
DA:5,0
LF:2
LH:1
BRF:0
BRH:0
end_of_record
TN:
SF:src\components\common\icons\ThreeDot.tsx
FN:4,(anonymous_0)
FNF:1
FNH:0
FNDA:0,(anonymous_0)
DA:4,1
DA:5,0
LF:2
LH:1
BRF:0
BRH:0
end_of_record
TN:
SF:src\components\common\icons\ThreeDotHorizontal.tsx
FN:4,(anonymous_0)
FNF:1
FNH:0
FNDA:0,(anonymous_0)
DA:4,1
DA:5,0
LF:2
LH:1
BRF:0
BRH:0
end_of_record
TN:
SF:src\components\common\icons\TileCart.tsx
FN:4,(anonymous_0)
FNF:1
FNH:0
FNDA:0,(anonymous_0)
DA:4,1
DA:5,0
LF:2
LH:1
BRF:0
BRH:0
end_of_record
TN:
SF:src\components\common\icons\TitleIcon.tsx
FN:4,(anonymous_0)
FNF:1
FNH:0
FNDA:0,(anonymous_0)
DA:4,1
DA:5,0
LF:2
LH:1
BRF:0
BRH:0
end_of_record
TN:
SF:src\components\common\icons\TopbarMenu.tsx
FN:3,(anonymous_0)
FNF:1
FNH:0
FNDA:0,(anonymous_0)
DA:3,1
DA:4,0
LF:2
LH:1
BRF:0
BRH:0
end_of_record
TN:
SF:src\components\common\icons\TreeCollapse.tsx
FN:4,(anonymous_0)
FNF:1
FNH:0
FNDA:0,(anonymous_0)
DA:4,1
DA:5,0
LF:2
LH:1
BRF:0
BRH:0
end_of_record
TN:
SF:src\components\common\icons\TreeExpand.tsx
FN:4,(anonymous_0)
FNF:1
FNH:0
FNDA:0,(anonymous_0)
DA:4,1
DA:5,0
LF:2
LH:1
BRF:0
BRH:0
end_of_record
TN:
SF:src\components\common\icons\Un-Allocate-payments.tsx
FN:5,(anonymous_0)
FNF:1
FNH:0
FNDA:0,(anonymous_0)
DA:5,1
DA:6,0
LF:2
LH:1
BRF:0
BRH:0
end_of_record
TN:
SF:src\components\common\icons\UnLink.tsx
FN:4,(anonymous_0)
FNF:1
FNH:0
FNDA:0,(anonymous_0)
DA:4,1
DA:5,0
LF:2
LH:1
BRF:0
BRH:0
end_of_record
TN:
SF:src\components\common\icons\Unverify.tsx
FN:4,(anonymous_0)
FNF:1
FNH:0
FNDA:0,(anonymous_0)
DA:4,1
DA:5,0
LF:2
LH:1
BRF:0
BRH:0
end_of_record
TN:
SF:src\components\common\icons\UpArrow.tsx
FN:5,(anonymous_0)
FNF:1
FNH:0
FNDA:0,(anonymous_0)
DA:5,1
DA:6,0
LF:2
LH:1
BRF:0
BRH:0
end_of_record
TN:
SF:src\components\common\icons\UpDownArrow.tsx
FN:4,(anonymous_0)
FNF:1
FNH:0
FNDA:0,(anonymous_0)
DA:4,1
DA:5,0
LF:2
LH:1
BRF:0
BRH:0
end_of_record
TN:
SF:src\components\common\icons\Upload.tsx
FN:4,(anonymous_0)
FNF:1
FNH:0
FNDA:0,(anonymous_0)
DA:4,1
DA:5,0
LF:2
LH:1
BRF:0
BRH:0
end_of_record
TN:
SF:src\components\common\icons\User.tsx
FN:4,(anonymous_0)
FNF:1
FNH:0
FNDA:0,(anonymous_0)
DA:4,1
DA:5,0
LF:2
LH:1
BRF:0
BRH:0
end_of_record
TN:
SF:src\components\common\icons\Verifiy-payments.tsx
FN:5,(anonymous_0)
FNF:1
FNH:0
FNDA:0,(anonymous_0)
DA:5,1
DA:6,0
LF:2
LH:1
BRF:0
BRH:0
end_of_record
TN:
SF:src\components\common\icons\VerifyIcon.tsx
FN:4,(anonymous_0)
FNF:1
FNH:0
FNDA:0,(anonymous_0)
DA:4,1
DA:5,0
LF:2
LH:1
BRF:0
BRH:0
end_of_record
TN:
SF:src\components\common\icons\VerifySmalIcon.tsx
FN:4,(anonymous_0)
FNF:1
FNH:0
FNDA:0,(anonymous_0)
DA:4,1
DA:5,0
LF:2
LH:1
BRF:0
BRH:0
end_of_record
TN:
SF:src\components\common\icons\WaistIcon.tsx
FN:4,(anonymous_0)
FNF:1
FNH:0
FNDA:0,(anonymous_0)
DA:4,1
DA:5,0
LF:2
LH:1
BRF:0
BRH:0
end_of_record
TN:
SF:src\components\common\icons\WaterIntake.tsx
FN:4,(anonymous_0)
FNF:1
FNH:0
FNDA:0,(anonymous_0)
DA:4,1
DA:5,0
LF:2
LH:1
BRF:0
BRH:0
end_of_record
TN:
SF:src\components\common\icons\WeightIcon.tsx
FN:3,(anonymous_0)
FNF:1
FNH:0
FNDA:0,(anonymous_0)
DA:3,1
DA:4,0
LF:2
LH:1
BRF:0
BRH:0
end_of_record
TN:
SF:src\components\common\icons\Workout.tsx
FN:3,Workout
FNF:1
FNH:0
FNDA:0,Workout
DA:11,0
LF:1
LH:0
BRDA:4,0,0,0
BRDA:5,1,0,0
BRDA:6,2,0,0
BRDA:7,3,0,0
BRDA:8,4,0,0
BRF:5
BRH:0
end_of_record
TN:
SF:src\components\common\icons\YogaIcon.tsx
FN:3,YogaIcon
FNF:1
FNH:0
FNDA:0,YogaIcon
DA:11,0
LF:1
LH:0
BRDA:4,0,0,0
BRDA:5,1,0,0
BRDA:6,2,0,0
BRDA:7,3,0,0
BRDA:8,4,0,0
BRF:5
BRH:0
end_of_record
TN:
SF:src\components\common\icons\YogaWhiteIcon.tsx
FN:3,YogaWhiteIcon
FNF:1
FNH:0
FNDA:0,YogaWhiteIcon
DA:11,0
LF:1
LH:0
BRDA:4,0,0,0
BRDA:5,1,0,0
BRDA:6,2,0,0
BRDA:7,3,0,0
BRDA:8,4,0,0
BRF:5
BRH:0
end_of_record
TN:
SF:src\components\common\icons\chest.tsx
FN:4,(anonymous_0)
FNF:1
FNH:0
FNDA:0,(anonymous_0)
DA:4,1
DA:5,0
LF:2
LH:1
BRF:0
BRH:0
end_of_record
TN:
SF:src\components\common\icons\hip.tsx
FN:4,(anonymous_0)
FNF:1
FNH:0
FNDA:0,(anonymous_0)
DA:4,1
DA:5,0
LF:2
LH:1
BRF:0
BRH:0
end_of_record
TN:
SF:src\components\common\icons\index.tsx
FN:190,(anonymous_0)
FN:196,(anonymous_1)
FNF:2
FNH:0
FNDA:0,(anonymous_0)
FNDA:0,(anonymous_1)
DA:190,1
DA:196,0
DA:197,0
DA:199,0
DA:201,0
DA:203,0
DA:205,0
DA:207,0
DA:209,0
DA:211,0
DA:213,0
DA:215,0
DA:217,0
DA:219,0
DA:221,0
DA:223,0
DA:225,0
DA:227,0
DA:229,0
DA:231,0
DA:233,0
DA:235,0
DA:237,0
DA:239,0
DA:241,0
DA:243,0
DA:245,0
DA:247,0
DA:249,0
DA:251,0
DA:253,0
DA:255,0
DA:257,0
DA:259,0
DA:261,0
DA:263,0
DA:265,0
DA:267,0
DA:269,0
DA:271,0
DA:273,0
DA:275,0
DA:277,0
DA:279,0
DA:281,0
DA:283,0
DA:285,0
DA:287,0
DA:289,0
DA:291,0
DA:293,0
DA:295,0
DA:297,0
DA:299,0
DA:301,0
DA:303,0
DA:305,0
DA:307,0
DA:309,0
DA:311,0
DA:313,0
DA:315,0
DA:317,0
DA:319,0
DA:321,0
DA:323,0
DA:325,0
DA:327,0
DA:329,0
DA:331,0
DA:333,0
DA:335,0
DA:337,0
DA:339,0
DA:341,0
DA:343,0
DA:345,0
DA:347,0
DA:349,0
DA:351,0
DA:353,0
DA:355,0
DA:357,0
DA:359,0
DA:361,0
DA:363,0
DA:365,0
DA:367,0
DA:369,0
DA:371,0
DA:373,0
DA:375,0
DA:377,0
DA:379,0
DA:381,0
DA:383,0
DA:385,0
DA:387,0
DA:389,0
DA:391,0
DA:393,0
DA:395,0
DA:397,0
DA:399,0
DA:401,0
DA:403,0
DA:405,0
DA:407,0
DA:409,0
DA:411,0
DA:413,0
DA:415,0
DA:417,0
DA:419,0
DA:421,0
DA:423,0
DA:425,0
DA:427,0
DA:429,0
DA:431,0
DA:433,0
DA:435,0
DA:437,0
DA:439,0
DA:441,0
DA:443,0
DA:445,0
DA:447,0
DA:449,0
DA:451,0
DA:453,0
DA:455,0
DA:457,0
DA:459,0
DA:461,0
DA:463,0
DA:465,0
DA:467,0
DA:469,0
DA:471,0
DA:473,0
DA:475,0
DA:477,0
DA:479,0
DA:481,0
DA:483,0
DA:485,0
DA:487,0
DA:489,0
DA:491,0
DA:493,0
DA:495,0
DA:497,0
DA:499,0
DA:501,0
DA:503,0
DA:505,0
DA:507,0
DA:509,0
DA:511,0
DA:513,0
DA:515,0
DA:517,0
DA:519,0
DA:521,0
DA:523,0
DA:525,0
DA:527,0
DA:529,0
DA:531,0
DA:533,0
DA:536,0
DA:538,0
DA:540,0
DA:542,0
DA:544,0
DA:546,0
DA:548,0
DA:550,0
DA:552,0
DA:554,0
DA:556,0
DA:558,0
DA:560,0
DA:562,0
DA:564,0
DA:566,0
DA:569,0
LF:188
LH:1
BRDA:192,0,0,0
BRDA:193,1,0,0
BRDA:197,2,0,0
BRDA:197,2,1,0
BRDA:197,2,2,0
BRDA:197,2,3,0
BRDA:197,2,4,0
BRDA:197,2,5,0
BRDA:197,2,6,0
BRDA:197,2,7,0
BRDA:197,2,8,0
BRDA:197,2,9,0
BRDA:197,2,10,0
BRDA:197,2,11,0
BRDA:197,2,12,0
BRDA:197,2,13,0
BRDA:197,2,14,0
BRDA:197,2,15,0
BRDA:197,2,16,0
BRDA:197,2,17,0
BRDA:197,2,18,0
BRDA:197,2,19,0
BRDA:197,2,20,0
BRDA:197,2,21,0
BRDA:197,2,22,0
BRDA:197,2,23,0
BRDA:197,2,24,0
BRDA:197,2,25,0
BRDA:197,2,26,0
BRDA:197,2,27,0
BRDA:197,2,28,0
BRDA:197,2,29,0
BRDA:197,2,30,0
BRDA:197,2,31,0
BRDA:197,2,32,0
BRDA:197,2,33,0
BRDA:197,2,34,0
BRDA:197,2,35,0
BRDA:197,2,36,0
BRDA:197,2,37,0
BRDA:197,2,38,0
BRDA:197,2,39,0
BRDA:197,2,40,0
BRDA:197,2,41,0
BRDA:197,2,42,0
BRDA:197,2,43,0
BRDA:197,2,44,0
BRDA:197,2,45,0
BRDA:197,2,46,0
BRDA:197,2,47,0
BRDA:197,2,48,0
BRDA:197,2,49,0
BRDA:197,2,50,0
BRDA:197,2,51,0
BRDA:197,2,52,0
BRDA:197,2,53,0
BRDA:197,2,54,0
BRDA:197,2,55,0
BRDA:197,2,56,0
BRDA:197,2,57,0
BRDA:197,2,58,0
BRDA:197,2,59,0
BRDA:197,2,60,0
BRDA:197,2,61,0
BRDA:197,2,62,0
BRDA:197,2,63,0
BRDA:197,2,64,0
BRDA:197,2,65,0
BRDA:197,2,66,0
BRDA:197,2,67,0
BRDA:197,2,68,0
BRDA:197,2,69,0
BRDA:197,2,70,0
BRDA:197,2,71,0
BRDA:197,2,72,0
BRDA:197,2,73,0
BRDA:197,2,74,0
BRDA:197,2,75,0
BRDA:197,2,76,0
BRDA:197,2,77,0
BRDA:197,2,78,0
BRDA:197,2,79,0
BRDA:197,2,80,0
BRDA:197,2,81,0
BRDA:197,2,82,0
BRDA:197,2,83,0
BRDA:197,2,84,0
BRDA:197,2,85,0
BRDA:197,2,86,0
BRDA:197,2,87,0
BRDA:197,2,88,0
BRDA:197,2,89,0
BRDA:197,2,90,0
BRDA:197,2,91,0
BRDA:197,2,92,0
BRDA:197,2,93,0
BRDA:197,2,94,0
BRDA:197,2,95,0
BRDA:197,2,96,0
BRDA:197,2,97,0
BRDA:197,2,98,0
BRDA:197,2,99,0
BRDA:197,2,100,0
BRDA:197,2,101,0
BRDA:197,2,102,0
BRDA:197,2,103,0
BRDA:197,2,104,0
BRDA:197,2,105,0
BRDA:197,2,106,0
BRDA:197,2,107,0
BRDA:197,2,108,0
BRDA:197,2,109,0
BRDA:197,2,110,0
BRDA:197,2,111,0
BRDA:197,2,112,0
BRDA:197,2,113,0
BRDA:197,2,114,0
BRDA:197,2,115,0
BRDA:197,2,116,0
BRDA:197,2,117,0
BRDA:197,2,118,0
BRDA:197,2,119,0
BRDA:197,2,120,0
BRDA:197,2,121,0
BRDA:197,2,122,0
BRDA:197,2,123,0
BRDA:197,2,124,0
BRDA:197,2,125,0
BRDA:197,2,126,0
BRDA:197,2,127,0
BRDA:197,2,128,0
BRDA:197,2,129,0
BRDA:197,2,130,0
BRDA:197,2,131,0
BRDA:197,2,132,0
BRDA:197,2,133,0
BRDA:197,2,134,0
BRDA:197,2,135,0
BRDA:197,2,136,0
BRDA:197,2,137,0
BRDA:197,2,138,0
BRDA:197,2,139,0
BRDA:197,2,140,0
BRDA:197,2,141,0
BRDA:197,2,142,0
BRDA:197,2,143,0
BRDA:197,2,144,0
BRDA:197,2,145,0
BRDA:197,2,146,0
BRDA:197,2,147,0
BRDA:197,2,148,0
BRDA:197,2,149,0
BRDA:197,2,150,0
BRDA:197,2,151,0
BRDA:197,2,152,0
BRDA:197,2,153,0
BRDA:197,2,154,0
BRDA:197,2,155,0
BRDA:197,2,156,0
BRDA:197,2,157,0
BRDA:197,2,158,0
BRDA:197,2,159,0
BRDA:197,2,160,0
BRDA:197,2,161,0
BRDA:197,2,162,0
BRDA:197,2,163,0
BRDA:197,2,164,0
BRDA:197,2,165,0
BRDA:197,2,166,0
BRDA:197,2,167,0
BRDA:197,2,168,0
BRDA:197,2,169,0
BRDA:197,2,170,0
BRDA:197,2,171,0
[...]
FNDA:0,(anonymous_0)
FNDA:0,(anonymous_1)
DA:4,0
DA:18,0
DA:20,0
DA:22,0
LF:4
LH:0
BRF:0
BRH:0
end_of_record
TN:
SF:src\store\layoutStore.ts
FN:5,(anonymous_0)
FN:6,(anonymous_1)
FN:6,(anonymous_2)
FN:9,(anonymous_3)
FN:9,(anonymous_4)
FNF:5
FNH:0
FNDA:0,(anonymous_0)
FNDA:0,(anonymous_1)
FNDA:0,(anonymous_2)
FNDA:0,(anonymous_3)
FNDA:0,(anonymous_4)
DA:5,0
DA:6,0
DA:9,0
LF:3
LH:0
BRF:0
BRH:0
end_of_record
TN:
SF:src\store\masterDataStore.tsx
FN:5,(anonymous_0)
FN:7,(anonymous_1)
FN:7,(anonymous_2)
FNF:3
FNH:0
FNDA:0,(anonymous_0)
FNDA:0,(anonymous_1)
FNDA:0,(anonymous_2)
DA:3,0
DA:5,0
DA:7,0
LF:3
LH:0
BRF:0
BRH:0
end_of_record
TN:
SF:src\store\themeStore.ts
FN:6,(anonymous_0)
FN:9,(anonymous_1)
FN:9,(anonymous_2)
FN:10,(anonymous_3)
FN:10,(anonymous_4)
FN:11,(anonymous_5)
FN:11,(anonymous_6)
FNF:7
FNH:0
FNDA:0,(anonymous_0)
FNDA:0,(anonymous_1)
FNDA:0,(anonymous_2)
FNDA:0,(anonymous_3)
FNDA:0,(anonymous_4)
FNDA:0,(anonymous_5)
FNDA:0,(anonymous_6)
DA:4,0
DA:6,0
DA:9,0
DA:10,0
DA:11,0
LF:5
LH:0
BRF:0
BRH:0
end_of_record
TN:
SF:src\store\filterSore\OrganisationStore.ts
FN:19,(anonymous_0)
FN:27,(anonymous_1)
FN:27,(anonymous_2)
FN:28,(anonymous_3)
FN:29,(anonymous_4)
FN:29,(anonymous_5)
FN:30,(anonymous_6)
FN:31,(anonymous_7)
FN:33,(anonymous_8)
FN:40,(anonymous_9)
FN:40,(anonymous_10)
FN:41,(anonymous_11)
FN:42,(anonymous_12)
FN:47,(anonymous_13)
FN:48,(anonymous_14)
FNF:15
FNH:0
FNDA:0,(anonymous_0)
FNDA:0,(anonymous_1)
FNDA:0,(anonymous_2)
FNDA:0,(anonymous_3)
FNDA:0,(anonymous_4)
FNDA:0,(anonymous_5)
FNDA:0,(anonymous_6)
FNDA:0,(anonymous_7)
FNDA:0,(anonymous_8)
FNDA:0,(anonymous_9)
FNDA:0,(anonymous_10)
FNDA:0,(anonymous_11)
FNDA:0,(anonymous_12)
FNDA:0,(anonymous_13)
FNDA:0,(anonymous_14)
DA:7,0
DA:17,0
DA:19,0
DA:27,0
DA:28,0
DA:29,0
DA:31,0
DA:33,0
DA:40,0
DA:42,0
DA:48,0
LF:11
LH:0
BRDA:43,0,0,0
BRDA:43,0,1,0
BRF:2
BRH:0
end_of_record
TN:
SF:src\store\filterSore\accountStore.ts
FN:29,(anonymous_0)
FN:37,(anonymous_1)
FN:37,(anonymous_2)
FN:38,(anonymous_3)
FN:38,(anonymous_4)
FN:39,(anonymous_5)
FN:40,(anonymous_6)
FN:42,(anonymous_7)
FN:49,(anonymous_8)
FN:49,(anonymous_9)
FN:50,(anonymous_10)
FN:51,(anonymous_11)
FN:52,(anonymous_12)
FNF:13
FNH:0
FNDA:0,(anonymous_0)
FNDA:0,(anonymous_1)
FNDA:0,(anonymous_2)
FNDA:0,(anonymous_3)
FNDA:0,(anonymous_4)
FNDA:0,(anonymous_5)
FNDA:0,(anonymous_6)
FNDA:0,(anonymous_7)
FNDA:0,(anonymous_8)
FNDA:0,(anonymous_9)
FNDA:0,(anonymous_10)
FNDA:0,(anonymous_11)
FNDA:0,(anonymous_12)
DA:7,0
DA:27,0
DA:29,0
DA:37,0
DA:38,0
DA:40,0
DA:42,0
DA:49,0
DA:50,0
DA:52,0
LF:10
LH:0
BRDA:53,0,0,0
BRDA:53,0,1,0
BRF:2
BRH:0
end_of_record
TN:
SF:src\store\filterSore\accreditationStore.ts
FN:20,(anonymous_0)
FN:28,(anonymous_1)
FN:28,(anonymous_2)
FN:29,(anonymous_3)
FN:30,(anonymous_4)
FN:30,(anonymous_5)
FN:31,(anonymous_6)
FN:32,(anonymous_7)
FN:34,(anonymous_8)
FN:41,(anonymous_9)
FN:41,(anonymous_10)
FN:42,(anonymous_11)
FN:43,(anonymous_12)
FN:48,(anonymous_13)
FN:49,(anonymous_14)
FNF:15
FNH:0
FNDA:0,(anonymous_0)
FNDA:0,(anonymous_1)
FNDA:0,(anonymous_2)
FNDA:0,(anonymous_3)
FNDA:0,(anonymous_4)
FNDA:0,(anonymous_5)
FNDA:0,(anonymous_6)
FNDA:0,(anonymous_7)
FNDA:0,(anonymous_8)
FNDA:0,(anonymous_9)
FNDA:0,(anonymous_10)
FNDA:0,(anonymous_11)
FNDA:0,(anonymous_12)
FNDA:0,(anonymous_13)
FNDA:0,(anonymous_14)
DA:7,0
DA:18,0
DA:20,0
DA:28,0
DA:29,0
DA:30,0
DA:32,0
DA:34,0
DA:41,0
DA:43,0
DA:49,0
LF:11
LH:0
BRDA:44,0,0,0
BRDA:44,0,1,0
BRF:2
BRH:0
end_of_record
TN:
SF:src\store\filterSore\adminUserStore.ts
FN:14,(anonymous_0)
FN:22,(anonymous_1)
FN:22,(anonymous_2)
FN:23,(anonymous_3)
FN:24,(anonymous_4)
FN:24,(anonymous_5)
FN:25,(anonymous_6)
FN:26,(anonymous_7)
FN:28,(anonymous_8)
FN:35,(anonymous_9)
FN:35,(anonymous_10)
FN:36,(anonymous_11)
FN:37,(anonymous_12)
FN:42,(anonymous_13)
FN:43,(anonymous_14)
FNF:15
FNH:0
FNDA:0,(anonymous_0)
FNDA:0,(anonymous_1)
FNDA:0,(anonymous_2)
FNDA:0,(anonymous_3)
FNDA:0,(anonymous_4)
FNDA:0,(anonymous_5)
FNDA:0,(anonymous_6)
FNDA:0,(anonymous_7)
FNDA:0,(anonymous_8)
FNDA:0,(anonymous_9)
FNDA:0,(anonymous_10)
FNDA:0,(anonymous_11)
FNDA:0,(anonymous_12)
FNDA:0,(anonymous_13)
FNDA:0,(anonymous_14)
DA:7,0
DA:12,0
DA:14,0
DA:22,0
DA:23,0
DA:24,0
DA:26,0
DA:28,0
DA:35,0
DA:37,0
DA:43,0
LF:11
LH:0
BRDA:38,0,0,0
BRDA:38,0,1,0
BRF:2
BRH:0
end_of_record
TN:
SF:src\store\filterSore\assessorStore.ts
FN:19,(anonymous_0)
FN:27,(anonymous_1)
FN:27,(anonymous_2)
FN:28,(anonymous_3)
FN:29,(anonymous_4)
FN:29,(anonymous_5)
FN:30,(anonymous_6)
FN:31,(anonymous_7)
FN:33,(anonymous_8)
FN:40,(anonymous_9)
FN:40,(anonymous_10)
FN:41,(anonymous_11)
FN:42,(anonymous_12)
FN:47,(anonymous_13)
FN:48,(anonymous_14)
FNF:15
FNH:0
FNDA:0,(anonymous_0)
FNDA:0,(anonymous_1)
FNDA:0,(anonymous_2)
FNDA:0,(anonymous_3)
FNDA:0,(anonymous_4)
FNDA:0,(anonymous_5)
FNDA:0,(anonymous_6)
FNDA:0,(anonymous_7)
FNDA:0,(anonymous_8)
FNDA:0,(anonymous_9)
FNDA:0,(anonymous_10)
FNDA:0,(anonymous_11)
FNDA:0,(anonymous_12)
FNDA:0,(anonymous_13)
FNDA:0,(anonymous_14)
DA:7,0
DA:17,0
DA:19,0
DA:27,0
DA:28,0
DA:29,0
DA:31,0
DA:33,0
DA:40,0
DA:42,0
DA:48,0
LF:11
LH:0
BRDA:43,0,0,0
BRDA:43,0,1,0
BRF:2
BRH:0
end_of_record
TN:
SF:src\store\filterSore\clearStore.ts
FN:8,useClearFilter
FN:56,(anonymous_1)
FN:57,(anonymous_2)
FN:67,(anonymous_3)
FN:69,(anonymous_4)
FNF:5
FNH:0
FNDA:0,useClearFilter
FNDA:0,(anonymous_1)
FNDA:0,(anonymous_2)
FNDA:0,(anonymous_3)
FNDA:0,(anonymous_4)
DA:9,0
DA:10,0
DA:11,0
DA:12,0
DA:13,0
DA:14,0
DA:16,0
DA:55,0
DA:56,0
DA:57,0
DA:58,0
DA:59,0
DA:61,0
DA:62,0
DA:67,0
DA:68,0
DA:70,0
DA:71,0
DA:73,0
DA:74,0
DA:76,0
DA:77,0
LF:22
LH:0
BRDA:55,0,0,0
BRDA:55,0,1,0
BRDA:58,1,0,0
BRDA:58,1,1,0
BRDA:61,2,0,0
BRDA:61,2,1,0
BRDA:70,3,0,0
BRDA:70,3,1,0
BRDA:73,4,0,0
BRDA:73,4,1,0
BRDA:76,5,0,0
BRDA:76,5,1,0
BRF:12
BRH:0
end_of_record
TN:
SF:src\store\filterSore\fileRepositoryStore.ts
FN:15,(anonymous_0)
FN:23,(anonymous_1)
FN:23,(anonymous_2)
FN:24,(anonymous_3)
FN:25,(anonymous_4)
FN:25,(anonymous_5)
FN:26,(anonymous_6)
FN:27,(anonymous_7)
FN:29,(anonymous_8)
FN:36,(anonymous_9)
FN:36,(anonymous_10)
FN:37,(anonymous_11)
FN:38,(anonymous_12)
FNF:13
FNH:0
FNDA:0,(anonymous_0)
FNDA:0,(anonymous_1)
FNDA:0,(anonymous_2)
FNDA:0,(anonymous_3)
FNDA:0,(anonymous_4)
FNDA:0,(anonymous_5)
FNDA:0,(anonymous_6)
FNDA:0,(anonymous_7)
FNDA:0,(anonymous_8)
FNDA:0,(anonymous_9)
FNDA:0,(anonymous_10)
FNDA:0,(anonymous_11)
FNDA:0,(anonymous_12)
DA:7,0
DA:13,0
DA:15,0
DA:23,0
DA:24,0
DA:25,0
DA:27,0
DA:29,0
DA:36,0
DA:38,0
LF:10
LH:0
BRDA:39,0,0,0
BRDA:39,0,1,0
BRF:2
BRH:0
end_of_record
TN:
SF:src\store\filterSore\planFilterStore.ts
FN:14,(anonymous_0)
FN:17,(anonymous_1)
FN:17,(anonymous_2)
FN:18,(anonymous_3)
FN:18,(anonymous_4)
FN:19,(anonymous_5)
FN:20,(anonymous_6)
FNF:7
FNH:0
FNDA:0,(anonymous_0)
FNDA:0,(anonymous_1)
FNDA:0,(anonymous_2)
FNDA:0,(anonymous_3)
FNDA:0,(anonymous_4)
FNDA:0,(anonymous_5)
FNDA:0,(anonymous_6)
DA:14,0
DA:17,0
DA:18,0
DA:20,0
LF:4
LH:0
BRF:0
BRH:0
end_of_record
TN:
SF:src\store\tableColumns\tableColumnStore.ts
FN:6,(anonymous_0)
FN:21,(anonymous_1)
FN:21,(anonymous_2)
FNF:3
FNH:0
FNDA:0,(anonymous_0)
FNDA:0,(anonymous_1)
FNDA:0,(anonymous_2)
DA:4,0
DA:6,0
DA:21,0
LF:3
LH:0
BRF:0
BRH:0
end_of_record
TN:
SF:src\utilities\activitytracker.ts
FN:4,(anonymous_0)
FN:5,(anonymous_1)
FN:8,(anonymous_2)
FN:22,(anonymous_3)
FN:26,(anonymous_4)
FN:28,(anonymous_5)
FNF:6
FNH:0
FNDA:0,(anonymous_0)
FNDA:0,(anonymous_1)
FNDA:0,(anonymous_2)
FNDA:0,(anonymous_3)
FNDA:0,(anonymous_4)
FNDA:0,(anonymous_5)
DA:4,0
DA:5,0
DA:8,0
DA:9,0
DA:10,0
DA:13,0
DA:22,0
DA:24,0
DA:26,0
DA:27,0
DA:28,0
LF:11
LH:0
BRF:0
BRH:0
end_of_record
TN:
SF:src\utilities\calcHeight.ts
FN:1,(anonymous_0)
FNF:1
FNH:0
FNDA:0,(anonymous_0)
DA:1,0
DA:2,0
LF:2
LH:0
BRF:0
BRH:0
end_of_record
TN:
SF:src\utilities\checkDomain.ts
FN:14,(anonymous_0)
FN:15,(anonymous_1)
FN:20,(anonymous_2)
FN:39,(anonymous_3)
FN:50,(anonymous_4)
FN:53,(anonymous_5)
FN:56,(anonymous_6)
FNF:7
FNH:0
FNDA:0,(anonymous_0)
FNDA:0,(anonymous_1)
FNDA:0,(anonymous_2)
FNDA:0,(anonymous_3)
FNDA:0,(anonymous_4)
FNDA:0,(anonymous_5)
FNDA:0,(anonymous_6)
DA:6,0
DA:14,0
DA:15,0
DA:16,0
DA:20,0
DA:23,0
DA:27,0
DA:31,0
DA:33,0
DA:34,0
DA:35,0
DA:37,0
DA:38,0
DA:39,0
DA:40,0
DA:41,0
DA:42,0
DA:45,0
DA:50,0
DA:51,0
DA:52,0
DA:53,0
DA:54,0
DA:56,0
DA:57,0
LF:25
LH:0
BRDA:27,0,0,0
BRDA:27,0,1,0
BRDA:33,1,0,0
BRDA:33,1,1,0
BRDA:38,2,0,0
BRDA:38,2,1,0
BRDA:41,3,0,0
BRDA:41,3,1,0
BRDA:54,4,0,0
BRDA:54,4,1,0
BRF:10
BRH:0
end_of_record
TN:
SF:src\utilities\commonUtilities.ts
FN:1,(anonymous_0)
FN:13,(anonymous_1)
FN:24,(anonymous_2)
FN:52,(anonymous_3)
FN:56,(anonymous_4)
FN:59,(anonymous_5)
FN:65,(anonymous_6)
FN:78,(anonymous_7)
FN:84,(anonymous_8)
FN:100,(anonymous_9)
FN:105,(anonymous_10)
FNF:11
FNH:0
FNDA:0,(anonymous_0)
FNDA:0,(anonymous_1)
FNDA:0,(anonymous_2)
FNDA:0,(anonymous_3)
FNDA:0,(anonymous_4)
FNDA:0,(anonymous_5)
FNDA:0,(anonymous_6)
FNDA:0,(anonymous_7)
FNDA:0,(anonymous_8)
FNDA:0,(anonymous_9)
FNDA:0,(anonymous_10)
DA:1,0
DA:2,0
DA:3,0
DA:4,0
DA:5,0
DA:6,0
DA:7,0
DA:9,0
DA:13,0
DA:14,0
DA:15,0
DA:16,0
DA:19,0
DA:21,0
DA:24,0
DA:25,0
DA:26,0
DA:27,0
DA:34,0
DA:36,0
DA:38,0
DA:39,0
DA:40,0
DA:41,0
DA:42,0
DA:43,0
DA:44,0
DA:45,0
DA:47,0
DA:52,0
DA:53,0
DA:56,0
DA:57,0
DA:58,0
DA:59,0
DA:62,0
DA:65,0
DA:66,0
DA:67,0
DA:68,0
DA:70,0
DA:71,0
DA:72,0
DA:74,0
DA:77,0
DA:79,0
DA:80,0
DA:82,0
DA:85,0
DA:90,0
DA:91,0
DA:92,0
DA:93,0
DA:94,0
DA:95,0
DA:98,0
DA:101,0
DA:105,0
DA:106,0
DA:107,0
DA:108,0
DA:117,0
DA:119,0
DA:120,0
DA:121,0
DA:122,0
DA:123,0
LF:67
LH:0
BRDA:4,0,0,0
BRDA:4,0,1,0
BRDA:6,1,0,0
BRDA:6,1,1,0
BRDA:25,2,0,0
BRDA:25,2,1,0
BRDA:34,3,0,0
BRDA:34,3,1,0
BRDA:41,4,0,0
BRDA:41,4,1,0
BRDA:57,5,0,0
BRDA:57,5,1,0
BRDA:57,6,0,0
BRDA:57,6,1,0
BRDA:66,7,0,0
BRDA:66,7,1,0
BRDA:70,8,0,0
BRDA:70,8,1,0
BRDA:74,9,0,0
BRDA:74,9,1,0
BRDA:79,10,0,0
BRDA:79,10,1,0
BRDA:106,11,0,0
BRDA:106,11,1,0
BRDA:106,12,0,0
BRDA:106,12,1,0
BRDA:119,13,0,0
BRDA:119,13,1,0
BRDA:121,14,0,0
BRDA:121,14,1,0
BRF:30
BRH:0
end_of_record
TN:
SF:src\utilities\debounce.ts
FN:1,debounce
FN:6,(anonymous_1)
FN:10,(anonymous_2)
FNF:3
FNH:0
FNDA:0,debounce
FNDA:0,(anonymous_1)
FNDA:0,(anonymous_2)
DA:6,0
DA:7,0
DA:8,0
DA:10,0
DA:11,0
DA:12,0
LF:6
LH:0
BRDA:7,0,0,0
BRDA:7,0,1,0
BRF:2
BRH:0
end_of_record
TN:
SF:src\utilities\deepDebounce.ts
FN:30,deepDebounce
FN:37,(anonymous_1)
FN:42,(anonymous_2)
FN:43,(anonymous_3)
FNF:4
FNH:0
FNDA:0,deepDebounce
FNDA:0,(anonymous_1)
FNDA:0,(anonymous_2)
FNDA:0,(anonymous_3)
DA:37,0
DA:38,0
DA:39,0
DA:42,0
DA:43,0
DA:44,0
DA:45,0
DA:46,0
DA:47,0
DA:48,0
DA:50,0
DA:55,0
DA:57,0
DA:59,0
DA:60,0
LF:15
LH:0
BRDA:33,0,0,0
BRDA:38,1,0,0
BRDA:38,1,1,0
BRDA:45,2,0,0
BRDA:45,2,1,0
BRDA:47,3,0,0
BRDA:47,3,1,0
BRDA:47,4,0,0
BRDA:47,4,1,0
BRDA:55,5,0,0
BRDA:55,5,1,0
BRDA:59,6,0,0
BRDA:59,6,1,0
BRF:13
BRH:0
end_of_record
TN:
SF:src\utilities\fileDownload.ts
FN:1,(anonymous_0)
FNF:1
FNH:0
FNDA:0,(anonymous_0)
DA:1,0
DA:2,0
DA:3,0
DA:4,0
DA:5,0
DA:6,0
DA:7,0
DA:8,0
DA:9,0
DA:10,0
LF:10
LH:0
BRDA:2,0,0,0
BRDA:2,0,1,0
BRF:2
BRH:0
end_of_record
TN:
SF:src\utilities\format.ts
FN:3,(anonymous_0)
FN:6,(anonymous_1)
FN:13,(anonymous_2)
FN:51,(anonymous_3)
FN:55,(anonymous_4)
FN:67,(anonymous_5)
FN:139,(anonymous_6)
FN:175,(anonymous_7)
FN:199,(anonymous_8)
FNF:9
FNH:0
FNDA:0,(anonymous_0)
FNDA:0,(anonymous_1)
FNDA:0,(anonymous_2)
FNDA:0,(anonymous_3)
FNDA:0,(anonymous_4)
FNDA:0,(anonymous_5)
FNDA:0,(anonymous_6)
FNDA:0,(anonymous_7)
FNDA:0,(anonymous_8)
DA:3,0
DA:4,0
DA:6,0
DA:7,0
DA:8,0
DA:10,0
DA:13,0
DA:15,0
DA:16,0
DA:17,0
DA:18,0
DA:21,0
DA:23,0
DA:25,0
DA:27,0
DA:30,0
DA:31,0
DA:33,0
DA:36,0
DA:39,0
DA:43,0
DA:47,0
DA:51,0
DA:52,0
DA:53,0
DA:55,0
DA:56,0
DA:58,0
DA:59,0
DA:60,0
DA:61,0
DA:62,0
DA:64,0
DA:65,0
DA:67,0
DA:68,0
DA:69,0
DA:70,0
DA:77,0
DA:79,0
DA:80,0
DA:82,0
DA:84,0
DA:85,0
DA:92,0
DA:93,0
DA:94,0
DA:101,0
DA:102,0
DA:103,0
DA:110,0
DA:111,0
DA:112,0
DA:119,0
DA:120,0
DA:121,0
DA:128,0
DA:129,0
DA:130,0
DA:137,0
DA:139,0
DA:141,0
DA:142,0
DA:145,0
DA:147,0
DA:148,0
DA:149,0
DA:151,0
DA:154,0
DA:156,0
DA:158,0
DA:167,0
DA:168,0
DA:170,0
DA:172,0
DA:175,0
DA:176,0
DA:177,0
DA:180,0
DA:181,0
DA:188,0
DA:189,0
DA:191,0
DA:192,0
DA:193,0
DA:194,0
DA:196,0
DA:199,0
DA:200,0
DA:201,0
DA:203,0
DA:204,0
LF:92
LH:0
BRDA:7,0,0,0
BRDA:7,0,1,0
BRDA:7,1,0,0
BRDA:7,1,1,0
BRDA:15,2,0,0
BRDA:15,2,1,0
BRDA:15,3,0,0
BRDA:15,3,1,0
BRDA:18,4,0,0
BRDA:18,4,1,0
BRDA:21,5,0,0
BRDA:21,5,1,0
BRDA:25,6,0,0
BRDA:25,6,1,0
BRDA:30,7,0,0
BRDA:30,7,1,0
BRDA:31,8,0,0
BRDA:31,8,1,0
BRDA:43,9,0,0
BRDA:43,9,1,0
BRDA:59,10,0,0
BRDA:59,10,1,0
BRDA:59,11,0,0
BRDA:59,11,1,0
BRDA:61,12,0,0
BRDA:61,12,1,0
BRDA:61,13,0,0
BRDA:61,13,1,0
BRDA:79,14,0,0
BRDA:79,14,1,0
BRDA:84,15,0,0
BRDA:84,15,1,0
BRDA:88,16,0,0
BRDA:88,16,1,0
BRDA:93,17,0,0
BRDA:93,17,1,0
BRDA:97,18,0,0
BRDA:97,18,1,0
BRDA:102,19,0,0
BRDA:102,19,1,0
BRDA:106,20,0,0
BRDA:106,20,1,0
BRDA:111,21,0,0
BRDA:111,21,1,0
BRDA:115,22,0,0
BRDA:115,22,1,0
BRDA:120,23,0,0
BRDA:120,23,1,0
BRDA:124,24,0,0
BRDA:124,24,1,0
BRDA:129,25,0,0
BRDA:129,25,1,0
BRDA:133,26,0,0
BRDA:133,26,1,0
BRDA:141,27,0,0
BRDA:141,27,1,0
BRDA:145,28,0,0
BRDA:145,28,1,0
BRDA:152,29,0,0
BRDA:152,29,1,0
BRDA:152,30,0,0
BRDA:152,30,1,0
BRDA:153,31,0,0
BRDA:153,31,1,0
BRDA:153,32,0,0
BRDA:153,32,1,0
BRDA:191,33,0,0
BRDA:191,33,1,0
BRDA:193,34,0,0
BRDA:193,34,1,0
BRDA:200,35,0,0
BRDA:200,35,1,0
BRF:72
BRH:0
end_of_record
TN:
SF:src\utilities\generateSpacing.ts
FN:1,(anonymous_0)
FNF:1
FNH:0
FNDA:0,(anonymous_0)
DA:1,0
DA:2,0
DA:4,0
DA:6,0
DA:8,0
DA:10,0
DA:12,0
DA:14,0
DA:16,0
DA:18,0
DA:20,0
DA:22,0
DA:24,0
DA:26,0
DA:28,0
LF:15
LH:0
BRDA:1,0,0,0
BRDA:2,1,0,0
BRDA:2,1,1,0
BRDA:2,1,2,0
BRDA:2,1,3,0
BRDA:2,1,4,0
BRDA:2,1,5,0
BRDA:2,1,6,0
BRDA:2,1,7,0
BRDA:2,1,8,0
BRDA:2,1,9,0
BRDA:2,1,10,0
BRDA:2,1,11,0
BRDA:2,1,12,0
BRF:14
BRH:0
end_of_record
TN:
SF:src\utilities\generators.ts
FN:1,(anonymous_0)
FNF:1
FNH:0
FNDA:0,(anonymous_0)
DA:1,0
DA:2,0
DA:3,0
DA:4,0
DA:7,0
DA:13,0
DA:15,0
DA:22,0
DA:24,0
DA:25,0
DA:27,0
DA:33,0
DA:36,0
LF:13
LH:0
BRDA:3,0,0,0
BRDA:3,0,1,0
BRDA:3,1,0,0
BRDA:3,1,1,0
BRDA:7,2,0,0
BRDA:7,2,1,0
BRDA:8,3,0,0
BRDA:8,3,1,0
BRDA:8,3,2,0
BRDA:8,3,3,0
BRDA:15,4,0,0
BRDA:15,4,1,0
BRDA:16,5,0,0
BRDA:16,5,1,0
BRDA:16,5,2,0
BRDA:16,5,3,0
BRDA:16,5,4,0
BRDA:24,6,0,0
BRDA:24,6,1,0
BRDA:24,7,0,0
BRDA:24,7,1,0
BRDA:27,8,0,0
BRDA:27,8,1,0
BRDA:28,9,0,0
BRDA:28,9,1,0
BRDA:28,9,2,0
BRDA:28,9,3,0
BRF:27
BRH:0
end_of_record
TN:
SF:src\utilities\getHtmlparse.tsx
FN:1,(anonymous_0)
FN:8,(anonymous_1)
FNF:2
FNH:0
FNDA:0,(anonymous_0)
FNDA:0,(anonymous_1)
DA:1,0
DA:2,0
DA:3,0
DA:4,0
DA:6,0
DA:9,0
DA:18,0
LF:7
LH:0
BRDA:3,0,0,0
BRDA:3,0,1,0
BRF:2
BRH:0
end_of_record
TN:
SF:src\utilities\getTrimmed.tsx
FN:3,(anonymous_0)
FN:26,(anonymous_1)
FN:37,(anonymous_2)
FN:51,(anonymous_3)
FNF:4
FNH:0
FNDA:0,(anonymous_0)
FNDA:0,(anonymous_1)
FNDA:0,(anonymous_2)
FNDA:0,(anonymous_3)
DA:3,0
DA:4,0
DA:6,0
DA:7,0
DA:10,0
DA:11,0
DA:13,0
DA:17,0
DA:26,0
DA:37,0
DA:50,0
DA:52,0
LF:12
LH:0
BRDA:6,0,0,0
BRDA:6,0,1,0
BRDA:13,1,0,0
BRDA:13,1,1,0
BRDA:20,2,0,0
BRDA:20,2,1,0
BRDA:33,3,0,0
BRDA:33,3,1,0
BRF:8
BRH:0
end_of_record
TN:
SF:src\utilities\idleTimer.tsx
FN:9,(anonymous_0)
FN:12,(anonymous_1)
FN:16,(anonymous_2)
FN:21,(anonymous_3)
FN:27,(anonymous_4)
FNF:5
FNH:0
FNDA:0,(anonymous_0)
FNDA:0,(anonymous_1)
FNDA:0,(anonymous_2)
FNDA:0,(anonymous_3)
FNDA:0,(anonymous_4)
DA:9,0
DA:10,0
DA:12,0
DA:13,0
DA:14,0
DA:16,0
DA:17,0
DA:21,0
DA:22,0
DA:23,0
DA:25,0
DA:27,0
DA:28,0
DA:29,0
DA:31,0
DA:32,0
LF:16
LH:0
BRDA:13,0,0,0
BRDA:13,0,1,0
BRDA:28,1,0,0
BRDA:28,1,1,0
BRF:4
BRH:0
end_of_record
TN:
SF:src\utilities\noLeadingSpaces.tsx
FN:1,(anonymous_0)
FNF:1
FNH:0
FNDA:0,(anonymous_0)
DA:1,0
DA:2,0
DA:3,0
LF:3
LH:0
BRDA:2,0,0,0
BRDA:2,0,1,0
BRF:2
BRH:0
end_of_record
TN:
SF:src\utilities\parsers.ts
FN:3,(anonymous_0)
FN:5,(anonymous_1)
FN:10,(anonymous_2)
FN:16,(anonymous_3)
FN:19,(anonymous_4)
FN:24,(anonymous_5)
FN:27,(anonymous_6)
FN:31,(anonymous_7)
FN:74,(anonymous_8)
FN:83,(anonymous_9)
FN:90,(anonymous_10)
FN:100,(anonymous_11)
FN:108,(anonymous_12)
FN:120,(anonymous_13)
FN:126,(anonymous_14)
FN:137,(anonymous_15)
FN:147,(anonymous_16)
FN:177,(anonymous_17)
FN:190,(anonymous_18)
FN:203,(anonymous_19)
FNF:20
FNH:0
FNDA:0,(anonymous_0)
FNDA:0,(anonymous_1)
FNDA:0,(anonymous_2)
FNDA:0,(anonymous_3)
FNDA:0,(anonymous_4)
FNDA:0,(anonymous_5)
FNDA:0,(anonymous_6)
FNDA:0,(anonymous_7)
FNDA:0,(anonymous_8)
FNDA:0,(anonymous_9)
FNDA:0,(anonymous_10)
FNDA:0,(anonymous_11)
FNDA:0,(anonymous_12)
FNDA:0,(anonymous_13)
FNDA:0,(anonymous_14)
FNDA:0,(anonymous_15)
FNDA:0,(anonymous_16)
FNDA:0,(anonymous_17)
FNDA:0,(anonymous_18)
FNDA:0,(anonymous_19)
DA:3,1
DA:4,0
DA:5,0
DA:7,0
DA:8,0
DA:10,0
DA:13,0
DA:16,1
DA:17,0
DA:18,0
DA:19,0
DA:24,1
DA:25,0
DA:26,0
DA:27,0
DA:31,1
DA:32,0
DA:33,0
DA:35,0
DA:36,0
DA:40,0
DA:41,0
DA:42,0
DA:43,0
DA:44,0
DA:46,0
DA:48,0
DA:49,0
DA:50,0
DA:52,0
DA:55,0
DA:58,0
DA:59,0
DA:60,0
DA:62,0
DA:63,0
DA:64,0
DA:66,0
DA:71,0
DA:74,1
DA:78,0
DA:79,0
DA:80,0
DA:81,0
DA:83,0
DA:85,0
DA:86,0
DA:88,0
DA:89,0
DA:90,0
DA:93,0
DA:94,0
DA:96,0
DA:100,0
DA:104,1
DA:108,1
DA:112,0
DA:113,0
DA:114,0
DA:115,0
DA:117,0
DA:120,1
DA:125,0
DA:127,0
DA:134,0
DA:137,1
DA:138,0
DA:139,0
DA:144,0
DA:147,1
DA:155,0
DA:156,0
DA:157,0
DA:158,0
DA:159,0
DA:162,0
DA:163,0
DA:167,0
DA:170,0
DA:173,0
DA:177,1
DA:178,0
DA:179,0
DA:180,0
DA:181,0
DA:182,0
DA:183,0
DA:184,0
DA:185,0
DA:187,0
DA:190,1
DA:191,0
DA:192,0
DA:193,0
DA:194,0
DA:196,0
DA:197,0
DA:198,0
DA:200,0
DA:203,1
DA:204,0
DA:205,0
DA:207,0
DA:209,0
DA:211,0
LF:105
LH:13
BRDA:3,0,0,0
BRDA:5,1,0,0
BRDA:5,1,1,0
BRDA:5,1,2,0
BRDA:7,2,0,0
BRDA:7,2,1,0
BRDA:16,3,0,0
BRDA:17,4,0,0
BRDA:17,4,1,0
BRDA:24,5,0,0
BRDA:25,6,0,0
BRDA:25,6,1,0
BRDA:32,7,0,0
BRDA:32,7,1,0
BRDA:35,8,0,0
BRDA:35,8,1,0
BRDA:40,9,0,0
BRDA:40,9,1,0
BRDA:40,10,0,0
BRDA:40,10,1,0
BRDA:42,11,0,0
BRDA:42,11,1,0
BRDA:43,12,0,0
BRDA:43,12,1,0
BRDA:48,13,0,0
BRDA:48,13,1,0
BRDA:49,14,0,0
BRDA:49,14,1,0
BRDA:58,15,0,0
BRDA:58,15,1,0
BRDA:58,16,0,0
BRDA:58,16,1,0
BRDA:59,17,0,0
BRDA:59,17,1,0
BRDA:62,18,0,0
BRDA:62,18,1,0
BRDA:63,19,0,0
BRDA:63,19,1,0
BRDA:80,20,0,0
BRDA:80,20,1,0
BRDA:83,21,0,0
BRDA:83,21,1,0
BRDA:83,22,0,0
BRDA:83,22,1,0
BRDA:85,23,0,0
BRDA:85,23,1,0
BRDA:88,24,0,0
BRDA:88,24,1,0
BRDA:93,25,0,0
BRDA:93,25,1,0
BRDA:93,26,0,0
BRDA:93,26,1,0
BRDA:94,27,0,0
BRDA:94,27,1,0
BRDA:100,28,0,0
BRDA:100,28,1,0
BRDA:112,29,0,0
BRDA:112,29,1,0
BRDA:114,30,0,0
BRDA:114,30,1,0
BRDA:122,31,0,0
BRDA:123,32,0,0
BRDA:138,33,0,0
BRDA:138,33,1,0
BRDA:148,34,0,0
BRDA:149,35,0,0
BRDA:150,36,0,0
BRDA:151,37,0,0
BRDA:152,38,0,0
BRDA:155,39,0,0
BRDA:155,39,1,0
BRDA:156,40,0,0
BRDA:156,40,1,0
BRDA:157,41,0,0
BRDA:157,41,1,0
BRDA:158,42,0,0
BRDA:158,42,1,0
BRDA:159,43,0,0
BRDA:159,43,1,0
BRDA:181,44,0,0
BRDA:181,44,1,0
BRDA:183,45,0,0
BRDA:183,45,1,0
BRDA:184,46,0,0
BRDA:184,46,1,0
BRDA:185,47,0,0
BRDA:185,47,1,0
BRDA:196,48,0,0
BRDA:196,48,1,0
BRDA:197,49,0,0
BRDA:197,49,1,0
BRDA:198,50,0,0
BRDA:198,50,1,0
BRF:93
BRH:0
end_of_record
TN:
SF:src\utilities\validation.ts
FN:1,(anonymous_0)
FN:6,(anonymous_1)
FN:14,(anonymous_2)
FNF:3
FNH:0
FNDA:0,(anonymous_0)
FNDA:0,(anonymous_1)
FNDA:0,(anonymous_2)
DA:1,0
DA:5,0
DA:6,0
DA:7,0
DA:8,0
DA:11,0
DA:14,0
DA:15,0
DA:16,0
DA:18,0
LF:10
LH:0
BRDA:7,0,0,0
BRDA:7,0,1,0
BRDA:15,1,0,0
BRDA:15,1,1,0
BRDA:15,2,0,0
BRDA:15,2,1,0
BRF:6
BRH:0
end_of_record
TN:
SF:src\utilities\visibility.ts
FN:3,(anonymous_0)
FN:4,(anonymous_1)
FN:7,(anonymous_2)
FN:22,(anonymous_3)
FN:27,(anonymous_4)
FN:28,(anonymous_5)
FN:29,(anonymous_6)
FN:37,(anonymous_7)
FNF:8
FNH:0
FNDA:0,(anonymous_0)
FNDA:0,(anonymous_1)
FNDA:0,(anonymous_2)
FNDA:0,(anonymous_3)
FNDA:0,(anonymous_4)
FNDA:0,(anonymous_5)
FNDA:0,(anonymous_6)
FNDA:0,(anonymous_7)
DA:3,0
DA:4,0
DA:5,0
DA:7,0
DA:8,0
DA:9,0
DA:11,0
DA:12,0
DA:15,0
DA:19,0
DA:22,0
DA:23,0
DA:27,0
DA:28,0
DA:29,0
DA:30,0
DA:31,0
DA:35,0
DA:37,0
LF:19
LH:0
BRDA:8,0,0,0
BRDA:8,0,1,0
BRDA:11,1,0,0
BRDA:11,1,1,0
BRDA:30,2,0,0
BRDA:30,2,1,0
BRF:6
BRH:0
end_of_record
TN:
SF:src\utilities\tableprefrences\index.ts
FNF:0
FNH:0
DA:96,0
LF:1
LH:0
BRF:0
BRH:0
end_of_record
