TN:
SF:src\pages\Categories\Details.tsx
FN:27,CategoryDetails
FN:47,(anonymous_1)
FN:61,(anonymous_2)
FN:66,(anonymous_3)
FN:76,(anonymous_4)
FN:79,(anonymous_5)
FN:114,(anonymous_6)
FN:120,(anonymous_7)
FN:129,(anonymous_8)
FN:134,(anonymous_9)
FN:145,(anonymous_10)
FN:162,(anonymous_11)
FN:168,(anonymous_12)
FN:186,(anonymous_13)
FN:207,(anonymous_14)
FN:216,(anonymous_15)
FN:225,(anonymous_16)
FN:230,(anonymous_17)
FN:236,(anonymous_18)
FN:256,(anonymous_19)
FN:260,(anonymous_20)
FN:271,(anonymous_21)
FN:295,(anonymous_22)
FN:353,(anonymous_23)
FN:450,(anonymous_24)
FN:451,(anonymous_25)
FN:459,DetailItem
FN:484,safeStr
FN:489,capitalizeFirst
FNF:29
FNH:21
FNDA:105,CategoryDetails
FNDA:16,(anonymous_1)
FNDA:15,(anonymous_2)
FNDA:77,(anonymous_3)
FNDA:73,(anonymous_4)
FNDA:0,(anonymous_5)
FNDA:15,(anonymous_6)
FNDA:76,(anonymous_7)
FNDA:15,(anonymous_8)
FNDA:0,(anonymous_9)
FNDA:0,(anonymous_10)
FNDA:0,(anonymous_11)
FNDA:0,(anonymous_12)
FNDA:0,(anonymous_13)
FNDA:1,(anonymous_14)
FNDA:1,(anonymous_15)
FNDA:3,(anonymous_16)
FNDA:2,(anonymous_17)
FNDA:1,(anonymous_18)
FNDA:0,(anonymous_19)
FNDA:0,(anonymous_20)
FNDA:1,(anonymous_21)
FNDA:3,(anonymous_22)
FNDA:42,(anonymous_23)
FNDA:1,(anonymous_24)
FNDA:1,(anonymous_25)
FNDA:60,DetailItem
FNDA:102,safeStr
FNDA:42,capitalizeFirst
DA:25,1
DA:28,105
DA:29,105
DA:30,105
DA:31,105
DA:32,104
DA:33,104
DA:34,104
DA:35,104
DA:36,104
DA:37,104
DA:38,104
DA:39,104
DA:40,104
DA:41,104
DA:42,104
DA:43,104
DA:44,104
DA:45,104
DA:47,104
DA:48,16
DA:49,16
DA:50,16
DA:51,16
DA:52,15
DA:53,15
DA:55,1
DA:57,16
DA:61,104
DA:62,15
DA:65,104
DA:67,77
DA:68,77
DA:69,77
DA:70,77
DA:71,77
DA:76,73
DA:77,73
DA:78,0
DA:79,0
DA:81,0
DA:82,0
DA:85,73
DA:86,0
DA:88,73
DA:89,0
DA:91,73
DA:94,73
DA:95,73
DA:102,4
DA:105,4
DA:106,4
DA:108,77
DA:114,104
DA:115,15
DA:116,15
DA:117,15
DA:120,104
DA:121,76
DA:122,76
DA:126,104
DA:128,104
DA:129,15
DA:134,0
DA:145,0
DA:153,104
DA:160,104
DA:162,104
DA:163,0
DA:164,0
DA:165,0
DA:168,104
DA:169,0
DA:170,0
DA:174,104
DA:179,104
DA:184,104
DA:186,104
DA:187,0
DA:188,0
DA:189,0
DA:192,0
DA:200,0
DA:201,0
DA:203,0
DA:207,104
DA:208,1
DA:209,1
DA:213,1
DA:216,104
DA:217,1
DA:218,1
DA:222,1
DA:225,104
DA:226,3
DA:227,3
DA:230,104
DA:231,2
DA:232,2
DA:233,2
DA:236,104
DA:237,1
DA:238,1
DA:239,1
DA:240,1
DA:241,1
DA:244,1
DA:245,1
DA:247,0
DA:252,1
DA:256,104
DA:257,0
DA:260,104
DA:261,0
DA:262,0
DA:263,0
DA:266,104
DA:271,1
DA:295,3
DA:355,42
DA:356,42
DA:359,42
DA:450,1
DA:451,1
DA:460,60
DA:461,60
DA:476,60
DA:485,102
DA:486,102
DA:490,42
DA:491,42
DA:493,42
LF:132
LH:107
BRDA:48,0,0,0
BRDA:48,0,1,16
BRDA:55,1,0,1
BRDA:55,1,1,1
BRDA:66,2,0,0
BRDA:66,3,0,0
BRDA:67,4,0,0
BRDA:67,4,1,77
BRDA:77,5,0,0
BRDA:77,5,1,73
BRDA:81,6,0,0
BRDA:81,6,1,0
BRDA:85,7,0,0
BRDA:85,7,1,73
BRDA:88,8,0,0
BRDA:88,8,1,73
BRDA:102,9,0,4
BRDA:102,9,1,4
BRDA:102,9,2,4
BRDA:115,10,0,0
BRDA:115,10,1,15
BRDA:121,11,0,76
BRDA:121,11,1,0
BRDA:126,12,0,104
BRDA:126,12,1,104
BRDA:126,12,2,60
BRDA:187,13,0,0
BRDA:187,13,1,0
BRDA:200,14,0,0
BRDA:200,14,1,0
BRDA:200,15,0,0
BRDA:200,15,1,0
BRDA:219,16,0,1
BRDA:219,16,1,0
BRDA:220,17,0,1
BRDA:220,17,1,1
BRDA:231,18,0,0
BRDA:231,18,1,2
BRDA:237,19,0,0
BRDA:237,19,1,1
BRDA:248,20,0,0
BRDA:248,20,1,0
BRDA:261,21,0,0
BRDA:261,21,1,0
BRDA:278,22,0,104
BRDA:278,22,1,62
BRDA:283,23,0,104
BRDA:283,23,1,0
BRDA:283,23,2,0
BRDA:288,24,0,104
BRDA:288,24,1,42
BRDA:288,24,2,42
BRDA:290,25,0,42
BRDA:290,25,1,42
BRDA:326,26,0,42
BRDA:326,26,1,1
BRDA:340,27,0,42
BRDA:340,27,1,0
BRDA:340,28,0,42
BRDA:340,28,1,0
BRDA:346,29,0,42
BRDA:346,29,1,1
BRDA:348,30,0,41
BRDA:348,30,1,1
BRDA:355,31,0,42
BRDA:355,31,1,1
BRDA:355,31,2,0
BRDA:361,32,0,42
BRDA:361,32,1,1
BRDA:362,33,0,0
BRDA:362,33,1,1
BRDA:362,34,0,1
BRDA:362,34,1,1
BRDA:393,35,0,2
BRDA:393,35,1,102
BRDA:394,36,0,2
BRDA:394,36,1,102
BRDA:396,37,0,2
BRDA:396,37,1,102
BRDA:460,38,0,60
BRDA:460,38,1,60
BRDA:461,39,0,0
BRDA:461,39,1,60
BRDA:463,40,0,0
BRDA:463,40,1,60
BRDA:485,41,0,0
BRDA:485,41,1,102
BRDA:485,42,0,102
BRDA:485,42,1,102
BRDA:485,42,2,102
BRDA:491,43,0,0
BRDA:491,43,1,42
BRF:92
BRH:58
end_of_record
TN:
SF:src\pages\Categories\api.ts
FN:19,(anonymous_0)
FN:23,(anonymous_1)
FN:30,(anonymous_2)
FN:31,(anonymous_3)
FN:33,(anonymous_4)
FN:45,(anonymous_5)
FN:48,(anonymous_6)
FN:51,(anonymous_7)
FN:55,(anonymous_8)
FN:59,(anonymous_9)
FN:66,(anonymous_10)
FN:70,(anonymous_11)
FN:74,(anonymous_12)
FN:80,(anonymous_13)
FN:85,(anonymous_14)
FN:99,(anonymous_15)
FN:102,(anonymous_16)
FN:108,(anonymous_17)
FN:113,(anonymous_18)
FN:128,(anonymous_19)
FN:131,(anonymous_20)
FN:138,(anonymous_21)
FNF:22
FNH:9
FNDA:4,(anonymous_0)
FNDA:0,(anonymous_1)
FNDA:1,(anonymous_2)
FNDA:0,(anonymous_3)
FNDA:4,(anonymous_4)
FNDA:0,(anonymous_5)
FNDA:0,(anonymous_6)
FNDA:5,(anonymous_7)
FNDA:3,(anonymous_8)
FNDA:0,(anonymous_9)
FNDA:0,(anonymous_10)
FNDA:2,(anonymous_11)
FNDA:2,(anonymous_12)
FNDA:0,(anonymous_13)
FNDA:0,(anonymous_14)
FNDA:3,(anonymous_15)
FNDA:2,(anonymous_16)
FNDA:0,(anonymous_17)
FNDA:0,(anonymous_18)
FNDA:0,(anonymous_19)
FNDA:0,(anonymous_20)
FNDA:0,(anonymous_21)
DA:17,1
DA:19,1
DA:20,4
DA:23,1
DA:24,0
DA:27,0
DA:28,0
DA:30,1
DA:31,1
DA:33,1
DA:37,4
DA:42,4
DA:43,4
DA:45,1
DA:46,0
DA:48,1
DA:49,0
DA:51,1
DA:52,5
DA:55,1
DA:56,3
DA:59,1
DA:63,0
DA:66,1
DA:67,0
DA:70,1
DA:71,2
DA:74,1
DA:78,2
DA:79,2
DA:81,0
DA:82,0
DA:87,0
DA:93,0
DA:99,1
DA:100,3
DA:102,1
DA:106,2
DA:107,2
DA:109,0
DA:110,0
DA:117,0
DA:128,1
DA:129,0
DA:131,1
DA:132,0
DA:138,1
DA:139,0
LF:48
LH:31
BRDA:35,0,0,2
BRDA:39,1,0,4
BRDA:39,1,1,0
BRDA:76,2,0,0
BRDA:87,3,0,0
BRDA:87,3,1,0
BRDA:87,3,2,0
BRDA:87,3,3,0
BRDA:87,3,4,0
BRDA:104,4,0,0
BRDA:118,5,0,0
BRDA:118,5,1,0
BRF:12
BRH:2
end_of_record
TN:
SF:src\pages\Categories\columns.tsx
FN:9,(anonymous_0)
FN:15,(anonymous_1)
FN:22,(anonymous_2)
FN:51,(anonymous_3)
FN:64,(anonymous_4)
FN:83,(anonymous_5)
FN:90,(anonymous_6)
FNF:7
FNH:5
FNDA:23,(anonymous_0)
FNDA:11,(anonymous_1)
FNDA:30,(anonymous_2)
FNDA:12,(anonymous_3)
FNDA:0,(anonymous_4)
FNDA:0,(anonymous_5)
FNDA:11,(anonymous_6)
DA:3,1
DA:9,1
DA:10,23
DA:11,17
DA:12,17
DA:13,3
DA:15,1
DA:16,11
DA:22,1
DA:29,30
DA:52,12
DA:53,12
DA:54,12
DA:57,12
DA:59,12
DA:60,1
DA:64,0
DA:74,11
DA:83,0
DA:91,11
DA:92,11
DA:93,11
DA:94,11
DA:95,11
DA:134,30
LF:25
LH:23
BRDA:9,0,0,0
BRDA:10,1,0,6
BRDA:10,1,1,17
BRDA:12,2,0,14
BRDA:12,2,1,3
BRDA:16,3,0,11
BRDA:16,3,1,3
BRDA:24,4,0,27
BRDA:53,5,0,10
BRDA:53,5,1,2
BRDA:54,6,0,9
BRDA:54,6,1,3
BRDA:59,7,0,1
BRDA:59,7,1,11
BRDA:59,8,0,12
BRDA:59,8,1,11
BRDA:64,9,0,0
BRDA:64,9,1,0
BRDA:80,10,0,30
BRDA:80,10,1,27
BRDA:82,11,0,3
BRDA:82,11,1,27
BRDA:82,12,0,30
BRDA:82,12,1,27
BRDA:83,13,0,0
BRDA:83,13,1,0
BRDA:92,14,0,9
BRDA:92,14,1,2
BRF:28
BRH:23
end_of_record
TN:
SF:src\pages\Categories\index.tsx
FN:27,CategoriesMain
FN:31,(anonymous_1)
FN:62,(anonymous_2)
FN:68,(anonymous_3)
FN:81,(anonymous_4)
FN:87,(anonymous_5)
FN:94,(anonymous_6)
FN:104,(anonymous_7)
FN:122,(anonymous_8)
FN:125,(anonymous_9)
FN:130,(anonymous_10)
FN:149,(anonymous_11)
FN:159,(anonymous_12)
FN:170,(anonymous_13)
FN:177,(anonymous_14)
FN:185,(anonymous_15)
FN:232,(anonymous_16)
FN:235,(anonymous_17)
FN:238,(anonymous_18)
FN:271,(anonymous_19)
FN:277,(anonymous_20)
FN:283,(anonymous_21)
FN:298,(anonymous_22)
FN:304,(anonymous_23)
FNF:24
FNH:19
FNDA:43,CategoriesMain
FNDA:2,(anonymous_1)
FNDA:15,(anonymous_2)
FNDA:15,(anonymous_3)
FNDA:1,(anonymous_4)
FNDA:1,(anonymous_5)
FNDA:0,(anonymous_6)
FNDA:2,(anonymous_7)
FNDA:15,(anonymous_8)
FNDA:0,(anonymous_9)
FNDA:16,(anonymous_10)
FNDA:1,(anonymous_11)
FNDA:1,(anonymous_12)
FNDA:1,(anonymous_13)
FNDA:3,(anonymous_14)
FNDA:1,(anonymous_15)
FNDA:1,(anonymous_16)
FNDA:0,(anonymous_17)
FNDA:0,(anonymous_18)
FNDA:1,(anonymous_19)
FNDA:1,(anonymous_20)
FNDA:2,(anonymous_21)
FNDA:0,(anonymous_22)
FNDA:2,(anonymous_23)
DA:28,43
DA:29,43
DA:30,43
DA:31,43
DA:32,43
DA:33,43
DA:34,43
DA:35,43
DA:36,43
DA:37,43
DA:38,43
DA:39,43
DA:40,43
DA:41,43
DA:42,43
DA:43,43
DA:45,43
DA:47,43
DA:48,43
DA:49,43
DA:50,43
DA:51,0
DA:53,43
DA:61,43
DA:62,43
DA:63,15
DA:64,0
DA:68,43
DA:69,15
DA:70,15
DA:71,13
DA:72,0
DA:73,13
DA:74,0
DA:76,2
DA:77,0
DA:81,43
DA:82,1
DA:87,43
DA:88,1
DA:94,43
DA:95,0
DA:96,0
DA:97,0
DA:98,0
DA:99,0
DA:100,0
DA:104,43
DA:105,2
DA:106,2
DA:107,2
DA:108,2
DA:109,1
DA:110,1
DA:111,1
DA:112,1
DA:114,1
DA:119,2
DA:122,43
DA:123,15
DA:125,0
DA:130,43
DA:131,16
DA:149,43
DA:150,1
DA:151,1
DA:152,1
DA:153,1
DA:154,1
DA:155,1
DA:159,43
DA:160,1
DA:161,1
DA:162,1
DA:163,1
DA:164,0
DA:165,0
DA:166,0
DA:170,43
DA:171,1
DA:173,43
DA:177,43
DA:178,3
DA:179,3
DA:180,3
DA:182,43
DA:185,43
DA:186,1
DA:187,0
DA:193,0
DA:195,1
DA:203,43
DA:233,1
DA:234,1
DA:235,1
DA:236,1
DA:238,0
DA:271,1
DA:277,1
DA:284,2
DA:285,2
DA:299,0
DA:300,0
DA:301,0
DA:304,2
LF:105
LH:84
BRDA:49,0,0,43
BRDA:49,0,1,0
BRDA:50,1,0,0
BRDA:50,1,1,43
BRDA:50,2,0,43
BRDA:50,2,1,43
BRDA:57,3,0,0
BRDA:57,3,1,43
BRDA:63,4,0,0
BRDA:63,4,1,15
BRDA:70,5,0,13
BRDA:70,5,1,2
BRDA:70,6,0,15
BRDA:70,6,1,15
BRDA:71,7,0,0
BRDA:71,7,1,13
BRDA:71,8,0,13
BRDA:71,8,1,0
BRDA:73,9,0,0
BRDA:73,9,1,13
BRDA:73,10,0,13
BRDA:73,10,1,0
BRDA:76,11,0,0
BRDA:76,11,1,2
BRDA:76,12,0,2
BRDA:76,12,1,0
BRDA:96,13,0,0
BRDA:96,13,1,0
BRDA:98,14,0,0
BRDA:98,14,1,0
BRDA:105,15,0,0
BRDA:105,15,1,2
BRDA:115,16,0,1
BRDA:115,16,1,0
BRDA:150,17,0,1
BRDA:150,17,1,0
BRDA:152,18,0,1
BRDA:152,18,1,0
BRDA:163,19,0,0
BRDA:163,19,1,1
BRDA:163,20,0,1
BRDA:163,20,1,0
BRDA:178,21,0,0
BRDA:178,21,1,3
BRDA:186,22,0,0
BRDA:186,22,1,1
BRDA:186,23,0,1
BRDA:186,23,1,1
BRDA:205,24,0,0
BRDA:205,24,1,43
BRDA:213,25,0,41
BRDA:213,25,1,2
BRDA:214,26,0,41
BRDA:214,26,1,2
BRDA:216,27,0,43
BRDA:216,27,1,41
BRDA:221,28,0,43
BRDA:221,28,1,0
BRDA:225,29,0,4
BRDA:225,29,1,39
BRDA:225,30,0,43
BRDA:225,30,1,0
BRDA:231,31,0,43
BRDA:231,31,1,43
BRDA:234,32,0,0
BRDA:234,32,1,1
BRDA:249,33,0,43
BRDA:249,33,1,0
BRDA:251,34,0,43
BRDA:251,34,1,0
BRDA:253,35,0,0
BRDA:253,35,1,0
BRDA:254,36,0,43
BRDA:254,36,1,0
BRDA:259,37,0,43
BRDA:259,37,1,4
BRDA:259,38,0,43
BRDA:259,38,1,0
BRDA:260,39,0,43
BRDA:260,39,1,0
BRDA:266,40,0,2
BRDA:266,40,1,41
BRDA:299,41,0,0
BRDA:299,41,1,0
BRDA:304,42,0,2
BRDA:304,42,1,2
BRF:86
BRH:51
end_of_record
TN:
SF:src\pages\Categories\create\index.tsx
FN:32,CreateAdmin
FN:43,(anonymous_1)
FN:80,(anonymous_2)
FN:88,(anonymous_3)
FN:97,(anonymous_4)
FN:101,(anonymous_5)
FN:109,(anonymous_6)
FN:123,(anonymous_7)
FN:154,(anonymous_8)
FN:164,(anonymous_9)
FN:175,(anonymous_10)
FN:177,(anonymous_11)
FNF:12
FNH:8
FNDA:38,CreateAdmin
FNDA:38,(anonymous_1)
FNDA:1,(anonymous_2)
FNDA:0,(anonymous_3)
FNDA:3,(anonymous_4)
FNDA:17,(anonymous_5)
FNDA:0,(anonymous_6)
FNDA:2,(anonymous_7)
FNDA:0,(anonymous_8)
FNDA:1,(anonymous_9)
FNDA:2,(anonymous_10)
FNDA:0,(anonymous_11)
DA:43,38
DA:49,38
DA:58,38
DA:80,38
DA:81,1
DA:85,1
DA:88,38
DA:89,0
DA:94,0
DA:95,0
DA:97,38
DA:98,3
DA:99,3
DA:101,38
DA:102,17
DA:103,3
DA:109,38
DA:110,0
DA:112,38
DA:114,38
DA:116,38
DA:121,38
DA:123,38
DA:124,2
DA:131,2
DA:132,1
DA:134,1
DA:138,38
DA:143,38
DA:154,38
DA:155,0
DA:156,0
DA:157,0
DA:160,38
DA:164,1
DA:175,2
DA:177,0
LF:37
LH:29
BRDA:47,0,0,0
BRDA:48,1,0,38
BRDA:55,2,0,38
BRDA:55,2,1,0
BRDA:56,3,0,0
BRDA:56,3,1,38
BRDA:98,4,0,0
BRDA:98,4,1,3
BRDA:102,5,0,3
BRDA:102,5,1,14
BRDA:102,6,0,17
BRDA:102,6,1,16
BRDA:102,6,2,3
BRDA:102,6,3,3
BRDA:104,7,0,3
BRDA:104,7,1,0
BRDA:105,8,0,3
BRDA:105,8,1,1
BRDA:126,9,0,2
BRDA:126,9,1,1
BRDA:127,10,0,2
BRDA:127,10,1,1
BRDA:131,11,0,1
BRDA:131,11,1,1
BRDA:139,12,0,38
BRDA:139,12,1,25
BRDA:140,13,0,8
BRDA:140,13,1,30
BRDA:146,14,0,38
BRDA:146,14,1,25
BRDA:150,15,0,38
BRDA:150,15,1,30
BRDA:166,16,0,9
BRDA:166,16,1,29
BRDA:168,17,0,4
BRDA:168,17,1,25
BRDA:172,18,0,4
BRDA:172,18,1,34
BRDA:173,19,0,38
BRDA:173,19,1,36
BRDA:175,20,0,4
BRDA:175,20,1,34
BRDA:182,21,0,34
BRDA:182,21,1,4
BRF:44
BRH:39
end_of_record
TN:
SF:src\pages\Categories\create\schema.ts
FNF:0
FNH:0
DA:6,1
DA:8,1
DA:20,1
LF:3
LH:3
BRF:0
BRH:0
end_of_record
