{"C:\\Users\\sumit\\get-fit-malayali\\get-fit-malayali-frontend\\src\\pages\\Plans\\api.ts": {"path":"C:\\Users\\sumit\\get-fit-malayali\\get-fit-malayali-frontend\\src\\pages\\Plans\\api.ts","statementMap":{"0":{"start":{"line":18,"column":37},"end":{"line":18,"column":42}},"1":{"start":{"line":20,"column":27},"end":{"line":22,"column":1}},"2":{"start":{"line":21,"column":2},"end":{"line":21,"column":48}},"3":{"start":{"line":24,"column":19},"end":{"line":30,"column":1}},"4":{"start":{"line":25,"column":14},"end":{"line":27,"column":4}},"5":{"start":{"line":28,"column":19},"end":{"line":28,"column":37}},"6":{"start":{"line":29,"column":2},"end":{"line":29,"column":17}},"7":{"start":{"line":31,"column":24},"end":{"line":33,"column":1}},"8":{"start":{"line":32,"column":2},"end":{"line":32,"column":74}},"9":{"start":{"line":32,"column":47},"end":{"line":32,"column":64}},"10":{"start":{"line":36,"column":23},"end":{"line":38,"column":1}},"11":{"start":{"line":37,"column":2},"end":{"line":37,"column":41}},"12":{"start":{"line":39,"column":23},"end":{"line":43,"column":1}},"13":{"start":{"line":40,"column":2},"end":{"line":42,"column":4}},"14":{"start":{"line":40,"column":45},"end":{"line":40,"column":75}},"15":{"start":{"line":46,"column":26},"end":{"line":48,"column":1}},"16":{"start":{"line":47,"column":2},"end":{"line":47,"column":45}},"17":{"start":{"line":49,"column":26},"end":{"line":51,"column":1}},"18":{"start":{"line":50,"column":2},"end":{"line":50,"column":53}},"19":{"start":{"line":52,"column":25},"end":{"line":54,"column":1}},"20":{"start":{"line":53,"column":2},"end":{"line":53,"column":52}},"21":{"start":{"line":55,"column":26},"end":{"line":57,"column":1}},"22":{"start":{"line":56,"column":2},"end":{"line":56,"column":44}},"23":{"start":{"line":60,"column":32},"end":{"line":82,"column":1}},"24":{"start":{"line":65,"column":2},"end":{"line":81,"column":3}},"25":{"start":{"line":66,"column":4},"end":{"line":68,"column":6}},"26":{"start":{"line":71,"column":4},"end":{"line":80,"column":5}},"27":{"start":{"line":72,"column":6},"end":{"line":74,"column":8}},"28":{"start":{"line":77,"column":6},"end":{"line":79,"column":8}},"29":{"start":{"line":83,"column":29},"end":{"line":96,"column":1}},"30":{"start":{"line":84,"column":30},"end":{"line":84,"column":50}},"31":{"start":{"line":85,"column":2},"end":{"line":95,"column":4}},"32":{"start":{"line":87,"column":6},"end":{"line":87,"column":74}},"33":{"start":{"line":90,"column":6},"end":{"line":93,"column":7}},"34":{"start":{"line":97,"column":29},"end":{"line":116,"column":1}},"35":{"start":{"line":98,"column":30},"end":{"line":98,"column":50}},"36":{"start":{"line":99,"column":22},"end":{"line":99,"column":38}},"37":{"start":{"line":100,"column":2},"end":{"line":115,"column":3}},"38":{"start":{"line":102,"column":6},"end":{"line":102,"column":29}},"39":{"start":{"line":105,"column":8},"end":{"line":105,"column":76}},"40":{"start":{"line":106,"column":8},"end":{"line":106,"column":53}},"41":{"start":{"line":109,"column":8},"end":{"line":112,"column":9}},"42":{"start":{"line":117,"column":18},"end":{"line":123,"column":1}},"43":{"start":{"line":118,"column":14},"end":{"line":120,"column":4}},"44":{"start":{"line":121,"column":19},"end":{"line":121,"column":37}},"45":{"start":{"line":122,"column":2},"end":{"line":122,"column":17}},"46":{"start":{"line":125,"column":28},"end":{"line":129,"column":1}},"47":{"start":{"line":126,"column":2},"end":{"line":128,"column":4}},"48":{"start":{"line":126,"column":52},"end":{"line":126,"column":68}},"49":{"start":{"line":130,"column":31},"end":{"line":132,"column":1}},"50":{"start":{"line":131,"column":2},"end":{"line":131,"column":64}},"51":{"start":{"line":136,"column":31},"end":{"line":138,"column":1}},"52":{"start":{"line":137,"column":2},"end":{"line":137,"column":46}},"53":{"start":{"line":140,"column":27},"end":{"line":142,"column":1}},"54":{"start":{"line":141,"column":2},"end":{"line":141,"column":48}},"55":{"start":{"line":143,"column":30},"end":{"line":162,"column":1}},"56":{"start":{"line":144,"column":30},"end":{"line":144,"column":50}},"57":{"start":{"line":145,"column":2},"end":{"line":161,"column":4}},"58":{"start":{"line":147,"column":6},"end":{"line":147,"column":32}},"59":{"start":{"line":148,"column":6},"end":{"line":148,"column":75}},"60":{"start":{"line":152,"column":6},"end":{"line":159,"column":7}},"61":{"start":{"line":163,"column":26},"end":{"line":165,"column":1}},"62":{"start":{"line":164,"column":2},"end":{"line":164,"column":59}},"63":{"start":{"line":166,"column":30},"end":{"line":188,"column":1}},"64":{"start":{"line":167,"column":30},"end":{"line":167,"column":50}},"65":{"start":{"line":168,"column":2},"end":{"line":187,"column":4}},"66":{"start":{"line":170,"column":6},"end":{"line":170,"column":32}},"67":{"start":{"line":171,"column":6},"end":{"line":171,"column":77}},"68":{"start":{"line":178,"column":6},"end":{"line":185,"column":7}},"69":{"start":{"line":189,"column":24},"end":{"line":191,"column":1}},"70":{"start":{"line":190,"column":2},"end":{"line":190,"column":49}},"71":{"start":{"line":192,"column":30},"end":{"line":197,"column":1}},"72":{"start":{"line":193,"column":2},"end":{"line":196,"column":3}},"73":{"start":{"line":199,"column":35},"end":{"line":201,"column":1}},"74":{"start":{"line":200,"column":2},"end":{"line":200,"column":58}}},"fnMap":{"0":{"name":"(anonymous_0)","decl":{"start":{"line":20,"column":27},"end":{"line":20,"column":28}},"loc":{"start":{"line":20,"column":69},"end":{"line":22,"column":1}},"line":20},"1":{"name":"(anonymous_1)","decl":{"start":{"line":24,"column":19},"end":{"line":24,"column":20}},"loc":{"start":{"line":24,"column":49},"end":{"line":30,"column":1}},"line":24},"2":{"name":"(anonymous_2)","decl":{"start":{"line":31,"column":24},"end":{"line":31,"column":25}},"loc":{"start":{"line":31,"column":63},"end":{"line":33,"column":1}},"line":31},"3":{"name":"(anonymous_3)","decl":{"start":{"line":32,"column":41},"end":{"line":32,"column":42}},"loc":{"start":{"line":32,"column":47},"end":{"line":32,"column":64}},"line":32},"4":{"name":"(anonymous_4)","decl":{"start":{"line":36,"column":23},"end":{"line":36,"column":24}},"loc":{"start":{"line":36,"column":48},"end":{"line":38,"column":1}},"line":36},"5":{"name":"(anonymous_5)","decl":{"start":{"line":39,"column":23},"end":{"line":39,"column":24}},"loc":{"start":{"line":39,"column":49},"end":{"line":43,"column":1}},"line":39},"6":{"name":"(anonymous_6)","decl":{"start":{"line":40,"column":39},"end":{"line":40,"column":40}},"loc":{"start":{"line":40,"column":45},"end":{"line":40,"column":75}},"line":40},"7":{"name":"(anonymous_7)","decl":{"start":{"line":46,"column":26},"end":{"line":46,"column":27}},"loc":{"start":{"line":46,"column":44},"end":{"line":48,"column":1}},"line":46},"8":{"name":"(anonymous_8)","decl":{"start":{"line":49,"column":26},"end":{"line":49,"column":27}},"loc":{"start":{"line":49,"column":65},"end":{"line":51,"column":1}},"line":49},"9":{"name":"(anonymous_9)","decl":{"start":{"line":52,"column":25},"end":{"line":52,"column":26}},"loc":{"start":{"line":52,"column":64},"end":{"line":54,"column":1}},"line":52},"10":{"name":"(anonymous_10)","decl":{"start":{"line":55,"column":26},"end":{"line":55,"column":27}},"loc":{"start":{"line":55,"column":51},"end":{"line":57,"column":1}},"line":55},"11":{"name":"(anonymous_11)","decl":{"start":{"line":60,"column":32},"end":{"line":60,"column":33}},"loc":{"start":{"line":63,"column":5},"end":{"line":82,"column":1}},"line":63},"12":{"name":"(anonymous_12)","decl":{"start":{"line":83,"column":29},"end":{"line":83,"column":30}},"loc":{"start":{"line":83,"column":35},"end":{"line":96,"column":1}},"line":83},"13":{"name":"(anonymous_13)","decl":{"start":{"line":86,"column":15},"end":{"line":86,"column":16}},"loc":{"start":{"line":86,"column":21},"end":{"line":88,"column":5}},"line":86},"14":{"name":"(anonymous_14)","decl":{"start":{"line":89,"column":13},"end":{"line":89,"column":14}},"loc":{"start":{"line":89,"column":29},"end":{"line":94,"column":5}},"line":89},"15":{"name":"(anonymous_15)","decl":{"start":{"line":97,"column":29},"end":{"line":97,"column":30}},"loc":{"start":{"line":97,"column":35},"end":{"line":116,"column":1}},"line":97},"16":{"name":"(anonymous_16)","decl":{"start":{"line":101,"column":4},"end":{"line":101,"column":5}},"loc":{"start":{"line":102,"column":6},"end":{"line":102,"column":29}},"line":102},"17":{"name":"(anonymous_17)","decl":{"start":{"line":104,"column":17},"end":{"line":104,"column":18}},"loc":{"start":{"line":104,"column":23},"end":{"line":107,"column":7}},"line":104},"18":{"name":"(anonymous_18)","decl":{"start":{"line":108,"column":15},"end":{"line":108,"column":16}},"loc":{"start":{"line":108,"column":31},"end":{"line":113,"column":7}},"line":108},"19":{"name":"(anonymous_19)","decl":{"start":{"line":117,"column":18},"end":{"line":117,"column":19}},"loc":{"start":{"line":117,"column":48},"end":{"line":123,"column":1}},"line":117},"20":{"name":"(anonymous_20)","decl":{"start":{"line":125,"column":28},"end":{"line":125,"column":29}},"loc":{"start":{"line":125,"column":52},"end":{"line":129,"column":1}},"line":125},"21":{"name":"(anonymous_21)","decl":{"start":{"line":126,"column":46},"end":{"line":126,"column":47}},"loc":{"start":{"line":126,"column":52},"end":{"line":126,"column":68}},"line":126},"22":{"name":"(anonymous_22)","decl":{"start":{"line":130,"column":31},"end":{"line":130,"column":32}},"loc":{"start":{"line":130,"column":48},"end":{"line":132,"column":1}},"line":130},"23":{"name":"(anonymous_23)","decl":{"start":{"line":136,"column":31},"end":{"line":136,"column":32}},"loc":{"start":{"line":136,"column":47},"end":{"line":138,"column":1}},"line":136},"24":{"name":"(anonymous_24)","decl":{"start":{"line":140,"column":27},"end":{"line":140,"column":28}},"loc":{"start":{"line":140,"column":43},"end":{"line":142,"column":1}},"line":140},"25":{"name":"(anonymous_25)","decl":{"start":{"line":143,"column":30},"end":{"line":143,"column":31}},"loc":{"start":{"line":143,"column":73},"end":{"line":162,"column":1}},"line":143},"26":{"name":"(anonymous_26)","decl":{"start":{"line":146,"column":15},"end":{"line":146,"column":16}},"loc":{"start":{"line":146,"column":29},"end":{"line":149,"column":5}},"line":146},"27":{"name":"(anonymous_27)","decl":{"start":{"line":151,"column":13},"end":{"line":151,"column":14}},"loc":{"start":{"line":151,"column":29},"end":{"line":160,"column":5}},"line":151},"28":{"name":"(anonymous_28)","decl":{"start":{"line":163,"column":26},"end":{"line":163,"column":27}},"loc":{"start":{"line":163,"column":49},"end":{"line":165,"column":1}},"line":163},"29":{"name":"(anonymous_29)","decl":{"start":{"line":166,"column":30},"end":{"line":166,"column":31}},"loc":{"start":{"line":166,"column":73},"end":{"line":188,"column":1}},"line":166},"30":{"name":"(anonymous_30)","decl":{"start":{"line":169,"column":15},"end":{"line":169,"column":16}},"loc":{"start":{"line":169,"column":29},"end":{"line":172,"column":5}},"line":169},"31":{"name":"(anonymous_31)","decl":{"start":{"line":174,"column":13},"end":{"line":174,"column":14}},"loc":{"start":{"line":174,"column":29},"end":{"line":186,"column":5}},"line":174},"32":{"name":"(anonymous_32)","decl":{"start":{"line":189,"column":24},"end":{"line":189,"column":25}},"loc":{"start":{"line":189,"column":30},"end":{"line":191,"column":1}},"line":189},"33":{"name":"(anonymous_33)","decl":{"start":{"line":192,"column":30},"end":{"line":192,"column":31}},"loc":{"start":{"line":192,"column":66},"end":{"line":197,"column":1}},"line":192},"34":{"name":"(anonymous_34)","decl":{"start":{"line":199,"column":35},"end":{"line":199,"column":36}},"loc":{"start":{"line":199,"column":52},"end":{"line":201,"column":1}},"line":199}},"branchMap":{"0":{"loc":{"start":{"line":91,"column":8},"end":{"line":91,"column":65}},"type":"binary-expr","locations":[{"start":{"line":91,"column":8},"end":{"line":91,"column":38}},{"start":{"line":91,"column":42},"end":{"line":91,"column":65}}],"line":91},"1":{"loc":{"start":{"line":110,"column":10},"end":{"line":110,"column":67}},"type":"binary-expr","locations":[{"start":{"line":110,"column":10},"end":{"line":110,"column":40}},{"start":{"line":110,"column":44},"end":{"line":110,"column":67}}],"line":110},"2":{"loc":{"start":{"line":154,"column":10},"end":{"line":154,"column":68}},"type":"binary-expr","locations":[{"start":{"line":154,"column":10},"end":{"line":154,"column":35}},{"start":{"line":154,"column":39},"end":{"line":154,"column":68}}],"line":154},"3":{"loc":{"start":{"line":179,"column":8},"end":{"line":181,"column":42}},"type":"cond-expr","locations":[{"start":{"line":180,"column":12},"end":{"line":180,"column":58}},{"start":{"line":181,"column":12},"end":{"line":181,"column":42}}],"line":179}},"s":{"0":2,"1":2,"2":2,"3":2,"4":1,"5":1,"6":1,"7":2,"8":2,"9":1,"10":2,"11":1,"12":2,"13":1,"14":0,"15":2,"16":2,"17":2,"18":2,"19":2,"20":1,"21":2,"22":1,"23":2,"24":2,"25":2,"26":1,"27":1,"28":1,"29":2,"30":1,"31":1,"32":1,"33":0,"34":2,"35":2,"36":2,"37":2,"38":1,"39":0,"40":0,"41":1,"42":2,"43":1,"44":1,"45":1,"46":2,"47":2,"48":1,"49":2,"50":1,"51":2,"52":1,"53":2,"54":3,"55":2,"56":3,"57":3,"58":1,"59":1,"60":1,"61":2,"62":3,"63":2,"64":2,"65":2,"66":1,"67":1,"68":1,"69":2,"70":1,"71":2,"72":1,"73":2,"74":1},"f":{"0":2,"1":1,"2":2,"3":1,"4":1,"5":1,"6":0,"7":2,"8":2,"9":1,"10":1,"11":2,"12":1,"13":1,"14":0,"15":2,"16":1,"17":0,"18":1,"19":1,"20":2,"21":1,"22":1,"23":1,"24":3,"25":3,"26":1,"27":1,"28":3,"29":2,"30":1,"31":1,"32":1,"33":1,"34":1},"b":{"0":[0,0],"1":[1,0],"2":[1,0],"3":[0,1]},"_coverageSchema":"1a1c01bbd47fc00a2c39e90264f33305004495a9","hash":"fd9efd248032321520daea9865c101fe7b993bc3"}
,"C:\\Users\\sumit\\get-fit-malayali\\get-fit-malayali-frontend\\src\\pages\\Plans\\columns.tsx": {"path":"C:\\Users\\sumit\\get-fit-malayali\\get-fit-malayali-frontend\\src\\pages\\Plans\\columns.tsx","statementMap":{"0":{"start":{"line":6,"column":27},"end":{"line":10,"column":1}},"1":{"start":{"line":12,"column":26},"end":{"line":195,"column":1}},"2":{"start":{"line":19,"column":27},"end":{"line":64,"column":3}},"3":{"start":{"line":19,"column":63},"end":{"line":64,"column":3}},"4":{"start":{"line":20,"column":4},"end":{"line":63,"column":5}},"5":{"start":{"line":21,"column":6},"end":{"line":29,"column":7}},"6":{"start":{"line":30,"column":11},"end":{"line":63,"column":5}},"7":{"start":{"line":31,"column":28},"end":{"line":31,"column":55}},"8":{"start":{"line":33,"column":6},"end":{"line":36,"column":7}},"9":{"start":{"line":37,"column":11},"end":{"line":63,"column":5}},"10":{"start":{"line":38,"column":20},"end":{"line":38,"column":47}},"11":{"start":{"line":40,"column":8},"end":{"line":43,"column":60}},"12":{"start":{"line":44,"column":6},"end":{"line":57,"column":7}},"13":{"start":{"line":59,"column":6},"end":{"line":62,"column":7}},"14":{"start":{"line":66,"column":17},"end":{"line":192,"column":3}},"15":{"start":{"line":73,"column":22},"end":{"line":73,"column":74}},"16":{"start":{"line":75,"column":10},"end":{"line":77,"column":27}},"17":{"start":{"line":79,"column":8},"end":{"line":92,"column":9}},"18":{"start":{"line":80,"column":10},"end":{"line":91,"column":11}},"19":{"start":{"line":84,"column":31},"end":{"line":84,"column":62}},"20":{"start":{"line":93,"column":8},"end":{"line":96,"column":9}},"21":{"start":{"line":103,"column":26},"end":{"line":103,"column":57}},"22":{"start":{"line":133,"column":22},"end":{"line":133,"column":52}},"23":{"start":{"line":134,"column":20},"end":{"line":134,"column":74}},"24":{"start":{"line":135,"column":8},"end":{"line":140,"column":9}},"25":{"start":{"line":136,"column":10},"end":{"line":139,"column":11}},"26":{"start":{"line":141,"column":26},"end":{"line":143,"column":10}},"27":{"start":{"line":144,"column":22},"end":{"line":144,"column":38}},"28":{"start":{"line":146,"column":10},"end":{"line":153,"column":17}},"29":{"start":{"line":155,"column":8},"end":{"line":158,"column":9}},"30":{"start":{"line":175,"column":20},"end":{"line":175,"column":59}},"31":{"start":{"line":176,"column":8},"end":{"line":189,"column":9}},"32":{"start":{"line":194,"column":2},"end":{"line":194,"column":15}}},"fnMap":{"0":{"name":"(anonymous_0)","decl":{"start":{"line":12,"column":26},"end":{"line":12,"column":27}},"loc":{"start":{"line":18,"column":11},"end":{"line":195,"column":1}},"line":18},"1":{"name":"(anonymous_1)","decl":{"start":{"line":19,"column":27},"end":{"line":19,"column":28}},"loc":{"start":{"line":19,"column":63},"end":{"line":64,"column":3}},"line":19},"2":{"name":"(anonymous_2)","decl":{"start":{"line":19,"column":63},"end":{"line":19,"column":64}},"loc":{"start":{"line":19,"column":77},"end":{"line":64,"column":3}},"line":19},"3":{"name":"(anonymous_3)","decl":{"start":{"line":72,"column":18},"end":{"line":72,"column":19}},"loc":{"start":{"line":72,"column":32},"end":{"line":97,"column":7}},"line":72},"4":{"name":"(anonymous_4)","decl":{"start":{"line":84,"column":25},"end":{"line":84,"column":26}},"loc":{"start":{"line":84,"column":31},"end":{"line":84,"column":62}},"line":84},"5":{"name":"(anonymous_5)","decl":{"start":{"line":103,"column":12},"end":{"line":103,"column":13}},"loc":{"start":{"line":103,"column":26},"end":{"line":103,"column":57}},"line":103},"6":{"name":"(anonymous_6)","decl":{"start":{"line":132,"column":18},"end":{"line":132,"column":19}},"loc":{"start":{"line":132,"column":32},"end":{"line":159,"column":7}},"line":132},"7":{"name":"(anonymous_7)","decl":{"start":{"line":174,"column":18},"end":{"line":174,"column":19}},"loc":{"start":{"line":174,"column":32},"end":{"line":190,"column":7}},"line":174}},"branchMap":{"0":{"loc":{"start":{"line":12,"column":27},"end":{"line":18,"column":6}},"type":"default-arg","locations":[{"start":{"line":18,"column":4},"end":{"line":18,"column":6}}],"line":12},"1":{"loc":{"start":{"line":14,"column":2},"end":{"line":14,"column":25}},"type":"default-arg","locations":[{"start":{"line":14,"column":20},"end":{"line":14,"column":25}}],"line":14},"2":{"loc":{"start":{"line":20,"column":4},"end":{"line":63,"column":5}},"type":"if","locations":[{"start":{"line":20,"column":4},"end":{"line":63,"column":5}},{"start":{"line":30,"column":11},"end":{"line":63,"column":5}}],"line":20},"3":{"loc":{"start":{"line":24,"column":13},"end":{"line":26,"column":18}},"type":"cond-expr","locations":[{"start":{"line":25,"column":16},"end":{"line":25,"column":72}},{"start":{"line":26,"column":16},"end":{"line":26,"column":18}}],"line":24},"4":{"loc":{"start":{"line":30,"column":11},"end":{"line":63,"column":5}},"type":"if","locations":[{"start":{"line":30,"column":11},"end":{"line":63,"column":5}},{"start":{"line":37,"column":11},"end":{"line":63,"column":5}}],"line":30},"5":{"loc":{"start":{"line":35,"column":17},"end":{"line":35,"column":50}},"type":"binary-expr","locations":[{"start":{"line":35,"column":17},"end":{"line":35,"column":44}},{"start":{"line":35,"column":48},"end":{"line":35,"column":50}}],"line":35},"6":{"loc":{"start":{"line":37,"column":11},"end":{"line":63,"column":5}},"type":"if","locations":[{"start":{"line":37,"column":11},"end":{"line":63,"column":5}},{"start":{"line":58,"column":11},"end":{"line":63,"column":5}}],"line":37},"7":{"loc":{"start":{"line":40,"column":8},"end":{"line":43,"column":60}},"type":"binary-expr","locations":[{"start":{"line":40,"column":9},"end":{"line":40,"column":35}},{"start":{"line":40,"column":39},"end":{"line":40,"column":53}},{"start":{"line":41,"column":9},"end":{"line":41,"column":34}},{"start":{"line":41,"column":38},"end":{"line":41,"column":49}},{"start":{"line":42,"column":9},"end":{"line":42,"column":34}},{"start":{"line":43,"column":11},"end":{"line":43,"column":24}},{"start":{"line":43,"column":28},"end":{"line":43,"column":58}}],"line":40},"8":{"loc":{"start":{"line":48,"column":14},"end":{"line":50,"column":43}},"type":"cond-expr","locations":[{"start":{"line":49,"column":18},"end":{"line":49,"column":47}},{"start":{"line":50,"column":18},"end":{"line":50,"column":43}}],"line":48},"9":{"loc":{"start":{"line":53,"column":13},"end":{"line":53,"column":45}},"type":"cond-expr","locations":[{"start":{"line":53,"column":24},"end":{"line":53,"column":32}},{"start":{"line":53,"column":35},"end":{"line":53,"column":45}}],"line":53},"10":{"loc":{"start":{"line":56,"column":17},"end":{"line":56,"column":49}},"type":"cond-expr","locations":[{"start":{"line":56,"column":28},"end":{"line":56,"column":36}},{"start":{"line":56,"column":39},"end":{"line":56,"column":49}}],"line":56},"11":{"loc":{"start":{"line":61,"column":17},"end":{"line":61,"column":50}},"type":"binary-expr","locations":[{"start":{"line":61,"column":17},"end":{"line":61,"column":44}},{"start":{"line":61,"column":48},"end":{"line":61,"column":50}}],"line":61},"12":{"loc":{"start":{"line":75,"column":10},"end":{"line":77,"column":27}},"type":"cond-expr","locations":[{"start":{"line":76,"column":14},"end":{"line":76,"column":74}},{"start":{"line":77,"column":15},"end":{"line":77,"column":26}}],"line":75},"13":{"loc":{"start":{"line":75,"column":10},"end":{"line":75,"column":55}},"type":"binary-expr","locations":[{"start":{"line":75,"column":10},"end":{"line":75,"column":35}},{"start":{"line":75,"column":39},"end":{"line":75,"column":55}}],"line":75},"14":{"loc":{"start":{"line":77,"column":15},"end":{"line":77,"column":26}},"type":"binary-expr","locations":[{"start":{"line":77,"column":15},"end":{"line":77,"column":20}},{"start":{"line":77,"column":24},"end":{"line":77,"column":26}}],"line":77},"15":{"loc":{"start":{"line":79,"column":8},"end":{"line":92,"column":9}},"type":"if","locations":[{"start":{"line":79,"column":8},"end":{"line":92,"column":9}},{"start":{},"end":{}}],"line":79},"16":{"loc":{"start":{"line":79,"column":12},"end":{"line":79,"column":43}},"type":"binary-expr","locations":[{"start":{"line":79,"column":12},"end":{"line":79,"column":28}},{"start":{"line":79,"column":32},"end":{"line":79,"column":43}}],"line":79},"17":{"loc":{"start":{"line":84,"column":31},"end":{"line":84,"column":62}},"type":"binary-expr","locations":[{"start":{"line":84,"column":31},"end":{"line":84,"column":42}},{"start":{"line":84,"column":46},"end":{"line":84,"column":62}}],"line":84},"18":{"loc":{"start":{"line":100,"column":12},"end":{"line":100,"column":45}},"type":"binary-expr","locations":[{"start":{"line":100,"column":12},"end":{"line":100,"column":28}},{"start":{"line":100,"column":32},"end":{"line":100,"column":45}}],"line":100},"19":{"loc":{"start":{"line":102,"column":8},"end":{"line":104,"column":21}},"type":"cond-expr","locations":[{"start":{"line":103,"column":12},"end":{"line":103,"column":57}},{"start":{"line":104,"column":12},"end":{"line":104,"column":21}}],"line":102},"20":{"loc":{"start":{"line":102,"column":8},"end":{"line":102,"column":39}},"type":"binary-expr","locations":[{"start":{"line":102,"column":8},"end":{"line":102,"column":24}},{"start":{"line":102,"column":28},"end":{"line":102,"column":39}}],"line":102},"21":{"loc":{"start":{"line":103,"column":26},"end":{"line":103,"column":57}},"type":"binary-expr","locations":[{"start":{"line":103,"column":26},"end":{"line":103,"column":37}},{"start":{"line":103,"column":41},"end":{"line":103,"column":57}}],"line":103},"22":{"loc":{"start":{"line":134,"column":20},"end":{"line":134,"column":74}},"type":"cond-expr","locations":[{"start":{"line":134,"column":48},"end":{"line":134,"column":53}},{"start":{"line":134,"column":56},"end":{"line":134,"column":74}}],"line":134},"23":{"loc":{"start":{"line":134,"column":63},"end":{"line":134,"column":73}},"type":"binary-expr","locations":[{"start":{"line":134,"column":63},"end":{"line":134,"column":68}},{"start":{"line":134,"column":72},"end":{"line":134,"column":73}}],"line":134},"24":{"loc":{"start":{"line":135,"column":8},"end":{"line":140,"column":9}},"type":"if","locations":[{"start":{"line":135,"column":8},"end":{"line":140,"column":9}},{"start":{},"end":{}}],"line":135},"25":{"loc":{"start":{"line":177,"column":16},"end":{"line":187,"column":11}},"type":"cond-expr","locations":[{"start":{"line":178,"column":12},"end":{"line":184,"column":18}},{"start":{"line":186,"column":12},"end":{"line":186,"column":16}}],"line":177},"26":{"loc":{"start":{"line":188,"column":19},"end":{"line":188,"column":28}},"type":"binary-expr","locations":[{"start":{"line":188,"column":19},"end":{"line":188,"column":22}},{"start":{"line":188,"column":26},"end":{"line":188,"column":28}}],"line":188}},"s":{"0":2,"1":2,"2":21,"3":63,"4":97,"5":0,"6":97,"7":0,"8":0,"9":97,"10":33,"11":33,"12":33,"13":64,"14":21,"15":33,"16":33,"17":33,"18":33,"19":2,"20":0,"21":0,"22":34,"23":34,"24":34,"25":1,"26":33,"27":33,"28":33,"29":33,"30":32,"31":32,"32":21},"f":{"0":21,"1":63,"2":97,"3":33,"4":2,"5":0,"6":34,"7":32},"b":{"0":[2],"1":[3],"2":[0,97],"3":[0,0],"4":[0,97],"5":[0,0],"6":[33,64],"7":[33,32,2,0,2,1,1],"8":[32,1],"9":[32,1],"10":[32,1],"11":[64,64],"12":[33,0],"13":[33,33],"14":[0,0],"15":[33,0],"16":[33,33],"17":[2,2],"18":[21,21],"19":[19,2],"20":[21,21],"21":[0,0],"22":[1,33],"23":[33,32],"24":[1,33],"25":[0,32],"26":[32,32]},"_coverageSchema":"1a1c01bbd47fc00a2c39e90264f33305004495a9","hash":"621944dbd454cc27cf8ff3fe761562fff8f008c7"}
,"C:\\Users\\sumit\\get-fit-malayali\\get-fit-malayali-frontend\\src\\pages\\Plans\\index.tsx": {"path":"C:\\Users\\sumit\\get-fit-malayali\\get-fit-malayali-frontend\\src\\pages\\Plans\\index.tsx","statementMap":{"0":{"start":{"line":32,"column":32},"end":{"line":32,"column":60}},"1":{"start":{"line":33,"column":30},"end":{"line":33,"column":50}},"2":{"start":{"line":34,"column":19},"end":{"line":34,"column":73}},"3":{"start":{"line":34,"column":39},"end":{"line":34,"column":72}},"4":{"start":{"line":35,"column":25},"end":{"line":35,"column":52}},"5":{"start":{"line":36,"column":23},"end":{"line":36,"column":35}},"6":{"start":{"line":37,"column":19},"end":{"line":37,"column":31}},"7":{"start":{"line":38,"column":40},"end":{"line":38,"column":55}},"8":{"start":{"line":39,"column":38},"end":{"line":39,"column":53}},"9":{"start":{"line":40,"column":34},"end":{"line":40,"column":49}},"10":{"start":{"line":41,"column":26},"end":{"line":41,"column":41}},"11":{"start":{"line":42,"column":32},"end":{"line":42,"column":47}},"12":{"start":{"line":43,"column":46},"end":{"line":43,"column":61}},"13":{"start":{"line":44,"column":34},"end":{"line":44,"column":46}},"14":{"start":{"line":45,"column":30},"end":{"line":45,"column":42}},"15":{"start":{"line":46,"column":40},"end":{"line":46,"column":55}},"16":{"start":{"line":47,"column":42},"end":{"line":47,"column":62}},"17":{"start":{"line":48,"column":40},"end":{"line":50,"column":3}},"18":{"start":{"line":51,"column":39},"end":{"line":51,"column":54}},"19":{"start":{"line":53,"column":52},"end":{"line":53,"column":67}},"20":{"start":{"line":54,"column":44},"end":{"line":54,"column":59}},"21":{"start":{"line":55,"column":30},"end":{"line":55,"column":45}},"22":{"start":{"line":56,"column":19},"end":{"line":56,"column":32}},"23":{"start":{"line":57,"column":48},"end":{"line":57,"column":63}},"24":{"start":{"line":58,"column":42},"end":{"line":58,"column":57}},"25":{"start":{"line":59,"column":42},"end":{"line":59,"column":61}},"26":{"start":{"line":60,"column":19},"end":{"line":60,"column":32}},"27":{"start":{"line":63,"column":4},"end":{"line":63,"column":24}},"28":{"start":{"line":64,"column":30},"end":{"line":64,"column":48}},"29":{"start":{"line":66,"column":2},"end":{"line":68,"column":18}},"30":{"start":{"line":67,"column":4},"end":{"line":67,"column":44}},"31":{"start":{"line":70,"column":2},"end":{"line":70,"column":33}},"32":{"start":{"line":70,"column":18},"end":{"line":70,"column":23}},"33":{"start":{"line":71,"column":2},"end":{"line":76,"column":8}},"34":{"start":{"line":72,"column":4},"end":{"line":74,"column":5}},"35":{"start":{"line":73,"column":6},"end":{"line":73,"column":59}},"36":{"start":{"line":79,"column":2},"end":{"line":86,"column":40}},"37":{"start":{"line":80,"column":4},"end":{"line":84,"column":6}},"38":{"start":{"line":87,"column":47},"end":{"line":87,"column":57}},"39":{"start":{"line":88,"column":23},"end":{"line":98,"column":3}},"40":{"start":{"line":100,"column":25},"end":{"line":105,"column":3}},"41":{"start":{"line":101,"column":4},"end":{"line":101,"column":29}},"42":{"start":{"line":102,"column":4},"end":{"line":102,"column":17}},"43":{"start":{"line":103,"column":4},"end":{"line":103,"column":22}},"44":{"start":{"line":104,"column":4},"end":{"line":104,"column":23}},"45":{"start":{"line":107,"column":27},"end":{"line":122,"column":3}},"46":{"start":{"line":108,"column":4},"end":{"line":121,"column":5}},"47":{"start":{"line":109,"column":6},"end":{"line":109,"column":27}},"48":{"start":{"line":110,"column":6},"end":{"line":110,"column":31}},"49":{"start":{"line":111,"column":6},"end":{"line":111,"column":74}},"50":{"start":{"line":112,"column":6},"end":{"line":112,"column":51}},"51":{"start":{"line":113,"column":6},"end":{"line":113,"column":31}},"52":{"start":{"line":114,"column":6},"end":{"line":114,"column":27}},"53":{"start":{"line":116,"column":6},"end":{"line":118,"column":8}},"54":{"start":{"line":120,"column":6},"end":{"line":120,"column":28}},"55":{"start":{"line":123,"column":20},"end":{"line":124,"column":69}},"56":{"start":{"line":124,"column":4},"end":{"line":124,"column":69}},"57":{"start":{"line":125,"column":29},"end":{"line":142,"column":3}},"58":{"start":{"line":126,"column":4},"end":{"line":126,"column":20}},"59":{"start":{"line":127,"column":14},"end":{"line":127,"column":25}},"60":{"start":{"line":129,"column":6},"end":{"line":134,"column":40}},"61":{"start":{"line":135,"column":27},"end":{"line":135,"column":36}},"62":{"start":{"line":136,"column":23},"end":{"line":136,"column":37}},"63":{"start":{"line":137,"column":4},"end":{"line":137,"column":34}},"64":{"start":{"line":137,"column":28},"end":{"line":137,"column":34}},"65":{"start":{"line":138,"column":4},"end":{"line":141,"column":6}},"66":{"start":{"line":143,"column":31},"end":{"line":143,"column":53}},"67":{"start":{"line":144,"column":22},"end":{"line":144,"column":38}},"68":{"start":{"line":146,"column":2},"end":{"line":158,"column":31}},"69":{"start":{"line":147,"column":23},"end":{"line":147,"column":46}},"70":{"start":{"line":148,"column":4},"end":{"line":156,"column":5}},"71":{"start":{"line":149,"column":6},"end":{"line":153,"column":7}},"72":{"start":{"line":150,"column":8},"end":{"line":150,"column":58}},"73":{"start":{"line":151,"column":13},"end":{"line":153,"column":7}},"74":{"start":{"line":152,"column":8},"end":{"line":152,"column":49}},"75":{"start":{"line":154,"column":11},"end":{"line":156,"column":5}},"76":{"start":{"line":155,"column":6},"end":{"line":155,"column":47}},"77":{"start":{"line":159,"column":23},"end":{"line":165,"column":3}},"78":{"start":{"line":161,"column":4},"end":{"line":164,"column":6}},"79":{"start":{"line":166,"column":30},"end":{"line":172,"column":3}},"80":{"start":{"line":167,"column":4},"end":{"line":171,"column":6}},"81":{"start":{"line":173,"column":23},"end":{"line":181,"column":3}},"82":{"start":{"line":174,"column":4},"end":{"line":174,"column":26}},"83":{"start":{"line":175,"column":4},"end":{"line":180,"column":5}},"84":{"start":{"line":176,"column":19},"end":{"line":176,"column":55}},"85":{"start":{"line":177,"column":6},"end":{"line":177,"column":22}},"86":{"start":{"line":178,"column":6},"end":{"line":178,"column":23}},"87":{"start":{"line":179,"column":6},"end":{"line":179,"column":25}},"88":{"start":{"line":182,"column":2},"end":{"line":191,"column":16}},"89":{"start":{"line":183,"column":4},"end":{"line":190,"column":5}},"90":{"start":{"line":186,"column":10},"end":{"line":186,"column":39}},"91":{"start":{"line":193,"column":22},"end":{"line":199,"column":3}},"92":{"start":{"line":194,"column":4},"end":{"line":198,"column":6}},"93":{"start":{"line":202,"column":2},"end":{"line":210,"column":19}},"94":{"start":{"line":203,"column":14},"end":{"line":207,"column":11}},"95":{"start":{"line":204,"column":6},"end":{"line":206,"column":7}},"96":{"start":{"line":205,"column":8},"end":{"line":205,"column":32}},"97":{"start":{"line":208,"column":4},"end":{"line":208,"column":32}},"98":{"start":{"line":208,"column":17},"end":{"line":208,"column":32}},"99":{"start":{"line":213,"column":2},"end":{"line":216,"column":26}},"100":{"start":{"line":214,"column":4},"end":{"line":214,"column":44}},"101":{"start":{"line":218,"column":31},"end":{"line":243,"column":3}},"102":{"start":{"line":219,"column":4},"end":{"line":219,"column":19}},"103":{"start":{"line":220,"column":4},"end":{"line":242,"column":8}},"104":{"start":{"line":222,"column":8},"end":{"line":227,"column":9}},"105":{"start":{"line":228,"column":8},"end":{"line":228,"column":24}},"106":{"start":{"line":230,"column":8},"end":{"line":230,"column":29}},"107":{"start":{"line":232,"column":8},"end":{"line":234,"column":9}},"108":{"start":{"line":233,"column":45},"end":{"line":233,"column":63}},"109":{"start":{"line":237,"column":8},"end":{"line":237,"column":24}},"110":{"start":{"line":238,"column":8},"end":{"line":241,"column":9}},"111":{"start":{"line":245,"column":28},"end":{"line":267,"column":3}},"112":{"start":{"line":246,"column":4},"end":{"line":246,"column":19}},"113":{"start":{"line":247,"column":4},"end":{"line":266,"column":8}},"114":{"start":{"line":249,"column":8},"end":{"line":251,"column":10}},"115":{"start":{"line":252,"column":8},"end":{"line":252,"column":24}},"116":{"start":{"line":254,"column":8},"end":{"line":257,"column":9}},"117":{"start":{"line":255,"column":57},"end":{"line":255,"column":75}},"118":{"start":{"line":258,"column":8},"end":{"line":258,"column":29}},"119":{"start":{"line":261,"column":8},"end":{"line":261,"column":24}},"120":{"start":{"line":262,"column":8},"end":{"line":265,"column":9}},"121":{"start":{"line":268,"column":22},"end":{"line":277,"column":3}},"122":{"start":{"line":269,"column":4},"end":{"line":269,"column":24}},"123":{"start":{"line":270,"column":4},"end":{"line":270,"column":22}},"124":{"start":{"line":271,"column":4},"end":{"line":271,"column":18}},"125":{"start":{"line":272,"column":4},"end":{"line":276,"column":5}},"126":{"start":{"line":273,"column":6},"end":{"line":273,"column":29}},"127":{"start":{"line":274,"column":6},"end":{"line":274,"column":33}},"128":{"start":{"line":275,"column":6},"end":{"line":275,"column":27}},"129":{"start":{"line":279,"column":24},"end":{"line":281,"column":3}},"130":{"start":{"line":282,"column":20},"end":{"line":285,"column":3}},"131":{"start":{"line":286,"column":21},"end":{"line":290,"column":3}},"132":{"start":{"line":287,"column":4},"end":{"line":287,"column":30}},"133":{"start":{"line":287,"column":24},"end":{"line":287,"column":30}},"134":{"start":{"line":288,"column":4},"end":{"line":288,"column":23}},"135":{"start":{"line":289,"column":4},"end":{"line":289,"column":18}},"136":{"start":{"line":291,"column":22},"end":{"line":293,"column":3}},"137":{"start":{"line":294,"column":21},"end":{"line":301,"column":3}},"138":{"start":{"line":295,"column":4},"end":{"line":300,"column":6}},"139":{"start":{"line":312,"column":28},"end":{"line":321,"column":3}},"140":{"start":{"line":313,"column":4},"end":{"line":313,"column":26}},"141":{"start":{"line":314,"column":29},"end":{"line":314,"column":63}},"142":{"start":{"line":315,"column":4},"end":{"line":319,"column":5}},"143":{"start":{"line":316,"column":6},"end":{"line":316,"column":58}},"144":{"start":{"line":318,"column":6},"end":{"line":318,"column":31}},"145":{"start":{"line":320,"column":4},"end":{"line":320,"column":67}},"146":{"start":{"line":322,"column":2},"end":{"line":568,"column":3}},"147":{"start":{"line":362,"column":39},"end":{"line":362,"column":72}},"148":{"start":{"line":380,"column":16},"end":{"line":380,"column":70}},"149":{"start":{"line":382,"column":30},"end":{"line":382,"column":67}},"150":{"start":{"line":417,"column":46},"end":{"line":417,"column":75}},"151":{"start":{"line":423,"column":46},"end":{"line":423,"column":65}},"152":{"start":{"line":429,"column":46},"end":{"line":429,"column":69}},"153":{"start":{"line":434,"column":36},"end":{"line":434,"column":47}},"154":{"start":{"line":436,"column":28},"end":{"line":439,"column":72}},"155":{"start":{"line":440,"column":26},"end":{"line":440,"column":42}},"156":{"start":{"line":445,"column":46},"end":{"line":445,"column":69}},"157":{"start":{"line":450,"column":36},"end":{"line":450,"column":47}},"158":{"start":{"line":452,"column":28},"end":{"line":455,"column":72}},"159":{"start":{"line":456,"column":26},"end":{"line":456,"column":41}},"160":{"start":{"line":462,"column":26},"end":{"line":462,"column":46}},"161":{"start":{"line":463,"column":26},"end":{"line":463,"column":50}},"162":{"start":{"line":478,"column":14},"end":{"line":481,"column":15}},"163":{"start":{"line":479,"column":16},"end":{"line":479,"column":41}},"164":{"start":{"line":480,"column":16},"end":{"line":480,"column":37}},"165":{"start":{"line":483,"column":29},"end":{"line":483,"column":75}},"166":{"start":{"line":495,"column":27},"end":{"line":495,"column":48}},"167":{"start":{"line":502,"column":28},"end":{"line":502,"column":47}},"168":{"start":{"line":503,"column":35},"end":{"line":503,"column":56}},"169":{"start":{"line":552,"column":27},"end":{"line":552,"column":48}},"170":{"start":{"line":554,"column":28},"end":{"line":554,"column":50}},"171":{"start":{"line":555,"column":35},"end":{"line":555,"column":56}}},"fnMap":{"0":{"name":"Plans","decl":{"start":{"line":31,"column":24},"end":{"line":31,"column":29}},"loc":{"start":{"line":31,"column":32},"end":{"line":569,"column":1}},"line":31},"1":{"name":"(anonymous_1)","decl":{"start":{"line":34,"column":32},"end":{"line":34,"column":33}},"loc":{"start":{"line":34,"column":39},"end":{"line":34,"column":72}},"line":34},"2":{"name":"(anonymous_2)","decl":{"start":{"line":66,"column":12},"end":{"line":66,"column":13}},"loc":{"start":{"line":66,"column":18},"end":{"line":68,"column":3}},"line":66},"3":{"name":"(anonymous_3)","decl":{"start":{"line":70,"column":12},"end":{"line":70,"column":13}},"loc":{"start":{"line":70,"column":18},"end":{"line":70,"column":23}},"line":70},"4":{"name":"(anonymous_4)","decl":{"start":{"line":71,"column":12},"end":{"line":71,"column":13}},"loc":{"start":{"line":71,"column":18},"end":{"line":76,"column":3}},"line":71},"5":{"name":"(anonymous_5)","decl":{"start":{"line":79,"column":12},"end":{"line":79,"column":13}},"loc":{"start":{"line":79,"column":18},"end":{"line":86,"column":3}},"line":79},"6":{"name":"(anonymous_6)","decl":{"start":{"line":100,"column":25},"end":{"line":100,"column":26}},"loc":{"start":{"line":100,"column":39},"end":{"line":105,"column":3}},"line":100},"7":{"name":"(anonymous_7)","decl":{"start":{"line":107,"column":27},"end":{"line":107,"column":28}},"loc":{"start":{"line":107,"column":47},"end":{"line":122,"column":3}},"line":107},"8":{"name":"(anonymous_8)","decl":{"start":{"line":123,"column":20},"end":{"line":123,"column":21}},"loc":{"start":{"line":124,"column":4},"end":{"line":124,"column":69}},"line":124},"9":{"name":"(anonymous_9)","decl":{"start":{"line":125,"column":29},"end":{"line":125,"column":30}},"loc":{"start":{"line":125,"column":49},"end":{"line":142,"column":3}},"line":125},"10":{"name":"(anonymous_10)","decl":{"start":{"line":146,"column":12},"end":{"line":146,"column":13}},"loc":{"start":{"line":146,"column":18},"end":{"line":158,"column":3}},"line":146},"11":{"name":"(anonymous_11)","decl":{"start":{"line":159,"column":23},"end":{"line":159,"column":24}},"loc":{"start":{"line":159,"column":47},"end":{"line":165,"column":3}},"line":159},"12":{"name":"(anonymous_12)","decl":{"start":{"line":166,"column":30},"end":{"line":166,"column":31}},"loc":{"start":{"line":166,"column":58},"end":{"line":172,"column":3}},"line":166},"13":{"name":"(anonymous_13)","decl":{"start":{"line":173,"column":23},"end":{"line":173,"column":24}},"loc":{"start":{"line":173,"column":43},"end":{"line":181,"column":3}},"line":173},"14":{"name":"(anonymous_14)","decl":{"start":{"line":182,"column":12},"end":{"line":182,"column":13}},"loc":{"start":{"line":182,"column":18},"end":{"line":191,"column":3}},"line":182},"15":{"name":"(anonymous_15)","decl":{"start":{"line":185,"column":21},"end":{"line":185,"column":22}},"loc":{"start":{"line":185,"column":35},"end":{"line":187,"column":9}},"line":185},"16":{"name":"(anonymous_16)","decl":{"start":{"line":193,"column":22},"end":{"line":193,"column":23}},"loc":{"start":{"line":193,"column":40},"end":{"line":199,"column":3}},"line":193},"17":{"name":"(anonymous_17)","decl":{"start":{"line":202,"column":12},"end":{"line":202,"column":13}},"loc":{"start":{"line":202,"column":18},"end":{"line":210,"column":3}},"line":202},"18":{"name":"(anonymous_18)","decl":{"start":{"line":203,"column":25},"end":{"line":203,"column":26}},"loc":{"start":{"line":203,"column":31},"end":{"line":207,"column":5}},"line":203},"19":{"name":"(anonymous_19)","decl":{"start":{"line":208,"column":11},"end":{"line":208,"column":12}},"loc":{"start":{"line":208,"column":17},"end":{"line":208,"column":32}},"line":208},"20":{"name":"(anonymous_20)","decl":{"start":{"line":213,"column":12},"end":{"line":213,"column":13}},"loc":{"start":{"line":213,"column":18},"end":{"line":216,"column":3}},"line":213},"21":{"name":"(anonymous_21)","decl":{"start":{"line":218,"column":31},"end":{"line":218,"column":32}},"loc":{"start":{"line":218,"column":37},"end":{"line":243,"column":3}},"line":218},"22":{"name":"(anonymous_22)","decl":{"start":{"line":221,"column":12},"end":{"line":221,"column":13}},"loc":{"start":{"line":221,"column":21},"end":{"line":235,"column":7}},"line":221},"23":{"name":"(anonymous_23)","decl":{"start":{"line":233,"column":31},"end":{"line":233,"column":32}},"loc":{"start":{"line":233,"column":45},"end":{"line":233,"column":63}},"line":233},"24":{"name":"(anonymous_24)","decl":{"start":{"line":236,"column":13},"end":{"line":236,"column":14}},"loc":{"start":{"line":236,"column":27},"end":{"line":242,"column":7}},"line":236},"25":{"name":"(anonymous_25)","decl":{"start":{"line":245,"column":28},"end":{"line":245,"column":29}},"loc":{"start":{"line":245,"column":34},"end":{"line":267,"column":3}},"line":245},"26":{"name":"(anonymous_26)","decl":{"start":{"line":248,"column":12},"end":{"line":248,"column":13}},"loc":{"start":{"line":248,"column":18},"end":{"line":259,"column":7}},"line":248},"27":{"name":"(anonymous_27)","decl":{"start":{"line":255,"column":31},"end":{"line":255,"column":32}},"loc":{"start":{"line":255,"column":57},"end":{"line":255,"column":75}},"line":255},"28":{"name":"(anonymous_28)","decl":{"start":{"line":260,"column":13},"end":{"line":260,"column":14}},"loc":{"start":{"line":260,"column":22},"end":{"line":266,"column":7}},"line":260},"29":{"name":"(anonymous_29)","decl":{"start":{"line":268,"column":22},"end":{"line":268,"column":23}},"loc":{"start":{"line":268,"column":28},"end":{"line":277,"column":3}},"line":268},"30":{"name":"(anonymous_30)","decl":{"start":{"line":279,"column":24},"end":{"line":279,"column":25}},"loc":{"start":{"line":279,"column":30},"end":{"line":281,"column":3}},"line":279},"31":{"name":"(anonymous_31)","decl":{"start":{"line":286,"column":21},"end":{"line":286,"column":22}},"loc":{"start":{"line":286,"column":27},"end":{"line":290,"column":3}},"line":286},"32":{"name":"(anonymous_32)","decl":{"start":{"line":294,"column":21},"end":{"line":294,"column":22}},"loc":{"start":{"line":294,"column":64},"end":{"line":301,"column":3}},"line":294},"33":{"name":"(anonymous_33)","decl":{"start":{"line":312,"column":28},"end":{"line":312,"column":29}},"loc":{"start":{"line":312,"column":47},"end":{"line":321,"column":3}},"line":312},"34":{"name":"(anonymous_34)","decl":{"start":{"line":362,"column":32},"end":{"line":362,"column":33}},"loc":{"start":{"line":362,"column":39},"end":{"line":362,"column":72}},"line":362},"35":{"name":"(anonymous_35)","decl":{"start":{"line":379,"column":30},"end":{"line":379,"column":31}},"loc":{"start":{"line":380,"column":16},"end":{"line":380,"column":70}},"line":380},"36":{"name":"(anonymous_36)","decl":{"start":{"line":382,"column":24},"end":{"line":382,"column":25}},"loc":{"start":{"line":382,"column":30},"end":{"line":382,"column":67}},"line":382},"37":{"name":"(anonymous_37)","decl":{"start":{"line":417,"column":32},"end":{"line":417,"column":33}},"loc":{"start":{"line":417,"column":46},"end":{"line":417,"column":75}},"line":417},"38":{"name":"(anonymous_38)","decl":{"start":{"line":423,"column":32},"end":{"line":423,"column":33}},"loc":{"start":{"line":423,"column":46},"end":{"line":423,"column":65}},"line":423},"39":{"name":"(anonymous_39)","decl":{"start":{"line":429,"column":32},"end":{"line":429,"column":33}},"loc":{"start":{"line":429,"column":46},"end":{"line":429,"column":69}},"line":429},"40":{"name":"(anonymous_40)","decl":{"start":{"line":433,"column":30},"end":{"line":433,"column":31}},"loc":{"start":{"line":433,"column":44},"end":{"line":441,"column":25}},"line":433},"41":{"name":"(anonymous_41)","decl":{"start":{"line":445,"column":32},"end":{"line":445,"column":33}},"loc":{"start":{"line":445,"column":46},"end":{"line":445,"column":69}},"line":445},"42":{"name":"(anonymous_42)","decl":{"start":{"line":449,"column":30},"end":{"line":449,"column":31}},"loc":{"start":{"line":449,"column":44},"end":{"line":457,"column":25}},"line":449},"43":{"name":"(anonymous_43)","decl":{"start":{"line":461,"column":32},"end":{"line":461,"column":33}},"loc":{"start":{"line":461,"column":46},"end":{"line":464,"column":25}},"line":461},"44":{"name":"(anonymous_44)","decl":{"start":{"line":477,"column":21},"end":{"line":477,"column":22}},"loc":{"start":{"line":477,"column":27},"end":{"line":482,"column":13}},"line":477},"45":{"name":"(anonymous_45)","decl":{"start":{"line":483,"column":23},"end":{"line":483,"column":24}},"loc":{"start":{"line":483,"column":29},"end":{"line":483,"column":75}},"line":483},"46":{"name":"(anonymous_46)","decl":{"start":{"line":495,"column":21},"end":{"line":495,"column":22}},"loc":{"start":{"line":495,"column":27},"end":{"line":495,"column":48}},"line":495},"47":{"name":"(anonymous_47)","decl":{"start":{"line":502,"column":22},"end":{"line":502,"column":23}},"loc":{"start":{"line":502,"column":28},"end":{"line":502,"column":47}},"line":502},"48":{"name":"(anonymous_48)","decl":{"start":{"line":503,"column":29},"end":{"line":503,"column":30}},"loc":{"start":{"line":503,"column":35},"end":{"line":503,"column":56}},"line":503},"49":{"name":"(anonymous_49)","decl":{"start":{"line":552,"column":21},"end":{"line":552,"column":22}},"loc":{"start":{"line":552,"column":27},"end":{"line":552,"column":48}},"line":552},"50":{"name":"(anonymous_50)","decl":{"start":{"line":554,"column":22},"end":{"line":554,"column":23}},"loc":{"start":{"line":554,"column":28},"end":{"line":554,"column":50}},"line":554},"51":{"name":"(anonymous_51)","decl":{"start":{"line":555,"column":29},"end":{"line":555,"column":30}},"loc":{"start":{"line":555,"column":35},"end":{"line":555,"column":56}},"line":555}},"branchMap":{"0":{"loc":{"start":{"line":49,"column":4},"end":{"line":49,"column":70}},"type":"binary-expr","locations":[{"start":{"line":49,"column":5},"end":{"line":49,"column":63}},{"start":{"line":49,"column":68},"end":{"line":49,"column":70}}],"line":49},"1":{"loc":{"start":{"line":72,"column":4},"end":{"line":74,"column":5}},"type":"if","locations":[{"start":{"line":72,"column":4},"end":{"line":74,"column":5}},{"start":{},"end":{}}],"line":72},"2":{"loc":{"start":{"line":90,"column":21},"end":{"line":90,"column":35}},"type":"binary-expr","locations":[{"start":{"line":90,"column":21},"end":{"line":90,"column":29}},{"start":{"line":90,"column":33},"end":{"line":90,"column":35}}],"line":90},"3":{"loc":{"start":{"line":93,"column":8},"end":{"line":97,"column":10}},"type":"cond-expr","locations":[{"start":{"line":94,"column":8},"end":{"line":96,"column":9}},{"start":{"line":97,"column":8},"end":{"line":97,"column":10}}],"line":93},"4":{"loc":{"start":{"line":95,"column":18},"end":{"line":95,"column":56}},"type":"cond-expr","locations":[{"start":{"line":95,"column":44},"end":{"line":95,"column":48}},{"start":{"line":95,"column":51},"end":{"line":95,"column":56}}],"line":95},"5":{"loc":{"start":{"line":116,"column":22},"end":{"line":116,"column":77}},"type":"binary-expr","locations":[{"start":{"line":116,"column":22},"end":{"line":116,"column":50}},{"start":{"line":116,"column":54},"end":{"line":116,"column":77}}],"line":116},"6":{"loc":{"start":{"line":124,"column":4},"end":{"line":124,"column":69}},"type":"binary-expr","locations":[{"start":{"line":124,"column":4},"end":{"line":124,"column":11}},{"start":{"line":124,"column":15},"end":{"line":124,"column":27}},{"start":{"line":124,"column":31},"end":{"line":124,"column":39}},{"start":{"line":124,"column":43},"end":{"line":124,"column":52}},{"start":{"line":124,"column":56},"end":{"line":124,"column":69}}],"line":124},"7":{"loc":{"start":{"line":129,"column":6},"end":{"line":134,"column":40}},"type":"binary-expr","locations":[{"start":{"line":129,"column":7},"end":{"line":129,"column":29}},{"start":{"line":129,"column":33},"end":{"line":129,"column":43}},{"start":{"line":130,"column":7},"end":{"line":130,"column":28}},{"start":{"line":130,"column":32},"end":{"line":130,"column":39}},{"start":{"line":131,"column":7},"end":{"line":131,"column":28}},{"start":{"line":132,"column":9},"end":{"line":132,"column":18}},{"start":{"line":133,"column":10},"end":{"line":133,"column":36}},{"start":{"line":134,"column":10},"end":{"line":134,"column":38}}],"line":129},"8":{"loc":{"start":{"line":137,"column":4},"end":{"line":137,"column":34}},"type":"if","locations":[{"start":{"line":137,"column":4},"end":{"line":137,"column":34}},{"start":{},"end":{}}],"line":137},"9":{"loc":{"start":{"line":148,"column":4},"end":{"line":156,"column":5}},"type":"if","locations":[{"start":{"line":148,"column":4},"end":{"line":156,"column":5}},{"start":{"line":154,"column":11},"end":{"line":156,"column":5}}],"line":148},"10":{"loc":{"start":{"line":148,"column":8},"end":{"line":148,"column":56}},"type":"binary-expr","locations":[{"start":{"line":148,"column":8},"end":{"line":148,"column":38}},{"start":{"line":148,"column":42},"end":{"line":148,"column":56}}],"line":148},"11":{"loc":{"start":{"line":149,"column":6},"end":{"line":153,"column":7}},"type":"if","locations":[{"start":{"line":149,"column":6},"end":{"line":153,"column":7}},{"start":{"line":151,"column":13},"end":{"line":153,"column":7}}],"line":149},"12":{"loc":{"start":{"line":149,"column":11},"end":{"line":149,"column":32}},"type":"binary-expr","locations":[{"start":{"line":149,"column":11},"end":{"line":149,"column":27}},{"start":{"line":149,"column":31},"end":{"line":149,"column":32}}],"line":149},"13":{"loc":{"start":{"line":151,"column":13},"end":{"line":153,"column":7}},"type":"if","locations":[{"start":{"line":151,"column":13},"end":{"line":153,"column":7}},{"start":{},"end":{}}],"line":151},"14":{"loc":{"start":{"line":151,"column":18},"end":{"line":151,"column":39}},"type":"binary-expr","locations":[{"start":{"line":151,"column":18},"end":{"line":151,"column":34}},{"start":{"line":151,"column":38},"end":{"line":151,"column":39}}],"line":151},"15":{"loc":{"start":{"line":154,"column":11},"end":{"line":156,"column":5}},"type":"if","locations":[{"start":{"line":154,"column":11},"end":{"line":156,"column":5}},{"start":{},"end":{}}],"line":154},"16":{"loc":{"start":{"line":154,"column":16},"end":{"line":154,"column":37}},"type":"binary-expr","locations":[{"start":{"line":154,"column":16},"end":{"line":154,"column":32}},{"start":{"line":154,"column":36},"end":{"line":154,"column":37}}],"line":154},"17":{"loc":{"start":{"line":175,"column":4},"end":{"line":180,"column":5}},"type":"if","locations":[{"start":{"line":175,"column":4},"end":{"line":180,"column":5}},{"start":{},"end":{}}],"line":175},"18":{"loc":{"start":{"line":204,"column":6},"end":{"line":206,"column":7}},"type":"if","locations":[{"start":{"line":204,"column":6},"end":{"line":206,"column":7}},{"start":{},"end":{}}],"line":204},"19":{"loc":{"start":{"line":204,"column":27},"end":{"line":204,"column":51}},"type":"binary-expr","locations":[{"start":{"line":204,"column":27},"end":{"line":204,"column":45}},{"start":{"line":204,"column":49},"end":{"line":204,"column":51}}],"line":204},"20":{"loc":{"start":{"line":214,"column":19},"end":{"line":214,"column":43}},"type":"binary-expr","locations":[{"start":{"line":214,"column":19},"end":{"line":214,"column":37}},{"start":{"line":214,"column":41},"end":{"line":214,"column":43}}],"line":214},"21":{"loc":{"start":{"line":220,"column":24},"end":{"line":220,"column":40}},"type":"binary-expr","locations":[{"start":{"line":220,"column":24},"end":{"line":220,"column":34}},{"start":{"line":220,"column":38},"end":{"line":220,"column":40}}],"line":220},"22":{"loc":{"start":{"line":223,"column":10},"end":{"line":223,"column":68}},"type":"cond-expr","locations":[{"start":{"line":223,"column":24},"end":{"line":223,"column":35}},{"start":{"line":223,"column":38},"end":{"line":223,"column":68}}],"line":223},"23":{"loc":{"start":{"line":233,"column":10},"end":{"line":233,"column":70}},"type":"binary-expr","locations":[{"start":{"line":233,"column":10},"end":{"line":233,"column":64}},{"start":{"line":233,"column":68},"end":{"line":233,"column":70}}],"line":233},"24":{"loc":{"start":{"line":239,"column":10},"end":{"line":239,"column":77}},"type":"binary-expr","locations":[{"start":{"line":239,"column":10},"end":{"line":239,"column":45}},{"start":{"line":239,"column":49},"end":{"line":239,"column":77}}],"line":239},"25":{"loc":{"start":{"line":255,"column":10},"end":{"line":256,"column":14}},"type":"binary-expr","locations":[{"start":{"line":255,"column":10},"end":{"line":255,"column":76}},{"start":{"line":256,"column":12},"end":{"line":256,"column":14}}],"line":255},"26":{"loc":{"start":{"line":263,"column":10},"end":{"line":263,"column":77}},"type":"binary-expr","locations":[{"start":{"line":263,"column":10},"end":{"line":263,"column":45}},{"start":{"line":263,"column":49},"end":{"line":263,"column":77}}],"line":263},"27":{"loc":{"start":{"line":272,"column":4},"end":{"line":276,"column":5}},"type":"if","locations":[{"start":{"line":272,"column":4},"end":{"line":276,"column":5}},{"start":{},"end":{}}],"line":272},"28":{"loc":{"start":{"line":272,"column":8},"end":{"line":272,"column":42}},"type":"binary-expr","locations":[{"start":{"line":272,"column":8},"end":{"line":272,"column":21}},{"start":{"line":272,"column":25},"end":{"line":272,"column":42}}],"line":272},"29":{"loc":{"start":{"line":287,"column":4},"end":{"line":287,"column":30}},"type":"if","locations":[{"start":{"line":287,"column":4},"end":{"line":287,"column":30}},{"start":{},"end":{}}],"line":287},"30":{"loc":{"start":{"line":314,"column":35},"end":{"line":314,"column":60}},"type":"binary-expr","locations":[{"start":{"line":314,"column":35},"end":{"line":314,"column":54}},{"start":{"line":314,"column":58},"end":{"line":314,"column":60}}],"line":314},"31":{"loc":{"start":{"line":315,"column":4},"end":{"line":319,"column":5}},"type":"if","locations":[{"start":{"line":315,"column":4},"end":{"line":319,"column":5}},{"start":{"line":317,"column":11},"end":{"line":319,"column":5}}],"line":315},"32":{"loc":{"start":{"line":316,"column":27},"end":{"line":316,"column":58}},"type":"cond-expr","locations":[{"start":{"line":316,"column":46},"end":{"line":316,"column":50}},{"start":{"line":316,"column":53},"end":{"line":316,"column":58}}],"line":316},"33":{"loc":{"start":{"line":324,"column":7},"end":{"line":566,"column":7}},"type":"cond-expr","locations":[{"start":{"line":325,"column":8},"end":{"line":327,"column":14}},{"start":{"line":329,"column":8},"end":{"line":565,"column":11}}],"line":324},"34":{"loc":{"start":{"line":332,"column":27},"end":{"line":332,"column":67}},"type":"cond-expr","locations":[{"start":{"line":332,"column":45},"end":{"line":332,"column":55}},{"start":{"line":332,"column":58},"end":{"line":332,"column":67}}],"line":332},"35":{"loc":{"start":{"line":333,"column":25},"end":{"line":333,"column":66}},"type":"cond-expr","locations":[{"start":{"line":333,"column":43},"end":{"line":333,"column":54}},{"start":{"line":333,"column":57},"end":{"line":333,"column":66}}],"line":333},"36":{"loc":{"start":{"line":335,"column":14},"end":{"line":335,"column":71}},"type":"binary-expr","locations":[{"start":{"line":335,"column":14},"end":{"line":335,"column":29}},{"start":{"line":335,"column":33},"end":{"line":335,"column":71}}],"line":335},"37":{"loc":{"start":{"line":352,"column":20},"end":{"line":352,"column":37}},"type":"binary-expr","locations":[{"start":{"line":352,"column":20},"end":{"line":352,"column":31}},{"start":{"line":352,"column":35},"end":{"line":352,"column":37}}],"line":352},"38":{"loc":{"start":{"line":372,"column":16},"end":{"line":374,"column":41}},"type":"cond-expr","locations":[{"start":{"line":373,"column":20},"end":{"line":373,"column":41}},{"start":{"line":374,"column":20},"end":{"line":374,"column":41}}],"line":372},"39":{"loc":{"start":{"line":372,"column":17},"end":{"line":372,"column":41}},"type":"binary-expr","locations":[{"start":{"line":372,"column":17},"end":{"line":372,"column":36}},{"start":{"line":372,"column":40},"end":{"line":372,"column":41}}],"line":372},"40":{"loc":{"start":{"line":378,"column":27},"end":{"line":378,"column":51}},"type":"binary-expr","locations":[{"start":{"line":378,"column":27},"end":{"line":378,"column":45}},{"start":{"line":378,"column":49},"end":{"line":378,"column":51}}],"line":378},"41":{"loc":{"start":{"line":382,"column":42},"end":{"line":382,"column":66}},"type":"binary-expr","locations":[{"start":{"line":382,"column":42},"end":{"line":382,"column":60}},{"start":{"line":382,"column":64},"end":{"line":382,"column":66}}],"line":382},"42":{"loc":{"start":{"line":393,"column":23},"end":{"line":393,"column":51}},"type":"binary-expr","locations":[{"start":{"line":393,"column":23},"end":{"line":393,"column":46}},{"start":{"line":393,"column":50},"end":{"line":393,"column":51}}],"line":393},"43":{"loc":{"start":{"line":395,"column":18},"end":{"line":397,"column":45}},"type":"cond-expr","locations":[{"start":{"line":396,"column":23},"end":{"line":396,"column":57}},{"start":{"line":397,"column":23},"end":{"line":397,"column":44}}],"line":395},"44":{"loc":{"start":{"line":397,"column":23},"end":{"line":397,"column":44}},"type":"binary-expr","locations":[{"start":{"line":397,"column":23},"end":{"line":397,"column":39}},{"start":{"line":397,"column":43},"end":{"line":397,"column":44}}],"line":397},"45":{"loc":{"start":{"line":399,"column":18},"end":{"line":399,"column":68}},"type":"binary-expr","locations":[{"start":{"line":399,"column":18},"end":{"line":399,"column":38}},{"start":{"line":399,"column":42},"end":{"line":399,"column":62}},{"start":{"line":399,"column":66},"end":{"line":399,"column":68}}],"line":399},"46":{"loc":{"start":{"line":405,"column":21},"end":{"line":405,"column":62}},"type":"binary-expr","locations":[{"start":{"line":405,"column":21},"end":{"line":405,"column":57}},{"start":{"line":405,"column":61},"end":{"line":405,"column":62}}],"line":405},"47":{"loc":{"start":{"line":405,"column":28},"end":{"line":405,"column":56}},"type":"binary-expr","locations":[{"start":{"line":405,"column":28},"end":{"line":405,"column":51}},{"start":{"line":405,"column":55},"end":{"line":405,"column":56}}],"line":405},"48":{"loc":{"start":{"line":406,"column":29},"end":{"line":406,"column":79}},"type":"binary-expr","locations":[{"start":{"line":406,"column":29},"end":{"line":406,"column":49}},{"start":{"line":406,"column":53},"end":{"line":406,"column":73}},{"start":{"line":406,"column":77},"end":{"line":406,"column":79}}],"line":406},"49":{"loc":{"start":{"line":412,"column":16},"end":{"line":468,"column":21}},"type":"cond-expr","locations":[{"start":{"line":413,"column":20},"end":{"line":413,"column":22}},{"start":{"line":414,"column":20},"end":{"line":468,"column":21}}],"line":412},"50":{"loc":{"start":{"line":436,"column":28},"end":{"line":439,"column":72}},"type":"binary-expr","locations":[{"start":{"line":436,"column":29},"end":{"line":436,"column":51}},{"start":{"line":436,"column":55},"end":{"line":436,"column":65}},{"start":{"line":437,"column":29},"end":{"line":437,"column":50}},{"start":{"line":437,"column":54},"end":{"line":437,"column":61}},{"start":{"line":438,"column":29},"end":{"line":438,"column":50}},{"start":{"line":439,"column":31},"end":{"line":439,"column":40}},{"start":{"line":439,"column":44},"end":{"line":439,"column":70}}],"line":436},"51":{"loc":{"start":{"line":452,"column":28},"end":{"line":455,"column":72}},"type":"binary-expr","locations":[{"start":{"line":452,"column":29},"end":{"line":452,"column":51}},{"start":{"line":452,"column":55},"end":{"line":452,"column":65}},{"start":{"line":453,"column":29},"end":{"line":453,"column":50}},{"start":{"line":453,"column":54},"end":{"line":453,"column":61}},{"start":{"line":454,"column":29},"end":{"line":454,"column":50}},{"start":{"line":455,"column":31},"end":{"line":455,"column":40}},{"start":{"line":455,"column":44},"end":{"line":455,"column":70}}],"line":452},"52":{"loc":{"start":{"line":478,"column":14},"end":{"line":481,"column":15}},"type":"if","locations":[{"start":{"line":478,"column":14},"end":{"line":481,"column":15}},{"start":{},"end":{}}],"line":478},"53":{"loc":{"start":{"line":483,"column":29},"end":{"line":483,"column":75}},"type":"binary-expr","locations":[{"start":{"line":483,"column":29},"end":{"line":483,"column":41}},{"start":{"line":483,"column":45},"end":{"line":483,"column":75}}],"line":483},"54":{"loc":{"start":{"line":498,"column":14},"end":{"line":500,"column":39}},"type":"cond-expr","locations":[{"start":{"line":499,"column":18},"end":{"line":499,"column":41}},{"start":{"line":500,"column":18},"end":{"line":500,"column":39}}],"line":498},"55":{"loc":{"start":{"line":505,"column":25},"end":{"line":505,"column":71}},"type":"cond-expr","locations":[{"start":{"line":505,"column":46},"end":{"line":505,"column":58}},{"start":{"line":505,"column":61},"end":{"line":505,"column":71}}],"line":505},"56":{"loc":{"start":{"line":512,"column":19},"end":{"line":514,"column":66}},"type":"cond-expr","locations":[{"start":{"line":513,"column":22},"end":{"line":513,"column":68}},{"start":{"line":514,"column":22},"end":{"line":514,"column":66}}],"line":512},"57":{"loc":{"start":{"line":521,"column":29},"end":{"line":521,"column":43}},"type":"binary-expr","locations":[{"start":{"line":521,"column":29},"end":{"line":521,"column":37}},{"start":{"line":521,"column":41},"end":{"line":521,"column":43}}],"line":521}},"s":{"0":50,"1":50,"2":50,"3":50,"4":50,"5":50,"6":50,"7":50,"8":50,"9":50,"10":50,"11":50,"12":50,"13":50,"14":50,"15":50,"16":50,"17":50,"18":50,"19":50,"20":50,"21":50,"22":50,"23":50,"24":50,"25":50,"26":50,"27":50,"28":50,"29":50,"30":18,"31":50,"32":18,"33":50,"34":18,"35":1,"36":50,"37":18,"38":50,"39":50,"40":50,"41":1,"42":1,"43":1,"44":1,"45":50,"46":3,"47":3,"48":3,"49":2,"50":2,"51":2,"52":2,"53":1,"54":3,"55":50,"56":2,"57":50,"58":2,"59":2,"60":2,"61":2,"62":2,"63":2,"64":0,"65":2,"66":50,"67":50,"68":50,"69":20,"70":20,"71":2,"72":1,"73":1,"74":1,"75":18,"76":2,"77":50,"78":1,"79":50,"80":1,"81":50,"82":0,"83":0,"84":0,"85":0,"86":0,"87":0,"88":50,"89":18,"90":1,"91":50,"92":1,"93":50,"94":18,"95":1,"96":0,"97":18,"98":18,"99":50,"100":18,"101":50,"102":0,"103":0,"104":0,"105":0,"106":0,"107":0,"108":0,"109":0,"110":0,"111":50,"112":0,"113":0,"114":0,"115":0,"116":0,"117":0,"118":0,"119":0,"120":0,"121":50,"122":0,"123":0,"124":0,"125":0,"126":0,"127":0,"128":0,"129":50,"130":50,"131":50,"132":1,"133":0,"134":1,"135":1,"136":50,"137":50,"138":1,"139":50,"140":1,"141":1,"142":1,"143":1,"144":0,"145":1,"146":50,"147":1,"148":2,"149":1,"150":1,"151":1,"152":1,"153":48,"154":48,"155":48,"156":1,"157":48,"158":48,"159":48,"160":4,"161":4,"162":2,"163":1,"164":1,"165":3,"166":0,"167":0,"168":0,"169":0,"170":0,"171":0},"f":{"0":50,"1":50,"2":18,"3":18,"4":18,"5":18,"6":1,"7":3,"8":2,"9":2,"10":20,"11":1,"12":1,"13":0,"14":18,"15":1,"16":1,"17":18,"18":1,"19":18,"20":18,"21":0,"22":0,"23":0,"24":0,"25":0,"26":0,"27":0,"28":0,"29":0,"30":0,"31":1,"32":1,"33":1,"34":1,"35":2,"36":1,"37":1,"38":1,"39":1,"40":48,"41":1,"42":48,"43":4,"44":2,"45":3,"46":0,"47":0,"48":0,"49":0,"50":0,"51":0},"b":{"0":[50,48],"1":[1,17],"2":[50,0],"3":[1,49],"4":[0,1],"5":[1,0],"6":[2,0,0,0,0],"7":[2,2,1,0,1,0,0,0],"8":[0,2],"9":[2,18],"10":[20,2],"11":[1,1],"12":[2,0],"13":[1,0],"14":[1,0],"15":[2,16],"16":[18,0],"17":[0,0],"18":[0,1],"19":[1,1],"20":[18,17],"21":[0,0],"22":[0,0],"23":[0,0],"24":[0,0],"25":[0,0],"26":[0,0],"27":[0,0],"28":[0,0],"29":[0,1],"30":[1,0],"31":[1,0],"32":[0,1],"33":[0,50],"34":[48,2],"35":[48,2],"36":[50,48],"37":[50,0],"38":[0,50],"39":[50,0],"40":[50,48],"41":[1,1],"42":[50,0],"43":[50,0],"44":[0,0],"45":[50,0,0],"46":[50,0],"47":[50,0],"48":[50,0,0],"49":[2,48],"50":[48,48,2,0,2,0,0],"51":[48,48,2,0,2,0,0],"52":[1,1],"53":[3,3],"54":[0,50],"55":[0,50],"56":[0,50],"57":[50,0]},"_coverageSchema":"1a1c01bbd47fc00a2c39e90264f33305004495a9","hash":"4514fe5addbe8ca133f13cdc1151f33396b42280"}
,"C:\\Users\\sumit\\get-fit-malayali\\get-fit-malayali-frontend\\src\\pages\\Plans\\Details\\DetailsInfo.tsx": {"path":"C:\\Users\\sumit\\get-fit-malayali\\get-fit-malayali-frontend\\src\\pages\\Plans\\Details\\DetailsInfo.tsx","statementMap":{"0":{"start":{"line":5,"column":2},"end":{"line":5,"column":60}},"1":{"start":{"line":5,"column":49},"end":{"line":5,"column":60}},"2":{"start":{"line":6,"column":2},"end":{"line":6,"column":18}},"3":{"start":{"line":9,"column":12},"end":{"line":9,"column":22}},"4":{"start":{"line":10,"column":2},"end":{"line":10,"column":26}},"5":{"start":{"line":10,"column":18},"end":{"line":10,"column":26}},"6":{"start":{"line":11,"column":2},"end":{"line":11,"column":61}},"7":{"start":{"line":14,"column":2},"end":{"line":14,"column":73}},"8":{"start":{"line":14,"column":58},"end":{"line":14,"column":73}},"9":{"start":{"line":15,"column":2},"end":{"line":15,"column":77}},"10":{"start":{"line":15,"column":60},"end":{"line":15,"column":77}},"11":{"start":{"line":16,"column":2},"end":{"line":16,"column":19}},"12":{"start":{"line":20,"column":2},"end":{"line":27,"column":3}},"13":{"start":{"line":31,"column":14},"end":{"line":31,"column":56}},"14":{"start":{"line":32,"column":2},"end":{"line":32,"column":36}},"15":{"start":{"line":32,"column":25},"end":{"line":32,"column":36}},"16":{"start":{"line":33,"column":20},"end":{"line":33,"column":77}},"17":{"start":{"line":34,"column":16},"end":{"line":34,"column":32}},"18":{"start":{"line":35,"column":2},"end":{"line":39,"column":3}},"19":{"start":{"line":53,"column":18},"end":{"line":53,"column":67}},"20":{"start":{"line":55,"column":2},"end":{"line":145,"column":3}},"21":{"start":{"line":73,"column":31},"end":{"line":73,"column":41}},"22":{"start":{"line":107,"column":26},"end":{"line":107,"column":45}},"23":{"start":{"line":108,"column":24},"end":{"line":108,"column":65}},"24":{"start":{"line":109,"column":28},"end":{"line":109,"column":80}},"25":{"start":{"line":110,"column":14},"end":{"line":110,"column":37}},"26":{"start":{"line":110,"column":26},"end":{"line":110,"column":37}},"27":{"start":{"line":112,"column":14},"end":{"line":139,"column":15}},"28":{"start":{"line":122,"column":27},"end":{"line":123,"column":34}}},"fnMap":{"0":{"name":"safeStr","decl":{"start":{"line":4,"column":9},"end":{"line":4,"column":16}},"loc":{"start":{"line":4,"column":25},"end":{"line":7,"column":1}},"line":4},"1":{"name":"capitalizeFirst","decl":{"start":{"line":8,"column":9},"end":{"line":8,"column":24}},"loc":{"start":{"line":8,"column":33},"end":{"line":12,"column":1}},"line":8},"2":{"name":"mapActive","decl":{"start":{"line":13,"column":9},"end":{"line":13,"column":18}},"loc":{"start":{"line":13,"column":27},"end":{"line":17,"column":1}},"line":13},"3":{"name":"DetailItem","decl":{"start":{"line":19,"column":9},"end":{"line":19,"column":19}},"loc":{"start":{"line":19,"column":69},"end":{"line":28,"column":1}},"line":19},"4":{"name":"renderFees","decl":{"start":{"line":30,"column":9},"end":{"line":30,"column":19}},"loc":{"start":{"line":30,"column":28},"end":{"line":40,"column":1}},"line":30},"5":{"name":"DetailsInfo","decl":{"start":{"line":42,"column":24},"end":{"line":42,"column":35}},"loc":{"start":{"line":52,"column":3},"end":{"line":146,"column":1}},"line":52},"6":{"name":"(anonymous_6)","decl":{"start":{"line":73,"column":25},"end":{"line":73,"column":26}},"loc":{"start":{"line":73,"column":31},"end":{"line":73,"column":41}},"line":73},"7":{"name":"(anonymous_7)","decl":{"start":{"line":106,"column":14},"end":{"line":106,"column":15}},"loc":{"start":{"line":106,"column":20},"end":{"line":140,"column":13}},"line":106},"8":{"name":"(anonymous_8)","decl":{"start":{"line":121,"column":33},"end":{"line":121,"column":34}},"loc":{"start":{"line":121,"column":40},"end":{"line":124,"column":25}},"line":121}},"branchMap":{"0":{"loc":{"start":{"line":5,"column":2},"end":{"line":5,"column":60}},"type":"if","locations":[{"start":{"line":5,"column":2},"end":{"line":5,"column":60}},{"start":{},"end":{}}],"line":5},"1":{"loc":{"start":{"line":5,"column":6},"end":{"line":5,"column":47}},"type":"binary-expr","locations":[{"start":{"line":5,"column":6},"end":{"line":5,"column":16}},{"start":{"line":5,"column":20},"end":{"line":5,"column":35}},{"start":{"line":5,"column":39},"end":{"line":5,"column":47}}],"line":5},"2":{"loc":{"start":{"line":10,"column":2},"end":{"line":10,"column":26}},"type":"if","locations":[{"start":{"line":10,"column":2},"end":{"line":10,"column":26}},{"start":{},"end":{}}],"line":10},"3":{"loc":{"start":{"line":14,"column":2},"end":{"line":14,"column":73}},"type":"if","locations":[{"start":{"line":14,"column":2},"end":{"line":14,"column":73}},{"start":{},"end":{}}],"line":14},"4":{"loc":{"start":{"line":14,"column":6},"end":{"line":14,"column":56}},"type":"binary-expr","locations":[{"start":{"line":14,"column":6},"end":{"line":14,"column":16}},{"start":{"line":14,"column":20},"end":{"line":14,"column":32}},{"start":{"line":14,"column":36},"end":{"line":14,"column":43}},{"start":{"line":14,"column":47},"end":{"line":14,"column":56}}],"line":14},"5":{"loc":{"start":{"line":15,"column":2},"end":{"line":15,"column":77}},"type":"if","locations":[{"start":{"line":15,"column":2},"end":{"line":15,"column":77}},{"start":{},"end":{}}],"line":15},"6":{"loc":{"start":{"line":15,"column":6},"end":{"line":15,"column":58}},"type":"binary-expr","locations":[{"start":{"line":15,"column":6},"end":{"line":15,"column":17}},{"start":{"line":15,"column":21},"end":{"line":15,"column":34}},{"start":{"line":15,"column":38},"end":{"line":15,"column":45}},{"start":{"line":15,"column":49},"end":{"line":15,"column":58}}],"line":15},"7":{"loc":{"start":{"line":24,"column":9},"end":{"line":24,"column":61}},"type":"cond-expr","locations":[{"start":{"line":24,"column":39},"end":{"line":24,"column":44}},{"start":{"line":24,"column":47},"end":{"line":24,"column":61}}],"line":24},"8":{"loc":{"start":{"line":31,"column":14},"end":{"line":31,"column":56}},"type":"cond-expr","locations":[{"start":{"line":31,"column":38},"end":{"line":31,"column":39}},{"start":{"line":31,"column":42},"end":{"line":31,"column":56}}],"line":31},"9":{"loc":{"start":{"line":31,"column":49},"end":{"line":31,"column":55}},"type":"binary-expr","locations":[{"start":{"line":31,"column":49},"end":{"line":31,"column":50}},{"start":{"line":31,"column":54},"end":{"line":31,"column":55}}],"line":31},"10":{"loc":{"start":{"line":32,"column":2},"end":{"line":32,"column":36}},"type":"if","locations":[{"start":{"line":32,"column":2},"end":{"line":32,"column":36}},{"start":{},"end":{}}],"line":32},"11":{"loc":{"start":{"line":53,"column":18},"end":{"line":53,"column":67}},"type":"binary-expr","locations":[{"start":{"line":53,"column":18},"end":{"line":53,"column":46}},{"start":{"line":53,"column":50},"end":{"line":53,"column":67}}],"line":53},"12":{"loc":{"start":{"line":57,"column":7},"end":{"line":61,"column":7}},"type":"binary-expr","locations":[{"start":{"line":57,"column":7},"end":{"line":57,"column":14}},{"start":{"line":58,"column":8},"end":{"line":60,"column":14}}],"line":57},"13":{"loc":{"start":{"line":62,"column":7},"end":{"line":66,"column":7}},"type":"binary-expr","locations":[{"start":{"line":62,"column":7},"end":{"line":62,"column":12}},{"start":{"line":62,"column":16},"end":{"line":62,"column":24}},{"start":{"line":63,"column":8},"end":{"line":65,"column":14}}],"line":62},"14":{"loc":{"start":{"line":67,"column":7},"end":{"line":143,"column":7}},"type":"binary-expr","locations":[{"start":{"line":67,"column":7},"end":{"line":67,"column":15}},{"start":{"line":67,"column":19},"end":{"line":67,"column":25}},{"start":{"line":68,"column":8},"end":{"line":142,"column":14}}],"line":67},"15":{"loc":{"start":{"line":69,"column":11},"end":{"line":79,"column":11}},"type":"binary-expr","locations":[{"start":{"line":69,"column":11},"end":{"line":69,"column":18}},{"start":{"line":70,"column":12},"end":{"line":78,"column":18}}],"line":69},"16":{"loc":{"start":{"line":108,"column":24},"end":{"line":108,"column":65}},"type":"cond-expr","locations":[{"start":{"line":108,"column":50},"end":{"line":108,"column":60}},{"start":{"line":108,"column":63},"end":{"line":108,"column":65}}],"line":108},"17":{"loc":{"start":{"line":109,"column":28},"end":{"line":109,"column":80}},"type":"binary-expr","locations":[{"start":{"line":109,"column":28},"end":{"line":109,"column":49}},{"start":{"line":109,"column":53},"end":{"line":109,"column":80}}],"line":109},"18":{"loc":{"start":{"line":110,"column":14},"end":{"line":110,"column":37}},"type":"if","locations":[{"start":{"line":110,"column":14},"end":{"line":110,"column":37}},{"start":{},"end":{}}],"line":110}},"s":{"0":15,"1":4,"2":11,"3":1,"4":1,"5":0,"6":1,"7":1,"8":1,"9":0,"10":0,"11":0,"12":10,"13":1,"14":1,"15":0,"16":1,"17":1,"18":1,"19":3,"20":3,"21":1,"22":1,"23":1,"24":1,"25":1,"26":1,"27":0,"28":0},"f":{"0":15,"1":1,"2":1,"3":10,"4":1,"5":3,"6":1,"7":1,"8":0},"b":{"0":[4,11],"1":[15,15,11],"2":[0,1],"3":[1,0],"4":[1,0,0,0],"5":[0,0],"6":[0,0,0,0],"7":[1,9],"8":[1,0],"9":[0,0],"10":[0,1],"11":[3,1],"12":[3,1],"13":[3,1,1],"14":[3,2,1],"15":[1,1],"16":[0,1],"17":[1,1],"18":[1,0]},"_coverageSchema":"1a1c01bbd47fc00a2c39e90264f33305004495a9","hash":"05e26ec04ee9e9d20548e76355dfd4a4cb9b8267"}
,"C:\\Users\\sumit\\get-fit-malayali\\get-fit-malayali-frontend\\src\\pages\\Plans\\Details\\index.tsx": {"path":"C:\\Users\\sumit\\get-fit-malayali\\get-fit-malayali-frontend\\src\\pages\\Plans\\Details\\index.tsx","statementMap":{"0":{"start":{"line":17,"column":31},"end":{"line":17,"column":36}},"1":{"start":{"line":18,"column":2},"end":{"line":18,"column":65}},"2":{"start":{"line":22,"column":31},"end":{"line":22,"column":36}},"3":{"start":{"line":23,"column":2},"end":{"line":23,"column":62}},"4":{"start":{"line":27,"column":31},"end":{"line":27,"column":36}},"5":{"start":{"line":28,"column":2},"end":{"line":28,"column":62}},"6":{"start":{"line":35,"column":42},"end":{"line":35,"column":47}},"7":{"start":{"line":36,"column":2},"end":{"line":41,"column":3}},"8":{"start":{"line":45,"column":2},"end":{"line":49,"column":3}},"9":{"start":{"line":53,"column":17},"end":{"line":53,"column":28}},"10":{"start":{"line":54,"column":19},"end":{"line":54,"column":32}},"11":{"start":{"line":55,"column":19},"end":{"line":55,"column":32}},"12":{"start":{"line":56,"column":55},"end":{"line":56,"column":76}},"13":{"start":{"line":57,"column":44},"end":{"line":57,"column":59}},"14":{"start":{"line":59,"column":4},"end":{"line":59,"column":52}},"15":{"start":{"line":61,"column":36},"end":{"line":66,"column":3}},"16":{"start":{"line":63,"column":6},"end":{"line":63,"column":36}},"17":{"start":{"line":68,"column":15},"end":{"line":68,"column":57}},"18":{"start":{"line":70,"column":22},"end":{"line":77,"column":27}},"19":{"start":{"line":71,"column":21},"end":{"line":71,"column":40}},"20":{"start":{"line":72,"column":4},"end":{"line":75,"column":5}},"21":{"start":{"line":73,"column":25},"end":{"line":73,"column":54}},"22":{"start":{"line":74,"column":6},"end":{"line":74,"column":56}},"23":{"start":{"line":76,"column":4},"end":{"line":76,"column":28}},"24":{"start":{"line":79,"column":28},"end":{"line":86,"column":33}},"25":{"start":{"line":80,"column":20},"end":{"line":80,"column":45}},"26":{"start":{"line":81,"column":4},"end":{"line":84,"column":5}},"27":{"start":{"line":82,"column":25},"end":{"line":82,"column":53}},"28":{"start":{"line":83,"column":6},"end":{"line":83,"column":56}},"29":{"start":{"line":85,"column":4},"end":{"line":85,"column":27}},"30":{"start":{"line":89,"column":15},"end":{"line":99,"column":38}},"31":{"start":{"line":90,"column":34},"end":{"line":94,"column":5}},"32":{"start":{"line":95,"column":4},"end":{"line":95,"column":74}},"33":{"start":{"line":95,"column":21},"end":{"line":95,"column":74}},"34":{"start":{"line":96,"column":4},"end":{"line":97,"column":67}},"35":{"start":{"line":97,"column":6},"end":{"line":97,"column":67}},"36":{"start":{"line":98,"column":4},"end":{"line":98,"column":19}},"37":{"start":{"line":102,"column":15},"end":{"line":102,"column":38}},"38":{"start":{"line":103,"column":18},"end":{"line":103,"column":42}},"39":{"start":{"line":104,"column":16},"end":{"line":104,"column":34}},"40":{"start":{"line":105,"column":22},"end":{"line":105,"column":45}},"41":{"start":{"line":106,"column":24},"end":{"line":106,"column":45}},"42":{"start":{"line":106,"column":40},"end":{"line":106,"column":44}},"43":{"start":{"line":107,"column":21},"end":{"line":107,"column":73}},"44":{"start":{"line":108,"column":20},"end":{"line":108,"column":79}},"45":{"start":{"line":111,"column":2},"end":{"line":113,"column":3}},"46":{"start":{"line":116,"column":2},"end":{"line":118,"column":3}},"47":{"start":{"line":117,"column":4},"end":{"line":117,"column":47}},"48":{"start":{"line":121,"column":2},"end":{"line":123,"column":3}},"49":{"start":{"line":126,"column":2},"end":{"line":128,"column":3}},"50":{"start":{"line":127,"column":4},"end":{"line":127,"column":47}},"51":{"start":{"line":131,"column":4},"end":{"line":131,"column":66}},"52":{"start":{"line":133,"column":2},"end":{"line":211,"column":3}},"53":{"start":{"line":137,"column":33},"end":{"line":137,"column":45}},"54":{"start":{"line":157,"column":23},"end":{"line":157,"column":37}},"55":{"start":{"line":158,"column":10},"end":{"line":159,"column":45}},"56":{"start":{"line":158,"column":37},"end":{"line":158,"column":51}},"57":{"start":{"line":159,"column":15},"end":{"line":159,"column":45}},"58":{"start":{"line":167,"column":26},"end":{"line":167,"column":48}},"59":{"start":{"line":205,"column":27},"end":{"line":205,"column":50}},"60":{"start":{"line":206,"column":29},"end":{"line":206,"column":38}}},"fnMap":{"0":{"name":"WorkoutTab","decl":{"start":{"line":16,"column":9},"end":{"line":16,"column":19}},"loc":{"start":{"line":16,"column":76},"end":{"line":19,"column":1}},"line":16},"1":{"name":"DietTab","decl":{"start":{"line":21,"column":9},"end":{"line":21,"column":16}},"loc":{"start":{"line":21,"column":73},"end":{"line":24,"column":1}},"line":21},"2":{"name":"YogaTab","decl":{"start":{"line":26,"column":9},"end":{"line":26,"column":16}},"loc":{"start":{"line":26,"column":73},"end":{"line":29,"column":1}},"line":26},"3":{"name":"MeditationTab","decl":{"start":{"line":31,"column":9},"end":{"line":31,"column":22}},"loc":{"start":{"line":34,"column":3},"end":{"line":42,"column":1}},"line":34},"4":{"name":"PlanDetails","decl":{"start":{"line":44,"column":24},"end":{"line":44,"column":35}},"loc":{"start":{"line":44,"column":38},"en
[...]
":"CreatePlan","decl":{"start":{"line":22,"column":24},"end":{"line":22,"column":34}},"loc":{"start":{"line":31,"column":10},"end":{"line":393,"column":1}},"line":31},"1":{"name":"(anonymous_1)","decl":{"start":{"line":53,"column":22},"end":{"line":53,"column":23}},"loc":{"start":{"line":53,"column":49},"end":{"line":56,"column":3}},"line":53},"2":{"name":"(anonymous_2)","decl":{"start":{"line":58,"column":19},"end":{"line":58,"column":20}},"loc":{"start":{"line":58,"column":49},"end":{"line":126,"column":3}},"line":58},"3":{"name":"(anonymous_3)","decl":{"start":{"line":106,"column":21},"end":{"line":106,"column":22}},"loc":{"start":{"line":106,"column":27},"end":{"line":113,"column":11}},"line":106},"4":{"name":"(anonymous_4)","decl":{"start":{"line":118,"column":19},"end":{"line":118,"column":20}},"loc":{"start":{"line":118,"column":25},"end":{"line":123,"column":9}},"line":118},"5":{"name":"(anonymous_5)","decl":{"start":{"line":127,"column":12},"end":{"line":127,"column":13}},"loc":{"start":{"line":127,"column":18},"end":{"line":156,"column":3}},"line":127},"6":{"name":"(anonymous_6)","decl":{"start":{"line":157,"column":29},"end":{"line":157,"column":30}},"loc":{"start":{"line":157,"column":47},"end":{"line":161,"column":3}},"line":157},"7":{"name":"(anonymous_7)","decl":{"start":{"line":162,"column":20},"end":{"line":162,"column":21}},"loc":{"start":{"line":168,"column":8},"end":{"line":174,"column":3}},"line":168},"8":{"name":"(anonymous_8)","decl":{"start":{"line":243,"column":24},"end":{"line":243,"column":25}},"loc":{"start":{"line":243,"column":30},"end":{"line":245,"column":7}},"line":243},"9":{"name":"(anonymous_9)","decl":{"start":{"line":266,"column":27},"end":{"line":266,"column":28}},"loc":{"start":{"line":266,"column":33},"end":{"line":269,"column":3}},"line":266},"10":{"name":"(anonymous_10)","decl":{"start":{"line":310,"column":30},"end":{"line":310,"column":31}},"loc":{"start":{"line":311,"column":22},"end":{"line":313,"column":24}},"line":311},"11":{"name":"(anonymous_11)","decl":{"start":{"line":327,"column":30},"end":{"line":327,"column":31}},"loc":{"start":{"line":328,"column":22},"end":{"line":330,"column":24}},"line":328}},"branchMap":{"0":{"loc":{"start":{"line":42,"column":24},"end":{"line":44,"column":15}},"type":"cond-expr","locations":[{"start":{"line":43,"column":7},"end":{"line":43,"column":59}},{"start":{"line":44,"column":6},"end":{"line":44,"column":15}}],"line":42},"1":{"loc":{"start":{"line":43,"column":7},"end":{"line":43,"column":59}},"type":"binary-expr","locations":[{"start":{"line":43,"column":7},"end":{"line":43,"column":24}},{"start":{"line":43,"column":28},"end":{"line":43,"column":44}},{"start":{"line":43,"column":48},"end":{"line":43,"column":59}}],"line":43},"2":{"loc":{"start":{"line":46,"column":23},"end":{"line":51,"column":15}},"type":"cond-expr","locations":[{"start":{"line":47,"column":7},"end":{"line":50,"column":13}},{"start":{"line":51,"column":6},"end":{"line":51,"column":15}}],"line":46},"3":{"loc":{"start":{"line":47,"column":7},"end":{"line":50,"column":13}},"type":"binary-expr","locations":[{"start":{"line":47,"column":7},"end":{"line":47,"column":36}},{"start":{"line":48,"column":6},"end":{"line":48,"column":20}},{"start":{"line":49,"column":6},"end":{"line":49,"column":19}},{"start":{"line":50,"column":6},"end":{"line":50,"column":13}}],"line":47},"4":{"loc":{"start":{"line":54,"column":4},"end":{"line":54,"column":25}},"type":"if","locations":[{"start":{"line":54,"column":4},"end":{"line":54,"column":25}},{"start":{},"end":{}}],"line":54},"5":{"loc":{"start":{"line":61,"column":33},"end":{"line":61,"column":80}},"type":"binary-expr","locations":[{"start":{"line":61,"column":33},"end":{"line":61,"column":61}},{"start":{"line":61,"column":65},"end":{"line":61,"column":80}}],"line":61},"6":{"loc":{"start":{"line":63,"column":4},"end":{"line":69,"column":5}},"type":"if","locations":[{"start":{"line":63,"column":4},"end":{"line":69,"column":5}},{"start":{},"end":{}}],"line":63},"7":{"loc":{"start":{"line":63,"column":8},"end":{"line":63,"column":49}},"type":"binary-expr","locations":[{"start":{"line":63,"column":8},"end":{"line":63,"column":24}},{"start":{"line":63,"column":28},"end":{"line":63,"column":49}}],"line":63},"8":{"loc":{"start":{"line":76,"column":6},"end":{"line":78,"column":24}},"type":"cond-expr","locations":[{"start":{"line":77,"column":11},"end":{"line":77,"column":43}},{"start":{"line":78,"column":11},"end":{"line":78,"column":23}}],"line":76},"9":{"loc":{"start":{"line":77,"column":11},"end":{"line":77,"column":43}},"type":"binary-expr","locations":[{"start":{"line":77,"column":11},"end":{"line":77,"column":23}},{"start":{"line":77,"column":27},"end":{"line":77,"column":37}},{"start":{"line":77,"column":41},"end":{"line":77,"column":43}}],"line":77},"10":{"loc":{"start":{"line":78,"column":11},"end":{"line":78,"column":23}},"type":"binary-expr","locations":[{"start":{"line":78,"column":11},"end":{"line":78,"column":17}},{"start":{"line":78,"column":21},"end":{"line":78,"column":23}}],"line":78},"11":{"loc":{"start":{"line":80,"column":28},"end":{"line":80,"column":45}},"type":"binary-expr","locations":[{"start":{"line":80,"column":28},"end":{"line":80,"column":39}},{"start":{"line":80,"column":43},"end":{"line":80,"column":45}}],"line":80},"12":{"loc":{"start":{"line":82,"column":35},"end":{"line":82,"column":59}},"type":"binary-expr","locations":[{"start":{"line":82,"column":35},"end":{"line":82,"column":53}},{"start":{"line":82,"column":57},"end":{"line":82,"column":59}}],"line":82},"13":{"loc":{"start":{"line":83,"column":44},"end":{"line":83,"column":70}},"type":"binary-expr","locations":[{"start":{"line":83,"column":44},"end":{"line":83,"column":64}},{"start":{"line":83,"column":68},"end":{"line":83,"column":70}}],"line":83},"14":{"loc":{"start":{"line":84,"column":35},"end":{"line":84,"column":52}},"type":"binary-expr","locations":[{"start":{"line":84,"column":35},"end":{"line":84,"column":46}},{"start":{"line":84,"column":50},"end":{"line":84,"column":52}}],"line":84},"15":{"loc":{"start":{"line":87,"column":13},"end":{"line":87,"column":52}},"type":"cond-expr","locations":[{"start":{"line":87,"column":36},"end":{"line":87,"column":42}},{"start":{"line":87,"column":45},"end":{"line":87,"column":52}}],"line":87},"16":{"loc":{"start":{"line":94,"column":4},"end":{"line":101,"column":5}},"type":"if","locations":[{"start":{"line":94,"column":4},"end":{"line":101,"column":5}},{"start":{"line":99,"column":9},"end":{"line":101,"column":5}}],"line":94},"17":{"loc":{"start":{"line":99,"column":9},"end":{"line":101,"column":5}},"type":"if","locations":[{"start":{"line":99,"column":9},"end":{"line":101,"column":5}},{"start":{},"end":{}}],"line":99},"18":{"loc":{"start":{"line":102,"column":4},"end":{"line":125,"column":5}},"type":"if","locations":[{"start":{"line":102,"column":4},"end":{"line":125,"column":5}},{"start":{"line":116,"column":11},"end":{"line":125,"column":5}}],"line":102},"19":{"loc":{"start":{"line":102,"column":8},"end":{"line":102,"column":33}},"type":"binary-expr","locations":[{"start":{"line":102,"column":8},"end":{"line":102,"column":12}},{"start":{"line":102,"column":16},"end":{"line":102,"column":33}}],"line":102},"20":{"loc":{"start":{"line":107,"column":12},"end":{"line":109,"column":13}},"type":"if","locations":[{"start":{"line":107,"column":12},"end":{"line":109,"column":13}},{"start":{},"end":{}}],"line":107},"21":{"loc":{"start":{"line":128,"column":4},"end":{"line":128,"column":29}},"type":"if","locations":[{"start":{"line":128,"column":4},"end":{"line":128,"column":29}},{"start":{},"end":{}}],"line":128},"22":{"loc":{"start":{"line":129,"column":4},"end":{"line":143,"column":5}},"type":"if","locations":[{"start":{"line":129,"column":4},"end":{"line":143,"column":5}},{"start":{},"end":{}}],"line":129},"23":{"loc":{"start":{"line":129,"column":8},"end":{"line":129,"column":28}},"type":"binary-expr","locations":[{"start":{"line":129,"column":8},"end":{"line":129,"column":12}},{"start":{"line":129,"column":16},"end":{"line":129,"column":28}}],"line":129},"24":{"loc":{"start":{"line":131,"column":14},"end":{"line":131,"column":51}},"type":"binary-expr","locations":[{"start":{"line":131,"column":14},"end":{"line":131,"column":45}},{"start":{"line":131,"column":49},"end":{"line":131,"column":51}}],"line":131},"25":{"loc":{"start":{"line":132,"column":18},"end":{"line":132,"column":46}},"type":"binary-expr","locations":[{"start":{"line":132,"column":18},"end":{"line":132,"column":40}},{"start":{"line":132,"column":44},"end":{"line":132,"column":46}}],"line":132},"26":{"loc":{"start":{"line":133,"column":21},"end":{"line":133,"column":52}},"type":"binary-expr","locations":[{"start":{"line":133,"column":21},"end":{"line":133,"column":46}},{"start":{"line":133,"column":50},"end":{"line":133,"column":52}}],"line":133},"27":{"loc":{"start":{"line":134,"column":23},"end":{"line":134,"column":55}},"type":"binary-expr","locations":[{"start":{"line":134,"column":23},"end":{"line":134,"column":50}},{"start":{"line":134,"column":54},"end":{"line":134,"column":55}}],"line":134},"28":{"loc":{"start":{"line":135,"column":14},"end":{"line":135,"column":37}},"type":"binary-expr","locations":[{"start":{"line":135,"column":14},"end":{"line":135,"column":32}},{"start":{"line":135,"column":36},"end":{"line":135,"column":37}}],"line":135},"29":{"loc":{"start":{"line":136,"column":31},"end":{"line":136,"column":67}},"type":"binary-expr","locations":[{"start":{"line":136,"column":31},"end":{"line":136,"column":58}},{"start":{"line":136,"column":62},"end":{"line":136,"column":67}}],"line":136},"30":{"loc":{"start":{"line":138,"column":10},"end":{"line":138,"column":52}},"type":"binary-expr","locations":[{"start":{"line":138,"column":10},"end":{"line":138,"column":43}},{"start":{"line":138,"column":47},"end":{"line":138,"column":52}}],"line":138},"31":{"loc":{"start":{"line":140,"column":19},"end":{"line":140,"column":72}},"type":"binary-expr","locations":[{"start":{"line":140,"column":19},"end":{"line":140,"column":66}},{"start":{"line":140,"column":70},"end":{"line":140,"column":72}}],"line":140},"32":{"loc":{"start":{"line":144,"column":4},"end":{"line":155,"column":5}},"type":"if","locations":[{"start":{"line":144,"column":4},"end":{"line":155,"column":5}},{"start":{},"end":{}}],"line":144},"33":{"loc":{"start":{"line":144,"column":8},"end":{"line":144,"column":29}},"type":"binary-expr","locations":[{"start":{"line":144,"column":8},"end":{"line":144,"column":20}},{"start":{"line":144,"column":24},"end":{"line":144,"column":29}}],"line":144},"34":{"loc":{"start":{"line":158,"column":4},"end":{"line":158,"column":23}},"type":"if","locations":[{"start":{"line":158,"column":4},"end":{"line":158,"column":23}},{"start":{},"end":{}}],"line":158},"35":{"loc":{"start":{"line":159,"column":21},"end":{"line":159,"column":62}},"type":"binary-expr","locations":[{"start":{"line":159,"column":21},"end":{"line":159,"column":56}},{"start":{"line":159,"column":60},"end":{"line":159,"column":62}}],"line":159},"36":{"loc":{"start":{"line":166,"column":4},"end":{"line":166,"column":20}},"type":"default-arg","locations":[{"start":{"line":166,"column":15},"end":{"line":166,"column":20}}],"line":166},"37":{"loc":{"start":{"line":167,"column":4},"end":{"line":167,"column":38}},"type":"default-arg","locations":[{"start":{"line":167,"column":32},"end":{"line":167,"column":38}}],"line":167},"38":{"loc":{"start":{"line":173,"column":8},"end":{"line":173,"column":42}},"type":"cond-expr","locations":[{"start":{"line":173,"column":19},"end":{"line":173,"column":37}},{"start":{"line":173,"column":40},"end":{"line":173,"column":42}}],"line":173},"39":{"loc":{"start":{"line":275,"column":13},"end":{"line":275,"column":72}},"type":"cond-expr","locations":[{"start":{"line":275,"column":20},"end":{"line":275,"column":31}},{"start":{"line":275,"column":34},"end":{"line":275,"column":72}}],"line":275},"40":{"loc":{"start":{"line":275,"column":34},"end":{"line":275,"column":72}},"type":"cond-expr","locations":[{"start":{"line":275,"column":45},"end":{"line":275,"column":56}},{"start":{"line":275,"column":59},"end":{"line":275,"column":72}}],"line":275},"41":{"loc":{"start":{"line":276,"column":19},"end":{"line":276,"column":61}},"type":"cond-expr","locations":[{"start":{"line":276,"column":30},"end":{"line":276,"column":36}},{"start":{"line":276,"column":39},"end":{"line":276,"column":61}}],"line":276},"42":{"loc":{"start":{"line":276,"column":39},"end":{"line":276,"column":61}},"type":"cond-expr","locations":[{"start":{"line":276,"column":46},"end":{"line":276,"column":52}},{"start":{"line":276,"column":55},"end":{"line":276,"column":61}}],"line":276},"43":{"loc":{"start":{"line":277,"column":16},"end":{"line":277,"column":68}},"type":"cond-expr","locations":[{"start":{"line":277,"column":27},"end":{"line":277,"column":43}},{"start":{"line":277,"column":46},"end":{"line":277,"column":68}}],"line":277},"44":{"loc":{"start":{"line":301,"column":11},"end":{"line":388,"column":11}},"type":"cond-expr","locations":[{"start":{"line":302,"column":12},"end":{"line":338,"column":15}},{"start":{"line":340,"column":12},"end":{"line":387,"column":18}}],"line":301},"45":{"loc":{"start":{"line":317,"column":21},"end":{"line":317,"column":66}},"type":"cond-expr","locations":[{"start":{"line":317,"column":54},"end":{"line":317,"column":59}},{"start":{"line":317,"column":62},"end":{"line":317,"column":66}}],"line":317},"46":{"loc":{"start":{"line":334,"column":21},"end":{"line":334,"column":72}},"type":"cond-expr","locations":[{"start":{"line":334,"column":60},"end":{"line":334,"column":65}},{"start":{"line":334,"column":68},"end":{"line":334,"column":72}}],"line":334},"47":{"loc":{"start":{"line":343,"column":46},"end":{"line":343,"column":72}},"type":"binary-expr","locations":[{"start":{"line":343,"column":46},"end":{"line":343,"column":65}},{"start":{"line":343,"column":69},"end":{"line":343,"column":72}}],"line":343},"48":{"loc":{"start":{"line":348,"column":19},"end":{"line":348,"column":49}},"type":"binary-expr","locations":[{"start":{"line":348,"column":19},"end":{"line":348,"column":42}},{"start":{"line":348,"column":46},"end":{"line":348,"column":49}}],"line":348},"49":{"loc":{"start":{"line":354,"column":19},"end":{"line":354,"column":52}},"type":"binary-expr","locations":[{"start":{"line":354,"column":19},"end":{"line":354,"column":45}},{"start":{"line":354,"column":49},"end":{"line":354,"column":52}}],"line":354},"50":{"loc":{"start":{"line":360,"column":19},"end":{"line":360,"column":54}},"type":"binary-expr","locations":[{"start":{"line":360,"column":19},"end":{"line":360,"column":47}},{"start":{"line":360,"column":51},"end":{"line":360,"column":54}}],"line":360},"51":{"loc":{"start":{"line":365,"column":46},"end":{"line":365,"column":72}},"type":"binary-expr","locations":[{"start":{"line":365,"column":46},"end":{"line":365,"column":65}},{"start":{"line":365,"column":69},"end":{"line":365,"column":72}}],"line":365},"52":{"loc":{"start":{"line":370,"column":19},"end":{"line":370,"column":62}},"type":"cond-expr","locations":[{"start":{"line":370,"column":50},"end":{"line":370,"column":55}},{"start":{"line":370,"column":58},"end":{"line":370,"column":62}}],"line":370},"53":{"loc":{"start":{"line":376,"column":19},"end":{"line":376,"column":68}},"type":"cond-expr","locations":[{"start":{"line":376,"column":56},"end":{"line":376,"column":61}},{"start":{"line":376,"column":64},"end":{"line":376,"column":68}}],"line":376},"54":{"loc":{"start":{"line":382,"column":104},"end":{"line":382,"column":185}},"type":"cond-expr","locations":[{"start":{"line":382,"column":128},"end":{"line":382,"column":157}},{"start":{"line":382,"column":160},"end":{"line":382,"column":185}}],"line":382},"55":{"loc":{"start":{"line":384,"column":19},"end":{"line":384,"column":64}},"type":"cond-expr","locations":[{"start":{"line":384,"column":43},"end":{"line":384,"column":51}},{"start":{"line":384,"column":54},"end":{"line":384,"column":64}}],"line":384}},"s":{"0":3,"1":3,"2":3,"3":3,"4":3,"5":3,"6":3,"7":3,"8":3,"9":1,"10":0,"11":1,"12":3,"13":2,"14":2,"15":2,"16":2,"17":0,"18":0,"19":2,"20":2,"21":2,"22":2,"23":2,"24":2,"25":2,"26":2,"27":2,"28":2,"29":2,"30":2,"31":2,"32":0,"33":2,"34":0,"35":2,"36":1,"37":0,"38":0,"39":0,"40":0,"41":0,"42":1,"43":0,"44":0,"45":0,"46":3,"47":3,"48":0,"49":3,"50":1,"51":1,"52":2,"53":2,"54":3,"55":4,"56":4,"57":0,"58":0,"59":3,"60":12,"61":3,"62":0,"63":3,"64":0,"65":0,"66":3,"67":0,"68":0},"f":{"0":3,"1":1,"2":2,"3":0,"4":0,"5":3,"6":4,"7":12,"8":0,"9":0,"10":0,"11":0},"b":{"0":[1,2],"1":[1,0,0],"2":[1,2],"3":[1,1,1,0],"4":[0,1],"5":[2,2],"6":[0,2],"7":[2,2],"8":[0,2],"9":[0,0,0],"10":[2,0],"11":[2,0],"12":[2,0],"13":[2,0],"14":[2,0],"15":[0,2],"16":[0,2],"17":[0,2],"18":[1,1],"19":[2,1],"20":[0,0],"21":[0,3],"22":[1,2],"23":[3,1],"24":[1,0],"25":[1,1],"26":[1,1],"27":[1,1],"28":[1,1],"29":[1,1],"30":[1,1],"31":[1,0],"32":[2,0],"33":[2,2],"34":[4,0],"35":[0,0],"36":[0],"37":[9],"38":[12,0],"39":[1,2],"40":[0,2],"41":[0,3],"42":[1,2],"43":[0,3],"44":[3,0],"45":[0,3],"46":[3,0],"47":[0,0],"48":[0,0],"49":[0,0],"50":[0,0],"51":[0,0],"52":[0,0],"53":[0,0],"54":[0,0],"55":[0,0]},"_coverageSchema":"1a1c01bbd47fc00a2c39e90264f33305004495a9","hash":"d53209ba234dcb834d5eeb79989520b556392bc3"}
,"C:\\Users\\sumit\\get-fit-malayali\\get-fit-malayali-frontend\\src\\pages\\Plans\\create\\schema.ts": {"path":"C:\\Users\\sumit\\get-fit-malayali\\get-fit-malayali-frontend\\src\\pages\\Plans\\create\\schema.ts","statementMap":{"0":{"start":{"line":123,"column":30},"end":{"line":163,"column":2}},"1":{"start":{"line":130,"column":6},"end":{"line":132,"column":7}},"2":{"start":{"line":131,"column":8},"end":{"line":131,"column":57}},"3":{"start":{"line":133,"column":6},"end":{"line":133,"column":16}},"4":{"start":{"line":149,"column":6},"end":{"line":149,"column":75}},"5":{"start":{"line":149,"column":59},"end":{"line":149,"column":75}},"6":{"start":{"line":150,"column":6},"end":{"line":150,"column":16}}},"fnMap":{"0":{"name":"(anonymous_0)","decl":{"start":{"line":129,"column":4},"end":{"line":129,"column":5}},"loc":{"start":{"line":129,"column":13},"end":{"line":134,"column":5}},"line":129},"1":{"name":"(anonymous_1)","decl":{"start":{"line":147,"column":4},"end":{"line":147,"column":5}},"loc":{"start":{"line":147,"column":22},"end":{"line":151,"column":5}},"line":147}},"branchMap":{"0":{"loc":{"start":{"line":130,"column":6},"end":{"line":132,"column":7}},"type":"if","locations":[{"start":{"line":130,"column":6},"end":{"line":132,"column":7}},{"start":{},"end":{}}],"line":130},"1":{"loc":{"start":{"line":130,"column":10},"end":{"line":130,"column":40}},"type":"binary-expr","locations":[{"start":{"line":130,"column":10},"end":{"line":130,"column":13}},{"start":{"line":130,"column":17},"end":{"line":130,"column":40}}],"line":130},"2":{"loc":{"start":{"line":131,"column":15},"end":{"line":131,"column":57}},"type":"binary-expr","locations":[{"start":{"line":131,"column":15},"end":{"line":131,"column":32}},{"start":{"line":131,"column":36},"end":{"line":131,"column":51}},{"start":{"line":131,"column":55},"end":{"line":131,"column":57}}],"line":131},"3":{"loc":{"start":{"line":149,"column":6},"end":{"line":149,"column":75}},"type":"if","locations":[{"start":{"line":149,"column":6},"end":{"line":149,"column":75}},{"start":{},"end":{}}],"line":149},"4":{"loc":{"start":{"line":149,"column":10},"end":{"line":149,"column":57}},"type":"binary-expr","locations":[{"start":{"line":149,"column":10},"end":{"line":149,"column":20}},{"start":{"line":149,"column":24},"end":{"line":149,"column":36}},{"start":{"line":149,"column":40},"end":{"line":149,"column":57}}],"line":149}},"s":{"0":2,"1":6,"2":2,"3":4,"4":6,"5":1,"6":5},"f":{"0":6,"1":6},"b":{"0":[2,4],"1":[6,5],"2":[2,1,0],"3":[1,5],"4":[6,6,6]},"_coverageSchema":"1a1c01bbd47fc00a2c39e90264f33305004495a9","hash":"3dcdd8ae3ab66666af852b70d133754db4b3d6be"}
}
